[2019-06-10 01:45] Pablo Santiago belenézett egy széfbe kulcs nélkül [733] (PLAYER:ibacs) (TARGET:) 
[2019-06-10 01:45] Pablo Santiago belenézett egy széfbe kulcs nélkül [732] (PLAYER:ibacs) (TARGET:) 
[2019-06-10 01:45] Pablo Santiago belenézett egy széfbe kulcs nélkül [733] (PLAYER:ibacs) (TARGET:) 
[2019-06-10 10:12] Jashed Santiago belenézett egy széfbe kulcs nélkül [745] (PLAYER:Shakur) (TARGET:) 
[2019-06-10 10:39] Jashed Santiago belenézett egy széfbe kulcs nélkül [191] (PLAYER:Shakur) (TARGET:) 
[2019-06-10 10:39] Jashed Santiago belenézett egy széfbe kulcs nélkül [116] (PLAYER:Shakur) (TARGET:) 
[2019-06-10 10:39] Jashed Santiago belenézett egy széfbe kulcs nélkül [191] (PLAYER:Shakur) (TARGET:) 
[2019-06-10 10:40] Jashed Santiago belenézett egy széfbe kulcs nélkül [139] (PLAYER:Shakur) (TARGET:) 
[2019-06-10 10:45] Shakur belenézett egy széfbe kulcs nélkül [157] (PLAYER:Shakur) (TARGET:) 
[2019-06-10 10:47] Shakur belenézett egy széfbe kulcs nélkül [116] (PLAYER:Shakur) (TARGET:) 
[2019-06-10 11:55] Shakur belenézett egy széfbe kulcs nélkül [739] (PLAYER:Shakur) (TARGET:) 
[2019-06-10 12:10] Jashed Lane belenézett egy széfbe kulcs nélkül [61] (PLAYER:Shakur) (TARGET:) 
[2019-06-10 12:12] Jashed Lane belenézett egy széfbe kulcs nélkül [116] (PLAYER:Shakur) (TARGET:) 
[2019-06-10 12:12] Jashed Lane belenézett egy széfbe kulcs nélkül [139] (PLAYER:Shakur) (TARGET:) 
[2019-06-10 12:12] Jashed Lane belenézett egy széfbe kulcs nélkül [191] (PLAYER:Shakur) (TARGET:) 
[2019-06-10 12:14] Jashed Lane belenézett egy széfbe kulcs nélkül [236] (PLAYER:Shakur) (TARGET:) 
[2019-06-10 13:47] Zsömi belenézett egy széfbe kulcs nélkül [268] (PLAYER:Zsömi) (TARGET:) 
[2019-06-10 14:08] Zsömi belenézett egy széfbe kulcs nélkül [188] (PLAYER:Zsömi) (TARGET:) 
[2019-06-10 14:08] Zsömi belenézett egy széfbe kulcs nélkül [176] (PLAYER:Zsömi) (TARGET:) 
[2019-06-11 17:32] Pablo Santiago belenézett egy széfbe kulcs nélkül [673] (PLAYER:ibacs) (TARGET:) 
[2019-06-11 18:04] Jashed Lane belenézett egy széfbe kulcs nélkül [780] (PLAYER:Shakur) (TARGET:) 
