[2019-06-09 20:23] Atesz kilépett az adminszolgálatból!  (PLAYER:Atesz) (TARGET:) 
[2019-06-09 20:23] Atesz adminszolgálatba lépett. (PLAYER:Atesz) (TARGET:) 
[2019-06-09 20:23] Atesz kilépett az adminszolgálatból!  (PLAYER:Atesz) (TARGET:) 
[2019-06-09 20:26] PeRy adminszolgálatba lépett. (PLAYER:PeRy) (TARGET:) 
[2019-06-09 20:27] Shox kilépett az adminszolgálatból!  (PLAYER:Shox) (TARGET:) 
[2019-06-09 20:35] PeRy kilépett az adminszolgálatból!  (PLAYER:PeRy) (TARGET:) 
[2019-06-09 20:50] Dzserold adminszolgálatba lépett. (PLAYER:Dzserold) (TARGET:) 
[2019-06-09 20:50] Dzserold kilépett az adminszolgálatból!  (PLAYER:Dzserold) (TARGET:) 
[2019-06-09 20:56] Shox adminszolgálatba lépett. (PLAYER:Shox) (TARGET:) 
[2019-06-09 20:56] Shox kilépett az adminszolgálatból!  (PLAYER:Shox) (TARGET:) 
[2019-06-09 21:05] Dzserold adminszolgálatba lépett. (PLAYER:Dzserold) (TARGET:) 
[2019-06-09 21:05] Dzserold kilépett az adminszolgálatból!  (PLAYER:Dzserold) (TARGET:) 
[2019-06-09 21:06] Süsü kilépett az adminszolgálatból!  (PLAYER:Süsü) (TARGET:) 
[2019-06-09 21:07] Rapid kilépett az adminszolgálatból!  (PLAYER:Rapid) (TARGET:) 
[2019-06-09 21:08] Rapid adminszolgálatba lépett. (PLAYER:Rapid) (TARGET:) 
[2019-06-09 21:09] Süsü adminszolgálatba lépett. (PLAYER:Süsü) (TARGET:) 
[2019-06-09 21:12] ibacs adminszolgálatba lépett. (PLAYER:ibacs) (TARGET:) 
[2019-06-09 21:15] Dzserold adminszolgálatba lépett. (PLAYER:Dzserold) (TARGET:) 
[2019-06-09 21:16] Dzserold kilépett az adminszolgálatból!  (PLAYER:Dzserold) (TARGET:) 
[2019-06-09 21:20] Zipoo adminszolgálatba lépett. (PLAYER:Zipoo) (TARGET:) 
[2019-06-09 21:21] Zipoo kilépett az adminszolgálatból!  (PLAYER:Zipoo) (TARGET:) 
[2019-06-09 21:25] Dzserold adminszolgálatba lépett. (PLAYER:Dzserold) (TARGET:) 
[2019-06-09 21:25] Dzserold kilépett az adminszolgálatból!  (PLAYER:Dzserold) (TARGET:) 
[2019-06-09 21:28] Kyle adminszolgálatba lépett. (PLAYER:Kyle) (TARGET:) 
[2019-06-09 21:28] Atesz adminszolgálatba lépett. (PLAYER:Atesz) (TARGET:) 
[2019-06-09 21:29] Süsü kilépett az adminszolgálatból!  (PLAYER:Süsü) (TARGET:) 
[2019-06-09 21:32] Süsü adminszolgálatba lépett. (PLAYER:Süsü) (TARGET:) 
[2019-06-09 21:32] Zipoo adminszolgálatba lépett. (PLAYER:Zipoo) (TARGET:) 
[2019-06-09 21:32] Zipoo kilépett az adminszolgálatból!  (PLAYER:Zipoo) (TARGET:) 
[2019-06-09 21:41] Süsü kilépett az adminszolgálatból!  (PLAYER:Süsü) (TARGET:) 
[2019-06-09 21:48] Shox adminszolgálatba lépett. (PLAYER:Shox) (TARGET:) 
[2019-06-09 21:48] Shox kilépett az adminszolgálatból!  (PLAYER:Shox) (TARGET:) 
[2019-06-09 21:51] ibacs adminszolgálatba lépett. (PLAYER:ibacs) (TARGET:) 
[2019-06-09 21:52] Dzserold adminszolgálatba lépett. (PLAYER:Dzserold) (TARGET:) 
[2019-06-09 21:53] Rapid kilépett az adminszolgálatból!  (PLAYER:Rapid) (TARGET:) 
[2019-06-09 21:54] Dzserold kilépett az adminszolgálatból!  (PLAYER:Dzserold) (TARGET:) 
[2019-06-09 21:57] Kyle kilépett az adminszolgálatból!  (PLAYER:Kyle) (TARGET:) 
[2019-06-09 22:02] Kyle adminszolgálatba lépett. (PLAYER:Kyle) (TARGET:) 
[2019-06-09 22:02] Shox adminszolgálatba lépett. (PLAYER:Shox) (TARGET:) 
[2019-06-09 22:03] Kyle kilépett az adminszolgálatból!  (PLAYER:Kyle) (TARGET:) 
[2019-06-09 22:06] Rapid adminszolgálatba lépett. (PLAYER:Rapid) (TARGET:) 
[2019-06-09 22:06] Rapid kilépett az adminszolgálatból!  (PLAYER:Rapid) (TARGET:) 
[2019-06-09 22:20] Zipoo adminszolgálatba lépett. (PLAYER:Zipoo) (TARGET:) 
[2019-06-09 22:20] Zipoo kilépett az adminszolgálatból!  (PLAYER:Zipoo) (TARGET:) 
[2019-06-09 22:21] Dzserold adminszolgálatba lépett. (PLAYER:Dzserold) (TARGET:) 
[2019-06-09 22:21] Dzserold kilépett az adminszolgálatból!  (PLAYER:Dzserold) (TARGET:) 
[2019-06-09 22:34] Shox kilépett az adminszolgálatból!  (PLAYER:Shox) (TARGET:) 
[2019-06-09 22:49] Rapid adminszolgálatba lépett. (PLAYER:Rapid) (TARGET:) 
[2019-06-09 23:33] Dzserold adminszolgálatba lépett. (PLAYER:Dzserold) (TARGET:) 
[2019-06-09 23:53] Dzserold adminszolgálatba lépett. (PLAYER:Dzserold) (TARGET:) 
[2019-06-09 23:55] Dzserold adminszolgálatba lépett. (PLAYER:Dzserold) (TARGET:) 
[2019-06-10 00:02] Dzserold kilépett az adminszolgálatból!  (PLAYER:Dzserold) (TARGET:) 
[2019-06-10 00:04] Dzserold adminszolgálatba lépett. (PLAYER:Dzserold) (TARGET:) 
[2019-06-10 00:05] Dzserold kilépett az adminszolgálatból!  (PLAYER:Dzserold) (TARGET:) 
[2019-06-10 00:06] Dzserold adminszolgálatba lépett. (PLAYER:Dzserold) (TARGET:) 
[2019-06-10 00:08] Dzserold kilépett az adminszolgálatból!  (PLAYER:Dzserold) (TARGET:) 
[2019-06-10 00:08] Zipoo adminszolgálatba lépett. (PLAYER:Zipoo) (TARGET:) 
[2019-06-10 00:08] Zipoo kilépett az adminszolgálatból!  (PLAYER:Zipoo) (TARGET:) 
[2019-06-10 00:08] Dzserold adminszolgálatba lépett. (PLAYER:Dzserold) (TARGET:) 
[2019-06-10 00:09] Dzserold kilépett az adminszolgálatból!  (PLAYER:Dzserold) (TARGET:) 
[2019-06-10 00:27] Shox adminszolgálatba lépett. (PLAYER:Shox) (TARGET:) 
[2019-06-10 00:27] Shox kilépett az adminszolgálatból!  (PLAYER:Shox) (TARGET:) 
[2019-06-10 00:33] Shox adminszolgálatba lépett. (PLAYER:Shox) (TARGET:) 
[2019-06-10 00:33] Shox kilépett az adminszolgálatból!  (PLAYER:Shox) (TARGET:) 
[2019-06-10 00:33] Shox adminszolgálatba lépett. (PLAYER:Shox) (TARGET:) 
[2019-06-10 00:34] Shox kilépett az adminszolgálatból!  (PLAYER:Shox) (TARGET:) 
[2019-06-10 00:40] Shox adminszolgálatba lépett. (PLAYER:Shox) (TARGET:) 
[2019-06-10 00:41] Zsömi adminszolgálatba lépett. (PLAYER:Zsömi) (TARGET:) 
[2019-06-10 00:42] Zsömi kilépett az adminszolgálatból!  (PLAYER:Zsömi) (TARGET:) 
[2019-06-10 00:42] Shox kilépett az adminszolgálatból!  (PLAYER:Shox) (TARGET:) 
[2019-06-10 00:47] Dzserold adminszolgálatba lépett. (PLAYER:Dzserold) (TARGET:) 
[2019-06-10 00:48] Dzserold kilépett az adminszolgálatból!  (PLAYER:Dzserold) (TARGET:) 
[2019-06-10 00:48] Dzserold adminszolgálatba lépett. (PLAYER:Dzserold) (TARGET:) 
[2019-06-10 00:48] Dzserold kilépett az adminszolgálatból!  (PLAYER:Dzserold) (TARGET:) 
[2019-06-10 00:51] Shox adminszolgálatba lépett. (PLAYER:Shox) (TARGET:) 
[2019-06-10 00:55] Shox kilépett az adminszolgálatból!  (PLAYER:Shox) (TARGET:) 
[2019-06-10 00:55] Dzserold adminszolgálatba lépett. (PLAYER:Dzserold) (TARGET:) 
[2019-06-10 00:56] Dzserold kilépett az adminszolgálatból!  (PLAYER:Dzserold) (TARGET:) 
[2019-06-10 01:13] Rapid adminszolgálatba lépett. (PLAYER:Rapid) (TARGET:) 
[2019-06-10 01:13] Shox adminszolgálatba lépett. (PLAYER:Shox) (TARGET:) 
[2019-06-10 01:15] Zsömi adminszolgálatba lépett. (PLAYER:Zsömi) (TARGET:) 
[2019-06-10 01:15] Zsömi kilépett az adminszolgálatból!  (PLAYER:Zsömi) (TARGET:) 
[2019-06-10 01:27] Dzserold adminszolgálatba lépett. (PLAYER:Dzserold) (TARGET:) 
[2019-06-10 01:31] Dzserold kilépett az adminszolgálatból!  (PLAYER:Dzserold) (TARGET:) 
[2019-06-10 01:39] Dzserold adminszolgálatba lépett. (PLAYER:Dzserold) (TARGET:) 
[2019-06-10 01:40] Dzserold kilépett az adminszolgálatból!  (PLAYER:Dzserold) (TARGET:) 
[2019-06-10 01:44] Dzserold adminszolgálatba lépett. (PLAYER:Dzserold) (TARGET:) 
[2019-06-10 01:50] Dzserold kilépett az adminszolgálatból!  (PLAYER:Zsömi) (TARGET:) 
[2019-06-10 01:50] Dzserold adminszolgálatba lépett. (PLAYER:Dzserold) (TARGET:) 
[2019-06-10 01:53] Shox kilépett az adminszolgálatból!  (PLAYER:ibacs) (TARGET:) 
[2019-06-10 01:53] Shox adminszolgálatba lépett. (PLAYER:Shox) (TARGET:) 
[2019-06-10 01:53] Shox kilépett az adminszolgálatból!  (PLAYER:Shox) (TARGET:) 
[2019-06-10 01:53] Shox adminszolgálatba lépett. (PLAYER:Shox) (TARGET:) 
[2019-06-10 02:07] Dzserold kilépett az adminszolgálatból!  (PLAYER:Dzserold) (TARGET:) 
[2019-06-10 02:08] Dzserold adminszolgálatba lépett. (PLAYER:Dzserold) (TARGET:) 
[2019-06-10 02:08] Dzserold kilépett az adminszolgálatból!  (PLAYER:Dzserold) (TARGET:) 
[2019-06-10 03:10] Zsömi adminszolgálatba lépett. (PLAYER:Zsömi) (TARGET:) 
[2019-06-10 03:10] Zsömi kilépett az adminszolgálatból!  (PLAYER:Zsömi) (TARGET:) 
[2019-06-10 03:11] Zsömi adminszolgálatba lépett. (PLAYER:Zsömi) (TARGET:) 
[2019-06-10 03:21] Zsömi kilépett az adminszolgálatból!  (PLAYER:Zsömi) (TARGET:) 
[2019-06-10 04:24] Rapid kilépett az adminszolgálatból!  (PLAYER:Rapid) (TARGET:) 
[2019-06-10 07:00] Atesz adminszolgálatba lépett. (PLAYER:Atesz) (TARGET:) 
[2019-06-10 07:56] Zipoo adminszolgálatba lépett. (PLAYER:Zipoo) (TARGET:) 
[2019-06-10 07:57] Atesz kilépett az adminszolgálatból!  (PLAYER:Atesz) (TARGET:) 
[2019-06-10 08:03] Atesz adminszolgálatba lépett. (PLAYER:Atesz) (TARGET:) 
[2019-06-10 08:14] Atesz kilépett az adminszolgálatból!  (PLAYER:Atesz) (TARGET:) 
[2019-06-10 08:42] Zipoo adminszolgálatba lépett. (PLAYER:Zipoo) (TARGET:) 
[2019-06-10 08:43] Zipoo kilépett az adminszolgálatból!  (PLAYER:Zipoo) (TARGET:) 
[2019-06-10 08:46] Krisz adminszolgálatba lépett. (PLAYER:Krisz) (TARGET:) 
[2019-06-10 08:48] Zipoo adminszolgálatba lépett. (PLAYER:Zipoo) (TARGET:) 
[2019-06-10 08:48] Zipoo kilépett az adminszolgálatból!  (PLAYER:Zipoo) (TARGET:) 
[2019-06-10 08:51] Zipoo adminszolgálatba lépett. (PLAYER:Zipoo) (TARGET:) 
[2019-06-10 08:51] Zipoo kilépett az adminszolgálatból!  (PLAYER:Zipoo) (TARGET:) 
[2019-06-10 08:53] Zipoo adminszolgálatba lépett. (PLAYER:Zipoo) (TARGET:) 
[2019-06-10 08:53] Zipoo kilépett az adminszolgálatból!  (PLAYER:Zipoo) (TARGET:) 
[2019-06-10 08:53] Zipoo adminszolgálatba lépett. (PLAYER:Zipoo) (TARGET:) 
[2019-06-10 08:53] Zipoo kilépett az adminszolgálatból!  (PLAYER:Zipoo) (TARGET:) 
[2019-06-10 08:56] Zipoo adminszolgálatba lépett. (PLAYER:Zipoo) (TARGET:) 
[2019-06-10 08:56] Zipoo kilépett az adminszolgálatból!  (PLAYER:Zipoo) (TARGET:) 
[2019-06-10 08:56] Zipoo adminszolgálatba lépett. (PLAYER:Zipoo) (TARGET:) 
[2019-06-10 08:57] Zipoo kilépett az adminszolgálatból!  (PLAYER:Zipoo) (TARGET:) 
[2019-06-10 08:58] Zipoo adminszolgálatba lépett. (PLAYER:Zipoo) (TARGET:) 
[2019-06-10 08:59] Zipoo kilépett az adminszolgálatból!  (PLAYER:Zipoo) (TARGET:) 
[2019-06-10 09:05] Krisz kilépett az adminszolgálatból!  (PLAYER:Krisz) (TARGET:) 
[2019-06-10 09:09] Zipoo adminszolgálatba lépett. (PLAYER:Zipoo) (TARGET:) 
[2019-06-10 09:11] Zipoo kilépett az adminszolgálatból!  (PLAYER:Zipoo) (TARGET:) 
[2019-06-10 09:51] Shakur adminszolgálatba lépett. (PLAYER:Shakur) (TARGET:) 
[2019-06-10 09:51] Shakur kilépett az adminszolgálatból!  (PLAYER:Shakur) (TARGET:) 
[2019-06-10 09:52] Krisz adminszolgálatba lépett. (PLAYER:Krisz) (TARGET:) 
[2019-06-10 09:54] Shakur adminszolgálatba lépett. (PLAYER:Shakur) (TARGET:) 
[2019-06-10 09:57] Shakur kilépett az adminszolgálatból!  (PLAYER:Shakur) (TARGET:) 
[2019-06-10 09:58] Kyle adminszolgálatba lépett. (PLAYER:Kyle) (TARGET:) 
[2019-06-10 09:58] Shakur adminszolgálatba lépett. (PLAYER:Shakur) (TARGET:) 
[2019-06-10 09:58] Shakur kilépett az adminszolgálatból!  (PLAYER:Shakur) (TARGET:) 
[2019-06-10 09:59] Shakur adminszolgálatba lépett. (PLAYER:Shakur) (TARGET:) 
[2019-06-10 10:03] Shakur kilépett az adminszolgálatból!  (PLAYER:Shakur) (TARGET:) 
[2019-06-10 10:06] Shakur adminszolgálatba lépett. (PLAYER:Shakur) (TARGET:) 
[2019-06-10 10:06] Shakur kilépett az adminszolgálatból!  (PLAYER:Shakur) (TARGET:) 
[2019-06-10 10:08] Kyle kilépett az adminszolgálatból!  (PLAYER:Kyle) (TARGET:) 
[2019-06-10 10:09] Shakur adminszolgálatba lépett. (PLAYER:Shakur) (TARGET:) 
[2019-06-10 10:09] Shakur kilépett az adminszolgálatból!  (PLAYER:Shakur) (TARGET:) 
[2019-06-10 10:10] Shakur adminszolgálatba lépett. (PLAYER:Shakur) (TARGET:) 
[2019-06-10 10:10] Shakur kilépett az adminszolgálatból!  (PLAYER:Shakur) (TARGET:) 
[2019-06-10 10:12] Kyle adminszolgálatba lépett. (PLAYER:Kyle) (TARGET:) 
[2019-06-10 10:13] Krisz kilépett az adminszolgálatból!  (PLAYER:Krisz) (TARGET:) 
[2019-06-10 10:15] Shakur adminszolgálatba lépett. (PLAYER:Shakur) (TARGET:) 
[2019-06-10 10:15] Shakur kilépett az adminszolgálatból!  (PLAYER:Shakur) (TARGET:) 
[2019-06-10 10:17] Shakur adminszolgálatba lépett. (PLAYER:Shakur) (TARGET:) 
[2019-06-10 10:17] Shakur kilépett az adminszolgálatból!  (PLAYER:Shakur) (TARGET:) 
[2019-06-10 10:17] Shakur adminszolgálatba lépett. (PLAYER:Shakur) (TARGET:) 
[2019-06-10 10:17] Shakur kilépett az adminszolgálatból!  (PLAYER:Shakur) (TARGET:) 
[2019-06-10 10:25] Shakur adminszolgálatba lépett. (PLAYER:Shakur) (TARGET:) 
[2019-06-10 10:25] Shakur kilépett az adminszolgálatból!  (PLAYER:Shakur) (TARGET:) 
[2019-06-10 10:33] Shakur adminszolgálatba lépett. (PLAYER:Shakur) (TARGET:) 
[2019-06-10 10:33] Shakur kilépett az adminszolgálatból!  (PLAYER:Shakur) (TARGET:) 
[2019-06-10 10:34] Shakur adminszolgálatba lépett. (PLAYER:Shakur) (TARGET:) 
[2019-06-10 10:34] Shakur kilépett az adminszolgálatból!  (PLAYER:Shakur) (TARGET:) 
[2019-06-10 10:34] Rapid adminszolgálatba lépett. (PLAYER:Rapid) (TARGET:) 
[2019-06-10 10:43] Shakur adminszolgálatba lépett. (PLAYER:Shakur) (TARGET:) 
[2019-06-10 10:47] Atesz adminszolgálatba lépett. (PLAYER:Atesz) (TARGET:) 
[2019-06-10 10:48] Atesz kilépett az adminszolgálatból!  (PLAYER:Atesz) (TARGET:) 
[2019-06-10 10:52] Rapid kilépett az adminszolgálatból!  (PLAYER:Rapid) (TARGET:) 
[2019-06-10 10:53] Atesz adminszolgálatba lépett. (PLAYER:Atesz) (TARGET:) 
[2019-06-10 10:54] Atesz kilépett az adminszolgálatból!  (PLAYER:Atesz) (TARGET:) 
[2019-06-10 10:55] Shakur kilépett az adminszolgálatból!  (PLAYER:Shakur) (TARGET:) 
[2019-06-10 10:55] Shakur adminszolgálatba lépett. (PLAYER:Shakur) (TARGET:) 
[2019-06-10 10:59] Rapid adminszolgálatba lépett. (PLAYER:Rapid) (TARGET:) 
[2019-06-10 11:00] Zipoo adminszolgálatba lépett. (PLAYER:Zipoo) (TARGET:) 
[2019-06-10 11:02] Shakur kilépett az adminszolgálatból!  (PLAYER:Shakur) (TARGET:) 
[2019-06-10 11:07] Shakur adminszolgálatba lépett. (PLAYER:Shakur) (TARGET:) 
[2019-06-10 11:10] Shakur kilépett az adminszolgálatból!  (PLAYER:Shakur) (TARGET:) 
[2019-06-10 11:10] Shakur adminszolgálatba lépett. (PLAYER:Shakur) (TARGET:) 
[2019-06-10 11:11] Shakur kilépett az adminszolgálatból!  (PLAYER:Shakur) (TARGET:) 
[2019-06-10 11:12] Zipoo kilépett az adminszolgálatból!  (PLAYER:Zipoo) (TARGET:) 
[2019-06-10 11:12] Zipoo adminszolgálatba lépett. (PLAYER:Zipoo) (TARGET:) 
[2019-06-10 11:12] Kyle kilépett az adminszolgálatból!  (PLAYER:Kyle) (TARGET:) 
[2019-06-10 11:14] Kyle adminszolgálatba lépett. (PLAYER:Kyle) (TARGET:) 
[2019-06-10 11:14] Kyle kilépett az adminszolgálatból!  (PLAYER:Kyle) (TARGET:) 
[2019-06-10 11:14] Kyle adminszolgálatba lépett. (PLAYER:Kyle) (TARGET:) 
[2019-06-10 11:20] Zipoo kilépett az adminszolgálatból!  (PLAYER:Zipoo) (TARGET:) 
[2019-06-10 11:20] Kyle kilépett az adminszolgálatból!  (PLAYER:Kyle) (TARGET:) 
[2019-06-10 11:23] Kyle adminszolgálatba lépett. (PLAYER:Kyle) (TARGET:) 
[2019-06-10 11:33] Shakur adminszolgálatba lépett. (PLAYER:Shakur) (TARGET:) 
[2019-06-10 11:38] Shakur kilépett az adminszolgálatból!  (PLAYER:Shakur) (TARGET:) 
[2019-06-10 11:41] Shakur adminszolgálatba lépett. (PLAYER:Shakur) (TARGET:) 
[2019-06-10 11:44] Shakur kilépett az adminszolgálatból!  (PLAYER:Shakur) (TARGET:) 
[2019-06-10 11:46] Kyle kilépett az adminszolgálatból!  (PLAYER:Kyle) (TARGET:) 
[2019-06-10 11:46] Kyle adminszolgálatba lépett. (PLAYER:Kyle) (TARGET:) 
[2019-06-10 11:46] Kyle kilépett az adminszolgálatból!  (PLAYER:Kyle) (TARGET:) 
[2019-06-10 11:46] Shakur adminszolgálatba lépett. (PLAYER:Shakur) (TARGET:) 
[2019-06-10 11:46] Shakur kilépett az adminszolgálatból!  (PLAYER:Shakur) (TARGET:) 
[2019-06-10 11:53] Zipoo adminszolgálatba lépett. (PLAYER:Zipoo) (TARGET:) 
[2019-06-10 11:53] Zipoo kilépett az adminszolgálatból!  (PLAYER:Zipoo) (TARGET:) 
[2019-06-10 11:54] Shakur adminszolgálatba lépett. (PLAYER:Shakur) (TARGET:) 
[2019-06-10 11:54] Shakur kilépett az adminszolgálatból!  (PLAYER:Shakur) (TARGET:) 
[2019-06-10 11:55] Shakur adminszolgálatba lépett. (PLAYER:Shakur) (TARGET:) 
[2019-06-10 11:56] Shakur kilépett az adminszolgálatból!  (PLAYER:Shakur) (TARGET:) 
[2019-06-10 12:05] Shakur adminszolgálatba lépett. (PLAYER:Shakur) (TARGET:) 
[2019-06-10 12:06] Shakur kilépett az adminszolgálatból!  (PLAYER:Shakur) (TARGET:) 
[2019-06-10 12:14] Atesz adminszolgálatba lépett. (PLAYER:Atesz) (TARGET:) 
[2019-06-10 12:14] Atesz kilépett az adminszolgálatból!  (PLAYER:Atesz) (TARGET:) 
[2019-06-10 12:17] Rapid kilépett az adminszolgálatból!  (PLAYER:Rapid) (TARGET:) 
[2019-06-10 12:19] Zsömi adminszolgálatba lépett. (PLAYER:Zsömi) (TARGET:) 
[2019-06-10 12:19] Zsömi kilépett az adminszolgálatból!  (PLAYER:Zsömi) (TARGET:) 
[2019-06-10 12:20] Zsömi adminszolgálatba lépett. (PLAYER:Zsömi) (TARGET:) 
[2019-06-10 12:22] Atesz adminszolgálatba lépett. (PLAYER:Atesz) (TARGET:) 
[2019-06-10 12:22] Atesz kilépett az adminszolgálatból!  (PLAYER:Atesz) (TARGET:) 
[2019-06-10 12:23] Shox adminszolgálatba lépett. (PLAYER:Shox) (TARGET:) 
[2019-06-10 12:24] Atesz adminszolgálatba lépett. (PLAYER:Atesz) (TARGET:) 
[2019-06-10 12:25] Atesz kilépett az adminszolgálatból!  (PLAYER:Atesz) (TARGET:) 
[2019-06-10 12:27] Atesz adminszolgálatba lépett. (PLAYER:Atesz) (TARGET:) 
[2019-06-10 12:28] Rapid adminszolgálatba lépett. (PLAYER:Rapid) (TARGET:) 
[2019-06-10 12:33] Kyle adminszolgálatba lépett. (PLAYER:Kyle) (TARGET:) 
[2019-06-10 12:33] Atesz kilépett az adminszolgálatból!  (PLAYER:Atesz) (TARGET:) 
[2019-06-10 12:33] Kyle kilépett az adminszolgálatból!  (PLAYER:Kyle) (TARGET:) 
[2019-06-10 12:34] Shox kilépett az adminszolgálatból!  (PLAYER:Shox) (TARGET:) 
[2019-06-10 12:41] Zsömi kilépett az adminszolgálatból!  (PLAYER:Zsömi) (TARGET:) 
[2019-06-10 12:43] Kyle adminszolgálatba lépett. (PLAYER:Kyle) (TARGET:) 
[2019-06-10 12:52] Shox adminszolgálatba lépett. (PLAYER:Shox) (TARGET:) 
[2019-06-10 12:52] Kyle kilépett az adminszolgálatból!  (PLAYER:Kyle) (TARGET:) 
[2019-06-10 12:53] Shox kilépett az adminszolgálatból!  (PLAYER:Shox) (TARGET:) 
[2019-06-10 12:53] Kyle adminszolgálatba lépett. (PLAYER:Kyle) (TARGET:) 
[2019-06-10 12:54] Kyle kilépett az adminszolgálatból!  (PLAYER:Kyle) (TARGET:) 
[2019-06-10 12:55] Shakur adminszolgálatba lépett. (PLAYER:Shakur) (TARGET:) 
[2019-06-10 12:56] Shakur kilépett az adminszolgálatból!  (PLAYER:Shakur) (TARGET:) 
[2019-06-10 12:56] Kyle adminszolgálatba lépett. (PLAYER:Kyle) (TARGET:) 
[2019-06-10 12:57] Kyle kilépett az adminszolgálatból!  (PLAYER:Kyle) (TARGET:) 
[2019-06-10 13:00] Shakur adminszolgálatba lépett. (PLAYER:Shakur) (TARGET:) 
[2019-06-10 13:00] Süsü adminszolgálatba lépett. (PLAYER:Süsü) (TARGET:) 
[2019-06-10 13:00] Shakur kilépett az adminszolgálatból!  (PLAYER:Shakur) (TARGET:) 
[2019-06-10 13:00] Rapid kilépett az adminszolgálatból!  (PLAYER:Rapid) (TARGET:) 
[2019-06-10 13:03] Rapid adminszolgálatba lépett. (PLAYER:Rapid) (TARGET:) 
[2019-06-10 13:07] Zsömi adminszolgálatba lépett. (PLAYER:Zsömi) (TARGET:) 
[2019-06-10 13:07] Zsömi kilépett az adminszolgálatból!  (PLAYER:Zsömi) (TARGET:) 
[2019-06-10 13:10] Zsömi adminszolgálatba lépett. (PLAYER:Zsömi) (TARGET:) 
[2019-06-10 13:19] Shakur adminszolgálatba lépett. (PLAYER:Shakur) (TARGET:) 
[2019-06-10 13:19] Shakur kilépett az adminszolgálatból!  (PLAYER:Shakur) (TARGET:) 
[2019-06-10 13:23] Kyle adminszolgálatba lépett. (PLAYER:Kyle) (TARGET:) 
[2019-06-10 13:23] Kyle kilépett az adminszolgálatból!  (PLAYER:Kyle) (TARGET:) 
[2019-06-10 13:29] Shakur adminszolgálatba lépett. (PLAYER:Shakur) (TARGET:) 
[2019-06-10 13:32] Shakur kilépett az adminszolgálatból!  (PLAYER:Shakur) (TARGET:) 
[2019-06-10 13:32] Shakur adminszolgálatba lépett. (PLAYER:Shakur) (TARGET:) 
[2019-06-10 13:33] Zsömi kilépett az adminszolgálatból!  (PLAYER:Zsömi) (TARGET:) 
[2019-06-10 13:34] Shakur kilépett az adminszolgálatból!  (PLAYER:Shakur) (TARGET:) 
[2019-06-10 13:34] Zsömi adminszolgálatba lépett. (PLAYER:Zsömi) (TARGET:) 
[2019-06-10 13:36] Zsömi kilépett az adminszolgálatból!  (PLAYER:Zsömi) (TARGET:) 
[2019-06-10 13:36] Kyle adminszolgálatba lépett. (PLAYER:Kyle) (TARGET:) 
[2019-06-10 13:38] Kyle kilépett az adminszolgálatból!  (PLAYER:Kyle) (TARGET:) 
[2019-06-10 13:45] Shakur adminszolgálatba lépett. (PLAYER:Shakur) (TARGET:) 
[2019-06-10 13:45] Shakur kilépett az adminszolgálatból!  (PLAYER:Shakur) (TARGET:) 
[2019-06-10 13:47] Zsömi adminszolgálatba lépett. (PLAYER:Zsömi) (TARGET:) 
[2019-06-10 13:47] Zsömi kilépett az adminszolgálatból!  (PLAYER:Zsömi) (TARGET:) 
[2019-06-10 13:54] Rapid adminszolgálatba lépett. (PLAYER:Rapid) (TARGET:) 
[2019-06-10 14:04] Rapid kilépett az adminszolgálatból!  (PLAYER:Rapid) (TARGET:) 
[2019-06-10 14:07] Zsömi adminszolgálatba lépett. (PLAYER:Zsömi) (TARGET:) 
[2019-06-10 14:08] Dzserold adminszolgálatba lépett. (PLAYER:Dzserold) (TARGET:) 
[2019-06-10 14:11] Dzserold kilépett az adminszolgálatból!  (PLAYER:Dzserold) (TARGET:) 
[2019-06-10 14:11] Dzserold adminszolgálatba lépett. (PLAYER:Dzserold) (TARGET:) 
[2019-06-10 14:11] Dzserold kilépett az adminszolgálatból!  (PLAYER:Dzserold) (TARGET:) 
[2019-06-10 14:11] Dzserold adminszolgálatba lépett. (PLAYER:Dzserold) (TARGET:) 
[2019-06-10 14:12] Dzserold kilépett az adminszolgálatból!  (PLAYER:Dzserold) (TARGET:) 
[2019-06-10 14:14] Shox adminszolgálatba lépett. (PLAYER:Shox) (TARGET:) 
[2019-06-10 14:14] Shox kilépett az adminszolgálatból!  (PLAYER:Shox) (TARGET:) 
[2019-06-10 14:14] Shakur adminszolgálatba lépett. (PLAYER:Shakur) (TARGET:) 
[2019-06-10 14:14] Shakur kilépett az adminszolgálatból!  (PLAYER:Shakur) (TARGET:) 
[2019-06-10 14:15] sum1 adminszolgálatba lépett. (PLAYER:sum1) (TARGET:) 
[2019-06-10 14:38] sum1 kilépett az adminszolgálatból!  (PLAYER:sum1) (TARGET:) 
[2019-06-10 14:44] Shox adminszolgálatba lépett. (PLAYER:Shox) (TARGET:) 
[2019-06-10 14:46] Shox kilépett az adminszolgálatból!  (PLAYER:Shox) (TARGET:) 
[2019-06-10 14:47] Shakur adminszolgálatba lépett. (PLAYER:Shakur) (TARGET:) 
[2019-06-10 14:47] Shox adminszolgálatba lépett. (PLAYER:Zsömi) (TARGET:) 
[2019-06-10 14:47] Shox kilépett az adminszolgálatból!  (PLAYER:Shox) (TARGET:) 
[2019-06-10 14:47] Shox adminszolgálatba lépett. (PLAYER:Shox) (TARGET:) 
[2019-06-10 14:47] Shox kilépett az adminszolgálatból!  (PLAYER:Zsömi) (TARGET:) 
[2019-06-10 14:52] Shakur kilépett az adminszolgálatból!  (PLAYER:Shakur) (TARGET:) 
[2019-06-10 14:53] Shakur adminszolgálatba lépett. (PLAYER:Shakur) (TARGET:) 
[2019-06-10 14:58] Shakur kilépett az adminszolgálatból!  (PLAYER:Shakur) (TARGET:) 
[2019-06-10 15:06] Shakur adminszolgálatba lépett. (PLAYER:Shakur) (TARGET:) 
[2019-06-10 15:07] Shakur kilépett az adminszolgálatból!  (PLAYER:Shakur) (TARGET:) 
[2019-06-10 15:07] Shakur adminszolgálatba lépett. (PLAYER:Shakur) (TARGET:) 
[2019-06-10 15:07] Shakur kilépett az adminszolgálatból!  (PLAYER:Shakur) (TARGET:) 
[2019-06-10 15:09] Shakur adminszolgálatba lépett. (PLAYER:Shakur) (TARGET:) 
[2019-06-10 15:13] Shakur kilépett az adminszolgálatból!  (PLAYER:Shakur) (TARGET:) 
[2019-06-10 15:16] Shakur adminszolgálatba lépett. (PLAYER:Shakur) (TARGET:) 
[2019-06-10 15:16] Dzserold adminszolgálatba lépett. (PLAYER:Shakur) (TARGET:) 
[2019-06-10 15:16] Dzserold kilépett az adminszolgálatból!  (PLAYER:Shakur) (TARGET:) 
[2019-06-10 15:18] Shakur kilépett az adminszolgálatból!  (PLAYER:Shakur) (TARGET:) 
[2019-06-10 15:20] Shakur adminszolgálatba lépett. (PLAYER:Shakur) (TARGET:) 
[2019-06-10 15:26] Dzserold adminszolgálatba lépett. (PLAYER:Dzserold) (TARGET:) 
[2019-06-10 15:27] Denzel adminszolgálatba lépett. (PLAYER:Denzel) (TARGET:) 
[2019-06-10 15:29] Sum1 adminszolgálatba lépett. (PLAYER:Sum1) (TARGET:) 
[2019-06-10 15:30] Borislaw adminszolgálatba lépett. (PLAYER:Borislaw) (TARGET:) 
[2019-06-10 15:31] Denzel kilépett az adminszolgálatból!  (PLAYER:Shakur) (TARGET:) 
[2019-06-10 15:31] Denzel adminszolgálatba lépett. (PLAYER:Shakur) (TARGET:) 
[2019-06-10 15:37] Borislaw kilépett az adminszolgálatból!  (PLAYER:Borislaw) (TARGET:) 
[2019-06-10 15:37] Borislaw adminszolgálatba lépett. (PLAYER:Borislaw) (TARGET:) 
[2019-06-10 15:37] Borislaw kilépett az adminszolgálatból!  (PLAYER:Borislaw) (TARGET:) 
[2019-06-10 15:39] Borislaw adminszolgálatba lépett. (PLAYER:Borislaw) (TARGET:) 
[2019-06-10 15:43] FKGP adminszolgálatba lépett. (PLAYER:FKGP) (TARGET:) 
[2019-06-10 15:43] sum1 kilépett az adminszolgálatból!  (PLAYER:sum1) (TARGET:) 
[2019-06-10 15:44] Dzserold kilépett az adminszolgálatból!  (PLAYER:Dzserold) (TARGET:) 
[2019-06-10 15:52] Zsömi adminszolgálatba lépett. (PLAYER:Zsömi) (TARGET:) 
[2019-06-10 15:54] sum1 adminszolgálatba lépett. (PLAYER:sum1) (TARGET:) 
[2019-06-10 15:57] Atesz adminszolgálatba lépett. (PLAYER:Atesz) (TARGET:) 
[2019-06-10 15:59] Süsü kilépett az adminszolgálatból!  (PLAYER:Süsü) (TARGET:) 
[2019-06-10 15:59] Süsü adminszolgálatba lépett. (PLAYER:Süsü) (TARGET:) 
[2019-06-10 16:03] Nevils adminszolgálatba lépett. (PLAYER:Nevils) (TARGET:) 
[2019-06-10 16:12] Atesz kilépett az adminszolgálatból!  (PLAYER:Atesz) (TARGET:) 
[2019-06-10 16:16] Shakur kilépett az adminszolgálatból!  (PLAYER:Shakur) (TARGET:) 
[2019-06-10 16:16] Shakur adminszolgálatba lépett. (PLAYER:Shakur) (TARGET:) 
[2019-06-10 16:16] Shakur kilépett az adminszolgálatból!  (PLAYER:Shakur) (TARGET:) 
[2019-06-10 16:16] Shakur adminszolgálatba lépett. (PLAYER:Shakur) (TARGET:) 
[2019-06-10 16:16] Shakur kilépett az adminszolgálatból!  (PLAYER:Shakur) (TARGET:) 
[2019-06-10 16:16] Shakur adminszolgálatba lépett. (PLAYER:Shakur) (TARGET:) 
[2019-06-10 16:16] Shakur kilépett az adminszolgálatból!  (PLAYER:Shakur) (TARGET:) 
[2019-06-10 16:17] Shakur adminszolgálatba lépett. (PLAYER:Shakur) (TARGET:) 
[2019-06-10 16:17] Shakur kilépett az adminszolgálatból!  (PLAYER:Shakur) (TARGET:) 
[2019-06-10 16:21] Shakur adminszolgálatba lépett. (PLAYER:Shakur) (TARGET:) 
[2019-06-10 16:21] Shakur kilépett az adminszolgálatból!  (PLAYER:Shakur) (TARGET:) 
[2019-06-10 16:21] Shakur adminszolgálatba lépett. (PLAYER:Shakur) (TARGET:) 
[2019-06-10 16:21] Shakur kilépett az adminszolgálatból!  (PLAYER:Shakur) (TARGET:) 
[2019-06-10 16:21] Shakur adminszolgálatba lépett. (PLAYER:Shakur) (TARGET:) 
[2019-06-10 16:21] Shakur kilépett az adminszolgálatból!  (PLAYER:Shakur) (TARGET:) 
[2019-06-10 16:22] Atesz adminszolgálatba lépett. (PLAYER:Atesz) (TARGET:) 
[2019-06-10 16:23] Süsü kilépett az adminszolgálatból!  (PLAYER:Süsü) (TARGET:) 
[2019-06-10 16:24] Süsü adminszolgálatba lépett. (PLAYER:Süsü) (TARGET:) 
[2019-06-10 16:26] sum1 kilépett az adminszolgálatból!  (PLAYER:sum1) (TARGET:) 
[2019-06-10 16:27] Levente adminszolgálatba lépett. (PLAYER:Levente) (TARGET:) 
[2019-06-10 16:40] sum1 adminszolgálatba lépett. (PLAYER:sum1) (TARGET:) 
[2019-06-10 16:44] Denzel kilépett az adminszolgálatból!  (PLAYER:Denzel) (TARGET:) 
[2019-06-10 16:44] FKGP kilépett az adminszolgálatból!  (PLAYER:FKGP) (TARGET:) 
[2019-06-10 16:51] Shakur adminszolgálatba lépett. (PLAYER:Shakur) (TARGET:) 
[2019-06-10 16:51] Shakur kilépett az adminszolgálatból!  (PLAYER:Shakur) (TARGET:) 
[2019-06-10 17:03] Shakur adminszolgálatba lépett. (PLAYER:Shakur) (TARGET:) 
[2019-06-10 17:05] Rapid adminszolgálatba lépett. (PLAYER:Rapid) (TARGET:) 
[2019-06-10 17:09] Levente kilépett az adminszolgálatból!  (PLAYER:Levente) (TARGET:) 
[2019-06-10 17:15] Krisz adminszolgálatba lépett. (PLAYER:Krisz) (TARGET:) 
[2019-06-10 17:22] Levente adminszolgálatba lépett. (PLAYER:Levente) (TARGET:) 
[2019-06-10 17:22] Levente kilépett az adminszolgálatból!  (PLAYER:Levente) (TARGET:) 
[2019-06-10 17:23] sum1 kilépett az adminszolgálatból!  (PLAYER:sum1) (TARGET:) 
[2019-06-10 17:23] sum1 adminszolgálatba lépett. (PLAYER:sum1) (TARGET:) 
[2019-06-10 17:26] sum1 kilépett az adminszolgálatból!  (PLAYER:sum1) (TARGET:) 
[2019-06-10 17:26] sum1 adminszolgálatba lépett. (PLAYER:sum1) (TARGET:) 
[2019-06-10 17:27] sum1 kilépett az adminszolgálatból!  (PLAYER:sum1) (TARGET:) 
[2019-06-10 17:27] sum1 adminszolgálatba lépett. (PLAYER:sum1) (TARGET:) 
[2019-06-10 17:31] Levente adminszolgálatba lépett. (PLAYER:Levente) (TARGET:) 
[2019-06-10 17:34] Krisz kilépett az adminszolgálatból!  (PLAYER:Krisz) (TARGET:) 
[2019-06-10 17:34] Krisz adminszolgálatba lépett. (PLAYER:Krisz) (TARGET:) 
[2019-06-10 17:37] FKGP adminszolgálatba lépett. (PLAYER:FKGP) (TARGET:) 
[2019-06-10 17:38] sum1 kilépett az adminszolgálatból!  (PLAYER:sum1) (TARGET:) 
[2019-06-10 17:44] Krisz kilépett az adminszolgálatból!  (PLAYER:Krisz) (TARGET:) 
[2019-06-10 17:45] sum1 adminszolgálatba lépett. (PLAYER:sum1) (TARGET:) 
[2019-06-10 17:58] sum1 kilépett az adminszolgálatból!  (PLAYER:sum1) (TARGET:) 
[2019-06-10 18:12] sum1 adminszolgálatba lépett. (PLAYER:sum1) (TARGET:) 
[2019-06-10 18:18] Atesz kilépett az adminszolgálatból!  (PLAYER:Atesz) (TARGET:) 
[2019-06-10 18:23] Levente kilépett az adminszolgálatból!  (PLAYER:Levente) (TARGET:) 
[2019-06-10 18:26] Levente adminszolgálatba lépett. (PLAYER:Levente) (TARGET:) 
[2019-06-10 18:34] Levente kilépett az adminszolgálatból!  (PLAYER:Levente) (TARGET:) 
[2019-06-10 18:35] Atesz adminszolgálatba lépett. (PLAYER:Atesz) (TARGET:) 
[2019-06-10 18:48] Krisz adminszolgálatba lépett. (PLAYER:Krisz) (TARGET:) 
[2019-06-10 18:58] Shakur kilépett az adminszolgálatból!  (PLAYER:Shakur) (TARGET:) 
[2019-06-10 18:59] Levente adminszolgálatba lépett. (PLAYER:Levente) (TARGET:) 
[2019-06-10 19:00] Atesz kilépett az adminszolgálatból!  (PLAYER:Atesz) (TARGET:) 
[2019-06-10 19:01] Alfonz adminszolgálatba lépett. (PLAYER:Alfonz) (TARGET:) 
[2019-06-10 19:02] Levente kilépett az adminszolgálatból!  (PLAYER:Levente) (TARGET:) 
[2019-06-10 19:03] Atesz adminszolgálatba lépett. (PLAYER:Atesz) (TARGET:) 
[2019-06-10 19:04] Atesz kilépett az adminszolgálatból!  (PLAYER:Atesz) (TARGET:) 
[2019-06-10 19:05] FKGP kilépett az adminszolgálatból!  (PLAYER:FKGP) (TARGET:) 
[2019-06-10 19:09] Alfonz kilépett az adminszolgálatból!  (PLAYER:Alfonz) (TARGET:) 
[2019-06-10 19:09] Alfonz adminszolgálatba lépett. (PLAYER:Alfonz) (TARGET:) 
[2019-06-10 19:10] Krisz kilépett az adminszolgálatból!  (PLAYER:Krisz) (TARGET:) 
[2019-06-10 19:11] Levente adminszolgálatba lépett. (PLAYER:Levente) (TARGET:) 
[2019-06-10 19:15] Shakur adminszolgálatba lépett. (PLAYER:Shakur) (TARGET:) 
[2019-06-10 19:15] Shakur kilépett az adminszolgálatból!  (PLAYER:Shakur) (TARGET:) 
[2019-06-10 19:16] Dzserold adminszolgálatba lépett. (PLAYER:Dzserold) (TARGET:) 
[2019-06-10 19:16] Atesz adminszolgálatba lépett. (PLAYER:Atesz) (TARGET:) 
[2019-06-10 19:16] Levente kilépett az adminszolgálatból!  (PLAYER:Levente) (TARGET:) 
[2019-06-10 19:17] Atesz kilépett az adminszolgálatból!  (PLAYER:Atesz) (TARGET:) 
[2019-06-10 19:18] FKGP adminszolgálatba lépett. (PLAYER:FKGP) (TARGET:) 
[2019-06-10 19:23] Nevils adminszolgálatba lépett. (PLAYER:Nevils) (TARGET:) 
[2019-06-10 19:25] Shakur adminszolgálatba lépett. (PLAYER:Shakur) (TARGET:) 
[2019-06-10 19:25] Nevils kilépett az adminszolgálatból!  (PLAYER:Nevils) (TARGET:) 
[2019-06-10 19:25] Nevils adminszolgálatba lépett. (PLAYER:Nevils) (TARGET:) 
[2019-06-10 19:25] Shakur kilépett az adminszolgálatból!  (PLAYER:Shakur) (TARGET:) 
[2019-06-10 19:25] Rapid kilépett az adminszolgálatból!  (PLAYER:Rapid) (TARGET:) 
[2019-06-10 19:27] Süsü adminszolgálatba lépett. (PLAYER:Süsü) (TARGET:) 
[2019-06-10 19:28] Krisz adminszolgálatba lépett. (PLAYER:Krisz) (TARGET:) 
[2019-06-10 19:30] Rapid adminszolgálatba lépett. (PLAYER:Rapid) (TARGET:) 
[2019-06-10 19:31] Alfonz kilépett az adminszolgálatból!  (PLAYER:Alfonz) (TARGET:) 
[2019-06-10 19:31] Alfonz adminszolgálatba lépett. (PLAYER:Alfonz) (TARGET:) 
[2019-06-10 19:32] Alfonz kilépett az adminszolgálatból!  (PLAYER:Alfonz) (TARGET:) 
[2019-06-10 19:35] Atesz adminszolgálatba lépett. (PLAYER:Atesz) (TARGET:) 
[2019-06-10 19:36] FKGP kilépett az adminszolgálatból!  (PLAYER:FKGP) (TARGET:) 
[2019-06-10 19:37] Levente adminszolgálatba lépett. (PLAYER:Levente) (TARGET:) 
[2019-06-10 19:37] Levente kilépett az adminszolgálatból!  (PLAYER:Levente) (TARGET:) 
[2019-06-10 19:40] Alfonz adminszolgálatba lépett. (PLAYER:Alfonz) (TARGET:) 
[2019-06-10 19:43] PeRy adminszolgálatba lépett. (PLAYER:PeRy) (TARGET:) 
[2019-06-10 19:45] Dzserold kilépett az adminszolgálatból!  (PLAYER:Dzserold) (TARGET:) 
[2019-06-10 19:47] Denzel adminszolgálatba lépett. (PLAYER:Denzel) (TARGET:) 
[2019-06-10 19:48] Shakur adminszolgálatba lépett. (PLAYER:Shakur) (TARGET:) 
[2019-06-10 19:48] FKGP adminszolgálatba lépett. (PLAYER:FKGP) (TARGET:) 
[2019-06-10 19:48] FKGP kilépett az adminszolgálatból!  (PLAYER:FKGP) (TARGET:) 
[2019-06-10 19:49] FKGP adminszolgálatba lépett. (PLAYER:FKGP) (TARGET:) 
[2019-06-10 19:54] Shakur kilépett az adminszolgálatból!  (PLAYER:Shakur) (TARGET:) 
[2019-06-10 19:54] Alfonz kilépett az adminszolgálatból!  (PLAYER:Alfonz) (TARGET:) 
[2019-06-10 19:55] Shakur adminszolgálatba lépett. (PLAYER:Shakur) (TARGET:) 
[2019-06-10 19:55] Alfonz adminszolgálatba lépett. (PLAYER:Alfonz) (TARGET:) 
[2019-06-10 19:56] FKGP kilépett az adminszolgálatból!  (PLAYER:FKGP) (TARGET:) 
[2019-06-10 19:56] Levente adminszolgálatba lépett. (PLAYER:Levente) (TARGET:) 
[2019-06-10 19:56] FKGP adminszolgálatba lépett. (PLAYER:FKGP) (TARGET:) 
[2019-06-10 19:57] Levente kilépett az adminszolgálatból!  (PLAYER:Levente) (TARGET:) 
[2019-06-10 19:57] Shakur kilépett az adminszolgálatból!  (PLAYER:Shakur) (TARGET:) 
[2019-06-10 19:57] Shakur adminszolgálatba lépett. (PLAYER:Shakur) (TARGET:) 
[2019-06-10 19:58] Shakur kilépett az adminszolgálatból!  (PLAYER:Shakur) (TARGET:) 
[2019-06-10 20:00] Alfonz kilépett az adminszolgálatból!  (PLAYER:Alfonz) (TARGET:) 
[2019-06-10 20:01] Alfonz adminszolgálatba lépett. (PLAYER:Alfonz) (TARGET:) 
[2019-06-10 20:03] FKGP kilépett az adminszolgálatból!  (PLAYER:FKGP) (TARGET:) 
[2019-06-10 20:05] Zsömi adminszolgálatba lépett. (PLAYER:Zsömi) (TARGET:) 
[2019-06-10 20:06] sum1 adminszolgálatba lépett. (PLAYER:sum1) (TARGET:) 
[2019-06-10 20:13] Alfonz kilépett az adminszolgálatból!  (PLAYER:Alfonz) (TARGET:) 
[2019-06-10 20:13] Alfonz adminszolgálatba lépett. (PLAYER:Alfonz) (TARGET:) 
[2019-06-10 20:19] FKGP adminszolgálatba lépett. (PLAYER:FKGP) (TARGET:) 
[2019-06-10 20:21] Levente adminszolgálatba lépett. (PLAYER:Levente) (TARGET:) 
[2019-06-10 20:22] Zipoo adminszolgálatba lépett. (PLAYER:Zipoo) (TARGET:) 
[2019-06-10 20:26] Alfonz kilépett az adminszolgálatból!  (PLAYER:Alfonz) (TARGET:) 
[2019-06-10 20:26] Alfonz adminszolgálatba lépett. (PLAYER:Alfonz) (TARGET:) 
[2019-06-10 20:28] Krisz kilépett az adminszolgálatból!  (PLAYER:Krisz) (TARGET:) 
[2019-06-10 20:28] Krisz adminszolgálatba lépett. (PLAYER:Krisz) (TARGET:) 
[2019-06-10 20:29] Krisz kilépett az adminszolgálatból!  (PLAYER:Krisz) (TARGET:) 
[2019-06-10 20:30] Dzserold adminszolgálatba lépett. (PLAYER:Dzserold) (TARGET:) 
[2019-06-10 20:32] Alfonz kilépett az adminszolgálatból!  (PLAYER:Alfonz) (TARGET:) 
[2019-06-10 20:32] Alfonz adminszolgálatba lépett. (PLAYER:Alfonz) (TARGET:) 
[2019-06-10 20:33] Levente kilépett az adminszolgálatból!  (PLAYER:Levente) (TARGET:) 
[2019-06-10 20:33] Levente adminszolgálatba lépett. (PLAYER:Levente) (TARGET:) 
[2019-06-10 20:33] Levente kilépett az adminszolgálatból!  (PLAYER:Levente) (TARGET:) 
[2019-06-10 20:33] Levente adminszolgálatba lépett. (PLAYER:Levente) (TARGET:) 
[2019-06-10 20:34] Levente kilépett az adminszolgálatból!  (PLAYER:Levente) (TARGET:) 
[2019-06-10 20:36] Kyle adminszolgálatba lépett. (PLAYER:Kyle) (TARGET:) 
[2019-06-10 20:36] Alfonz kilépett az adminszolgálatból!  (PLAYER:Alfonz) (TARGET:) 
[2019-06-10 20:36] Alfonz adminszolgálatba lépett. (PLAYER:Alfonz) (TARGET:) 
[2019-06-10 20:36] Alfonz kilépett az adminszolgálatból!  (PLAYER:Alfonz) (TARGET:) 
[2019-06-10 20:37] FKGP kilépett az adminszolgálatból!  (PLAYER:FKGP) (TARGET:) 
[2019-06-10 20:37] FKGP adminszolgálatba lépett. (PLAYER:FKGP) (TARGET:) 
[2019-06-10 20:37] FKGP kilépett az adminszolgálatból!  (PLAYER:FKGP) (TARGET:) 
[2019-06-10 20:37] Levente adminszolgálatba lépett. (PLAYER:Levente) (TARGET:) 
[2019-06-10 20:38] Kyle kilépett az adminszolgálatból!  (PLAYER:Kyle) (TARGET:) 
[2019-06-10 20:42] Alfonz adminszolgálatba lépett. (PLAYER:Alfonz) (TARGET:) 
[2019-06-10 20:42] Levente kilépett az adminszolgálatból!  (PLAYER:Levente) (TARGET:) 
[2019-06-10 20:43] Alfonz kilépett az adminszolgálatból!  (PLAYER:Alfonz) (TARGET:) 
[2019-06-10 20:44] Süsü kilépett az adminszolgálatból!  (PLAYER:Süsü) (TARGET:) 
[2019-06-10 20:46] Alfonz adminszolgálatba lépett. (PLAYER:Alfonz) (TARGET:) 
[2019-06-10 20:49] Dzserold kilépett az adminszolgálatból!  (PLAYER:Dzserold) (TARGET:) 
[2019-06-10 20:49] Zsömi kilépett az adminszolgálatból!  (PLAYER:Zsömi) (TARGET:) 
[2019-06-10 20:49] Süsü adminszolgálatba lépett. (PLAYER:Süsü) (TARGET:) 
[2019-06-10 20:49] Süsü kilépett az adminszolgálatból!  (PLAYER:Süsü) (TARGET:) 
[2019-06-10 20:52] Süsü adminszolgálatba lépett. (PLAYER:Süsü) (TARGET:) 
[2019-06-10 20:52] Levente adminszolgálatba lépett. (PLAYER:Levente) (TARGET:) 
[2019-06-10 20:52] Kyle adminszolgálatba lépett. (PLAYER:Kyle) (TARGET:) 
[2019-06-10 20:57] Levente kilépett az adminszolgálatból!  (PLAYER:Levente) (TARGET:) 
[2019-06-10 20:58] Zipoo kilépett az adminszolgálatból!  (PLAYER:Zipoo) (TARGET:) 
[2019-06-10 20:58] Zipoo adminszolgálatba lépett. (PLAYER:Zipoo) (TARGET:) 
[2019-06-10 20:59] Levente adminszolgálatba lépett. (PLAYER:Levente) (TARGET:) 
[2019-06-10 21:00] Kyle kilépett az adminszolgálatból!  (PLAYER:Kyle) (TARGET:) 
[2019-06-10 21:01] Alfonz kilépett az adminszolgálatból!  (PLAYER:Alfonz) (TARGET:) 
[2019-06-10 21:01] Alfonz adminszolgálatba lépett. (PLAYER:Alfonz) (TARGET:) 
[2019-06-10 21:01] Shakur adminszolgálatba lépett. (PLAYER:Shakur) (TARGET:) 
[2019-06-10 21:01] Shakur kilépett az adminszolgálatból!  (PLAYER:Shakur) (TARGET:) 
[2019-06-10 21:03] sum1 kilépett az adminszolgálatból!  (PLAYER:sum1) (TARGET:) 
[2019-06-10 21:05] PeRy kilépett az adminszolgálatból!  (PLAYER:PeRy) (TARGET:) 
[2019-06-10 21:07] Dzserold adminszolgálatba lépett. (PLAYER:Dzserold) (TARGET:) 
[2019-06-10 21:09] FKGP adminszolgálatba lépett. (PLAYER:FKGP) (TARGET:) 
[2019-06-10 21:09] FKGP kilépett az adminszolgálatból!  (PLAYER:FKGP) (TARGET:) 
[2019-06-10 21:09] Dzserold kilépett az adminszolgálatból!  (PLAYER:Dzserold) (TARGET:) 
[2019-06-10 21:11] Alfonz kilépett az adminszolgálatból!  (PLAYER:Alfonz) (TARGET:) 
[2019-06-10 21:12] Shakur adminszolgálatba lépett. (PLAYER:Shakur) (TARGET:) 
[2019-06-10 21:12] PeRy adminszolgálatba lépett. (PLAYER:PeRy) (TARGET:) 
[2019-06-10 21:12] Alfonz adminszolgálatba lépett. (PLAYER:Alfonz) (TARGET:) 
[2019-06-10 21:12] Shakur kilépett az adminszolgálatból!  (PLAYER:Shakur) (TARGET:) 
[2019-06-10 21:13] Alfonz kilépett az adminszolgálatból!  (PLAYER:Alfonz) (TARGET:) 
[2019-06-10 21:13] Alfonz adminszolgálatba lépett. (PLAYER:Alfonz) (TARGET:) 
[2019-06-10 21:13] Alfonz kilépett az adminszolgálatból!  (PLAYER:Alfonz) (TARGET:) 
[2019-06-10 21:13] Alfonz adminszolgálatba lépett. (PLAYER:Alfonz) (TARGET:) 
[2019-06-10 21:13] Rapid kilépett az adminszolgálatból!  (PLAYER:Rapid) (TARGET:) 
[2019-06-10 21:14] Atesz kilépett az adminszolgálatból!  (PLAYER:Atesz) (TARGET:) 
[2019-06-10 21:14] Rapid adminszolgálatba lépett. (PLAYER:Rapid) (TARGET:) 
[2019-06-10 21:14] Alfonz kilépett az adminszolgálatból!  (PLAYER:Alfonz) (TARGET:) 
[2019-06-10 21:15] Rapid kilépett az adminszolgálatból!  (PLAYER:Rapid) (TARGET:) 
[2019-06-10 21:16] Shakur adminszolgálatba lépett. (PLAYER:Shakur) (TARGET:) 
[2019-06-10 21:17] Shakur kilépett az adminszolgálatból!  (PLAYER:Shakur) (TARGET:) 
[2019-06-10 21:17] Levente kilépett az adminszolgálatból!  (PLAYER:Levente) (TARGET:) 
[2019-06-10 21:17] Alfonz adminszolgálatba lépett. (PLAYER:Alfonz) (TARGET:) 
[2019-06-10 21:19] Alfonz kilépett az adminszolgálatból!  (PLAYER:Shakur) (TARGET:) 
[2019-06-10 21:19] Alfonz adminszolgálatba lépett. (PLAYER:Alfonz) (TARGET:) 
[2019-06-10 21:20] Atesz adminszolgálatba lépett. (PLAYER:Atesz) (TARGET:) 
[2019-06-10 21:20] Atesz kilépett az adminszolgálatból!  (PLAYER:Atesz) (TARGET:) 
[2019-06-10 21:21] Alfonz kilépett az adminszolgálatból!  (PLAYER:Alfonz) (TARGET:) 
[2019-06-10 21:21] Alfonz adminszolgálatba lépett. (PLAYER:Alfonz) (TARGET:) 
[2019-06-10 21:22] PeRy kilépett az adminszolgálatból!  (PLAYER:PeRy) (TARGET:) 
[2019-06-10 21:23] Atesz adminszolgálatba lépett. (PLAYER:Atesz) (TARGET:) 
[2019-06-10 21:24] Atesz kilépett az adminszolgálatból!  (PLAYER:Atesz) (TARGET:) 
[2019-06-10 21:24] Atesz adminszolgálatba lépett. (PLAYER:Atesz) (TARGET:) 
[2019-06-10 21:25] FKGP adminszolgálatba lépett. (PLAYER:FKGP) (TARGET:) 
[2019-06-10 21:25] FKGP kilépett az adminszolgálatból!  (PLAYER:FKGP) (TARGET:) 
[2019-06-10 21:25] Alfonz kilépett az adminszolgálatból!  (PLAYER:Alfonz) (TARGET:) 
[2019-06-10 21:25] Alfonz adminszolgálatba lépett. (PLAYER:Alfonz) (TARGET:) 
[2019-06-10 21:27] FKGP adminszolgálatba lépett. (PLAYER:FKGP) (TARGET:) 
[2019-06-10 21:32] Alfonz kilépett az adminszolgálatból!  (PLAYER:Alfonz) (TARGET:) 
[2019-06-10 21:32] Alfonz adminszolgálatba lépett. (PLAYER:Alfonz) (TARGET:) 
[2019-06-10 21:32] Dzserold adminszolgálatba lépett. (PLAYER:Dzserold) (TARGET:) 
[2019-06-10 21:32] Dzserold kilépett az adminszolgálatból!  (PLAYER:Dzserold) (TARGET:) 
[2019-06-10 21:32] Alfonz kilépett az adminszolgálatból!  (PLAYER:Alfonz) (TARGET:) 
[2019-06-10 21:34] Atesz kilépett az adminszolgálatból!  (PLAYER:Atesz) (TARGET:) 
[2019-06-10 21:34] Denzel kilépett az adminszolgálatból!  (PLAYER:Denzel) (TARGET:) 
[2019-06-10 21:35] Alfonz adminszolgálatba lépett. (PLAYER:Alfonz) (TARGET:) 
[2019-06-10 21:35] Atesz adminszolgálatba lépett. (PLAYER:Atesz) (TARGET:) 
[2019-06-10 21:35] Alfonz kilépett az adminszolgálatból!  (PLAYER:Alfonz) (TARGET:) 
[2019-06-10 21:35] Alfonz adminszolgálatba lépett. (PLAYER:Alfonz) (TARGET:) 
[2019-06-10 21:36] Alfonz kilépett az adminszolgálatból!  (PLAYER:Alfonz) (TARGET:) 
[2019-06-10 21:36] Alfonz adminszolgálatba lépett. (PLAYER:Alfonz) (TARGET:) 
[2019-06-10 21:36] Alfonz kilépett az adminszolgálatból!  (PLAYER:Alfonz) (TARGET:) 
[2019-06-10 21:36] Gery adminszolgálatba lépett. (PLAYER:Gery) (TARGET:) 
[2019-06-10 21:37] Süsü kilépett az adminszolgálatból!  (PLAYER:Süsü) (TARGET:) 
[2019-06-10 21:38] Atesz kilépett az adminszolgálatból!  (PLAYER:Atesz) (TARGET:) 
[2019-06-10 21:38] Shakur adminszolgálatba lépett. (PLAYER:Shakur) (TARGET:) 
[2019-06-10 21:38] Shakur kilépett az adminszolgálatból!  (PLAYER:Shakur) (TARGET:) 
[2019-06-10 21:38] Alfonz adminszolgálatba lépett. (PLAYER:Alfonz) (TARGET:) 
[2019-06-10 21:39] Rapid adminszolgálatba lépett. (PLAYER:Rapid) (TARGET:) 
[2019-06-10 21:39] Dzserold adminszolgálatba lépett. (PLAYER:Dzserold) (TARGET:) 
[2019-06-10 21:40] Denzel adminszolgálatba lépett. (PLAYER:Denzel) (TARGET:) 
[2019-06-10 21:40] Dzserold kilépett az adminszolgálatból!  (PLAYER:Dzserold) (TARGET:) 
[2019-06-10 21:42] Atesz adminszolgálatba lépett. (PLAYER:Atesz) (TARGET:) 
[2019-06-10 21:43] Dzserold adminszolgálatba lépett. (PLAYER:Dzserold) (TARGET:) 
[2019-06-10 21:43] Dzserold kilépett az adminszolgálatból!  (PLAYER:Dzserold) (TARGET:) 
[2019-06-10 21:43] Dzserold adminszolgálatba lépett. (PLAYER:Dzserold) (TARGET:) 
[2019-06-10 21:48] Dzserold kilépett az adminszolgálatból!  (PLAYER:Dzserold) (TARGET:) 
[2019-06-10 21:48] Dzserold adminszolgálatba lépett. (PLAYER:Dzserold) (TARGET:) 
[2019-06-10 21:50] Denzel kilépett az adminszolgálatból!  (PLAYER:Denzel) (TARGET:) 
[2019-06-10 21:50] Alfonz adminszolgálatba lépett. (PLAYER:Alfonz) (TARGET:) 
[2019-06-10 21:51] Alfonz kilépett az adminszolgálatból!  (PLAYER:Alfonz) (TARGET:) 
[2019-06-10 21:51] Alfonz adminszolgálatba lépett. (PLAYER:Alfonz) (TARGET:) 
[2019-06-10 21:51] Alfonz kilépett az adminszolgálatból!  (PLAYER:Alfonz) (TARGET:) 
[2019-06-10 21:53] RaY adminszolgálatba lépett. (PLAYER:RaY) (TARGET:) 
[2019-06-10 21:55] Levente adminszolgálatba lépett. (PLAYER:Levente) (TARGET:) 
[2019-06-10 21:58] Levente kilépett az adminszolgálatból!  (PLAYER:Levente) (TARGET:) 
[2019-06-10 21:58] Levente adminszolgálatba lépett. (PLAYER:Levente) (TARGET:) 
[2019-06-10 21:59] Levente kilépett az adminszolgálatból!  (PLAYER:Levente) (TARGET:) 
[2019-06-10 21:59] Dzserold kilépett az adminszolgálatból!  (PLAYER:Dzserold) (TARGET:) 
[2019-06-10 21:59] Levente adminszolgálatba lépett. (PLAYER:Levente) (TARGET:) 
[2019-06-10 22:00] Rapid kilépett az adminszolgálatból!  (PLAYER:Rapid) (TARGET:) 
[2019-06-10 22:06] Atesz kilépett az adminszolgálatból!  (PLAYER:Atesz) (TARGET:) 
[2019-06-10 22:08] Shakur adminszolgálatba lépett. (PLAYER:Shakur) (TARGET:) 
[2019-06-10 22:10] Levente kilépett az adminszolgálatból!  (PLAYER:Levente) (TARGET:) 
[2019-06-10 22:10] Shakur kilépett az adminszolgálatból!  (PLAYER:Shakur) (TARGET:) 
[2019-06-10 22:12] FKGP kilépett az adminszolgálatból!  (PLAYER:FKGP) (TARGET:) 
[2019-06-10 22:12] FKGP adminszolgálatba lépett. (PLAYER:FKGP) (TARGET:) 
[2019-06-10 22:14] Atesz adminszolgálatba lépett. (PLAYER:Atesz) (TARGET:) 
[2019-06-10 22:16] Denzel adminszolgálatba lépett. (PLAYER:Denzel) (TARGET:) 
[2019-06-10 22:16] FKGP kilépett az adminszolgálatból!  (PLAYER:FKGP) (TARGET:) 
[2019-06-10 22:16] FKGP adminszolgálatba lépett. (PLAYER:FKGP) (TARGET:) 
[2019-06-10 22:17] Atesz kilépett az adminszolgálatból!  (PLAYER:Atesz) (TARGET:) 
[2019-06-10 22:17] FKGP kilépett az adminszolgálatból!  (PLAYER:FKGP) (TARGET:) 
[2019-06-10 22:20] Shakur adminszolgálatba lépett. (PLAYER:Shakur) (TARGET:) 
[2019-06-10 22:20] FKGP adminszolgálatba lépett. (PLAYER:FKGP) (TARGET:) 
[2019-06-10 22:20] Shakur kilépett az adminszolgálatból!  (PLAYER:Shakur) (TARGET:) 
[2019-06-10 22:36] Denzel kilépett az adminszolgálatból!  (PLAYER:Denzel) (TARGET:) 
[2019-06-10 22:40] Denzel adminszolgálatba lépett. (PLAYER:Denzel) (TARGET:) 
[2019-06-10 22:40] Denzel kilépett az adminszolgálatból!  (PLAYER:Denzel) (TARGET:) 
[2019-06-10 22:42] Denzel adminszolgálatba lépett. (PLAYER:Denzel) (TARGET:) 
[2019-06-10 22:43] Denzel kilépett az adminszolgálatból!  (PLAYER:Denzel) (TARGET:) 
[2019-06-10 22:45] SaSi adminszolgálatba lépett. (PLAYER:SaSi) (TARGET:) 
[2019-06-10 22:46] Denzel adminszolgálatba lépett. (PLAYER:Denzel) (TARGET:) 
[2019-06-10 22:46] Denzel kilépett az adminszolgálatból!  (PLAYER:Denzel) (TARGET:) 
[2019-06-10 22:47] RaY kilépett az adminszolgálatból!  (PLAYER:RaY) (TARGET:) 
[2019-06-10 22:50] Shakur adminszolgálatba lépett. (PLAYER:Shakur) (TARGET:) 
[2019-06-10 22:50] Shakur kilépett az adminszolgálatból!  (PLAYER:Shakur) (TARGET:) 
[2019-06-10 22:50] Shakur adminszolgálatba lépett. (PLAYER:Shakur) (TARGET:) 
[2019-06-10 22:50] Shakur kilépett az adminszolgálatból!  (PLAYER:Shakur) (TARGET:) 
[2019-06-10 22:58] Denzel adminszolgálatba lépett. (PLAYER:Denzel) (TARGET:) 
[2019-06-10 22:58] Denzel kilépett az adminszolgálatból!  (PLAYER:Denzel) (TARGET:) 
[2019-06-10 22:59] Denzel adminszolgálatba lépett. (PLAYER:Denzel) (TARGET:) 
[2019-06-10 23:01] Denzel kilépett az adminszolgálatból!  (PLAYER:Denzel) (TARGET:) 
[2019-06-10 23:03] Shakur adminszolgálatba lépett. (PLAYER:Shakur) (TARGET:) 
[2019-06-10 23:05] Shakur kilépett az adminszolgálatból!  (PLAYER:Shakur) (TARGET:) 
[2019-06-10 23:07] SaSi adminszolgálatba lépett. (PLAYER:SaSi) (TARGET:) 
[2019-06-10 23:07] SaSi kilépett az adminszolgálatból!  (PLAYER:SaSi) (TARGET:) 
[2019-06-10 23:07] Shakur adminszolgálatba lépett. (PLAYER:Shakur) (TARGET:) 
[2019-06-10 23:08] Shakur kilépett az adminszolgálatból!  (PLAYER:Shakur) (TARGET:) 
[2019-06-10 23:09] RaY adminszolgálatba lépett. (PLAYER:RaY) (TARGET:) 
[2019-06-10 23:10] Denzel adminszolgálatba lépett. (PLAYER:Denzel) (TARGET:) 
[2019-06-10 23:11] SaSi adminszolgálatba lépett. (PLAYER:SaSi) (TARGET:) 
[2019-06-10 23:11] SaSi kilépett az adminszolgálatból!  (PLAYER:SaSi) (TARGET:) 
[2019-06-10 23:13] Dzserold adminszolgálatba lépett. (PLAYER:Dzserold) (TARGET:) 
[2019-06-10 23:13] Shakur adminszolgálatba lépett. (PLAYER:Shakur) (TARGET:) 
[2019-06-10 23:14] SaSi adminszolgálatba lépett. (PLAYER:SaSi) (TARGET:) 
[2019-06-10 23:14] SaSi kilépett az adminszolgálatból!  (PLAYER:SaSi) (TARGET:) 
[2019-06-10 23:14] Shakur kilépett az adminszolgálatból!  (PLAYER:Shakur) (TARGET:) 
[2019-06-10 23:14] Dzserold kilépett az adminszolgálatból!  (PLAYER:Dzserold) (TARGET:) 
[2019-06-10 23:17] SaSi adminszolgálatba lépett. (PLAYER:SaSi) (TARGET:) 
[2019-06-10 23:18] SaSi kilépett az adminszolgálatból!  (PLAYER:SaSi) (TARGET:) 
[2019-06-10 23:19] Shakur adminszolgálatba lépett. (PLAYER:Shakur) (TARGET:) 
[2019-06-10 23:19] Shakur kilépett az adminszolgálatból!  (PLAYER:Shakur) (TARGET:) 
[2019-06-10 23:20] Denzel kilépett az adminszolgálatból!  (PLAYER:Denzel) (TARGET:) 
[2019-06-10 23:20] Denzel adminszolgálatba lépett. (PLAYER:Denzel) (TARGET:) 
[2019-06-10 23:24] Dzserold adminszolgálatba lépett. (PLAYER:Dzserold) (TARGET:) 
[2019-06-10 23:41] Dzserold kilépett az adminszolgálatból!  (PLAYER:Dzserold) (TARGET:) 
[2019-06-10 23:47] RaY kilépett az adminszolgálatból!  (PLAYER:RaY) (TARGET:) 
[2019-06-10 23:47] FKGP kilépett az adminszolgálatból!  (PLAYER:FKGP) (TARGET:) 
[2019-06-10 23:48] FKGP adminszolgálatba lépett. (PLAYER:FKGP) (TARGET:) 
[2019-06-10 23:48] Dzserold adminszolgálatba lépett. (PLAYER:Dzserold) (TARGET:) 
[2019-06-10 23:48] FKGP kilépett az adminszolgálatból!  (PLAYER:FKGP) (TARGET:) 
[2019-06-10 23:48] FKGP adminszolgálatba lépett. (PLAYER:FKGP) (TARGET:) 
[2019-06-10 23:49] FKGP kilépett az adminszolgálatból!  (PLAYER:FKGP) (TARGET:) 
[2019-06-10 23:49] FKGP adminszolgálatba lépett. (PLAYER:FKGP) (TARGET:) 
[2019-06-11 00:01] Dzserold kilépett az adminszolgálatból!  (PLAYER:Dzserold) (TARGET:) 
[2019-06-11 01:21] ibacs adminszolgálatba lépett. (PLAYER:ibacs) (TARGET:) 
[2019-06-11 09:09] Gery adminszolgálatba lépett. (PLAYER:Gery) (TARGET:) 
[2019-06-11 09:34] Dzserold adminszolgálatba lépett. (PLAYER:Dzserold) (TARGET:) 
[2019-06-11 09:35] Dzserold kilépett az adminszolgálatból!  (PLAYER:Dzserold) (TARGET:) 
[2019-06-11 09:44] Dzserold adminszolgálatba lépett. (PLAYER:Dzserold) (TARGET:) 
[2019-06-11 09:48] Süsü adminszolgálatba lépett. (PLAYER:Süsü) (TARGET:) 
[2019-06-11 09:51] Dzserold kilépett az adminszolgálatból!  (PLAYER:Dzserold) (TARGET:) 
[2019-06-11 09:54] Dzserold adminszolgálatba lépett. (PLAYER:Dzserold) (TARGET:) 
[2019-06-11 09:55] Süsü kilépett az adminszolgálatból!  (PLAYER:Süsü) (TARGET:) 
[2019-06-11 09:58] Süsü adminszolgálatba lépett. (PLAYER:Süsü) (TARGET:) 
[2019-06-11 09:59] Süsü kilépett az adminszolgálatból!  (PLAYER:Süsü) (TARGET:) 
[2019-06-11 10:12] Zipoo adminszolgálatba lépett. (PLAYER:Zipoo) (TARGET:) 
[2019-06-11 10:12] Zipoo kilépett az adminszolgálatból!  (PLAYER:Zipoo) (TARGET:) 
[2019-06-11 10:13] Süsü adminszolgálatba lépett. (PLAYER:Süsü) (TARGET:) 
[2019-06-11 10:17] Zipoo adminszolgálatba lépett. (PLAYER:Zipoo) (TARGET:) 
[2019-06-11 10:24] Süsü kilépett az adminszolgálatból!  (PLAYER:Süsü) (TARGET:) 
[2019-06-11 10:25] Dzserold kilépett az adminszolgálatból!  (PLAYER:Dzserold) (TARGET:) 
[2019-06-11 10:25] Zipoo kilépett az adminszolgálatból!  (PLAYER:Zipoo) (TARGET:) 
[2019-06-11 10:26] Zipoo adminszolgálatba lépett. (PLAYER:Zipoo) (TARGET:) 
[2019-06-11 10:45] Zipoo kilépett az adminszolgálatból!  (PLAYER:Zipoo) (TARGET:) 
[2019-06-11 10:45] Zipoo adminszolgálatba lépett. (PLAYER:Zipoo) (TARGET:) 
[2019-06-11 10:59] Süsü adminszolgálatba lépett. (PLAYER:Süsü) (TARGET:) 
[2019-06-11 11:00] Zipoo kilépett az adminszolgálatból!  (PLAYER:Zipoo) (TARGET:) 
[2019-06-11 11:01] Zipoo adminszolgálatba lépett. (PLAYER:Zipoo) (TARGET:) 
[2019-06-11 11:09] Süsü kilépett az adminszolgálatból!  (PLAYER:Süsü) (TARGET:) 
[2019-06-11 11:12] Süsü adminszolgálatba lépett. (PLAYER:Süsü) (TARGET:) 
[2019-06-11 11:13] Süsü kilépett az adminszolgálatból!  (PLAYER:Süsü) (TARGET:) 
[2019-06-11 11:14] Zipoo kilépett az adminszolgálatból!  (PLAYER:Zipoo) (TARGET:) 
[2019-06-11 11:14] Zipoo adminszolgálatba lépett. (PLAYER:Zipoo) (TARGET:) 
[2019-06-11 11:20] Zipoo kilépett az adminszolgálatból!  (PLAYER:Zipoo) (TARGET:) 
[2019-06-11 11:22] Zipoo adminszolgálatba lépett. (PLAYER:Zipoo) (TARGET:) 
[2019-06-11 11:26] Zipoo kilépett az adminszolgálatból!  (PLAYER:Zipoo) (TARGET:) 
[2019-06-11 11:57] Dzserold adminszolgálatba lépett. (PLAYER:Dzserold) (TARGET:) 
[2019-06-11 12:02] Zipoo adminszolgálatba lépett. (PLAYER:Zipoo) (TARGET:) 
[2019-06-11 12:11] Dzserold kilépett az adminszolgálatból!  (PLAYER:Dzserold) (TARGET:) 
[2019-06-11 12:24] Süsü adminszolgálatba lépett. (PLAYER:Süsü) (TARGET:) 
[2019-06-11 12:26] Süsü kilépett az adminszolgálatból!  (PLAYER:Süsü) (TARGET:) 
[2019-06-11 12:28] Süsü adminszolgálatba lépett. (PLAYER:Süsü) (TARGET:) 
[2019-06-11 12:28] Süsü kilépett az adminszolgálatból!  (PLAYER:Süsü) (TARGET:) 
[2019-06-11 12:28] Zipoo kilépett az adminszolgálatból!  (PLAYER:Zipoo) (TARGET:) 
[2019-06-11 12:28] Süsü adminszolgálatba lépett. (PLAYER:Süsü) (TARGET:) 
[2019-06-11 12:29] Süsü kilépett az adminszolgálatból!  (PLAYER:Süsü) (TARGET:) 
[2019-06-11 12:31] Zipoo adminszolgálatba lépett. (PLAYER:Zipoo) (TARGET:) 
[2019-06-11 12:37] Zipoo kilépett az adminszolgálatból!  (PLAYER:Zipoo) (TARGET:) 
[2019-06-11 12:37] Zipoo adminszolgálatba lépett. (PLAYER:Zipoo) (TARGET:) 
[2019-06-11 12:39] Zipoo kilépett az adminszolgálatból!  (PLAYER:Zipoo) (TARGET:) 
[2019-06-11 12:42] Atesz adminszolgálatba lépett. (PLAYER:Atesz) (TARGET:) 
[2019-06-11 12:47] Atesz kilépett az adminszolgálatból!  (PLAYER:Atesz) (TARGET:) 
[2019-06-11 12:47] Atesz adminszolgálatba lépett. (PLAYER:Atesz) (TARGET:) 
[2019-06-11 12:51] Süsü adminszolgálatba lépett. (PLAYER:Süsü) (TARGET:) 
[2019-06-11 12:53] Süsü kilépett az adminszolgálatból!  (PLAYER:Süsü) (TARGET:) 
[2019-06-11 12:53] Dzserold adminszolgálatba lépett. (PLAYER:Dzserold) (TARGET:) 
[2019-06-11 12:53] Dzserold kilépett az adminszolgálatból!  (PLAYER:Dzserold) (TARGET:) 
[2019-06-11 12:53] Atesz kilépett az adminszolgálatból!  (PLAYER:Atesz) (TARGET:) 
[2019-06-11 12:53] Atesz adminszolgálatba lépett. (PLAYER:Atesz) (TARGET:) 
[2019-06-11 12:57] Zipoo adminszolgálatba lépett. (PLAYER:Zipoo) (TARGET:) 
[2019-06-11 13:04] Zipoo kilépett az adminszolgálatból!  (PLAYER:Zipoo) (TARGET:) 
[2019-06-11 13:04] Zipoo adminszolgálatba lépett. (PLAYER:Zipoo) (TARGET:) 
[2019-06-11 13:07] Dzserold adminszolgálatba lépett. (PLAYER:Dzserold) (TARGET:) 
[2019-06-11 13:10] Atesz kilépett az adminszolgálatból!  (PLAYER:Atesz) (TARGET:) 
[2019-06-11 13:11] Atesz adminszolgálatba lépett. (PLAYER:Atesz) (TARGET:) 
[2019-06-11 13:12] Atesz kilépett az adminszolgálatból!  (PLAYER:Atesz) (TARGET:) 
[2019-06-11 13:13] Atesz adminszolgálatba lépett. (PLAYER:Atesz) (TARGET:) 
[2019-06-11 13:20] Atesz kilépett az adminszolgálatból!  (PLAYER:Atesz) (TARGET:) 
[2019-06-11 13:22] Zipoo kilépett az adminszolgálatból!  (PLAYER:Zipoo) (TARGET:) 
[2019-06-11 13:23] Zipoo adminszolgálatba lépett. (PLAYER:Zipoo) (TARGET:) 
[2019-06-11 13:28] Dzserold kilépett az adminszolgálatból!  (PLAYER:Dzserold) (TARGET:) 
[2019-06-11 13:28] Dzserold adminszolgálatba lépett. (PLAYER:Dzserold) (TARGET:) 
[2019-06-11 13:38] Atesz adminszolgálatba lépett. (PLAYER:Atesz) (TARGET:) 
[2019-06-11 13:38] Atesz kilépett az adminszolgálatból!  (PLAYER:Atesz) (TARGET:) 
[2019-06-11 13:43] Levente adminszolgálatba lépett. (PLAYER:Levente) (TARGET:) 
[2019-06-11 13:45] Atesz adminszolgálatba lépett. (PLAYER:Atesz) (TARGET:) 
[2019-06-11 13:48] Süsü adminszolgálatba lépett. (PLAYER:Süsü) (TARGET:) 
[2019-06-11 13:50] Süsü kilépett az adminszolgálatból!  (PLAYER:Süsü) (TARGET:) 
[2019-06-11 13:56] Dzserold kilépett az adminszolgálatból!  (PLAYER:Dzserold) (TARGET:) 
[2019-06-11 13:57] Dzserold adminszolgálatba lépett. (PLAYER:Dzserold) (TARGET:) 
[2019-06-11 13:58] Dzserold kilépett az adminszolgálatból!  (PLAYER:Dzserold) (TARGET:) 
[2019-06-11 14:00] Süsü adminszolgálatba lépett. (PLAYER:Süsü) (TARGET:) 
[2019-06-11 14:00] Dzserold adminszolgálatba lépett. (PLAYER:Dzserold) (TARGET:) 
[2019-06-11 14:00] Süsü kilépett az adminszolgálatból!  (PLAYER:Süsü) (TARGET:) 
[2019-06-11 14:00] Dzserold kilépett az adminszolgálatból!  (PLAYER:Dzserold) (TARGET:) 
[2019-06-11 14:02] Dzserold adminszolgálatba lépett. (PLAYER:Dzserold) (TARGET:) 
[2019-06-11 14:02] Dzserold kilépett az adminszolgálatból!  (PLAYER:Dzserold) (TARGET:) 
[2019-06-11 14:03] Dzserold adminszolgálatba lépett. (PLAYER:Dzserold) (TARGET:) 
[2019-06-11 14:05] Süsü adminszolgálatba lépett. (PLAYER:Süsü) (TARGET:) 
[2019-06-11 14:06] Zipoo kilépett az adminszolgálatból!  (PLAYER:Zipoo) (TARGET:) 
[2019-06-11 14:07] Zipoo adminszolgálatba lépett. (PLAYER:Zipoo) (TARGET:) 
[2019-06-11 14:09] Atesz kilépett az adminszolgálatból!  (PLAYER:Atesz) (TARGET:) 
[2019-06-11 14:10] Atesz adminszolgálatba lépett. (PLAYER:Atesz) (TARGET:) 
[2019-06-11 14:10] Atesz kilépett az adminszolgálatból!  (PLAYER:Atesz) (TARGET:) 
[2019-06-11 14:11] Atesz adminszolgálatba lépett. (PLAYER:Atesz) (TARGET:) 
[2019-06-11 14:13] Atesz kilépett az adminszolgálatból!  (PLAYER:Atesz) (TARGET:) 
[2019-06-11 14:13] Nevils adminszolgálatba lépett. (PLAYER:Nevils) (TARGET:) 
[2019-06-11 14:14] Atesz adminszolgálatba lépett. (PLAYER:Atesz) (TARGET:) 
[2019-06-11 14:14] Atesz kilépett az adminszolgálatból!  (PLAYER:Atesz) (TARGET:) 
[2019-06-11 14:17] Levente kilépett az adminszolgálatból!  (PLAYER:Levente) (TARGET:) 
[2019-06-11 14:18] Zipoo kilépett az adminszolgálatból!  (PLAYER:Zipoo) (TARGET:) 
[2019-06-11 14:24] Süsü kilépett az adminszolgálatból!  (PLAYER:Süsü) (TARGET:) 
[2019-06-11 14:26] Levente adminszolgálatba lépett. (PLAYER:Levente) (TARGET:) 
[2019-06-11 14:27] PeRy adminszolgálatba lépett. (PLAYER:PeRy) (TARGET:) 
[2019-06-11 14:27] Dzserold kilépett az adminszolgálatból!  (PLAYER:Dzserold) (TARGET:) 
[2019-06-11 14:33] Zipoo adminszolgálatba lépett. (PLAYER:Zipoo) (TARGET:) 
[2019-06-11 14:34] PeRy kilépett az adminszolgálatból!  (PLAYER:PeRy) (TARGET:) 
[2019-06-11 14:34] Levente kilépett az adminszolgálatból!  (PLAYER:Levente) (TARGET:) 
[2019-06-11 14:35] Levente adminszolgálatba lépett. (PLAYER:Levente) (TARGET:) 
[2019-06-11 14:36] Levente kilépett az adminszolgálatból!  (PLAYER:Levente) (TARGET:) 
[2019-06-11 14:37] Levente adminszolgálatba lépett. (PLAYER:Levente) (TARGET:) 
[2019-06-11 14:37] PeRy adminszolgálatba lépett. (PLAYER:PeRy) (TARGET:) 
[2019-06-11 14:37] PeRy kilépett az adminszolgálatból!  (PLAYER:PeRy) (TARGET:) 
[2019-06-11 14:40] PeRy adminszolgálatba lépett. (PLAYER:PeRy) (TARGET:) 
[2019-06-11 14:41] Zipoo kilépett az adminszolgálatból!  (PLAYER:Zipoo) (TARGET:) 
[2019-06-11 14:41] Zipoo adminszolgálatba lépett. (PLAYER:Zipoo) (TARGET:) 
[2019-06-11 14:41] Zipoo kilépett az adminszolgálatból!  (PLAYER:Zipoo) (TARGET:) 
[2019-06-11 14:44] PeRy kilépett az adminszolgálatból!  (PLAYER:PeRy) (TARGET:) 
[2019-06-11 14:45] PeRy adminszolgálatba lépett. (PLAYER:PeRy) (TARGET:) 
[2019-06-11 14:47] Levente kilépett az adminszolgálatból!  (PLAYER:Levente) (TARGET:) 
[2019-06-11 14:50] PeRy kilépett az adminszolgálatból!  (PLAYER:PeRy) (TARGET:) 
[2019-06-11 14:52] Borislaw adminszolgálatba lépett. (PLAYER:Borislaw) (TARGET:) 
[2019-06-11 14:55] Zipoo adminszolgálatba lépett. (PLAYER:Zipoo) (TARGET:) 
[2019-06-11 14:55] Zipoo kilépett az adminszolgálatból!  (PLAYER:Zipoo) (TARGET:) 
[2019-06-11 14:56] Zipoo adminszolgálatba lépett. (PLAYER:Zipoo) (TARGET:) 
[2019-06-11 14:56] Levente adminszolgálatba lépett. (PLAYER:Levente) (TARGET:) 
[2019-06-11 14:59] Zipoo kilépett az adminszolgálatból!  (PLAYER:Zipoo) (TARGET:) 
[2019-06-11 15:00] Borislaw kilépett az adminszolgálatból!  (PLAYER:Borislaw) (TARGET:) 
[2019-06-11 15:01] FKGP adminszolgálatba lépett. (PLAYER:FKGP) (TARGET:) 
[2019-06-11 15:01] FKGP kilépett az adminszolgálatból!  (PLAYER:FKGP) (TARGET:) 
[2019-06-11 15:02] FKGP adminszolgálatba lépett. (PLAYER:FKGP) (TARGET:) 
[2019-06-11 15:06] Süsü adminszolgálatba lépett. (PLAYER:Süsü) (TARGET:) 
[2019-06-11 15:07] Borislaw adminszolgálatba lépett. (PLAYER:Borislaw) (TARGET:) 
[2019-06-11 15:09] Levente kilépett az adminszolgálatból!  (PLAYER:Levente) (TARGET:) 
[2019-06-11 15:10] Nevils adminszolgálatba lépett. (PLAYER:Nevils) (TARGET:) 
[2019-06-11 15:11] Atesz adminszolgálatba lépett. (PLAYER:Atesz) (TARGET:) 
[2019-06-11 15:11] Atesz kilépett az adminszolgálatból!  (PLAYER:Atesz) (TARGET:) 
[2019-06-11 15:12] Atesz adminszolgálatba lépett. (PLAYER:Atesz) (TARGET:) 
[2019-06-11 15:12] Atesz kilépett az adminszolgálatból!  (PLAYER:Atesz) (TARGET:) 
[2019-06-11 15:13] Zipoo adminszolgálatba lépett. (PLAYER:Zipoo) (TARGET:) 
[2019-06-11 15:13] Zipoo kilépett az adminszolgálatból!  (PLAYER:Zipoo) (TARGET:) 
[2019-06-11 15:14] Zipoo adminszolgálatba lépett. (PLAYER:Zipoo) (TARGET:) 
[2019-06-11 15:14] Zipoo kilépett az adminszolgálatból!  (PLAYER:Zipoo) (TARGET:) 
[2019-06-11 15:14] Zipoo adminszolgálatba lépett. (PLAYER:Zipoo) (TARGET:) 
[2019-06-11 15:14] Zipoo kilépett az adminszolgálatból!  (PLAYER:Zipoo) (TARGET:) 
[2019-06-11 15:15] Levente adminszolgálatba lépett. (PLAYER:Levente) (TARGET:) 
[2019-06-11 15:16] Zipoo adminszolgálatba lépett. (PLAYER:Zipoo) (TARGET:) 
[2019-06-11 15:16] Levente kilépett az adminszolgálatból!  (PLAYER:Levente) (TARGET:) 
[2019-06-11 15:16] FKGP kilépett az adminszolgálatból!  (PLAYER:FKGP) (TARGET:) 
[2019-06-11 15:18] Dzserold adminszolgálatba lépett. (PLAYER:Dzserold) (TARGET:) 
[2019-06-11 15:19] Rapid adminszolgálatba lépett. (PLAYER:Rapid) (TARGET:) 
[2019-06-11 15:19] Süsü kilépett az adminszolgálatból!  (PLAYER:Süsü) (TARGET:) 
[2019-06-11 15:20] Dzserold kilépett az adminszolgálatból!  (PLAYER:Dzserold) (TARGET:) 
[2019-06-11 15:24] Süsü adminszolgálatba lépett. (PLAYER:Süsü) (TARGET:) 
[2019-06-11 15:26] FKGP adminszolgálatba lépett. (PLAYER:FKGP) (TARGET:) 
[2019-06-11 15:26] Denzel adminszolgálatba lépett. (PLAYER:Denzel) (TARGET:) 
[2019-06-11 15:27] Zipoo kilépett az adminszolgálatból!  (PLAYER:Zipoo) (TARGET:) 
[2019-06-11 15:28] Dzserold adminszolgálatba lépett. (PLAYER:Dzserold) (TARGET:) 
[2019-06-11 15:29] Dzserold kilépett az adminszolgálatból!  (PLAYER:Dzserold) (TARGET:) 
[2019-06-11 15:30] Atesz adminszolgálatba lépett. (PLAYER:Atesz) (TARGET:) 
[2019-06-11 15:30] Atesz kilépett az adminszolgálatból!  (PLAYER:Atesz) (TARGET:) 
[2019-06-11 15:31] Levente adminszolgálatba lépett. (PLAYER:Levente) (TARGET:) 
[2019-06-11 15:31] Atesz adminszolgálatba lépett. (PLAYER:Atesz) (TARGET:) 
[2019-06-11 15:31] Atesz kilépett az adminszolgálatból!  (PLAYER:Atesz) (TARGET:) 
[2019-06-11 15:32] Zipoo adminszolgálatba lépett. (PLAYER:Zipoo) (TARGET:) 
[2019-06-11 15:32] Zipoo kilépett az adminszolgálatból!  (PLAYER:Zipoo) (TARGET:) 
[2019-06-11 15:35] Levente kilépett az adminszolgálatból!  (PLAYER:Levente) (TARGET:) 
[2019-06-11 15:37] Rapid kilépett az adminszolgálatból!  (PLAYER:Rapid) (TARGET:) 
[2019-06-11 15:37] Borislaw kilépett az adminszolgálatból!  (PLAYER:Borislaw) (TARGET:) 
[2019-06-11 15:38] Levente adminszolgálatba lépett. (PLAYER:Levente) (TARGET:) 
[2019-06-11 15:38] Süsü kilépett az adminszolgálatból!  (PLAYER:Süsü) (TARGET:) 
[2019-06-11 15:39] Dzserold adminszolgálatba lépett. (PLAYER:Dzserold) (TARGET:) 
[2019-06-11 15:40] Süsü adminszolgálatba lépett. (PLAYER:Süsü) (TARGET:) 
[2019-06-11 15:40] Süsü kilépett az adminszolgálatból!  (PLAYER:Süsü) (TARGET:) 
[2019-06-11 15:40] Borislaw adminszolgálatba lépett. (PLAYER:Borislaw) (TARGET:) 
[2019-06-11 15:40] Levente kilépett az adminszolgálatból!  (PLAYER:Levente) (TARGET:) 
[2019-06-11 15:40] Zipoo adminszolgálatba lépett. (PLAYER:Zipoo) (TARGET:) 
[2019-06-11 15:41] Atesz adminszolgálatba lépett. (PLAYER:Atesz) (TARGET:) 
[2019-06-11 15:41] Atesz kilépett az adminszolgálatból!  (PLAYER:Atesz) (TARGET:) 
[2019-06-11 15:43] Dzserold kilépett az adminszolgálatból!  (PLAYER:Dzserold) (TARGET:) 
[2019-06-11 15:47] Zipoo kilépett az adminszolgálatból!  (PLAYER:Zipoo) (TARGET:) 
[2019-06-11 15:48] Zipoo adminszolgálatba lépett. (PLAYER:Zipoo) (TARGET:) 
[2019-06-11 15:48] Zipoo kilépett az adminszolgálatból!  (PLAYER:Zipoo) (TARGET:) 
[2019-06-11 15:48] Levente adminszolgálatba lépett. (PLAYER:Levente) (TARGET:) 
[2019-06-11 15:49] Levente kilépett az adminszolgálatból!  (PLAYER:Levente) (TARGET:) 
[2019-06-11 15:49] FKGP kilépett az adminszolgálatból!  (PLAYER:FKGP) (TARGET:) 
[2019-06-11 15:49] FKGP adminszolgálatba lépett. (PLAYER:FKGP) (TARGET:) 
[2019-06-11 15:49] Zipoo adminszolgálatba lépett. (PLAYER:Zipoo) (TARGET:) 
[2019-06-11 15:50] FKGP kilépett az adminszolgálatból!  (PLAYER:FKGP) (TARGET:) 
[2019-06-11 15:50] Zipoo kilépett az adminszolgálatból!  (PLAYER:Zipoo) (TARGET:) 
[2019-06-11 15:50] Zipoo adminszolgálatba lépett. (PLAYER:Zipoo) (TARGET:) 
[2019-06-11 15:51] Zipoo kilépett az adminszolgálatból!  (PLAYER:Zipoo) (TARGET:) 
[2019-06-11 15:51] Dzserold adminszolgálatba lépett. (PLAYER:Dzserold) (TARGET:) 
[2019-06-11 15:51] FKGP adminszolgálatba lépett. (PLAYER:FKGP) (TARGET:) 
[2019-06-11 15:52] FKGP kilépett az adminszolgálatból!  (PLAYER:FKGP) (TARGET:) 
[2019-06-11 15:53] Zipoo adminszolgálatba lépett. (PLAYER:Zipoo) (TARGET:) 
[2019-06-11 15:54] Süsü adminszolgálatba lépett. (PLAYER:Süsü) (TARGET:) 
[2019-06-11 15:54] Zipoo kilépett az adminszolgálatból!  (PLAYER:Zipoo) (TARGET:) 
[2019-06-11 15:55] Atesz adminszolgálatba lépett. (PLAYER:Atesz) (TARGET:) 
[2019-06-11 15:56] Zipoo adminszolgálatba lépett. (PLAYER:Zipoo) (TARGET:) 
[2019-06-11 15:56] Zipoo kilépett az adminszolgálatból!  (PLAYER:Zipoo) (TARGET:) 
[2019-06-11 16:00] Levente adminszolgálatba lépett. (PLAYER:Levente) (TARGET:) 
[2019-06-11 16:00] Zipoo adminszolgálatba lépett. (PLAYER:Zipoo) (TARGET:) 
[2019-06-11 16:00] Süsü kilépett az adminszolgálatból!  (PLAYER:Süsü) (TARGET:) 
[2019-06-11 16:01] Levente kilépett az adminszolgálatból!  (PLAYER:Levente) (TARGET:) 
[2019-06-11 16:02] Süsü adminszolgálatba lépett. (PLAYER:Süsü) (TARGET:) 
[2019-06-11 16:02] Zipoo kilépett az adminszolgálatból!  (PLAYER:Zipoo) (TARGET:) 
[2019-06-11 16:05] Denzel kilépett az adminszolgálatból!  (PLAYER:Denzel) (TARGET:) 
[2019-06-11 16:05] Dzserold kilépett az adminszolgálatból!  (PLAYER:Dzserold) (TARGET:) 
[2019-06-11 16:07] Borislaw kilépett az adminszolgálatból!  (PLAYER:Borislaw) (TARGET:) 
[2019-06-11 16:09] Denzel adminszolgálatba lépett. (PLAYER:Denzel) (TARGET:) 
[2019-06-11 16:12] PeRy adminszolgálatba lépett. (PLAYER:PeRy) (TARGET:) 
[2019-06-11 16:13] PeRy kilépett az adminszolgálatból!  (PLAYER:PeRy) (TARGET:) 
[2019-06-11 16:14] Rapid adminszolgálatba lépett. (PLAYER:Rapid) (TARGET:) 
[2019-06-11 16:14] Borislaw adminszolgálatba lépett. (PLAYER:Borislaw) (TARGET:) 
[2019-06-11 16:16] Kyle adminszolgálatba lépett. (PLAYER:Kyle) (TARGET:) 
[2019-06-11 16:17] Kyle kilépett az adminszolgálatból!  (PLAYER:Kyle) (TARGET:) 
[2019-06-11 16:19] Denzel kilépett az adminszolgálatból!  (PLAYER:Denzel) (TARGET:) 
[2019-06-11 16:21] Süsü kilépett az adminszolgálatból!  (PLAYER:Süsü) (TARGET:) 
[2019-06-11 16:23] FKGP adminszolgálatba lépett. (PLAYER:FKGP) (TARGET:) 
[2019-06-11 16:24] Levente adminszolgálatba lépett. (PLAYER:Levente) (TARGET:) 
[2019-06-11 16:24] Levente kilépett az adminszolgálatból!  (PLAYER:Levente) (TARGET:) 
[2019-06-11 16:33] Kyle adminszolgálatba lépett. (PLAYER:Kyle) (TARGET:) 
[2019-06-11 16:50] Kyle adminszolgálatba lépett. (PLAYER:Kyle) (TARGET:) 
[2019-06-11 16:51] Kyle kilépett az adminszolgálatból!  (PLAYER:Kyle) (TARGET:) 
[2019-06-11 16:52] Zipoo adminszolgálatba lépett. (PLAYER:Zipoo) (TARGET:) 
[2019-06-11 16:52] Gery adminszolgálatba lépett. (PLAYER:Gery) (TARGET:) 
[2019-06-11 16:52] PeRy adminszolgálatba lépett. (PLAYER:PeRy) (TARGET:) 
[2019-06-11 16:53] Süsü adminszolgálatba lépett. (PLAYER:Süsü) (TARGET:) 
[2019-06-11 16:54] Denzel adminszolgálatba lépett. (PLAYER:Denzel) (TARGET:) 
[2019-06-11 16:54] Borislaw adminszolgálatba lépett. (PLAYER:Borislaw) (TARGET:) 
[2019-06-11 16:55] PeRy kilépett az adminszolgálatból!  (PLAYER:PeRy) (TARGET:) 
[2019-06-11 16:56] SaSi adminszolgálatba lépett. (PLAYER:SaSi) (TARGET:) 
[2019-06-11 16:56] Süsü kilépett az adminszolgálatból!  (PLAYER:Süsü) (TARGET:) 
[2019-06-11 16:57] Borislaw kilépett az adminszolgálatból!  (PLAYER:Borislaw) (TARGET:) 
[2019-06-11 16:57] Zipoo kilépett az adminszolgálatból!  (PLAYER:Zipoo) (TARGET:) 
[2019-06-11 17:00] Süsü adminszolgálatba lépett. (PLAYER:Süsü) (TARGET:) 
[2019-06-11 17:00] Süsü kilépett az adminszolgálatból!  (PLAYER:Süsü) (TARGET:) 
[2019-06-11 17:00] Borislaw adminszolgálatba lépett. (PLAYER:Borislaw) (TARGET:) 
[2019-06-11 17:01] Süsü adminszolgálatba lépett. (PLAYER:Süsü) (TARGET:) 
[2019-06-11 17:01] Süsü kilépett az adminszolgálatból!  (PLAYER:Süsü) (TARGET:) 
[2019-06-11 17:03] Kyle adminszolgálatba lépett. (PLAYER:Kyle) (TARGET:) 
[2019-06-11 17:03] Zipoo adminszolgálatba lépett. (PLAYER:Zipoo) (TARGET:) 
[2019-06-11 17:04] Borislaw kilépett az adminszolgálatból!  (PLAYER:Borislaw) (TARGET:) 
[2019-06-11 17:04] Süsü adminszolgálatba lépett. (PLAYER:Süsü) (TARGET:) 
[2019-06-11 17:04] Süsü kilépett az adminszolgálatból!  (PLAYER:Süsü) (TARGET:) 
[2019-06-11 17:04] Zipoo kilépett az adminszolgálatból!  (PLAYER:Zipoo) (TARGET:) 
[2019-06-11 17:04] Dzserold adminszolgálatba lépett. (PLAYER:Dzserold) (TARGET:) 
[2019-06-11 17:04] Süsü adminszolgálatba lépett. (PLAYER:Süsü) (TARGET:) 
[2019-06-11 17:05] Borislaw adminszolgálatba lépett. (PLAYER:Borislaw) (TARGET:) 
[2019-06-11 17:05] Borislaw kilépett az adminszolgálatból!  (PLAYER:Borislaw) (TARGET:) 
[2019-06-11 17:05] Süsü kilépett az adminszolgálatból!  (PLAYER:Süsü) (TARGET:) 
[2019-06-11 17:05] Rapid adminszolgálatba lépett. (PLAYER:Rapid) (TARGET:) 
[2019-06-11 17:05] SaSi kilépett az adminszolgálatból!  (PLAYER:SaSi) (TARGET:) 
[2019-06-11 17:06] Süsü adminszolgálatba lépett. (PLAYER:Süsü) (TARGET:) 
[2019-06-11 17:06] Zipoo adminszolgálatba lépett. (PLAYER:Zipoo) (TARGET:) 
[2019-06-11 17:06] Zipoo kilépett az adminszolgálatból!  (PLAYER:Zipoo) (TARGET:) 
[2019-06-11 17:06] Süsü kilépett az adminszolgálatból!  (PLAYER:Süsü) (TARGET:) 
[2019-06-11 17:07] Süsü adminszolgálatba lépett. (PLAYER:Süsü) (TARGET:) 
[2019-06-11 17:07] Süsü kilépett az adminszolgálatból!  (PLAYER:Süsü) (TARGET:) 
[2019-06-11 17:08] PeRy adminszolgálatba lépett. (PLAYER:PeRy) (TARGET:) 
[2019-06-11 17:08] Gery kilépett az adminszolgálatból!  (PLAYER:Gery) (TARGET:) 
[2019-06-11 17:08] PeRy kilépett az adminszolgálatból!  (PLAYER:PeRy) (TARGET:) 
[2019-06-11 17:13] Dzserold kilépett az adminszolgálatból!  (PLAYER:Dzserold) (TARGET:) 
[2019-06-11 17:15] Zipoo adminszolgálatba lépett. (PLAYER:Zipoo) (TARGET:) 
[2019-06-11 17:15] Zipoo kilépett az adminszolgálatból!  (PLAYER:Zipoo) (TARGET:) 
[2019-06-11 17:16] Zipoo adminszolgálatba lépett. (PLAYER:Zipoo) (TARGET:) 
[2019-06-11 17:16] Zipoo kilépett az adminszolgálatból!  (PLAYER:Zipoo) (TARGET:) 
[2019-06-11 17:21] Süsü adminszolgálatba lépett. (PLAYER:Süsü) (TARGET:) 
[2019-06-11 17:21] Süsü kilépett az adminszolgálatból!  (PLAYER:Süsü) (TARGET:) 
[2019-06-11 17:25] Süsü adminszolgálatba lépett. (PLAYER:Süsü) (TARGET:) 
[2019-06-11 17:26] Süsü kilépett az adminszolgálatból!  (PLAYER:Süsü) (TARGET:) 
[2019-06-11 17:27] Süsü adminszolgálatba lépett. (PLAYER:Süsü) (TARGET:) 
[2019-06-11 17:28] Dzserold adminszolgálatba lépett. (PLAYER:Dzserold) (TARGET:) 
[2019-06-11 17:29] Süsü kilépett az adminszolgálatból!  (PLAYER:Süsü) (TARGET:) 
[2019-06-11 17:31] Zipoo adminszolgálatba lépett. (PLAYER:Zipoo) (TARGET:) 
[2019-06-11 17:31] Zipoo kilépett az adminszolgálatból!  (PLAYER:Zipoo) (TARGET:) 
[2019-06-11 17:32] Zipoo adminszolgálatba lépett. (PLAYER:Zipoo) (TARGET:) 
[2019-06-11 17:32] Zipoo kilépett az adminszolgálatból!  (PLAYER:Zipoo) (TARGET:) 
[2019-06-11 17:32] Zipoo adminszolgálatba lépett. (PLAYER:Zipoo) (TARGET:) 
[2019-06-11 17:32] Zipoo kilépett az adminszolgálatból!  (PLAYER:Zipoo) (TARGET:) 
[2019-06-11 17:35] Dzserold kilépett az adminszolgálatból!  (PLAYER:Dzserold) (TARGET:) 
[2019-06-11 17:35] Süsü adminszolgálatba lépett. (PLAYER:Süsü) (TARGET:) 
[2019-06-11 17:36] Borislaw adminszolgálatba lépett. (PLAYER:Borislaw) (TARGET:) 
[2019-06-11 17:36] Borislaw kilépett az adminszolgálatból!  (PLAYER:Borislaw) (TARGET:) 
[2019-06-11 17:36] Borislaw adminszolgálatba lépett. (PLAYER:Borislaw) (TARGET:) 
[2019-06-11 17:36] Borislaw kilépett az adminszolgálatból!  (PLAYER:Borislaw) (TARGET:) 
[2019-06-11 17:36] Borislaw adminszolgálatba lépett. (PLAYER:Borislaw) (TARGET:) 
[2019-06-11 17:42] ibacs adminszolgálatba lépett. (PLAYER:ibacs) (TARGET:) 
[2019-06-11 17:42] Dzserold adminszolgálatba lépett. (PLAYER:Dzserold) (TARGET:) 
[2019-06-11 17:45] Levente adminszolgálatba lépett. (PLAYER:Levente) (TARGET:) 
[2019-06-11 17:46] Dzserold kilépett az adminszolgálatból!  (PLAYER:Dzserold) (TARGET:) 
[2019-06-11 17:52] Süsü kilépett az adminszolgálatból!  (PLAYER:Süsü) (TARGET:) 
[2019-06-11 17:53] Süsü adminszolgálatba lépett. (PLAYER:Süsü) (TARGET:) 
[2019-06-11 17:53] Süsü kilépett az adminszolgálatból!  (PLAYER:Süsü) (TARGET:) 
[2019-06-11 17:55] Kyle kilépett az adminszolgálatból!  (PLAYER:Kyle) (TARGET:) 
[2019-06-11 17:55] Kyle adminszolgálatba lépett. (PLAYER:Kyle) (TARGET:) 
[2019-06-11 17:55] Kyle kilépett az adminszolgálatból!  (PLAYER:Kyle) (TARGET:) 
[2019-06-11 17:56] Dzserold adminszolgálatba lépett. (PLAYER:Dzserold) (TARGET:) 
[2019-06-11 17:56] Dzserold kilépett az adminszolgálatból!  (PLAYER:Dzserold) (TARGET:) 
[2019-06-11 18:00] Levente kilépett az adminszolgálatból!  (PLAYER:Levente) (TARGET:) 
[2019-06-11 18:01] SaSi adminszolgálatba lépett. (PLAYER:SaSi) (TARGET:) 
[2019-06-11 18:02] Zipoo adminszolgálatba lépett. (PLAYER:Zipoo) (TARGET:) 
[2019-06-11 18:02] Zipoo kilépett az adminszolgálatból!  (PLAYER:Zipoo) (TARGET:) 
[2019-06-11 18:02] SaSi kilépett az adminszolgálatból!  (PLAYER:SaSi) (TARGET:) 
[2019-06-11 18:03] Krisz adminszolgálatba lépett. (PLAYER:Krisz) (TARGET:) 
[2019-06-11 18:03] Levente adminszolgálatba lépett. (PLAYER:Levente) (TARGET:) 
[2019-06-11 18:03] Krisz kilépett az adminszolgálatból!  (PLAYER:Krisz) (TARGET:) 
[2019-06-11 18:03] Süsü adminszolgálatba lépett. (PLAYER:Süsü) (TARGET:) 
[2019-06-11 18:04] Gery adminszolgálatba lépett. (PLAYER:Gery) (TARGET:) 
[2019-06-11 18:05] Shakur adminszolgálatba lépett. (PLAYER:Shakur) (TARGET:) 
[2019-06-11 18:05] Shakur kilépett az adminszolgálatból!  (PLAYER:Shakur) (TARGET:) 
[2019-06-11 18:05] SaSi adminszolgálatba lépett. (PLAYER:SaSi) (TARGET:) 
[2019-06-11 18:06] Krisz adminszolgálatba lépett. (PLAYER:Krisz) (TARGET:) 
[2019-06-11 18:07] Levente kilépett az adminszolgálatból!  (PLAYER:Levente) (TARGET:) 
[2019-06-11 18:07] Rapid kilépett az adminszolgálatból!  (PLAYER:Rapid) (TARGET:) 
[2019-06-11 18:10] Süsü kilépett az adminszolgálatból!  (PLAYER:Süsü) (TARGET:) 
[2019-06-11 18:10] Rapid adminszolgálatba lépett. (PLAYER:Rapid) (TARGET:) 
[2019-06-11 18:11] Rapid kilépett az adminszolgálatból!  (PLAYER:Rapid) (TARGET:) 
[2019-06-11 18:13] Borislaw kilépett az adminszolgálatból!  (PLAYER:Borislaw) (TARGET:) 
[2019-06-11 18:13] Kyle adminszolgálatba lépett. (PLAYER:Kyle) (TARGET:) 
[2019-06-11 18:13] Kyle kilépett az adminszolgálatból!  (PLAYER:Kyle) (TARGET:) 
[2019-06-11 18:14] Kyle adminszolgálatba lépett. (PLAYER:Kyle) (TARGET:) 
[2019-06-11 18:15] Levente adminszolgálatba lépett. (PLAYER:Levente) (TARGET:) 
[2019-06-11 18:16] Rapid adminszolgálatba lépett. (PLAYER:Rapid) (TARGET:) 
[2019-06-11 18:22] Rapid kilépett az adminszolgálatból!  (PLAYER:Rapid) (TARGET:) 
[2019-06-11 18:23] Krisz kilépett az adminszolgálatból!  (PLAYER:Krisz) (TARGET:) 
[2019-06-11 18:25] Gery kilépett az adminszolgálatból!  (PLAYER:Gery) (TARGET:) 
[2019-06-11 18:27] Süsü adminszolgálatba lépett. (PLAYER:Süsü) (TARGET:) 
[2019-06-11 18:27] Süsü kilépett az adminszolgálatból!  (PLAYER:Süsü) (TARGET:) 
[2019-06-11 18:29] Atesz adminszolgálatba lépett. (PLAYER:Atesz) (TARGET:) 
[2019-06-11 18:31] Krisz adminszolgálatba lépett. (PLAYER:Krisz) (TARGET:) 
[2019-06-11 18:34] Süsü adminszolgálatba lépett. (PLAYER:Süsü) (TARGET:) 
[2019-06-11 18:35] Zipoo adminszolgálatba lépett. (PLAYER:Zipoo) (TARGET:) 
[2019-06-11 18:35] Zipoo kilépett az adminszolgálatból!  (PLAYER:Zipoo) (TARGET:) 
[2019-06-11 18:37] Borislaw adminszolgálatba lépett. (PLAYER:Borislaw) (TARGET:) 
[2019-06-11 18:38] ibacs adminszolgálatba lépett. (PLAYER:ibacs) (TARGET:) 
[2019-06-11 18:48] Süsü kilépett az adminszolgálatból!  (PLAYER:Süsü) (TARGET:) 
[2019-06-11 18:51] Borislaw kilépett az adminszolgálatból!  (PLAYER:Borislaw) (TARGET:) 
[2019-06-11 18:57] Süsü adminszolgálatba lépett. (PLAYER:Süsü) (TARGET:) 
[2019-06-11 18:58] Krisz kilépett az adminszolgálatból!  (PLAYER:Krisz) (TARGET:) 
[2019-06-11 18:59] Borislaw adminszolgálatba lépett. (PLAYER:Borislaw) (TARGET:) 
[2019-06-11 18:59] Dzserold adminszolgálatba lépett. (PLAYER:Dzserold) (TARGET:) 
[2019-06-11 19:00] Levente kilépett az adminszolgálatból!  (PLAYER:Levente) (TARGET:) 
[2019-06-11 19:00] Levente adminszolgálatba lépett. (PLAYER:Levente) (TARGET:) 
[2019-06-11 19:00] Levente kilépett az adminszolgálatból!  (PLAYER:Levente) (TARGET:) 
[2019-06-11 19:00] Dzserold kilépett az adminszolgálatból!  (PLAYER:Dzserold) (TARGET:) 
[2019-06-11 19:01] Borislaw kilépett az adminszolgálatból!  (PLAYER:Borislaw) (TARGET:) 
[2019-06-11 19:02] Zipoo adminszolgálatba lépett. (PLAYER:Zipoo) (TARGET:) 
[2019-06-11 19:02] Zipoo kilépett az adminszolgálatból!  (PLAYER:Zipoo) (TARGET:) 
[2019-06-11 19:09] Kyle kilépett az adminszolgálatból!  (PLAYER:Kyle) (TARGET:) 
[2019-06-11 19:10] Zipoo adminszolgálatba lépett. (PLAYER:Zipoo) (TARGET:) 
[2019-06-11 19:10] Dzserold adminszolgálatba lépett. (PLAYER:Dzserold) (TARGET:) 
[2019-06-11 19:11] Zipoo kilépett az adminszolgálatból!  (PLAYER:Zipoo) (TARGET:) 
[2019-06-11 19:12] Gery adminszolgálatba lépett. (PLAYER:Gery) (TARGET:) 
[2019-06-11 19:12] Borislaw adminszolgálatba lépett. (PLAYER:Borislaw) (TARGET:) 
[2019-06-11 19:13] Borislaw kilépett az adminszolgálatból!  (PLAYER:Borislaw) (TARGET:) 
[2019-06-11 19:14] Borislaw adminszolgálatba lépett. (PLAYER:Borislaw) (TARGET:) 
[2019-06-11 19:15] Borislaw kilépett az adminszolgálatból!  (PLAYER:Borislaw) (TARGET:) 
[2019-06-11 19:18] Dzserold kilépett az adminszolgálatból!  (PLAYER:Dzserold) (TARGET:) 
[2019-06-11 19:22] Malcolm adminszolgálatba lépett. (PLAYER:Malcolm) (TARGET:) 
[2019-06-11 19:23] Malcolm kilépett az adminszolgálatból!  (PLAYER:Malcolm) (TARGET:) 
[2019-06-11 19:24] Atesz kilépett az adminszolgálatból!  (PLAYER:Atesz) (TARGET:) 
[2019-06-11 19:25] Nevils adminszolgálatba lépett. (PLAYER:Nevils) (TARGET:) 
[2019-06-11 19:31] Levente adminszolgálatba lépett. (PLAYER:Levente) (TARGET:) 
[2019-06-11 19:31] Levente kilépett az adminszolgálatból!  (PLAYER:Levente) (TARGET:) 
[2019-06-11 19:32] Süsü kilépett az adminszolgálatból!  (PLAYER:Süsü) (TARGET:) 
