[2019-06-09 20:26] Shox meggyógyította Michael Barger játékost. (PLAYER:Shox) (TARGET:Michael Barger) 
[2019-06-09 20:32] Süsü meggyógyította Joey Convellano játékost. (PLAYER:Süsü) (TARGET:Joey Convellano) 
[2019-06-09 20:34] Rapid meggyógyította Stan Barger játékost. (PLAYER:Rapid) (TARGET:Stan Barger) 
[2019-06-09 20:53] Rapid meggyógyította Derecskei Milan játékost. (PLAYER:Rapid) (TARGET:Derecskei Milan) 
[2019-06-09 21:06] Rapid meggyógyította Niken Twist játékost. (PLAYER:Rapid) (TARGET:Niken Twist) 
[2019-06-09 21:13] Süsü meggyógyította Arkadij Zakharov játékost. (PLAYER:Süsü) (TARGET:Arkadij Zakharov) 
[2019-06-09 21:16] Rapid meggyógyította Tamara Muranszky játékost. (PLAYER:Rapid) (TARGET:Tamara Muranszky) 
[2019-06-09 21:17] Rapid meggyógyította Niken Twist játékost. (PLAYER:Rapid) (TARGET:Niken Twist) 
[2019-06-09 21:48] Shox meggyógyította Wyde Riggs játékost. (PLAYER:Shox) (TARGET:Wyde Riggs) 
[2019-06-09 22:03] Kyle meggyógyította Aziz Ervin játékost. (PLAYER:Kyle) (TARGET:Aziz Ervin) 
[2019-06-09 22:19] Zipoo meggyógyította Steven Moore játékost. (PLAYER:Zipoo) (TARGET:Steven Moore) 
[2019-06-09 23:34] Dzserold meggyógyította Dante Matteo játékost. (PLAYER:Dzserold) (TARGET:Dante Matteo) 
[2019-06-10 00:00] Dzserold meggyógyította Tazwell Reese játékost. (PLAYER:Dzserold) (TARGET:Tazwell Reese) 
[2019-06-10 00:09] Dzserold meggyógyította Jerold Brown játékost. (PLAYER:Dzserold) (TARGET:Jerold Brown) 
[2019-06-10 00:10] Dzserold meggyógyította Jerold Brown játékost. (PLAYER:Dzserold) (TARGET:Jerold Brown) 
[2019-06-10 00:12] Dzserold meggyógyította Borislaw Kashnikov játékost. (PLAYER:Dzserold) (TARGET:Borislaw Kashnikov) 
[2019-06-10 00:50] Dzserold meggyógyította William Chapman játékost. (PLAYER:Dzserold) (TARGET:William Chapman) 
[2019-06-10 00:56] Zsömi meggyógyította Jerold Brown játékost. (PLAYER:Zsömi) (TARGET:Jerold Brown) 
[2019-06-10 00:58] Zsömi meggyógyította Esteban Santiago játékost. (PLAYER:Zsömi) (TARGET:Esteban Santiago) 
[2019-06-10 00:58] Zsömi meggyógyította Jerold Brown játékost. (PLAYER:Zsömi) (TARGET:Jerold Brown) 
[2019-06-10 01:00] Zsömi meggyógyította Jerold Brown játékost. (PLAYER:Zsömi) (TARGET:Jerold Brown) 
[2019-06-10 01:00] Zsömi meggyógyította Esteban Santiago játékost. (PLAYER:Zsömi) (TARGET:Esteban Santiago) 
[2019-06-10 01:07] Zsömi meggyógyította Jerold Brown játékost. (PLAYER:Zsömi) (TARGET:Jerold Brown) 
[2019-06-10 01:09] Zsömi meggyógyította Esteban Santiago játékost. (PLAYER:Zsömi) (TARGET:Esteban Santiago) 
[2019-06-10 01:11] Zsömi meggyógyította Esteban Santiago játékost. (PLAYER:Zsömi) (TARGET:Esteban Santiago) 
[2019-06-10 01:11] Zsömi meggyógyította Jerold Brown játékost. (PLAYER:Zsömi) (TARGET:Jerold Brown) 
[2019-06-10 01:13] Zsömi meggyógyította Jerold Brown játékost. (PLAYER:Zsömi) (TARGET:Jerold Brown) 
[2019-06-10 01:17] Zsömi meggyógyította Jerold Brown játékost. (PLAYER:Zsömi) (TARGET:Jerold Brown) 
[2019-06-10 01:18] Zsömi meggyógyította Jerold Brown játékost. (PLAYER:Zsömi) (TARGET:Jerold Brown) 
[2019-06-10 01:34] Zsömi meggyógyította Esteban Santiago játékost. (PLAYER:Zsömi) (TARGET:Esteban Santiago) 
[2019-06-10 01:36] Zsömi meggyógyította Esteban Santiago játékost. (PLAYER:Zsömi) (TARGET:Esteban Santiago) 
[2019-06-10 01:37] Zsömi meggyógyította Esteban Santiago játékost. (PLAYER:Zsömi) (TARGET:Esteban Santiago) 
[2019-06-10 01:46] ibacs meggyógyította Wyde Riggs játékost. (PLAYER:ibacs) (TARGET:Wyde Riggs) 
[2019-06-10 01:46] ibacs meggyógyította Wyde Riggs játékost. (PLAYER:ibacs) (TARGET:Wyde Riggs) 
[2019-06-10 01:46] ibacs meggyógyította Pablo Santiago játékost. (PLAYER:ibacs) (TARGET:Pablo Santiago) 
[2019-06-10 01:48] ibacs meggyógyította Pablo Santiago játékost. (PLAYER:ibacs) (TARGET:Pablo Santiago) 
[2019-06-10 01:49] ibacs meggyógyította Pablo Santiago játékost. (PLAYER:ibacs) (TARGET:Pablo Santiago) 
[2019-06-10 01:50] ibacs meggyógyította Pablo Santiago játékost. (PLAYER:ibacs) (TARGET:Pablo Santiago) 
[2019-06-10 01:50] ibacs meggyógyította Pablo Santiago játékost. (PLAYER:ibacs) (TARGET:Pablo Santiago) 
[2019-06-10 01:53] ibacs meggyógyította Pablo Santiago játékost. (PLAYER:ibacs) (TARGET:Pablo Santiago) 
[2019-06-10 03:07] Zsömi meggyógyította William Chapman játékost. (PLAYER:Zsömi) (TARGET:William Chapman) 
[2019-06-10 03:09] Zsömi meggyógyította Esteban Santiago játékost. (PLAYER:Zsömi) (TARGET:Esteban Santiago) 
[2019-06-10 03:09] Zsömi meggyógyította Esteban Santiago játékost. (PLAYER:Zsömi) (TARGET:Esteban Santiago) 
[2019-06-10 03:11] Zsömi meggyógyította Esteban Santiago játékost. (PLAYER:Zsömi) (TARGET:Esteban Santiago) 
[2019-06-10 03:21] Rapid meggyógyította Opie Payne játékost. (PLAYER:Rapid) (TARGET:Opie Payne) 
[2019-06-10 03:22] Rapid meggyógyította Esteban Santiago játékost. (PLAYER:Rapid) (TARGET:Esteban Santiago) 
[2019-06-10 03:22] Rapid meggyógyította Esteban Santiago játékost. (PLAYER:Rapid) (TARGET:Esteban Santiago) 
[2019-06-10 03:23] Rapid meggyógyította Esteban Santiago játékost. (PLAYER:Rapid) (TARGET:Esteban Santiago) 
[2019-06-10 03:23] Zsömi meggyógyította Esteban Santiago játékost. (PLAYER:Zsömi) (TARGET:Esteban Santiago) 
[2019-06-10 03:24] Rapid meggyógyította Esteban Santiago játékost. (PLAYER:Rapid) (TARGET:Esteban Santiago) 
[2019-06-10 03:25] Rapid meggyógyította Esteban Santiago játékost. (PLAYER:Rapid) (TARGET:Esteban Santiago) 
[2019-06-10 03:26] Rapid meggyógyította Esteban Santiago játékost. (PLAYER:Rapid) (TARGET:Esteban Santiago) 
[2019-06-10 03:27] Rapid meggyógyította Esteban Santiago játékost. (PLAYER:Rapid) (TARGET:Esteban Santiago) 
[2019-06-10 03:28] Rapid meggyógyította Esteban Santiago játékost. (PLAYER:Rapid) (TARGET:Esteban Santiago) 
[2019-06-10 03:30] Rapid meggyógyította Esteban Santiago játékost. (PLAYER:Rapid) (TARGET:Esteban Santiago) 
[2019-06-10 03:31] Shox meggyógyította Esteban Santiago játékost. (PLAYER:Shox) (TARGET:Esteban Santiago) 
[2019-06-10 03:31] Rapid meggyógyította Esteban Santiago játékost. (PLAYER:Rapid) (TARGET:Esteban Santiago) 
[2019-06-10 03:32] Zsömi meggyógyította Esteban Santiago játékost. (PLAYER:Zsömi) (TARGET:Esteban Santiago) 
[2019-06-10 03:34] Zsömi meggyógyította Esteban Santiago játékost. (PLAYER:Zsömi) (TARGET:Esteban Santiago) 
[2019-06-10 07:58] Zipoo meggyógyította Alex Kenway játékost. (PLAYER:Zipoo) (TARGET:Alex Kenway) 
[2019-06-10 08:08] Zipoo meggyógyította Greg S Simpson játékost. (PLAYER:Zipoo) (TARGET:Greg S Simpson) 
[2019-06-10 08:48] Krisz meggyógyította Jony Carter játékost. (PLAYER:Krisz) (TARGET:Jony Carter) 
[2019-06-10 09:55] Shakur meggyógyította Taylor D Oakwood játékost. (PLAYER:Shakur) (TARGET:Taylor D Oakwood) 
[2019-06-10 09:59] Krisz meggyógyította Miranda Riggs játékost. (PLAYER:Krisz) (TARGET:Miranda Riggs) 
[2019-06-10 10:03] Shakur meggyógyította Coolio Glover játékost. (PLAYER:Shakur) (TARGET:Coolio Glover) 
[2019-06-10 10:22] Kyle meggyógyította Michael Russo Jessy játékost. (PLAYER:Kyle) (TARGET:Michael Russo Jessy) 
[2019-06-10 10:29] Kyle meggyógyította Joey Convellano játékost. (PLAYER:Kyle) (TARGET:Joey Convellano) 
[2019-06-10 10:36] Kyle meggyógyította Taylor D Oakwood játékost. (PLAYER:Kyle) (TARGET:Taylor D Oakwood) 
[2019-06-10 10:52] Kyle meggyógyította Daniel Cambridge játékost. (PLAYER:Kyle) (TARGET:Daniel Cambridge) 
[2019-06-10 11:23] Kyle meggyógyította Maya Neeves játékost. (PLAYER:Kyle) (TARGET:Maya Neeves) 
[2019-06-10 11:50] Rapid meggyógyította Carlos Howard játékost. (PLAYER:Rapid) (TARGET:Carlos Howard) 
[2019-06-10 11:52] Zipoo meggyógyította Maximiliano Tiberia játékost. (PLAYER:Zipoo) (TARGET:Maximiliano Tiberia) 
[2019-06-10 11:53] Zipoo meggyógyította Xefande Tiberia játékost. (PLAYER:Zipoo) (TARGET:Xefande Tiberia) 
[2019-06-10 12:14] Rapid meggyógyította John Frank játékost. (PLAYER:Rapid) (TARGET:John Frank) 
[2019-06-10 13:02] Süsü meggyógyította Michael Adams játékost. (PLAYER:Süsü) (TARGET:Michael Adams) 
[2019-06-10 13:05] Süsü meggyógyította Jasper Briant játékost. (PLAYER:Süsü) (TARGET:Jasper Briant) 
[2019-06-10 14:11] Dzserold meggyógyította Stan S Simpson játékost. (PLAYER:Dzserold) (TARGET:Stan S Simpson) 
[2019-06-10 14:27] Zsömi meggyógyította Stanley Price játékost. (PLAYER:Zsömi) (TARGET:Stanley Price) 
[2019-06-10 14:57] Süsü meggyógyította Vasily Orlov játékost. (PLAYER:Süsü) (TARGET:Vasily Orlov) 
[2019-06-10 15:19] Süsü meggyógyította William Chapman játékost. (PLAYER:Süsü) (TARGET:William Chapman) 
[2019-06-10 15:26] Dzserold meggyógyította Greg S Simpson játékost. (PLAYER:Dzserold) (TARGET:Greg S Simpson) 
[2019-06-10 15:27] Dzserold meggyógyította Carlos Howard játékost. (PLAYER:Dzserold) (TARGET:Carlos Howard) 
[2019-06-10 17:02] Levente meggyógyította Escobar S Cartel játékost. (PLAYER:Levente) (TARGET:Escobar S Cartel) 
[2019-06-10 17:17] Krisz meggyógyította Escobar S Cartel játékost. (PLAYER:Krisz) (TARGET:Escobar S Cartel) 
[2019-06-10 17:19] Krisz meggyógyította John Frank játékost. (PLAYER:Krisz) (TARGET:John Frank) 
[2019-06-10 17:20] Krisz meggyógyította John Frank játékost. (PLAYER:Krisz) (TARGET:John Frank) 
[2019-06-10 17:24] sum1 meggyógyította Escobar S Cartel játékost. (PLAYER:sum1) (TARGET:Escobar S Cartel) 
[2019-06-10 17:59] FKGP meggyógyította Rostislav Zakharov játékost. (PLAYER:FKGP) (TARGET:Rostislav Zakharov) 
[2019-06-10 18:00] Atesz meggyógyította Bene Teisler játékost. (PLAYER:Atesz) (TARGET:Bene Teisler) 
[2019-06-10 18:18] FKGP meggyógyította Vasily Orlov játékost. (PLAYER:FKGP) (TARGET:Vasily Orlov) 
[2019-06-10 18:22] Levente meggyógyította Peter Silva játékost. (PLAYER:Levente) (TARGET:Peter Silva) 
[2019-06-10 18:27] sum1 meggyógyította William Chapman játékost. (PLAYER:sum1) (TARGET:William Chapman) 
[2019-06-10 18:31] Levente meggyógyította Ethan Anderson játékost. (PLAYER:Levente) (TARGET:Ethan Anderson) 
[2019-06-10 19:02] sum1 meggyógyította Arkadij Zakharov játékost. (PLAYER:sum1) (TARGET:Arkadij Zakharov) 
[2019-06-10 19:13] sum1 meggyógyította Lewis D Clark játékost. (PLAYER:sum1) (TARGET:Lewis D Clark) 
[2019-06-10 19:30] Süsü meggyógyította Adrik Ivanov játékost. (PLAYER:Süsü) (TARGET:Adrik Ivanov) 
[2019-06-10 19:41] Alfonz meggyógyította Coolio Glover játékost. (PLAYER:Alfonz) (TARGET:Coolio Glover) 
[2019-06-10 19:51] FKGP meggyógyította Keiichi D Lackwood játékost. (PLAYER:FKGP) (TARGET:Keiichi D Lackwood) 
[2019-06-10 20:10] Krisz meggyógyította Keiichi D Lackwood játékost. (PLAYER:Krisz) (TARGET:Keiichi D Lackwood) 
[2019-06-10 20:31] FKGP meggyógyította Dominic Hops játékost. (PLAYER:FKGP) (TARGET:Dominic Hops) 
[2019-06-10 20:32] Dzserold meggyógyította Roland Wahl játékost. (PLAYER:Dzserold) (TARGET:Roland Wahl) 
[2019-06-10 20:33] FKGP meggyógyította Cambello Pietro játékost. (PLAYER:FKGP) (TARGET:Cambello Pietro) 
[2019-06-10 20:39] Dzserold meggyógyította Taylor D Oakwood játékost. (PLAYER:Dzserold) (TARGET:Taylor D Oakwood) 
[2019-06-10 20:49] Rapid meggyógyította Naruto1166 játékost. (PLAYER:Rapid) (TARGET:Naruto1166) 
[2019-06-10 20:53] Süsü meggyógyította Black Brian játékost. (PLAYER:Süsü) (TARGET:Black Brian) 
[2019-06-10 21:10] Levente meggyógyította Cambello Pietro játékost. (PLAYER:Levente) (TARGET:Cambello Pietro) 
[2019-06-10 21:11] Rapid meggyógyította Stan S Simpson játékost. (PLAYER:Rapid) (TARGET:Stan S Simpson) 
[2019-06-10 21:12] Dzserold meggyógyította Jerold Brown játékost. (PLAYER:Dzserold) (TARGET:Jerold Brown) 
[2019-06-10 22:12] Atesz meggyógyította William Steawv játékost. (PLAYER:Atesz) (TARGET:William Steawv) 
[2019-06-10 22:41] FKGP meggyógyította Dwayne B Laronce játékost. (PLAYER:FKGP) (TARGET:Dwayne B Laronce) 
[2019-06-10 22:58] FKGP meggyógyította Tamara Muranszky játékost. (PLAYER:FKGP) (TARGET:Tamara Muranszky) 
[2019-06-10 23:08] FKGP meggyógyította Francisco Bob játékost. (PLAYER:FKGP) (TARGET:Francisco Bob) 
[2019-06-10 23:17] FKGP meggyógyította Francisco Lopez játékost. (PLAYER:FKGP) (TARGET:Francisco Lopez) 
[2019-06-11 10:02] Dzserold meggyógyította Greg S Simpson játékost. (PLAYER:Dzserold) (TARGET:Greg S Simpson) 
[2019-06-11 10:24] Dzserold meggyógyította Michely Nicholson játékost. (PLAYER:Dzserold) (TARGET:Michely Nicholson) 
[2019-06-11 10:26] Süsü meggyógyította Moore Adek játékost. (PLAYER:Süsü) (TARGET:Moore Adek) 
[2019-06-11 11:12] Zipoo meggyógyította Lakatos David játékost. (PLAYER:Zipoo) (TARGET:Lakatos David) 
[2019-06-11 11:18] Zipoo meggyógyította Greg S Simpson játékost. (PLAYER:Zipoo) (TARGET:Greg S Simpson) 
[2019-06-11 11:19] Zipoo meggyógyította Greg S Simpson játékost. (PLAYER:Zipoo) (TARGET:Greg S Simpson) 
[2019-06-11 11:20] Zipoo meggyógyította Greg S Simpson játékost. (PLAYER:Zipoo) (TARGET:Greg S Simpson) 
[2019-06-11 11:59] Dzserold meggyógyította Jerold Brown játékost. (PLAYER:Dzserold) (TARGET:Jerold Brown) 
[2019-06-11 12:05] Dzserold meggyógyította Wexon S Kennedy játékost. (PLAYER:Dzserold) (TARGET:Wexon S Kennedy) 
[2019-06-11 13:12] Dzserold meggyógyította Keiichi D Lackwood játékost. (PLAYER:Dzserold) (TARGET:Keiichi D Lackwood) 
[2019-06-11 13:34] Zipoo meggyógyította Bryan D Lackwood játékost. (PLAYER:Zipoo) (TARGET:Bryan D Lackwood) 
[2019-06-11 13:37] Zipoo meggyógyította Peter Newkinson játékost. (PLAYER:Zipoo) (TARGET:Peter Newkinson) 
[2019-06-11 13:40] Zipoo meggyógyította Peter Newkinson játékost. (PLAYER:Zipoo) (TARGET:Peter Newkinson) 
[2019-06-11 13:56] Atesz meggyógyította Norman Barger játékost. (PLAYER:Atesz) (TARGET:Norman Barger) 
[2019-06-11 14:05] Dzserold meggyógyította Matthew D Smith játékost. (PLAYER:Dzserold) (TARGET:Matthew D Smith) 
[2019-06-11 14:06] Dzserold meggyógyította Matthew D Smith játékost. (PLAYER:Dzserold) (TARGET:Matthew D Smith) 
[2019-06-11 14:06] Levente meggyógyította Bryan D Lackwood játékost. (PLAYER:Levente) (TARGET:Bryan D Lackwood) 
[2019-06-11 14:07] Süsü meggyógyította Doug Thomas játékost. (PLAYER:Süsü) (TARGET:Doug Thomas) 
[2019-06-11 14:14] Levente meggyógyította Peter Newkinson játékost. (PLAYER:Levente) (TARGET:Peter Newkinson) 
[2019-06-11 14:15] Zipoo meggyógyította Dante Matteo játékost. (PLAYER:Zipoo) (TARGET:Dante Matteo) 
[2019-06-11 14:22] Süsü meggyógyította Doug Thomas játékost. (PLAYER:Süsü) (TARGET:Doug Thomas) 
[2019-06-11 14:22] Dzserold meggyógyította Imre White játékost. (PLAYER:Dzserold) (TARGET:Imre White) 
[2019-06-11 14:30] PeRy meggyógyította Michael Adams játékost. (PLAYER:PeRy) (TARGET:Michael Adams) 
[2019-06-11 14:41] Zipoo meggyógyította Ryan D Lackwood játékost. (PLAYER:Zipoo) (TARGET:Ryan D Lackwood) 
[2019-06-11 14:43] Zipoo meggyógyította Xefande Tiberia játékost. (PLAYER:Zipoo) (TARGET:Xefande Tiberia) 
[2019-06-11 14:43] Zipoo meggyógyította Peter Newkinson játékost. (PLAYER:Zipoo) (TARGET:Peter Newkinson) 
[2019-06-11 16:11] Denzel meggyógyította Tazwell Reese játékost. (PLAYER:Denzel) (TARGET:Tazwell Reese) 
[2019-06-11 16:16] Denzel meggyógyította Kevin De Felice játékost. (PLAYER:Denzel) (TARGET:Kevin De Felice) 
[2019-06-11 16:26] Zipoo meggyógyította Xefande Tiberia játékost. (PLAYER:Zipoo) (TARGET:Xefande Tiberia) 
[2019-06-11 16:55] Kyle meggyógyította Kevin S Simpson játékost. (PLAYER:Kyle) (TARGET:Kevin S Simpson) 
[2019-06-11 17:05] Csoki meggyógyította Clark Melton játékost. (PLAYER:Csoki) (TARGET:Clark Melton) 
[2019-06-11 17:13] Nevils meggyógyította Lucifer D Santhe játékost. (PLAYER:Nevils) (TARGET:Lucifer D Santhe) 
[2019-06-11 17:20] Kyle meggyógyította Ryden Cavalli játékost. (PLAYER:Kyle) (TARGET:Ryden Cavalli) 
[2019-06-11 17:32] Kyle meggyógyította Matthew D Smith játékost. (PLAYER:Kyle) (TARGET:Matthew D Smith) 
[2019-06-11 17:34] Kyle meggyógyította Matthew D Smith játékost. (PLAYER:Kyle) (TARGET:Matthew D Smith) 
[2019-06-11 17:39] Süsü meggyógyította Wesley Brewster játékost. (PLAYER:Süsü) (TARGET:Wesley Brewster) 
[2019-06-11 17:51] Rapid meggyógyította Lakatos David játékost. (PLAYER:Rapid) (TARGET:Lakatos David) 
[2019-06-11 18:12] Kyle meggyógyította Cameron B Qwens játékost. (PLAYER:Kyle) (TARGET:Cameron B Qwens) 
[2019-06-11 18:15] Kyle meggyógyította Francisco Lopez játékost. (PLAYER:Kyle) (TARGET:Francisco Lopez) 
[2019-06-11 18:25] Levente meggyógyította Walker  Douglas játékost. (PLAYER:Levente) (TARGET:Walker  Douglas) 
[2019-06-11 18:31] Levente meggyógyította Nikolaj Sztrásztuszkejov játékost. (PLAYER:Levente) (TARGET:Nikolaj Sztrásztuszkejov) 
[2019-06-11 18:33] Kyle meggyógyította Ryan D Lackwood játékost. (PLAYER:Kyle) (TARGET:Ryan D Lackwood) 
[2019-06-11 18:53] Kyle meggyógyította Rostislav Zakharov játékost. (PLAYER:Kyle) (TARGET:Rostislav Zakharov) 
[2019-06-11 18:56] Kyle meggyógyította Arkadij Zakharov játékost. (PLAYER:Kyle) (TARGET:Arkadij Zakharov) 
[2019-06-11 18:57] Kyle meggyógyította Taylor Vladimir játékost. (PLAYER:Kyle) (TARGET:Taylor Vladimir) 
[2019-06-11 19:02] Kyle meggyógyította Arkadij Zakharov játékost. (PLAYER:Kyle) (TARGET:Arkadij Zakharov) 
[2019-06-11 19:06] Nevils meggyógyította Lucifer D Santhe játékost. (PLAYER:Nevils) (TARGET:Lucifer D Santhe) 
