[2019-06-09 21:21] Zipoo adminjailbe rakta James Cambridge játékost. Idő: 60 Indok: munkajármű magáncélra használása + rp elhanyagolása (PLAYER:ISMERETLEN) (TARGET:) 
[2019-06-09 21:48] Atesz adminjailbe rakta Martin  G Everett játékost. Idő: 180 Indok: PM stílus (PLAYER:ISMERETLEN) (TARGET:) 
[2019-06-09 21:53] Rapid adminjailbe rakta Bradley  Martin játékost. Idő: 100 Indok: Rp megtagadás, PG (PLAYER:ISMERETLEN) (TARGET:) 
[2019-06-09 23:36] Dzserold adminjailbe rakta Hakim Monroe játékost. Idő: 60 Indok: DM (PLAYER:ISMERETLEN) (TARGET:) 
[2019-06-10 02:31] Rapid adminjailbe rakta Shox játékost. Idő: 1 Indok: Nem. (PLAYER:ISMERETLEN) (TARGET:) 
[2019-06-10 02:31] Shox adminjailbe rakta Rapid játékost. Idő: 30 Indok: nem (PLAYER:ISMERETLEN) (TARGET:) 
[2019-06-10 03:07] Shox adminjailbe rakta Opie Payne játékost. Idő: 120 Indok: Nonrp (PLAYER:ISMERETLEN) (TARGET:) 
[2019-06-10 03:07] Shox adminjailbe rakta William Chapman játékost. Idő: 120 Indok: Nonrp (PLAYER:ISMERETLEN) (TARGET:) 
[2019-06-10 10:09] Krisz adminjailbe rakta Marco Samuel játékost. Idő: 30 Indok: IC-OOC keverés "További szép játékot" (PLAYER:ISMERETLEN) (TARGET:) 
[2019-06-10 11:15] Zipoo adminjailbe rakta Matt Riddle játékost. Idő: 60 Indok: DM (PLAYER:ISMERETLEN) (TARGET:) 
[2019-06-10 11:37] Rapid adminjailbe rakta Levente Prokop játékost. Idő: 300 Indok: RP hiánya ütközéskor, Admin szidás (PLAYER:ISMERETLEN) (TARGET:) 
[2019-06-10 12:06] Rapid adminjailbe rakta Zsoltika2006 játékost. Idő: 999 Indok: Írj /pm-be egy nevet. (PLAYER:ISMERETLEN) (TARGET:) 
[2019-06-10 13:41] Süsü adminjailbe rakta Tamara Muranszky játékost. Idő: 5 Indok: Halálidő (PLAYER:ISMERETLEN) (TARGET:) 
[2019-06-10 13:41] Süsü adminjailbe rakta Tatjana Muranszky játékost. Idő: 5 Indok: halálidő (PLAYER:ISMERETLEN) (TARGET:) 
[2019-06-10 14:44] Shox adminjailbe rakta Frederico Armando játékost. Idő: 80 Indok: Nem lopod el a mentős kocsit (PLAYER:ISMERETLEN) (TARGET:) 
[2019-06-10 15:02] Süsü adminjailbe rakta Derecskei Milan játékost. Idő: 30 Indok: ic-ooc keverése (PLAYER:ISMERETLEN) (TARGET:) 
[2019-06-10 15:25] Süsü adminjailbe rakta Maya Neeves játékost. Idő: 30 Indok: IC-OOC keverése (PLAYER:ISMERETLEN) (TARGET:) 
[2019-06-10 16:37] FKGP adminjailbe rakta Michely Nicholson játékost. Idő: 30 Indok: nonos csomizás(https://youtu.be/dRK2t5D3WZ8) (PLAYER:ISMERETLEN) (TARGET:) 
[2019-06-10 16:52] Nevils adminjailbe rakta William Steawv játékost. Idő: 200 Indok: Frakció számla levétele / felhasználása saját szándékra (PLAYER:ISMERETLEN) (TARGET:) 
[2019-06-10 17:05] Atesz adminjailbe rakta Scott Barger játékost. Idő: 1 Indok: Bug (PLAYER:ISMERETLEN) (TARGET:) 
[2019-06-10 17:11] Rapid adminjailbe rakta Joseph Allen játékost. Idő: 25 Indok: OOC Rádiózás (PLAYER:ISMERETLEN) (TARGET:) 
[2019-06-10 17:30] Atesz adminjailbe rakta Bezim Armed játékost. Idő: 45 Indok: NonRP-s verekedés, NonRP-s csákány elővétel. (PLAYER:ISMERETLEN) (TARGET:) 
[2019-06-10 17:32] Atesz adminjailbe rakta Bezim Armed játékost. Idő: 80 Indok: NonRP-s verekedés, NonRP-s csákány elővétel, PM stílus (PLAYER:ISMERETLEN) (TARGET:) 
[2019-06-10 17:44] Rapid adminjailbe rakta Levente Prokop játékost. Idő: 220 Indok: Enyhítés [RP hiánya ütközéskor,Admin szidás] (PLAYER:ISMERETLEN) (TARGET:) 
[2019-06-10 18:04] FKGP adminjailbe rakta John Adams játékost. Idő: 30 Indok: nem fogod hasalva szedni a boxokat (PLAYER:ISMERETLEN) (TARGET:) 
[2019-06-10 18:05] Rapid adminjailbe rakta Jakow Cartel játékost. Idő: 60 Indok: PG (PLAYER:ISMERETLEN) (TARGET:) 
[2019-06-10 18:09] FKGP adminjailbe rakta John Adams játékost. Idő: 120 Indok: nem fogod hasalva szedni a boxokat + PG + civil nem megy fegyverhajóra (PLAYER:ISMERETLEN) (TARGET:) 
[2019-06-10 18:09] Rapid adminjailbe rakta Jakow Cartel játékost. Idő: 120 Indok: PG+Civil nem megy fegyverhajóra (PLAYER:ISMERETLEN) (TARGET:) 
[2019-06-10 18:16] Rapid adminjailbe rakta Frank Dewilson játékost. Idő: 60 Indok: MG (PLAYER:ISMERETLEN) (TARGET:) 
[2019-06-10 18:17] FKGP adminjailbe rakta John Adams játékost. Idő: 20 Indok: enyhítés (PLAYER:ISMERETLEN) (TARGET:) 
[2019-06-10 18:19] Rapid adminjailbe rakta Jakow Cartel játékost. Idő: 90 Indok: Enyhítés [PG, Nincs fegyverhajó civilnek] (PLAYER:ISMERETLEN) (TARGET:) 
[2019-06-10 18:48] sum1 adminjailbe rakta Greg S Simpson játékost. Idő: 10 Indok: RP hiánya ütközésnél. (PLAYER:ISMERETLEN) (TARGET:) 
[2019-06-10 18:57] Krisz adminjailbe rakta Francisco Bob játékost. Idő: 15 Indok: hanyag rp ütközésnél "megilyed" (PLAYER:ISMERETLEN) (TARGET:) 
[2019-06-10 19:16] Rapid adminjailbe rakta Opie Payne játékost. Idő: 7 Indok: Halálidő (PLAYER:ISMERETLEN) (TARGET:) 
[2019-06-10 19:37] Krisz adminjailbe rakta Fred Norman  játékost. Idő: 200 Indok: FK Jump (PLAYER:ISMERETLEN) (TARGET:) 
[2019-06-10 19:45] Krisz adminjailbe rakta Fred Norman  játékost. Idő: 90 Indok: enyhités (PLAYER:ISMERETLEN) (TARGET:) 
[2019-06-10 20:33] FKGP adminjailbe rakta Dominic Hops játékost. Idő: 60 Indok: Nonrp-s vezetés (PLAYER:ISMERETLEN) (TARGET:) 
[2019-06-10 20:37] Süsü adminjailbe rakta Francisco Bob játékost. Idő: 60 Indok: PG,db (PLAYER:ISMERETLEN) (TARGET:) 
[2019-06-10 21:01] Jashed Lane adminjailbe rakta Micheal Wade játékost. Idő: 150 Indok: ic/ooc keverése,nem rádiózol adminügy közben (PLAYER:ISMERETLEN) (TARGET:) 
[2019-06-10 22:19] Jashed Lane adminjailbe rakta Coolio Glover játékost. Idő: 120 Indok: IC Jail(FBI) (PLAYER:ISMERETLEN) (TARGET:) 
[2019-06-10 22:25] RaY adminjailbe rakta Bezim Armed játékost. Idő: 50 Indok: Nem mész el, adminügy közben (PLAYER:ISMERETLEN) (TARGET:) 
[2019-06-10 22:31] Gery adminjailbe rakta Bezim Armed játékost. Idő: 60 Indok: PG (PLAYER:ISMERETLEN) (TARGET:) 
[2019-06-10 22:39] FKGP adminjailbe rakta Dwayne B Laronce játékost. Idő: 30 Indok: PG (PLAYER:ISMERETLEN) (TARGET:) 
[2019-06-11 09:35] Gery adminjailbe rakta Matteo Muranszky játékost. Idő: 60 Indok: nem rádiózol megbilincsellve (PLAYER:ISMERETLEN) (TARGET:) 
[2019-06-11 09:35] Gery adminjailbe rakta Tatjana Muranszky játékost. Idő: 70 Indok: MG (PLAYER:ISMERETLEN) (TARGET:) 
[2019-06-11 12:42] Atesz adminjailbe rakta Francisco Bob játékost. Idő: 15 Indok: Játékostársad nem szemeteskuka (PLAYER:ISMERETLEN) (TARGET:) 
[2019-06-11 13:58] Dzserold adminjailbe rakta White Richard játékost. Idő: 45 Indok: "Enyhítés" (PLAYER:ISMERETLEN) (TARGET:) 
[2019-06-11 14:00] Dzserold adminjailbe rakta Venom Nitro játékost. Idő: 30 Indok: RP-ni kéne ütközésnél (PLAYER:ISMERETLEN) (TARGET:) 
[2019-06-11 14:02] Levente adminjailbe rakta Jake Mauren játékost. Idő: 60 Indok: Súlyos NON (PLAYER:ISMERETLEN) (TARGET:) 
[2019-06-11 14:10] Dzserold adminjailbe rakta George Hayek játékost. Idő: 60 Indok: IC OOC keverés (PLAYER:ISMERETLEN) (TARGET:) 
[2019-06-11 16:13] Süsü adminjailbe rakta Vladimir Sarah játékost. Idő: 60 Indok: Non (PLAYER:ISMERETLEN) (TARGET:) 
[2019-06-11 16:14] Süsü adminjailbe rakta Doug Thomas játékost. Idő: 60 Indok: Non (PLAYER:ISMERETLEN) (TARGET:) 
[2019-06-11 17:48] Rapid adminjailbe rakta Lakatos David játékost. Idő: 15 Indok: RP hiánya kiszedésnél. (PLAYER:ISMERETLEN) (TARGET:) 
[2019-06-11 18:01] SaSi adminjailbe rakta Jhon James játékost. Idő: 80 Indok: OOC szidás(Képpel bizonyítva) (PLAYER:ISMERETLEN) (TARGET:) 
[2019-06-11 18:39] Kyle adminjailbe rakta Randy Nazzaro játékost. Idő: 30 Indok: NonRP-s fegyverelővétel (PLAYER:ISMERETLEN) (TARGET:) 
[2019-06-11 18:43] Kyle adminjailbe rakta Dwayne B Laronce játékost. Idő: 15 Indok: Hanyag RP (PLAYER:ISMERETLEN) (TARGET:) 
[2019-06-11 19:12] Süsü adminjailbe rakta Matt Riddle játékost. Idő: 30 Indok: PG (PLAYER:ISMERETLEN) (TARGET:) 
[2019-06-11 19:24] Süsü adminjailbe rakta Dustin Brown játékost. Idő: 30 Indok: PG (PLAYER:ISMERETLEN) (TARGET:) 
