[2019-06-09 20:41] Rapid felsegített egy játékost:  Cristian D Dante. (PLAYER:Rapid) (TARGET:) 
[2019-06-09 20:42] Clark Melton felsegített egy játékost:  Clark Melton. (PLAYER:Csoki) (TARGET:) 
[2019-06-09 20:42] Clark Melton felsegített egy játékost:  Clark Melton. (PLAYER:Csoki) (TARGET:) 
[2019-06-09 20:54] Rapid felsegített egy játékost:  Jakow Cartel. (PLAYER:Rapid) (TARGET:) 
[2019-06-09 21:17] Rapid felsegített egy játékost:  Arkadij Zakharov. (PLAYER:Rapid) (TARGET:) 
[2019-06-09 21:23] Süsü felsegített egy játékost:  John Newell. (PLAYER:Süsü) (TARGET:) 
[2019-06-09 21:35] Esteban Santiago felsegített egy játékost:  Esteban Santiago. (PLAYER:Zsömi) (TARGET:) 
[2019-06-09 22:09] Shox felsegített egy játékost:  John Newell. (PLAYER:Shox) (TARGET:) 
[2019-06-09 23:33] Dzserold felsegített egy játékost:  Nagy Jorden. (PLAYER:Dzserold) (TARGET:) 
[2019-06-09 23:55] Dzserold felsegített egy játékost:  Borislaw Kashnikov. (PLAYER:Dzserold) (TARGET:) 
[2019-06-10 00:34] Shox felsegített egy játékost:  Wyde Riggs. (PLAYER:Shox) (TARGET:) 
[2019-06-10 01:02] Esteban Santiago felsegített egy játékost:  Jerold Brown. (PLAYER:Zsömi) (TARGET:) 
[2019-06-10 01:07] Esteban Santiago felsegített egy játékost:  Esteban Santiago. (PLAYER:Zsömi) (TARGET:) 
[2019-06-10 01:07] Esteban Santiago felsegített egy játékost:  Jerold Brown. (PLAYER:Zsömi) (TARGET:) 
[2019-06-10 01:19] Esteban Santiago felsegített egy játékost:  Esteban Santiago. (PLAYER:Zsömi) (TARGET:) 
[2019-06-10 01:19] Esteban Santiago felsegített egy játékost:  Jerold Brown. (PLAYER:Zsömi) (TARGET:) 
[2019-06-10 01:21] Shox felsegített egy játékost:  Hawk Violence. (PLAYER:Shox) (TARGET:) 
[2019-06-10 01:34] Esteban Santiago felsegített egy játékost:  Esteban Santiago. (PLAYER:Zsömi) (TARGET:) 
[2019-06-10 01:48] Pablo Santiago felsegített egy játékost:  Pablo Santiago. (PLAYER:ibacs) (TARGET:) 
[2019-06-10 01:48] Pablo Santiago felsegített egy játékost:  Pablo Santiago. (PLAYER:ibacs) (TARGET:) 
[2019-06-10 01:50] Pablo Santiago felsegített egy játékost:  Pablo Santiago. (PLAYER:ibacs) (TARGET:) 
[2019-06-10 01:50] Dzserold felsegített egy játékost:  Jerold Brown. (PLAYER:Dzserold) (TARGET:) 
[2019-06-10 01:53] Shox felsegített egy játékost:  Wyde Riggs. (PLAYER:Shox) (TARGET:) 
[2019-06-10 02:57] Shox felsegített egy játékost:  William Chapman. (PLAYER:Shox) (TARGET:) 
[2019-06-10 03:00] Esteban Santiago felsegített egy játékost:  Esteban Santiago. (PLAYER:Zsömi) (TARGET:) 
[2019-06-10 03:00] Esteban Santiago felsegített egy játékost:  Opie Payne. (PLAYER:Zsömi) (TARGET:) 
[2019-06-10 03:01] Rapid felsegített egy játékost:  Opie Payne. (PLAYER:Rapid) (TARGET:) 
[2019-06-10 03:46] Rapid felsegített egy játékost:  Opie Payne. (PLAYER:Rapid) (TARGET:) 
[2019-06-10 03:46] Rapid felsegített egy játékost:  William Chapman. (PLAYER:Rapid) (TARGET:) 
[2019-06-10 10:29] Kyle felsegített egy játékost:  Joey Convellano. (PLAYER:Kyle) (TARGET:) 
[2019-06-10 10:34] Kyle felsegített egy játékost:  Kevin De Felice. (PLAYER:Kyle) (TARGET:) 
[2019-06-10 10:50] Kyle felsegített egy játékost:  Raphael Conor. (PLAYER:Kyle) (TARGET:) 
[2019-06-10 11:12] Zipoo felsegített egy játékost:  Matt Riddle. (PLAYER:Zipoo) (TARGET:) 
[2019-06-10 11:15] Zipoo felsegített egy játékost:  Brian Fritz. (PLAYER:Zipoo) (TARGET:) 
[2019-06-10 11:15] Zipoo felsegített egy játékost:  Dante Matteo. (PLAYER:Zipoo) (TARGET:) 
[2019-06-10 11:15] Zipoo felsegített egy játékost:  Marco Samuel. (PLAYER:Zipoo) (TARGET:) 
[2019-06-10 11:15] Zipoo felsegített egy játékost:  Cambello Pietro. (PLAYER:Zipoo) (TARGET:) 
[2019-06-10 13:05] Süsü felsegített egy játékost:  Jasper Briant. (PLAYER:Süsü) (TARGET:) 
[2019-06-10 13:19] Süsü felsegített egy játékost:  Tatjana Muranszky. (PLAYER:Süsü) (TARGET:) 
[2019-06-10 13:36] Rapid felsegített egy játékost:  Tamara Muranszky. (PLAYER:Rapid) (TARGET:) 
[2019-06-10 13:36] Rapid felsegített egy játékost:  Tatjana Muranszky. (PLAYER:Rapid) (TARGET:) 
[2019-06-10 13:37] Kyle felsegített egy játékost:  Brian Fritz. (PLAYER:Kyle) (TARGET:) 
[2019-06-10 13:57] Rapid felsegített egy játékost:  Brian Fritz. (PLAYER:Rapid) (TARGET:) 
[2019-06-10 14:10] Dzserold felsegített egy játékost:  Stanley Price. (PLAYER:Dzserold) (TARGET:) 
[2019-06-10 14:13] Zsömi felsegített egy játékost:  Stanley Price. (PLAYER:Zsömi) (TARGET:) 
[2019-06-10 14:14] Zsömi felsegített egy játékost:  Jerold Brown. (PLAYER:Zsömi) (TARGET:) 
[2019-06-10 14:14] Zsömi felsegített egy játékost:  Stanley Price. (PLAYER:Zsömi) (TARGET:) 
[2019-06-10 14:16] Zsömi felsegített egy játékost:  Stanley Price. (PLAYER:Zsömi) (TARGET:) 
[2019-06-10 14:30] Jerold Brown felsegített egy játékost:  Stanley Price. (PLAYER:Dzserold) (TARGET:) 
[2019-06-10 14:36] Jashed Lane felsegített egy játékost:  Coolio Glover. (PLAYER:Shakur) (TARGET:) 
[2019-06-10 14:36] Jashed Lane felsegített egy játékost:  Coolio Glover. (PLAYER:Shakur) (TARGET:) 
[2019-06-10 14:36] Süsü felsegített egy játékost:  Anna Myers. (PLAYER:Süsü) (TARGET:) 
[2019-06-10 15:16] Shakur felsegített egy játékost:  Jerold Brown. (PLAYER:Shakur) (TARGET:) 
[2019-06-10 15:19] Jashed Lane felsegített egy játékost:  Jerold Brown. (PLAYER:Shakur) (TARGET:) 
[2019-06-10 16:10] Borislaw felsegített egy játékost:  Borislaw Kashnikov. (PLAYER:Borislaw) (TARGET:) 
[2019-06-10 16:10] Borislaw felsegített egy játékost:  Vladimir Lara. (PLAYER:Borislaw) (TARGET:) 
[2019-06-10 17:20] Krisz felsegített egy játékost:  John Frank. (PLAYER:Krisz) (TARGET:) 
[2019-06-10 17:22] sum1 felsegített egy játékost:  Stanley Price. (PLAYER:sum1) (TARGET:) 
[2019-06-10 17:23] Nevils felsegített egy játékost:  Lara Marino. (PLAYER:Nevils) (TARGET:) 
[2019-06-10 17:31] sum1 felsegített egy játékost:  Ethan Anderson. (PLAYER:sum1) (TARGET:) 
[2019-06-10 17:47] FKGP felsegített egy játékost:  Zach Teisler. (PLAYER:FKGP) (TARGET:) 
[2019-06-10 17:58] Levente felsegített egy játékost:  Keiichi D Lackwood. (PLAYER:Levente) (TARGET:) 
[2019-06-10 17:58] Levente felsegített egy játékost:  Lewis D Clark. (PLAYER:Levente) (TARGET:) 
[2019-06-10 17:58] Levente felsegített egy játékost:  Keiichi D Lackwood. (PLAYER:Levente) (TARGET:) 
[2019-06-10 18:02] Rapid felsegített egy játékost:  Vladimir Lara. (PLAYER:Rapid) (TARGET:) 
[2019-06-10 18:02] Rapid felsegített egy játékost:  Taylor Vladimir. (PLAYER:Rapid) (TARGET:) 
[2019-06-10 18:04] Rapid felsegített egy játékost:  Zahar Blohin. (PLAYER:Rapid) (TARGET:) 
[2019-06-10 18:04] Rapid felsegített egy játékost:  Taylor Vladimir. (PLAYER:Rapid) (TARGET:) 
[2019-06-10 18:06] Rapid felsegített egy játékost:  Vladimir Lara. (PLAYER:Rapid) (TARGET:) 
[2019-06-10 18:07] Rapid felsegített egy játékost:  Arina Orlov. (PLAYER:Rapid) (TARGET:) 
[2019-06-10 18:08] Levente felsegített egy játékost:  Keiichi D Lackwood. (PLAYER:Levente) (TARGET:) 
[2019-06-10 18:55] Lucifer D Santhe felsegített egy játékost:  Lucifer D Santhe. (PLAYER:Nevils) (TARGET:) 
[2019-06-10 19:05] Rapid felsegített egy játékost:  Opie Payne. (PLAYER:Rapid) (TARGET:) 
[2019-06-10 19:46] Alfonz felsegített egy játékost:  Gomes Torres. (PLAYER:Alfonz) (TARGET:) 
[2019-06-10 19:56] Levente felsegített egy játékost:  Keiichi D Lackwood. (PLAYER:Levente) (TARGET:) 
[2019-06-10 19:59] Alfonz felsegített egy játékost:  Keiichi D Lackwood. (PLAYER:Alfonz) (TARGET:) 
[2019-06-10 20:00] PeRy felsegített egy játékost:  Cambello Pietro. (PLAYER:PeRy) (TARGET:) 
[2019-06-10 20:01] Escobar S Cartel felsegített egy játékost:  Ethan Anderson. (PLAYER:Levente) (TARGET:) 
[2019-06-10 20:02] Alfonz felsegített egy játékost:  Cambello Pietro. (PLAYER:Alfonz) (TARGET:) 
[2019-06-10 20:07] Alfonz felsegített egy játékost:  Adrik Ivanov. (PLAYER:Alfonz) (TARGET:) 
[2019-06-10 20:35] Atesz felsegített egy játékost:  John Frank. (PLAYER:Atesz) (TARGET:) 
[2019-06-10 20:49] Alfonz felsegített egy játékost:  Arkadij Zakharov. (PLAYER:Alfonz) (TARGET:) 
[2019-06-10 20:52] sum1 felsegített egy játékost:  Keiichi D Lackwood. (PLAYER:sum1) (TARGET:) 
[2019-06-10 20:52] sum1 felsegített egy játékost:  Cambello Pietro. (PLAYER:sum1) (TARGET:) 
[2019-06-10 21:01] Atesz felsegített egy játékost:  John Peterson. (PLAYER:Atesz) (TARGET:) 
[2019-06-10 21:01] Rapid felsegített egy játékost:  Keiichi D Lackwood. (PLAYER:Rapid) (TARGET:) 
[2019-06-10 21:02] Rapid felsegített egy játékost:  Ethan Anderson. (PLAYER:Rapid) (TARGET:) 
[2019-06-10 21:11] Levente felsegített egy játékost:  Ethan Anderson. (PLAYER:Levente) (TARGET:) 
[2019-06-10 21:17] Alfonz felsegített egy játékost:  Coolio Glover. (PLAYER:Alfonz) (TARGET:) 
[2019-06-10 21:28] Atesz felsegített egy játékost:  Francisco Lopez. (PLAYER:Atesz) (TARGET:) 
[2019-06-10 21:43] Dzserold felsegített egy játékost:  Jerold Brown. (PLAYER:Dzserold) (TARGET:) 
[2019-06-10 21:50] Coolio Glover felsegített egy játékost:  Coolio Glover. (PLAYER:Alfonz) (TARGET:) 
[2019-06-10 21:54] Dzserold felsegített egy játékost:  Mike Brown. (PLAYER:Dzserold) (TARGET:) 
[2019-06-10 22:19] RaY felsegített egy játékost:  Bezim Armed. (PLAYER:RaY) (TARGET:) 
[2019-06-10 22:45] FKGP felsegített egy játékost:  Francisco Matheus. (PLAYER:FKGP) (TARGET:) 
[2019-06-10 23:17] SaSi felsegített egy játékost:  Jashed Lane. (PLAYER:SaSi) (TARGET:) 
[2019-06-10 23:48] Dzserold felsegített egy játékost:  Jerold Brown. (PLAYER:Dzserold) (TARGET:) 
[2019-06-10 23:48] FKGP felsegített egy játékost:  Capone Salvatore. (PLAYER:FKGP) (TARGET:) 
[2019-06-10 23:49] FKGP felsegített egy játékost:  Capone Salvatore. (PLAYER:FKGP) (TARGET:) 
[2019-06-11 01:20] Pablo Santiago felsegített egy játékost:  Dwayne David. (PLAYER:ibacs) (TARGET:) 
[2019-06-11 01:20] Pablo Santiago felsegített egy játékost:  Troy Williams. (PLAYER:ibacs) (TARGET:) 
[2019-06-11 09:17] Gery felsegített egy játékost:  Matteo Muranszky. (PLAYER:Gery) (TARGET:) 
[2019-06-11 09:33] Gery felsegített egy játékost:  Kevin De Felice. (PLAYER:Gery) (TARGET:) 
[2019-06-11 10:23] Dzserold felsegített egy játékost:  Michely Nicholson. (PLAYER:Dzserold) (TARGET:) 
[2019-06-11 14:29] Levente felsegített egy játékost:  Cody Cartel. (PLAYER:Levente) (TARGET:) 
[2019-06-11 15:01] FKGP felsegített egy játékost:  Capone Salvatore. (PLAYER:FKGP) (TARGET:) 
[2019-06-11 15:19] Süsü felsegített egy játékost:  Gomes Torres. (PLAYER:Süsü) (TARGET:) 
[2019-06-11 16:16] Cameron B Qwens felsegített egy játékost:  Cameron B Qwens. (PLAYER:Kyle) (TARGET:) 
[2019-06-11 16:22] Borislaw felsegített egy játékost:  Bryan D Lackwood. (PLAYER:Borislaw) (TARGET:) 
[2019-06-11 17:01] SaSi felsegített egy játékost:  Francisco Lopez. (PLAYER:SaSi) (TARGET:) 
[2019-06-11 17:09] Kyle felsegített egy játékost:  Francisco Lopez. (PLAYER:Kyle) (TARGET:) 
[2019-06-11 17:23] Rapid felsegített egy játékost:  Raphael Scott. (PLAYER:Rapid) (TARGET:) 
[2019-06-11 17:34] Kyle felsegített egy játékost:  Matthew D Smith. (PLAYER:Kyle) (TARGET:) 
[2019-06-11 17:40] Borislaw felsegített egy játékost:  Gomes Torres. (PLAYER:Borislaw) (TARGET:) 
[2019-06-11 17:40] Borislaw felsegített egy játékost:  Gomes Torres. (PLAYER:Borislaw) (TARGET:) 
[2019-06-11 17:43] Borislaw felsegített egy játékost:  Alexander Fiola. (PLAYER:Borislaw) (TARGET:) 
[2019-06-11 17:45] Rapid felsegített egy játékost:  Francisco Matheus. (PLAYER:Rapid) (TARGET:) 
[2019-06-11 17:52] Jerold Brown felsegített egy játékost:  Arina Orlov. (PLAYER:Dzserold) (TARGET:) 
[2019-06-11 18:09] SaSi felsegített egy játékost:  Kevin De Felice. (PLAYER:SaSi) (TARGET:) 
[2019-06-11 18:34] Levente felsegített egy játékost:  Sam Will. (PLAYER:Levente) (TARGET:) 
[2019-06-11 18:36] Levente felsegített egy játékost:  Sam Will. (PLAYER:Levente) (TARGET:) 
[2019-06-11 18:38] Süsü felsegített egy játékost:  Gomes Torres. (PLAYER:Süsü) (TARGET:) 
[2019-06-11 18:40] Süsü felsegített egy játékost:  Bryan D Lackwood. (PLAYER:Süsü) (TARGET:) 
[2019-06-11 18:40] Süsü felsegített egy játékost:  Ryan D Lackwood. (PLAYER:Süsü) (TARGET:) 
[2019-06-11 18:40] Süsü felsegített egy játékost:  Gomes Torres. (PLAYER:Süsü) (TARGET:) 
[2019-06-11 18:52] Jashed Lane felsegített egy játékost:  Jashed Lane. (PLAYER:Shakur) (TARGET:) 
[2019-06-11 18:55] Kyle felsegített egy játékost:  Ryan D Lackwood. (PLAYER:Kyle) (TARGET:) 
[2019-06-11 18:55] Kyle felsegített egy játékost:  Bryan D Lackwood. (PLAYER:Kyle) (TARGET:) 
[2019-06-11 19:08] Süsü felsegített egy játékost:  Pavel Belov. (PLAYER:Süsü) (TARGET:) 
[2019-06-11 19:09] Süsü felsegített egy játékost:  Matt Riddle. (PLAYER:Süsü) (TARGET:) 
[2019-06-11 19:11] Desmond Dos felsegített egy játékost:  Desmond Dos. (PLAYER:Gery) (TARGET:) 
[2019-06-11 19:12] Desmond Dos felsegített egy játékost:  Desmond Dos. (PLAYER:Gery) (TARGET:) 
[2019-06-11 19:13] Süsü felsegített egy játékost:  Zahar Blohin. (PLAYER:Süsü) (TARGET:) 
[2019-06-11 19:20] Süsü felsegített egy játékost:  Vladislaw Carlo. (PLAYER:Süsü) (TARGET:) 
[2019-06-11 19:24] Süsü felsegített egy játékost:  Borislaw Kashnikov. (PLAYER:Süsü) (TARGET:) 
[2019-06-11 19:24] Süsü felsegített egy játékost:  Adrik Ivanov. (PLAYER:Süsü) (TARGET:) 
[2019-06-11 19:24] Süsü felsegített egy játékost:  Bryan D Lackwood. (PLAYER:Süsü) (TARGET:) 
[2019-06-11 19:24] Süsü felsegített egy játékost:  Dustin Brown. (PLAYER:Süsü) (TARGET:) 
[2019-06-11 19:26] Süsü felsegített egy játékost:  Vladimir Sarah. (PLAYER:Süsü) (TARGET:) 
