[2019-06-09 20:31] Süsü fixelte Süsü járművét. (PLAYER:Süsü) (TARGET:John Adek) 
[2019-06-09 20:33] Süsü fixelte Carlos Howard járművét. (PLAYER:Süsü) (TARGET:Carlos Howard) 
[2019-06-09 20:42] Süsü fixelte Capone Salvatore járművét. (PLAYER:Süsü) (TARGET:Capone Salvatore) 
[2019-06-09 20:43] Csoki fixelte a saját járművét. (PLAYER:Csoki) (TARGET:) 
[2019-06-09 20:44] Süsü fixelte Steven Moore járművét. (PLAYER:Süsü) (TARGET:Steven Moore) 
[2019-06-09 20:47] Süsü fixelte Leonardo Accardo járművét. (PLAYER:Süsü) (TARGET:Leonardo Accardo) 
[2019-06-09 20:50] Süsü fixelte Carlos Howard járművét. (PLAYER:Süsü) (TARGET:Carlos Howard) 
[2019-06-09 20:50] Csoki fixelte a saját járművét. (PLAYER:Csoki) (TARGET:) 
[2019-06-09 20:54] Süsü fixelte Jerold Brown járművét. (PLAYER:Süsü) (TARGET:Jerold Brown) 
[2019-06-09 20:56] Süsü fixelte Steven Moore járművét. (PLAYER:Süsü) (TARGET:Steven Moore) 
[2019-06-09 21:00] Süsü fixelte Rapid járművét. (PLAYER:Süsü) (TARGET:Cristian D Dante) 
[2019-06-09 21:04] Süsü fixelte Mike Teisler járművét. (PLAYER:Süsü) (TARGET:Mike Teisler) 
[2019-06-09 21:05] Süsü fixelte Steven Moore járművét. (PLAYER:Süsü) (TARGET:Steven Moore) 
[2019-06-09 21:06] Süsü fixelte Süsü járművét. (PLAYER:Süsü) (TARGET:John Adek) 
[2019-06-09 21:12] Süsü fixelte Süsü járművét. (PLAYER:Süsü) (TARGET:John Adek) 
[2019-06-09 21:20] Süsü fixelte Zipoo járművét. (PLAYER:Süsü) (TARGET:Steven Moore) 
[2019-06-09 21:21] ibacs fixelte ibacs járművét. (PLAYER:ibacs) (TARGET:Pablo Santiago) 
[2019-06-09 21:24] Süsü fixelte White Richard járművét. (PLAYER:Süsü) (TARGET:White Richard) 
[2019-06-09 21:29] Atesz fixelte Rapid járművét. (PLAYER:Atesz) (TARGET:Cristian D Dante) 
[2019-06-09 21:32] Zsömi fixelte Esteban Santiago járművét. (PLAYER:Zsömi) (TARGET:Esteban Santiago) 
[2019-06-09 21:32] Süsü fixelte Süsü járművét. (PLAYER:Süsü) (TARGET:John Adek) 
[2019-06-09 21:33] Süsü fixelte Süsü járművét. (PLAYER:Süsü) (TARGET:John Adek) 
[2019-06-09 21:40] Atesz fixelte Carlos Howard járművét. (PLAYER:Atesz) (TARGET:Carlos Howard) 
[2019-06-09 21:43] Atesz fixelte Rapid járművét. (PLAYER:Atesz) (TARGET:Cristian D Dante) 
[2019-06-09 21:59] Zsömi fixelte Esteban Santiago járművét. (PLAYER:Zsömi) (TARGET:Esteban Santiago) 
[2019-06-09 22:26] Atesz fixelte Mike Teisler járművét. (PLAYER:Atesz) (TARGET:Mike Teisler) 
[2019-06-09 22:49] Atesz fixelte Barnabás Igo járművét. (PLAYER:Atesz) (TARGET:Barnabás Igo) 
[2019-06-09 23:36] Dzserold fixelte Gomes Torres járművét. (PLAYER:Dzserold) (TARGET:Gomes Torres) 
[2019-06-09 23:37] Dzserold fixelte a saját járművét. (PLAYER:Dzserold) (TARGET:) 
[2019-06-09 23:38] Dzserold fixelte Mack Allen járművét. (PLAYER:Dzserold) (TARGET:Mack Allen) 
[2019-06-10 00:42] Zsömi fixelte Jerold Brown járművét. (PLAYER:Zsömi) (TARGET:Jerold Brown) 
[2019-06-10 00:52] Zsömi fixelte Jerold Brown járművét. (PLAYER:Zsömi) (TARGET:Jerold Brown) 
[2019-06-10 00:54] Zsömi fixelte Jerold Brown járművét. (PLAYER:Zsömi) (TARGET:Jerold Brown) 
[2019-06-10 00:55] Zsömi fixelte Jerold Brown járművét. (PLAYER:Zsömi) (TARGET:Jerold Brown) 
[2019-06-10 00:56] Dzserold fixelte Opie Payne járművét. (PLAYER:Dzserold) (TARGET:Opie Payne) 
[2019-06-10 00:57] Zsömi fixelte Borislaw Kashnikov járművét. (PLAYER:Zsömi) (TARGET:Borislaw Kashnikov) 
[2019-06-10 00:57] Zsömi fixelte Jerold Brown járművét. (PLAYER:Zsömi) (TARGET:Jerold Brown) 
[2019-06-10 00:57] Zsömi fixelte Jerold Brown járművét. (PLAYER:Zsömi) (TARGET:Jerold Brown) 
[2019-06-10 00:58] Zsömi fixelte Jerold Brown járművét. (PLAYER:Zsömi) (TARGET:Jerold Brown) 
[2019-06-10 00:59] Zsömi fixelte Jerold Brown járművét. (PLAYER:Zsömi) (TARGET:Jerold Brown) 
[2019-06-10 01:00] Zsömi fixelte Jerold Brown járművét. (PLAYER:Zsömi) (TARGET:Jerold Brown) 
[2019-06-10 01:00] Zsömi fixelte William Chapman járművét. (PLAYER:Zsömi) (TARGET:William Chapman) 
[2019-06-10 01:01] Zsömi fixelte Jerold Brown járművét. (PLAYER:Zsömi) (TARGET:Jerold Brown) 
[2019-06-10 01:01] Zsömi fixelte Jerold Brown járművét. (PLAYER:Zsömi) (TARGET:Jerold Brown) 
[2019-06-10 01:06] Zsömi fixelte William Chapman járművét. (PLAYER:Zsömi) (TARGET:William Chapman) 
[2019-06-10 01:07] Zsömi fixelte Jerold Brown járművét. (PLAYER:Zsömi) (TARGET:Jerold Brown) 
[2019-06-10 01:07] Zsömi fixelte Esteban Santiago járművét. (PLAYER:Zsömi) (TARGET:Esteban Santiago) 
[2019-06-10 01:08] Zsömi fixelte Jerold Brown járművét. (PLAYER:Zsömi) (TARGET:Jerold Brown) 
[2019-06-10 01:10] Zsömi fixelte Jerold Brown járművét. (PLAYER:Zsömi) (TARGET:Jerold Brown) 
[2019-06-10 01:11] Zsömi fixelte Jerold Brown járművét. (PLAYER:Zsömi) (TARGET:Jerold Brown) 
[2019-06-10 01:12] Zsömi fixelte Jerold Brown járművét. (PLAYER:Zsömi) (TARGET:Jerold Brown) 
[2019-06-10 01:13] Zsömi fixelte Jerold Brown járművét. (PLAYER:Zsömi) (TARGET:Jerold Brown) 
[2019-06-10 01:15] Zsömi fixelte a saját járművét. (PLAYER:Zsömi) (TARGET:) 
[2019-06-10 01:15] Zsömi fixelte Jerold Brown járművét. (PLAYER:Zsömi) (TARGET:Jerold Brown) 
[2019-06-10 01:17] Shox fixelte Esteban Santiago járművét. (PLAYER:Shox) (TARGET:Esteban Santiago) 
[2019-06-10 01:18] Shox fixelte Esteban Santiago járművét. (PLAYER:Shox) (TARGET:Esteban Santiago) 
[2019-06-10 01:18] Shox fixelte Esteban Santiago járművét. (PLAYER:Shox) (TARGET:Esteban Santiago) 
[2019-06-10 01:21] Shox fixelte Candelaria Muches járművét. (PLAYER:Shox) (TARGET:Candelaria Muches) 
[2019-06-10 01:23] Zsömi fixelte Jerold Brown járművét. (PLAYER:Zsömi) (TARGET:Jerold Brown) 
[2019-06-10 01:28] Dzserold fixelte Gomes Torres járművét. (PLAYER:Dzserold) (TARGET:Gomes Torres) 
[2019-06-10 01:28] Shox fixelte Shox járművét. (PLAYER:Shox) (TARGET:Wyde Riggs) 
[2019-06-10 01:29] Shox fixelte Shox járművét. (PLAYER:Shox) (TARGET:Wyde Riggs) 
[2019-06-10 01:30] Shox fixelte Rapid járművét. (PLAYER:Shox) (TARGET:Cristian D Dante) 
[2019-06-10 01:33] Zsömi fixelte Rapid járművét. (PLAYER:Zsömi) (TARGET:Cristian D Dante) 
[2019-06-10 01:34] Zsömi fixelte Rapid járművét. (PLAYER:Zsömi) (TARGET:Cristian D Dante) 
[2019-06-10 01:34] Zsömi fixelte Rapid járművét. (PLAYER:Zsömi) (TARGET:Cristian D Dante) 
[2019-06-10 01:36] Zsömi fixelte Rapid járművét. (PLAYER:Zsömi) (TARGET:Cristian D Dante) 
[2019-06-10 01:45] Zsömi fixelte Pablo Santiago járművét. (PLAYER:Zsömi) (TARGET:Pablo Santiago) 
[2019-06-10 01:45] Zsömi fixelte Esteban Santiago járművét. (PLAYER:Zsömi) (TARGET:Esteban Santiago) 
[2019-06-10 01:56] Dzserold fixelte William Chapman járművét. (PLAYER:Dzserold) (TARGET:William Chapman) 
[2019-06-10 02:02] ibacs fixelte Pablo Santiago járművét. (PLAYER:ibacs) (TARGET:Pablo Santiago) 
[2019-06-10 02:13] ibacs fixelte Pablo Santiago járművét. (PLAYER:ibacs) (TARGET:Pablo Santiago) 
[2019-06-10 02:20] ibacs fixelte Pablo Santiago járművét. (PLAYER:ibacs) (TARGET:Pablo Santiago) 
[2019-06-10 02:45] ibacs fixelte Rapid járművét. (PLAYER:ibacs) (TARGET:Cristian D Dante) 
[2019-06-10 02:58] Zsömi fixelte Esteban Santiago járművét. (PLAYER:Zsömi) (TARGET:Esteban Santiago) 
[2019-06-10 02:59] Zsömi fixelte Shox járművét. (PLAYER:Zsömi) (TARGET:Wyde Riggs) 
[2019-06-10 02:59] Shox fixelte Esteban Santiago járművét. (PLAYER:Shox) (TARGET:Esteban Santiago) 
[2019-06-10 02:59] Zsömi fixelte Opie Payne járművét. (PLAYER:Zsömi) (TARGET:Opie Payne) 
[2019-06-10 03:01] Zsömi fixelte Opie Payne járművét. (PLAYER:Zsömi) (TARGET:Opie Payne) 
[2019-06-10 03:01] Zsömi fixelte Shox járművét. (PLAYER:Zsömi) (TARGET:Wyde Riggs) 
[2019-06-10 03:05] Zsömi fixelte Esteban Santiago járművét. (PLAYER:Zsömi) (TARGET:Esteban Santiago) 
[2019-06-10 03:06] Zsömi fixelte Esteban Santiago járművét. (PLAYER:Zsömi) (TARGET:Esteban Santiago) 
[2019-06-10 03:08] Zsömi fixelte Esteban Santiago járművét. (PLAYER:Zsömi) (TARGET:Esteban Santiago) 
[2019-06-10 03:09] Zsömi fixelte Esteban Santiago járművét. (PLAYER:Zsömi) (TARGET:Esteban Santiago) 
[2019-06-10 03:09] Zsömi fixelte Esteban Santiago járművét. (PLAYER:Zsömi) (TARGET:Esteban Santiago) 
[2019-06-10 03:11] Shox fixelte Esteban Santiago járművét. (PLAYER:Shox) (TARGET:Esteban Santiago) 
[2019-06-10 03:11] Zsömi fixelte Esteban Santiago járművét. (PLAYER:Zsömi) (TARGET:Esteban Santiago) 
[2019-06-10 03:11] Shox fixelte Zsömi járművét. (PLAYER:Shox) (TARGET:Esteban Santiago) 
[2019-06-10 03:11] Zsömi fixelte Zsömi járművét. (PLAYER:Zsömi) (TARGET:Esteban Santiago) 
[2019-06-10 03:12] Zsömi fixelte Zsömi járművét. (PLAYER:Zsömi) (TARGET:Esteban Santiago) 
[2019-06-10 03:12] Shox fixelte Zsömi járművét. (PLAYER:Shox) (TARGET:Esteban Santiago) 
[2019-06-10 03:13] Zsömi fixelte Zsömi járművét. (PLAYER:Zsömi) (TARGET:Esteban Santiago) 
[2019-06-10 03:13] Shox fixelte Zsömi járművét. (PLAYER:Shox) (TARGET:Esteban Santiago) 
[2019-06-10 03:15] Shox fixelte Zsömi járművét. (PLAYER:Shox) (TARGET:Esteban Santiago) 
[2019-06-10 03:15] Shox fixelte Zsömi járművét. (PLAYER:Shox) (TARGET:Esteban Santiago) 
[2019-06-10 03:16] Shox fixelte Zsömi járművét. (PLAYER:Shox) (TARGET:Esteban Santiago) 
[2019-06-10 03:17] Shox fixelte Zsömi járművét. (PLAYER:Shox) (TARGET:Esteban Santiago) 
[2019-06-10 03:19] Shox fixelte Zsömi járművét. (PLAYER:Shox) (TARGET:Esteban Santiago) 
[2019-06-10 03:20] Shox fixelte Zsömi járművét. (PLAYER:Shox) (TARGET:Esteban Santiago) 
[2019-06-10 03:21] Shox fixelte Esteban Santiago járművét. (PLAYER:Shox) (TARGET:Esteban Santiago) 
[2019-06-10 03:22] Shox fixelte Esteban Santiago járművét. (PLAYER:Shox) (TARGET:Esteban Santiago) 
[2019-06-10 03:22] Shox fixelte Esteban Santiago járművét. (PLAYER:Shox) (TARGET:Esteban Santiago) 
[2019-06-10 03:22] Shox fixelte Esteban Santiago járművét. (PLAYER:Shox) (TARGET:Esteban Santiago) 
[2019-06-10 03:23] Shox fixelte Esteban Santiago járművét. (PLAYER:Shox) (TARGET:Esteban Santiago) 
[2019-06-10 03:24] Shox fixelte Esteban Santiago járművét. (PLAYER:Shox) (TARGET:Esteban Santiago) 
[2019-06-10 03:24] Shox fixelte Esteban Santiago járművét. (PLAYER:Shox) (TARGET:Esteban Santiago) 
[2019-06-10 03:24] Shox fixelte Esteban Santiago járművét. (PLAYER:Shox) (TARGET:Esteban Santiago) 
[2019-06-10 03:24] Shox fixelte Esteban Santiago járművét. (PLAYER:Shox) (TARGET:Esteban Santiago) 
[2019-06-10 03:25] Shox fixelte Esteban Santiago járművét. (PLAYER:Shox) (TARGET:Esteban Santiago) 
[2019-06-10 03:26] Shox fixelte Esteban Santiago járművét. (PLAYER:Shox) (TARGET:Esteban Santiago) 
[2019-06-10 03:26] Shox fixelte Esteban Santiago járművét. (PLAYER:Shox) (TARGET:Esteban Santiago) 
[2019-06-10 03:28] Shox fixelte Esteban Santiago járművét. (PLAYER:Shox) (TARGET:Esteban Santiago) 
[2019-06-10 03:29] Shox fixelte Esteban Santiago járművét. (PLAYER:Shox) (TARGET:Esteban Santiago) 
[2019-06-10 03:31] Shox fixelte Esteban Santiago járművét. (PLAYER:Shox) (TARGET:Esteban Santiago) 
[2019-06-10 03:31] Shox fixelte Esteban Santiago járművét. (PLAYER:Shox) (TARGET:Esteban Santiago) 
[2019-06-10 03:32] Shox fixelte Esteban Santiago járművét. (PLAYER:Shox) (TARGET:Esteban Santiago) 
[2019-06-10 03:33] Shox fixelte Esteban Santiago járművét. (PLAYER:Shox) (TARGET:Esteban Santiago) 
[2019-06-10 03:34] Shox fixelte Esteban Santiago járművét. (PLAYER:Shox) (TARGET:Esteban Santiago) 
[2019-06-10 03:37] Shox fixelte Shox járművét. (PLAYER:Shox) (TARGET:Wyde Riggs) 
[2019-06-10 03:37] Shox fixelte Shox járművét. (PLAYER:Shox) (TARGET:Wyde Riggs) 
[2019-06-10 03:38] Shox fixelte Shox járművét. (PLAYER:Shox) (TARGET:Wyde Riggs) 
[2019-06-10 03:38] Shox fixelte Shox járművét. (PLAYER:Shox) (TARGET:Wyde Riggs) 
[2019-06-10 03:38] Shox fixelte Shox járművét. (PLAYER:Shox) (TARGET:Wyde Riggs) 
[2019-06-10 03:39] Shox fixelte Shox járművét. (PLAYER:Shox) (TARGET:Wyde Riggs) 
[2019-06-10 03:39] Shox fixelte Shox járművét. (PLAYER:Shox) (TARGET:Wyde Riggs) 
[2019-06-10 03:40] Shox fixelte Shox járművét. (PLAYER:Shox) (TARGET:Wyde Riggs) 
[2019-06-10 03:40] Shox fixelte Shox járművét. (PLAYER:Shox) (TARGET:Wyde Riggs) 
[2019-06-10 03:40] Shox fixelte Shox járművét. (PLAYER:Shox) (TARGET:Wyde Riggs) 
[2019-06-10 03:41] Shox fixelte Shox járművét. (PLAYER:Shox) (TARGET:Wyde Riggs) 
[2019-06-10 07:20] Atesz fixelte Greg S Simpson járművét. (PLAYER:Atesz) (TARGET:Greg S Simpson) 
[2019-06-10 07:27] Atesz fixelte Kevin S Simpson járművét. (PLAYER:Atesz) (TARGET:Kevin S Simpson) 
[2019-06-10 07:52] Atesz fixelte a saját járművét. (PLAYER:Atesz) (TARGET:) 
[2019-06-10 08:13] Atesz fixelte Zipoo járművét. (PLAYER:Atesz) (TARGET:Steven Moore) 
[2019-06-10 09:51] Shakur fixelte a saját járművét. (PLAYER:Shakur) (TARGET:) 
[2019-06-10 09:58] Shakur fixelte Mack Allen járművét. (PLAYER:Shakur) (TARGET:Mack Allen) 
[2019-06-10 10:06] Shakur fixelte Krisz járművét. (PLAYER:Shakur) (TARGET:Lara Marino) 
[2019-06-10 10:09] Shakur fixelte a saját járművét. (PLAYER:Shakur) (TARGET:) 
[2019-06-10 10:10] Shakur fixelte a saját járművét. (PLAYER:Shakur) (TARGET:) 
[2019-06-10 10:15] Shakur fixelte a saját járművét. (PLAYER:Shakur) (TARGET:) 
[2019-06-10 10:17] Shakur fixelte Kyle járművét. (PLAYER:Shakur) (TARGET:Aziz Ervin) 
[2019-06-10 10:25] Shakur fixelte a saját járművét. (PLAYER:Shakur) (TARGET:) 
[2019-06-10 10:51] Shakur fixelte a saját járművét. (PLAYER:Shakur) (TARGET:) 
[2019-06-10 10:57] Shakur fixelte Kyle járművét. (PLAYER:Shakur) (TARGET:Aziz Ervin) 
[2019-06-10 11:36] Shakur fixelte Niken Twist járművét. (PLAYER:Shakur) (TARGET:Niken Twist) 
[2019-06-10 11:36] Shakur fixelte Coolio Glover járművét. (PLAYER:Shakur) (TARGET:Coolio Glover) 
[2019-06-10 11:46] Shakur fixelte a saját járművét. (PLAYER:Shakur) (TARGET:) 
[2019-06-10 12:21] Zsömi fixelte Raphael Scott járművét. (PLAYER:Zsömi) (TARGET:Raphael Scott) 
[2019-06-10 12:24] Zsömi fixelte Raphael Scott járművét. (PLAYER:Zsömi) (TARGET:Raphael Scott) 
[2019-06-10 13:14] Süsü fixelte Süsü járművét. (PLAYER:Süsü) (TARGET:Moore Adek) 
[2019-06-10 13:32] Zsömi fixelte Brian Hardwick járművét. (PLAYER:Zsömi) (TARGET:Brian Hardwick) 
[2019-06-10 13:35] Zsömi fixelte Stanley Hardwick járművét. (PLAYER:Zsömi) (TARGET:Stanley Hardwick) 
[2019-06-10 13:40] Zsömi fixelte Daniel S Simpson járművét. (PLAYER:Zsömi) (TARGET:Daniel S Simpson) 
[2019-06-10 14:11] Dzserold fixelte a saját járművét. (PLAYER:Dzserold) (TARGET:) 
[2019-06-10 14:13] Süsü fixelte Süsü járművét. (PLAYER:Süsü) (TARGET:Moore Adek) 
[2019-06-10 14:14] Süsü fixelte Leonardo Accardo járművét. (PLAYER:Süsü) (TARGET:Leonardo Accardo) 
[2019-06-10 14:15] Süsü fixelte Vasily Orlov járművét. (PLAYER:Süsü) (TARGET:Vasily Orlov) 
[2019-06-10 14:43] Süsü fixelte Süsü járművét. (PLAYER:Süsü) (TARGET:Moore Adek) 
[2019-06-10 14:44] Süsü fixelte Süsü járművét. (PLAYER:Süsü) (TARGET:Moore Adek) 
[2019-06-10 14:45] Süsü fixelte Süsü járművét. (PLAYER:Süsü) (TARGET:Moore Adek) 
[2019-06-10 14:47] Süsü fixelte Süsü járművét. (PLAYER:Süsü) (TARGET:Moore Adek) 
[2019-06-10 14:49] Süsü fixelte Carlos Howard járművét. (PLAYER:Süsü) (TARGET:Carlos Howard) 
[2019-06-10 14:58] Süsü fixelte Süsü járművét. (PLAYER:Süsü) (TARGET:Moore Adek) 
[2019-06-10 14:59] Süsü fixelte Vasily Orlov járművét. (PLAYER:Süsü) (TARGET:Vasily Orlov) 
[2019-06-10 15:13] Shakur fixelte a saját járművét. (PLAYER:Shakur) (TARGET:) 
[2019-06-10 15:28] Dzserold fixelte Greg S Simpson járművét. (PLAYER:Dzserold) (TARGET:Greg S Simpson) 
[2019-06-10 15:41] Dzserold fixelte Greg S Simpson járművét. (PLAYER:Dzserold) (TARGET:Greg S Simpson) 
[2019-06-10 15:42] Süsü fixelte Süsü járművét. (PLAYER:Süsü) (TARGET:Moore Adek) 
[2019-06-10 15:45] Shakur fixelte Denzel járművét. (PLAYER:Shakur) (TARGET:Tazwell Reese) 
[2019-06-10 15:54] Shakur fixelte a saját járművét. (PLAYER:Shakur) (TARGET:) 
[2019-06-10 15:56] Süsü fixelte Süsü járművét. (PLAYER:Süsü) (TARGET:Moore Adek) 
[2019-06-10 15:56] Süsü fixelte Süsü járművét. (PLAYER:Süsü) (TARGET:Moore Adek) 
[2019-06-10 15:58] Zsömi fixelte sum1 járművét. (PLAYER:Zsömi) (TARGET:Stanley Price) 
[2019-06-10 16:14] Süsü fixelte Greg S Simpson járművét. (PLAYER:Süsü) (TARGET:Greg S Simpson) 
[2019-06-10 16:16] Shakur fixelte a saját járművét. (PLAYER:Shakur) (TARGET:) 
[2019-06-10 16:16] Shakur fixelte a saját járművét. (PLAYER:Shakur) (TARGET:) 
[2019-06-10 16:16] Shakur fixelte a saját járművét. (PLAYER:Shakur) (TARGET:) 
[2019-06-10 16:17] Shakur fixelte a saját járművét. (PLAYER:Shakur) (TARGET:) 
[2019-06-10 16:21] Shakur fixelte a saját járművét. (PLAYER:Shakur) (TARGET:) 
[2019-06-10 16:21] Shakur fixelte a saját járművét. (PLAYER:Shakur) (TARGET:) 
[2019-06-10 16:23] Atesz fixelte Rostislav Zakharov járművét. (PLAYER:Atesz) (TARGET:Rostislav Zakharov) 
[2019-06-10 16:46] Shakur fixelte a saját járművét. (PLAYER:Shakur) (TARGET:) 
[2019-06-10 16:47] Süsü fixelte Greg S Simpson járművét. (PLAYER:Süsü) (TARGET:Greg S Simpson) 
[2019-06-10 16:54] Levente fixelte a saját járművét. (PLAYER:Levente) (TARGET:) 
[2019-06-10 16:56] Süsü fixelte Zahar Blohin járművét. (PLAYER:Süsü) (TARGET:Zahar Blohin) 
[2019-06-10 17:10] Atesz fixelte Greg S Simpson járművét. (PLAYER:Atesz) (TARGET:Greg S Simpson) 
[2019-06-10 17:26] Atesz fixelte Carlos Howard járművét. (PLAYER:Atesz) (TARGET:Carlos Howard) 
[2019-06-10 17:36] Levente fixelte a saját járművét. (PLAYER:Levente) (TARGET:) 
[2019-06-10 17:37] Levente fixelte a saját járművét. (PLAYER:Levente) (TARGET:) 
[2019-06-10 17:41] Levente fixelte Greg S Simpson járművét. (PLAYER:Levente) (TARGET:Greg S Simpson) 
[2019-06-10 17:44] Levente fixelte a saját járművét. (PLAYER:Levente) (TARGET:) 
[2019-06-10 17:45] Levente fixelte a saját járművét. (PLAYER:Levente) (TARGET:) 
[2019-06-10 17:48] Levente fixelte Jakow Cartel járművét. (PLAYER:Levente) (TARGET:Jakow Cartel) 
[2019-06-10 17:54] Atesz fixelte George Hayek járművét. (PLAYER:Atesz) (TARGET:George Hayek) 
[2019-06-10 18:13] Levente fixelte Stan S Simpson járművét. (PLAYER:Levente) (TARGET:Stan S Simpson) 
[2019-06-10 18:14] Levente fixelte Opie Payne járművét. (PLAYER:Levente) (TARGET:Opie Payne) 
[2019-06-10 18:18] Levente fixelte a saját járművét. (PLAYER:Levente) (TARGET:) 
[2019-06-10 18:18] Levente fixelte a saját járművét. (PLAYER:Levente) (TARGET:) 
[2019-06-10 18:38] Atesz fixelte Ben Zieler járművét. (PLAYER:Atesz) (TARGET:Ben Zieler) 
[2019-06-10 18:55] Krisz fixelte Rapid járművét. (PLAYER:Krisz) (TARGET:Cristian D Dante) 
[2019-06-10 19:05] Krisz fixelte Clara Siony járművét. (PLAYER:Krisz) (TARGET:Clara Siony) 
[2019-06-10 19:11] Levente fixelte a saját járművét. (PLAYER:Levente) (TARGET:) 
[2019-06-10 19:12] Levente fixelte a saját járművét. (PLAYER:Levente) (TARGET:) 
[2019-06-10 19:13] Levente fixelte a saját járművét. (PLAYER:Levente) (TARGET:) 
[2019-06-10 19:14] Levente fixelte a saját járművét. (PLAYER:Levente) (TARGET:) 
[2019-06-10 19:15] Shakur fixelte a saját járművét. (PLAYER:Shakur) (TARGET:) 
[2019-06-10 19:16] Shakur fixelte a saját járművét. (PLAYER:Shakur) (TARGET:) 
[2019-06-10 19:22] Dzserold fixelte Carlos Howard járművét. (PLAYER:Dzserold) (TARGET:Carlos Howard) 
[2019-06-10 19:26] Shakur fixelte Cordozar Calvin járművét. (PLAYER:Shakur) (TARGET:Cordozar Calvin) 
[2019-06-10 19:29] Süsü fixelte Adrik Ivanov járművét. (PLAYER:Süsü) (TARGET:Adrik Ivanov) 
[2019-06-10 19:31] Shakur fixelte William Chapman járművét. (PLAYER:Shakur) (TARGET:William Chapman) 
[2019-06-10 19:33] Shakur fixelte Carlos Howard járművét. (PLAYER:Shakur) (TARGET:Carlos Howard) 
[2019-06-10 19:34] Süsü fixelte Ben Zieler járművét. (PLAYER:Süsü) (TARGET:Ben Zieler) 
[2019-06-10 19:44] Dzserold fixelte Neak Uzzia járművét. (PLAYER:Dzserold) (TARGET:Neak Uzzia) 
[2019-06-10 19:47] Krisz fixelte Greg S Simpson járművét. (PLAYER:Krisz) (TARGET:Greg S Simpson) 
[2019-06-10 19:55] Atesz fixelte Stan S Simpson járművét. (PLAYER:Atesz) (TARGET:Stan S Simpson) 
[2019-06-10 20:01] Atesz fixelte Arkadij Zakharov járművét. (PLAYER:Atesz) (TARGET:Arkadij Zakharov) 
[2019-06-10 20:17] Shakur fixelte sum1 járművét. (PLAYER:Shakur) (TARGET:Stanley Price) 
[2019-06-10 20:33] Zsömi fixelte Arina Orlov járművét. (PLAYER:Zsömi) (TARGET:Arina Orlov) 
[2019-06-10 20:49] Süsü fixelte Süsü járművét. (PLAYER:Süsü) (TARGET:Moore Adek) 
[2019-06-10 20:52] Süsü fixelte Süsü járművét. (PLAYER:Süsü) (TARGET:Moore Adek) 
[2019-06-10 20:54] Zipoo fixelte Zipoo járművét. (PLAYER:Zipoo) (TARGET:Xefande Tiberia) 
[2019-06-10 20:54] Levente fixelte Keiichi D Lackwood járművét. (PLAYER:Levente) (TARGET:Keiichi D Lackwood) 
[2019-06-10 20:55] Kyle fixelte a saját járművét. (PLAYER:Kyle) (TARGET:) 
[2019-06-10 20:55] Kyle fixelte Kyle járművét. (PLAYER:Kyle) (TARGET:Cameron B Qwens) 
[2019-06-10 20:56] Zipoo fixelte Zipoo járművét. (PLAYER:Zipoo) (TARGET:Xefande Tiberia) 
[2019-06-10 20:59] Kyle fixelte Kyle járművét. (PLAYER:Kyle) (TARGET:Cameron B Qwens) 
[2019-06-10 21:00] Kyle fixelte Kyle járművét. (PLAYER:Kyle) (TARGET:Cameron B Qwens) 
[2019-06-10 21:10] Shakur fixelte a saját járművét. (PLAYER:Shakur) (TARGET:) 
[2019-06-10 21:10] Shakur fixelte a saját járművét. (PLAYER:Shakur) (TARGET:) 
[2019-06-10 21:11] Shakur fixelte a saját járművét. (PLAYER:Shakur) (TARGET:) 
[2019-06-10 21:11] Levente fixelte Ethan Anderson járművét. (PLAYER:Levente) (TARGET:Ethan Anderson) 
[2019-06-10 21:16] PeRy fixelte Carlos Howard járművét. (PLAYER:PeRy) (TARGET:Carlos Howard) 
[2019-06-10 21:18] Zsömi fixelte Esteban Santiago járművét. (PLAYER:Zsömi) (TARGET:Esteban Santiago) 
[2019-06-10 21:23] Shakur fixelte Escobar S Cartel járművét. (PLAYER:Shakur) (TARGET:Escobar S Cartel) 
[2019-06-10 21:23] Shakur fixelte a saját járművét. (PLAYER:Shakur) (TARGET:) 
[2019-06-10 21:24] Zipoo fixelte Pavel Belov járművét. (PLAYER:Zipoo) (TARGET:Pavel Belov) 
[2019-06-10 21:24] Shakur fixelte a saját járművét. (PLAYER:Shakur) (TARGET:) 
[2019-06-10 21:28] Shakur fixelte a saját járművét. (PLAYER:Shakur) (TARGET:) 
[2019-06-10 21:34] Atesz fixelte Stan S Simpson járművét. (PLAYER:Atesz) (TARGET:Stan S Simpson) 
[2019-06-10 21:36] Süsü fixelte Greg S Simpson járművét. (PLAYER:Süsü) (TARGET:Greg S Simpson) 
[2019-06-10 21:40] Rapid fixelte Candelaria Muches járművét. (PLAYER:Rapid) (TARGET:Candelaria Muches) 
[2019-06-10 21:43] Rapid fixelte a saját járművét. (PLAYER:Rapid) (TARGET:) 
[2019-06-10 21:43] Atesz fixelte John Adams járművét. (PLAYER:Atesz) (TARGET:John Adams) 
[2019-06-10 21:51] Dzserold fixelte Carlos Howard járművét. (PLAYER:Dzserold) (TARGET:Carlos Howard) 
[2019-06-10 21:52] Dzserold fixelte a saját járművét. (PLAYER:Dzserold) (TARGET:) 
[2019-06-10 21:52] Dzserold fixelte a saját járművét. (PLAYER:Dzserold) (TARGET:) 
[2019-06-10 21:52] Dzserold fixelte a saját járművét. (PLAYER:Dzserold) (TARGET:) 
[2019-06-10 21:53] Dzserold fixelte a saját járművét. (PLAYER:Dzserold) (TARGET:) 
[2019-06-10 21:56] Levente fixelte a saját járművét. (PLAYER:Levente) (TARGET:) 
[2019-06-10 21:57] Rapid fixelte a saját járművét. (PLAYER:Rapid) (TARGET:) 
[2019-06-10 21:59] Rapid fixelte a saját járművét. (PLAYER:Rapid) (TARGET:) 
[2019-06-10 22:03] RaY fixelte Francisco Lopez járművét. (PLAYER:RaY) (TARGET:Francisco Lopez) 
[2019-06-10 22:15] RaY fixelte Dwayne B Laronce járművét. (PLAYER:RaY) (TARGET:Dwayne B Laronce) 
[2019-06-10 22:34] Shakur fixelte a saját járművét. (PLAYER:Shakur) (TARGET:) 
[2019-06-10 22:35] Shakur fixelte a saját járművét. (PLAYER:Shakur) (TARGET:) 
[2019-06-10 22:38] Shakur fixelte a saját járművét. (PLAYER:Shakur) (TARGET:) 
[2019-06-10 22:39] Shakur fixelte Tazwell Reese járművét. (PLAYER:Shakur) (TARGET:Tazwell Reese) 
[2019-06-10 22:40] Shakur fixelte a saját járművét. (PLAYER:Shakur) (TARGET:) 
[2019-06-10 22:40] Shakur fixelte a saját járművét. (PLAYER:Shakur) (TARGET:) 
[2019-06-10 22:40] Shakur fixelte Denzel járművét. (PLAYER:Shakur) (TARGET:Tazwell Reese) 
[2019-06-10 22:42] Shakur fixelte a saját járművét. (PLAYER:Shakur) (TARGET:) 
[2019-06-10 22:42] Shakur fixelte Tazwell Reese járművét. (PLAYER:Shakur) (TARGET:Tazwell Reese) 
[2019-06-10 22:44] Shakur fixelte a saját járművét. (PLAYER:Shakur) (TARGET:) 
[2019-06-10 22:46] Shakur fixelte Tazwell Reese járművét. (PLAYER:Shakur) (TARGET:Tazwell Reese) 
[2019-06-10 22:48] Shakur fixelte a saját járművét. (PLAYER:Shakur) (TARGET:) 
[2019-06-10 22:50] Shakur fixelte a saját járművét. (PLAYER:Shakur) (TARGET:) 
[2019-06-10 22:50] Shakur fixelte a saját járművét. (PLAYER:Shakur) (TARGET:) 
[2019-06-10 22:50] Shakur fixelte Tazwell Reese járművét. (PLAYER:Shakur) (TARGET:Tazwell Reese) 
[2019-06-10 22:53] Shakur fixelte a saját járművét. (PLAYER:Shakur) (TARGET:) 
[2019-06-10 22:55] Shakur fixelte a saját járművét. (PLAYER:Shakur) (TARGET:) 
[2019-06-10 22:57] Shakur fixelte a saját járművét. (PLAYER:Shakur) (TARGET:) 
[2019-06-10 22:58] Shakur fixelte Denzel járművét. (PLAYER:Shakur) (TARGET:Tazwell Reese) 
[2019-06-10 23:18] SaSi fixelte Anthony Hardwick járművét. (PLAYER:SaSi) (TARGET:Anthony Hardwick) 
[2019-06-10 23:53] Dzserold fixelte Greg S Simpson járművét. (PLAYER:Dzserold) (TARGET:Greg S Simpson) 
[2019-06-11 01:23] ibacs fixelte ibacs járművét. (PLAYER:ibacs) (TARGET:Pablo Santiago) 
[2019-06-11 01:23] ibacs fixelte ibacs járművét. (PLAYER:ibacs) (TARGET:Pablo Santiago) 
[2019-06-11 09:45] Dzserold fixelte Michely Nicholson járművét. (PLAYER:Dzserold) (TARGET:Michely Nicholson) 
[2019-06-11 09:46] Dzserold fixelte Michely Nicholson járművét. (PLAYER:Dzserold) (TARGET:Michely Nicholson) 
[2019-06-11 09:56] Dzserold fixelte Greg S Simpson járművét. (PLAYER:Dzserold) (TARGET:Greg S Simpson) 
[2019-06-11 09:59] Süsü fixelte Süsü járművét. (PLAYER:Süsü) (TARGET:Moore Adek) 
[2019-06-11 10:11] Dzserold fixelte Dzserold járművét. (PLAYER:Dzserold) (TARGET:Jerold Brown) 
[2019-06-11 10:17] Zipoo fixelte Zipoo járművét. (PLAYER:Zipoo) (TARGET:Xefande Tiberia) 
[2019-06-11 10:17] Süsü fixelte Zipoo járművét. (PLAYER:Süsü) (TARGET:Xefande Tiberia) 
[2019-06-11 10:17] Zipoo fixelte Süsü járművét. (PLAYER:Zipoo) (TARGET:Moore Adek) 
[2019-06-11 10:17] Süsü fixelte Süsü járművét. (PLAYER:Süsü) (TARGET:Moore Adek) 
[2019-06-11 10:20] Süsü fixelte Süsü járművét. (PLAYER:Süsü) (TARGET:Moore Adek) 
[2019-06-11 10:44] Zipoo fixelte Greg S Simpson járművét. (PLAYER:Zipoo) (TARGET:Greg S Simpson) 
[2019-06-11 10:44] Zipoo fixelte Greg S Simpson járművét. (PLAYER:Zipoo) (TARGET:Greg S Simpson) 
[2019-06-11 10:44] Zipoo fixelte Greg S Simpson járművét. (PLAYER:Zipoo) (TARGET:Greg S Simpson) 
[2019-06-11 10:44] Zipoo fixelte Zipoo járművét. (PLAYER:Zipoo) (TARGET:Xefande Tiberia) 
[2019-06-11 10:46] Zipoo fixelte Zipoo járművét. (PLAYER:Zipoo) (TARGET:Xefande Tiberia) 
[2019-06-11 10:46] Zipoo fixelte Zipoo járművét. (PLAYER:Zipoo) (TARGET:Xefande Tiberia) 
[2019-06-11 10:47] Zipoo fixelte Zipoo járművét. (PLAYER:Zipoo) (TARGET:Xefande Tiberia) 
[2019-06-11 10:48] Zipoo fixelte Zipoo járművét. (PLAYER:Zipoo) (TARGET:Xefande Tiberia) 
[2019-06-11 10:49] Zipoo fixelte Zipoo járművét. (PLAYER:Zipoo) (TARGET:Xefande Tiberia) 
[2019-06-11 10:52] Zipoo fixelte Zipoo járművét. (PLAYER:Zipoo) (TARGET:Xefande Tiberia) 
[2019-06-11 10:56] Zipoo fixelte Zipoo járművét. (PLAYER:Zipoo) (TARGET:Xefande Tiberia) 
[2019-06-11 10:56] Zipoo fixelte Greg S Simpson járművét. (PLAYER:Zipoo) (TARGET:Greg S Simpson) 
[2019-06-11 10:57] Zipoo fixelte Zipoo járművét. (PLAYER:Zipoo) (TARGET:Xefande Tiberia) 
[2019-06-11 11:10] Zipoo fixelte Zipoo járművét. (PLAYER:Zipoo) (TARGET:Xefande Tiberia) 
[2019-06-11 11:12] Zipoo fixelte Zipoo járművét. (PLAYER:Zipoo) (TARGET:Xefande Tiberia) 
[2019-06-11 11:18] Zipoo fixelte Zipoo járművét. (PLAYER:Zipoo) (TARGET:Xefande Tiberia) 
[2019-06-11 11:19] Zipoo fixelte Zipoo járművét. (PLAYER:Zipoo) (TARGET:Xefande Tiberia) 
[2019-06-11 12:51] Süsü fixelte Süsü járművét. (PLAYER:Süsü) (TARGET:Adek Tiberia) 
[2019-06-11 13:05] Atesz fixelte Michely Nicholson járművét. (PLAYER:Atesz) (TARGET:Michely Nicholson) 
[2019-06-11 13:06] Zipoo fixelte Zipoo járművét. (PLAYER:Zipoo) (TARGET:Xefande Tiberia) 
[2019-06-11 13:18] Zipoo fixelte Zipoo járművét. (PLAYER:Zipoo) (TARGET:Xefande Tiberia) 
[2019-06-11 13:18] Zipoo fixelte Zipoo járművét. (PLAYER:Zipoo) (TARGET:Xefande Tiberia) 
[2019-06-11 13:18] Zipoo fixelte Zipoo járművét. (PLAYER:Zipoo) (TARGET:Xefande Tiberia) 
[2019-06-11 14:03] Dzserold fixelte Max Sanchez járművét. (PLAYER:Dzserold) (TARGET:Max Sanchez) 
[2019-06-11 14:06] Levente fixelte a saját járművét. (PLAYER:Levente) (TARGET:) 
[2019-06-11 14:13] Levente fixelte a saját járművét. (PLAYER:Levente) (TARGET:) 
[2019-06-11 14:37] PeRy fixelte PeRy járművét. (PLAYER:PeRy) (TARGET:Peter Taylor) 
[2019-06-11 14:44] PeRy fixelte PeRy járművét. (PLAYER:PeRy) (TARGET:Peter Taylor) 
[2019-06-11 14:55] Zipoo fixelte Zipoo járművét. (PLAYER:Zipoo) (TARGET:Xefande Tiberia) 
[2019-06-11 14:58] Zipoo fixelte Zipoo járművét. (PLAYER:Zipoo) (TARGET:Xefande Tiberia) 
[2019-06-11 14:58] Zipoo fixelte Zipoo járművét. (PLAYER:Zipoo) (TARGET:Xefande Tiberia) 
[2019-06-11 15:15] Levente fixelte a saját járművét. (PLAYER:Levente) (TARGET:) 
[2019-06-11 15:24] Rapid fixelte a saját járművét. (PLAYER:Rapid) (TARGET:) 
[2019-06-11 15:26] Süsü fixelte Dwayne B Laronce járművét. (PLAYER:Süsü) (TARGET:Dwayne B Laronce) 
[2019-06-11 15:26] Rapid fixelte a saját járművét. (PLAYER:Rapid) (TARGET:) 
[2019-06-11 15:29] Süsü fixelte Süsü járművét. (PLAYER:Süsü) (TARGET:Adek Tiberia) 
[2019-06-11 15:29] Dzserold fixelte a saját járművét. (PLAYER:Dzserold) (TARGET:) 
[2019-06-11 15:31] Rapid fixelte a saját járművét. (PLAYER:Rapid) (TARGET:) 
[2019-06-11 15:32] Süsü fixelte Dwayne B Laronce járművét. (PLAYER:Süsü) (TARGET:Dwayne B Laronce) 
[2019-06-11 15:32] Zipoo fixelte Zipoo járművét. (PLAYER:Zipoo) (TARGET:Xefande Tiberia) 
[2019-06-11 15:38] Levente fixelte Jerold Brown járművét. (PLAYER:Levente) (TARGET:Jerold Brown) 
[2019-06-11 15:40] Süsü fixelte Peter Newkinson járművét. (PLAYER:Süsü) (TARGET:Peter Newkinson) 
[2019-06-11 15:40] Dzserold fixelte Kevin De Felice járművét. (PLAYER:Dzserold) (TARGET:Kevin De Felice) 
[2019-06-11 15:41] Nevils fixelte a saját járművét. (PLAYER:Nevils) (TARGET:) 
[2019-06-11 15:41] Zipoo fixelte Zipoo járművét. (PLAYER:Zipoo) (TARGET:Xefande Tiberia) 
[2019-06-11 15:42] Zipoo fixelte Zipoo járművét. (PLAYER:Zipoo) (TARGET:Xefande Tiberia) 
[2019-06-11 15:43] Zipoo fixelte Zipoo járművét. (PLAYER:Zipoo) (TARGET:Xefande Tiberia) 
[2019-06-11 15:43] Dzserold fixelte Daniel S Simpson járművét. (PLAYER:Dzserold) (TARGET:Daniel S Simpson) 
[2019-06-11 15:44] Zipoo fixelte Zipoo járművét. (PLAYER:Zipoo) (TARGET:Xefande Tiberia) 
[2019-06-11 15:45] Zipoo fixelte David Cross járművét. (PLAYER:Zipoo) (TARGET:David Cross) 
[2019-06-11 15:45] Zipoo fixelte Gomes Torres járművét. (PLAYER:Zipoo) (TARGET:Gomes Torres) 
[2019-06-11 15:46] Zipoo fixelte Zipoo járművét. (PLAYER:Zipoo) (TARGET:Xefande Tiberia) 
[2019-06-11 15:47] Zipoo fixelte Zipoo járművét. (PLAYER:Zipoo) (TARGET:Xefande Tiberia) 
[2019-06-11 15:53] Dzserold fixelte Barnabás Igo járművét. (PLAYER:Dzserold) (TARGET:Barnabás Igo) 
[2019-06-11 15:54] Süsü fixelte Süsü járművét. (PLAYER:Süsü) (TARGET:Adek Tiberia) 
[2019-06-11 16:02] Süsü fixelte Süsü járművét. (PLAYER:Süsü) (TARGET:Adek Tiberia) 
[2019-06-11 16:09] Shakur fixelte a saját járművét. (PLAYER:Shakur) (TARGET:) 
[2019-06-11 16:14] Süsü fixelte Borislaw Kashnikov járművét. (PLAYER:Süsü) (TARGET:Borislaw Kashnikov) 
[2019-06-11 16:15] Rapid fixelte Travers Giacometti járművét. (PLAYER:Rapid) (TARGET:Travers Giacometti) 
[2019-06-11 16:16] Shakur fixelte a saját járművét. (PLAYER:Shakur) (TARGET:) 
[2019-06-11 16:22] Rapid fixelte Zahar Blohin járművét. (PLAYER:Rapid) (TARGET:Zahar Blohin) 
[2019-06-11 16:23] Rapid fixelte Victor Tauzmann járművét. (PLAYER:Rapid) (TARGET:Victor Tauzmann) 
[2019-06-11 16:33] Kyle fixelte Kyle járművét. (PLAYER:Kyle) (TARGET:Cameron B Qwens) 
[2019-06-11 16:51] Shakur fixelte a saját járművét. (PLAYER:Shakur) (TARGET:) 
[2019-06-11 16:55] PeRy fixelte PeRy járművét. (PLAYER:PeRy) (TARGET:Peter Taylor) 
[2019-06-11 16:57] Shakur fixelte a saját járművét. (PLAYER:Shakur) (TARGET:) 
[2019-06-11 16:59] SaSi fixelte a saját járművét. (PLAYER:SaSi) (TARGET:) 
[2019-06-11 17:00] Süsü fixelte Süsü járművét. (PLAYER:Süsü) (TARGET:Adek Tiberia) 
[2019-06-11 17:00] SaSi fixelte Bryan D Lackwood járművét. (PLAYER:SaSi) (TARGET:Bryan D Lackwood) 
[2019-06-11 17:01] Süsü fixelte Süsü járművét. (PLAYER:Süsü) (TARGET:Adek Tiberia) 
[2019-06-11 17:01] SaSi fixelte a saját járművét. (PLAYER:SaSi) (TARGET:) 
[2019-06-11 17:03] Kyle fixelte Kyle járművét. (PLAYER:Kyle) (TARGET:Cameron B Qwens) 
[2019-06-11 17:04] Kyle fixelte Kyle járművét. (PLAYER:Kyle) (TARGET:Cameron B Qwens) 
[2019-06-11 17:04] Dzserold fixelte Kevin S Simpson járművét. (PLAYER:Dzserold) (TARGET:Kevin S Simpson) 
[2019-06-11 17:06] Kyle fixelte Lakatos David járművét. (PLAYER:Kyle) (TARGET:Lakatos David) 
[2019-06-11 17:07] Süsü fixelte Peter Taylor járművét. (PLAYER:Süsü) (TARGET:Peter Taylor) 
[2019-06-11 17:07] Süsü fixelte Süsü járművét. (PLAYER:Süsü) (TARGET:Adek Tiberia) 
[2019-06-11 17:08] Dzserold fixelte Borislaw Kashnikov járművét. (PLAYER:Dzserold) (TARGET:Borislaw Kashnikov) 
[2019-06-11 17:09] Kyle fixelte Daniel S Simpson járművét. (PLAYER:Kyle) (TARGET:Daniel S Simpson) 
[2019-06-11 17:11] Kyle fixelte Kyle járművét. (PLAYER:Kyle) (TARGET:Cameron B Qwens) 
[2019-06-11 17:12] Kyle fixelte Kyle járművét. (PLAYER:Kyle) (TARGET:Cameron B Qwens) 
[2019-06-11 17:15] Kyle fixelte Kyle járművét. (PLAYER:Kyle) (TARGET:Cameron B Qwens) 
[2019-06-11 17:16] Rapid fixelte Mack Allen járművét. (PLAYER:Rapid) (TARGET:Mack Allen) 
[2019-06-11 17:20] Rapid fixelte Michely Nicholson járművét. (PLAYER:Rapid) (TARGET:Michely Nicholson) 
[2019-06-11 17:22] Rapid fixelte Travers Giacometti járművét. (PLAYER:Rapid) (TARGET:Travers Giacometti) 
[2019-06-11 17:24] Rapid fixelte Candelaria Muches járművét. (PLAYER:Rapid) (TARGET:Candelaria Muches) 
[2019-06-11 17:24] Kyle fixelte Kyle járművét. (PLAYER:Kyle) (TARGET:Cameron B Qwens) 
[2019-06-11 17:24] Rapid fixelte Alina Natasha járművét. (PLAYER:Rapid) (TARGET:Alina Natasha) 
[2019-06-11 17:25] Kyle fixelte Lakatos David járművét. (PLAYER:Kyle) (TARGET:Lakatos David) 
[2019-06-11 17:25] Rapid fixelte Alina Natasha járművét. (PLAYER:Rapid) (TARGET:Alina Natasha) 
[2019-06-11 17:25] Süsü fixelte Süsü járművét. (PLAYER:Süsü) (TARGET:Adek Tiberia) 
[2019-06-11 17:26] Kyle fixelte Kyle járművét. (PLAYER:Kyle) (TARGET:Cameron B Qwens) 
[2019-06-11 17:32] Kyle fixelte Travers Giacometti járművét. (PLAYER:Kyle) (TARGET:Travers Giacometti) 
[2019-06-11 17:34] Dzserold fixelte a saját járművét. (PLAYER:Dzserold) (TARGET:) 
[2019-06-11 17:36] Süsü fixelte Dwayne B Laronce járművét. (PLAYER:Süsü) (TARGET:Dwayne B Laronce) 
[2019-06-11 17:42] Rapid fixelte Michely Nicholson járművét. (PLAYER:Rapid) (TARGET:Michely Nicholson) 
[2019-06-11 17:44] Dzserold fixelte a saját járművét. (PLAYER:Dzserold) (TARGET:) 
[2019-06-11 17:45] Kyle fixelte Kyle járművét. (PLAYER:Kyle) (TARGET:Cameron B Qwens) 
[2019-06-11 17:45] Kyle fixelte Kyle járművét. (PLAYER:Kyle) (TARGET:Cameron B Qwens) 
[2019-06-11 17:48] Levente fixelte Peter Newkinson járművét. (PLAYER:Levente) (TARGET:Peter Newkinson) 
[2019-06-11 17:48] Kyle fixelte Kyle járművét. (PLAYER:Kyle) (TARGET:Cameron B Qwens) 
[2019-06-11 17:50] Kyle fixelte Kyle járművét. (PLAYER:Kyle) (TARGET:Cameron B Qwens) 
[2019-06-11 17:53] Süsü fixelte Süsü járművét. (PLAYER:Süsü) (TARGET:Adek Tiberia) 
[2019-06-11 17:54] Rapid fixelte Opie Payne járművét. (PLAYER:Rapid) (TARGET:Opie Payne) 
[2019-06-11 17:55] Levente fixelte Greg Sanders járművét. (PLAYER:Levente) (TARGET:Greg Sanders) 
[2019-06-11 17:55] Kyle fixelte Kyle járművét. (PLAYER:Kyle) (TARGET:Cameron B Qwens) 
[2019-06-11 17:59] Levente fixelte a saját járművét. (PLAYER:Levente) (TARGET:) 
[2019-06-11 18:08] Süsü fixelte Carl Dewilson járművét. (PLAYER:Süsü) (TARGET:Carl Dewilson) 
[2019-06-11 18:12] Shakur fixelte Gery járművét. (PLAYER:Shakur) (TARGET:Desmond Dos) 
[2019-06-11 18:13] Kyle fixelte Kyle járművét. (PLAYER:Kyle) (TARGET:Cameron B Qwens) 
[2019-06-11 18:14] Kyle fixelte Kyle járművét. (PLAYER:Kyle) (TARGET:Cameron B Qwens) 
[2019-06-11 18:16] Kyle fixelte Kyle járművét. (PLAYER:Kyle) (TARGET:Cameron B Qwens) 
[2019-06-11 18:24] Kyle fixelte Rostislav Zakharov járművét. (PLAYER:Kyle) (TARGET:Rostislav Zakharov) 
[2019-06-11 18:27] Kyle fixelte Ronald Mardel járművét. (PLAYER:Kyle) (TARGET:Ronald Mardel) 
[2019-06-11 18:27] Kyle fixelte Ronald Mardel járművét. (PLAYER:Kyle) (TARGET:Ronald Mardel) 
[2019-06-11 18:29] Kyle fixelte Kyle járművét. (PLAYER:Kyle) (TARGET:Cameron B Qwens) 
[2019-06-11 18:48] Süsü fixelte Süsü járművét. (PLAYER:Süsü) (TARGET:Adek Tiberia) 
[2019-06-11 18:56] Levente fixelte Joseph Allen járművét. (PLAYER:Levente) (TARGET:Joseph Allen) 
[2019-06-11 19:05] Süsü fixelte Sam Will járművét. (PLAYER:Süsü) (TARGET:Sam Will) 
[2019-06-11 19:11] Dzserold fixelte Borislaw Kashnikov járművét. (PLAYER:Dzserold) (TARGET:Borislaw Kashnikov) 
[2019-06-11 19:14] Dzserold fixelte Borislaw járművét. (PLAYER:Dzserold) (TARGET:Borislaw Kashnikov) 
[2019-06-11 19:16] Dzserold fixelte a saját járművét. (PLAYER:Dzserold) (TARGET:) 
