[2019-06-09 21:24] ibacs állitotta ibacs pp-ét (100000 PP ) (PLAYER:ibacs) (TARGET:Pablo Santiago) 
[2019-06-09 21:28] ibacs állitotta ibacs pp-ét (73000 PP ) (PLAYER:ibacs) (TARGET:Pablo Santiago) 
[2019-06-09 21:28] ibacs állitotta ibacs pp-ét (0 PP ) (PLAYER:ibacs) (TARGET:Pablo Santiago) 
[2019-06-09 21:39] ibacs állitotta ibacs pp-ét (100000 PP ) (PLAYER:ibacs) (TARGET:Pablo Santiago) 
[2019-06-09 21:39] ibacs állitotta ibacs pp-ét (0 PP ) (PLAYER:ibacs) (TARGET:Pablo Santiago) 
[2019-06-10 10:33] Shakur megváltoztatta Niken Twist adminsegéd szintjét Játékos > Ideiglenes Adminsegéd (PLAYER:Shakur) (TARGET:Niken Twist) 
[2019-06-10 10:34] Shakur megváltoztatta Coolio Glover adminsegéd szintjét Játékos > Ideiglenes Adminsegéd (PLAYER:Shakur) (TARGET:Coolio Glover) 
[2019-06-10 13:45] Shakur megváltoztatta Daniel S Simpson adminsegéd szintjét Játékos > Adminsegéd (PLAYER:Shakur) (TARGET:Daniel S Simpson) 
[2019-06-10 14:47] Shakur megváltoztatta Wyde Riggs adminsegéd szintjét Admin 2 > Játékos (PLAYER:Shakur) (TARGET:Wyde Riggs) 
[2019-06-10 15:06] Shakur megváltoztatta Coolio Glover adminsegéd szintjét Játékos > Ideiglenes Adminsegéd (PLAYER:Shakur) (TARGET:Coolio Glover) 
[2019-06-10 15:07] Shakur megváltoztatta Tazwell Reese adminsegéd szintjét Játékos > Ideiglenes Adminsegéd (PLAYER:Shakur) (TARGET:Tazwell Reese) 
[2019-06-10 15:20] Shakur megváltoztatta Jerold Brown adminsegéd szintjét Admin 3 > Játékos (PLAYER:Shakur) (TARGET:Jerold Brown) 
[2019-06-10 15:21] Shakur megváltoztatta Stan S Simpson adminsegéd szintjét Játékos > Ideiglenes Adminsegéd (PLAYER:Shakur) (TARGET:Stan S Simpson) 
[2019-06-10 15:21] Shakur megváltoztatta Leonardo Accardo adminsegéd szintjét Játékos > Ideiglenes Adminsegéd (PLAYER:Shakur) (TARGET:Leonardo Accardo) 
[2019-06-10 15:22] Shakur megváltoztatta Leonardo Accardo adminsegéd szintjét Ideiglenes Adminsegéd > Játékos (PLAYER:Shakur) (TARGET:Leonardo Accardo) 
[2019-06-10 15:22] Shakur megváltoztatta William Chapman adminsegéd szintjét Játékos > Ideiglenes Adminsegéd (PLAYER:Shakur) (TARGET:William Chapman) 
[2019-06-10 15:28] Shakur megváltoztatta Coolio Glover adminsegéd szintjét Ideiglenes Adminsegéd > Adminsegéd (PLAYER:Shakur) (TARGET:Coolio Glover) 
[2019-06-10 17:34] Nevils megváltoztatta Lara Marino adminsegéd szintjét Adminsegéd > Játékos (PLAYER:Nevils) (TARGET:Lara Marino) 
[2019-06-10 17:51] Nevils állitotta Kevin S Simpson pp-ét (32400 PP ) (PLAYER:Nevils) (TARGET:Kevin S Simpson) 
[2019-06-10 19:23] Nevils állitotta Peter Newkinson pp-ét (7000 PP ) (PLAYER:Nevils) (TARGET:Peter Newkinson) 
[2019-06-10 19:25] Nevils állitotta Peter Newkinson pp-ét (0 PP ) (PLAYER:Nevils) (TARGET:Peter Newkinson) 
[2019-06-10 19:25] Nevils állitotta Cordozar Calvin pp-ét (7000 PP ) (PLAYER:Nevils) (TARGET:Cordozar Calvin) 
[2019-06-10 20:36] Nevils állitotta Atesz pp-ét (3100 PP ) (PLAYER:Nevils) (TARGET:Norman Barger) 
[2019-06-10 20:37] Nevils állitotta Zipoo pp-ét (30000000000 PP ) (PLAYER:Nevils) (TARGET:Xefande Tiberia) 
[2019-06-10 20:37] Nevils állitotta Zipoo pp-ét (3000 PP ) (PLAYER:Nevils) (TARGET:Xefande Tiberia) 
[2019-06-10 20:38] Nevils állitotta Kyle pp-ét (3500 PP ) (PLAYER:Nevils) (TARGET:Cameron B Qwens) 
[2019-06-10 20:38] Nevils állitotta Levente pp-ét (3500 PP ) (PLAYER:Nevils) (TARGET:Escobar S Cartel) 
[2019-06-10 20:39] Nevils állitotta Levente pp-ét (4500 PP ) (PLAYER:Nevils) (TARGET:Escobar S Cartel) 
[2019-06-10 20:39] Nevils állitotta Atesz pp-ét (4100 PP ) (PLAYER:Nevils) (TARGET:Norman Barger) 
[2019-06-10 20:40] Nevils állitotta Zipoo pp-ét (4000 PP ) (PLAYER:Nevils) (TARGET:Xefande Tiberia) 
[2019-06-10 20:41] Nevils állitotta Rapid pp-ét (4000 PP ) (PLAYER:Nevils) (TARGET:Cristian D Dante) 
[2019-06-10 20:42] Nevils állitotta Süsü pp-ét (4100 PP ) (PLAYER:Nevils) (TARGET:Moore Adek) 
[2019-06-10 20:44] Nevils állitotta Dzserold pp-ét (6100 PP ) (PLAYER:Nevils) (TARGET:Jerold Brown) 
[2019-06-10 20:44] Nevils állitotta Jashed Lane pp-ét (9000 PP ) (PLAYER:Nevils) (TARGET:Jashed Lane) 
[2019-06-10 20:45] Nevils állitotta Zsömi pp-ét (9300 PP ) (PLAYER:Nevils) (TARGET:Esteban Santiago) 
[2019-06-10 20:46] Nevils állitotta PeRy pp-ét (4700 PP ) (PLAYER:Nevils) (TARGET:Peter Taylor) 
[2019-06-10 20:49] Nevils állitotta Cameron B Qwens pp-ét (100 PP ) (PLAYER:Nevils) (TARGET:Cameron B Qwens) 
[2019-06-10 20:49] Nevils állitotta Cameron B Qwens pp-ét (1000 PP ) (PLAYER:Nevils) (TARGET:Cameron B Qwens) 
[2019-06-10 21:58] Dzserold megváltoztatta Dwayne B Laronce adminsegéd szintjét Játékos > Ideiglenes Adminsegéd (PLAYER:Dzserold) (TARGET:Dwayne B Laronce) 
[2019-06-10 23:51] Dzserold megváltoztatta James Moore adminsegéd szintjét Admin 2 > Ideiglenes Adminsegéd (PLAYER:Dzserold) (TARGET:James Moore) 
[2019-06-10 23:56] Dzserold megváltoztatta Greg S Simpson adminsegéd szintjét Játékos > Ideiglenes Adminsegéd (PLAYER:Dzserold) (TARGET:Greg S Simpson) 
[2019-06-11 00:00] Dzserold megváltoztatta James Moore adminsegéd szintjét Játékos > Ideiglenes Adminsegéd (PLAYER:Dzserold) (TARGET:James Moore) 
[2019-06-11 10:17] Dzserold megváltoztatta Greg S Simpson adminsegéd szintjét Játékos > Ideiglenes Adminsegéd (PLAYER:Dzserold) (TARGET:Greg S Simpson) 
[2019-06-11 13:28] Dzserold megváltoztatta Travers Giacometti adminsegéd szintjét Játékos > Ideiglenes Adminsegéd (PLAYER:Dzserold) (TARGET:Travers Giacometti) 
[2019-06-11 16:04] Dzserold megváltoztatta Kevin S Simpson adminsegéd szintjét Játékos > Ideiglenes Adminsegéd (PLAYER:Dzserold) (TARGET:Kevin S Simpson) 
[2019-06-11 16:04] Dzserold megváltoztatta Greg S Simpson adminsegéd szintjét Játékos > Ideiglenes Adminsegéd (PLAYER:Dzserold) (TARGET:Greg S Simpson) 
[2019-06-11 16:57] Nevils állitotta Cameron B Qwens pp-ét (1000 PP ) (PLAYER:Nevils) (TARGET:Cameron B Qwens) 
[2019-06-11 16:58] Nevils állitotta Jashed Lane pp-ét (1000 PP ) (PLAYER:Nevils) (TARGET:Jashed Lane) 
[2019-06-11 17:12] Nevils állitotta Kevin S Simpson pp-ét (25500 PP ) (PLAYER:Nevils) (TARGET:Kevin S Simpson) 
[2019-06-11 17:54] Nevils állitotta Thommas Elves pp-ét (41500 PP ) (PLAYER:Nevils) (TARGET:Thommas Elves) 
[2019-06-11 18:48] Nevils állitotta Adrik Ivanov pp-ét (10500 PP ) (PLAYER:Nevils) (TARGET:Adrik Ivanov) 
