[2019-06-09 20:38] Desmond Dos meggyógyította: Taylor Vladimir játékost. Indok: Összeg: 2000 $. (PLAYER:Desmond Dos) (TARGET:Taylor Vladimir) 
[2019-06-09 20:57] Laura Cambridge meggyógyította: James Cambridge játékost. Indok: Összeg: 100 $. (PLAYER:Laura Cambridge) (TARGET:James Cambridge) 
[2019-06-10 13:06] Laura Cambridge meggyógyította: Leroy Sturridge játékost. Indok: Összeg: 2000 $. (PLAYER:Laura Cambridge) (TARGET:Leroy Sturridge) 
[2019-06-10 13:25] Laura Cambridge meggyógyította: John Frank játékost. Indok: Összeg: 2000 $. (PLAYER:Laura Cambridge) (TARGET:John Frank) 
[2019-06-10 14:00] Laura Cambridge meggyógyította: Ben Zieler játékost. Indok: Összeg: 1500 $. (PLAYER:Laura Cambridge) (TARGET:Ben Zieler) 
[2019-06-10 14:09] Laura Cambridge meggyógyította: Aria De Lange játékost. Indok: Összeg: 1 $. (PLAYER:Laura Cambridge) (TARGET:Aria De Lange) 
[2019-06-10 14:10] Laura Cambridge meggyógyította: Leonardo Accardo játékost. Indok: Összeg: 2000 $. (PLAYER:Laura Cambridge) (TARGET:Leonardo Accardo) 
[2019-06-10 14:31] Laura Cambridge meggyógyította: Brian Fritz játékost. Indok: Összeg: 1 $. (PLAYER:Laura Cambridge) (TARGET:Brian Fritz) 
[2019-06-10 17:43] Peter Newkinson meggyógyította: Laura Cambridge játékost. Indok: Összeg: 1 $. (PLAYER:Peter Newkinson) (TARGET:Laura Cambridge) 
[2019-06-10 17:47] Peter Newkinson meggyógyította: Joseph Allen játékost. Indok: Összeg: 1 $. (PLAYER:Peter Newkinson) (TARGET:Joseph Allen) 
[2019-06-10 17:59] Peter Newkinson meggyógyította: Laura Cambridge játékost. Indok: Összeg: 1 $. (PLAYER:Peter Newkinson) (TARGET:Laura Cambridge) 
[2019-06-10 18:05] Peter Newkinson meggyógyította: Loth S Lucas  játékost. Indok: Összeg: 1 $. (PLAYER:Peter Newkinson) (TARGET:Loth S Lucas ) 
[2019-06-10 18:16] Peter Newkinson meggyógyította: Ben Zieler játékost. Indok: Összeg: 2000 $. (PLAYER:Peter Newkinson) (TARGET:Ben Zieler) 
[2019-06-10 18:58] Peter Newkinson meggyógyította: Escobar S Cartel játékost. Indok: Összeg: 1 $. (PLAYER:Peter Newkinson) (TARGET:Escobar S Cartel) 
[2019-06-10 18:59] Peter Newkinson meggyógyította: John Smith játékost. Indok: Összeg: 1 $. (PLAYER:Peter Newkinson) (TARGET:John Smith) 
[2019-06-10 19:01] Peter Newkinson meggyógyította: Cambello Pietro játékost. Indok: Összeg: 1 $. (PLAYER:Peter Newkinson) (TARGET:Cambello Pietro) 
[2019-06-10 19:03] Peter Newkinson meggyógyította: Lewis D Clark játékost. Indok: Összeg: 1 $. (PLAYER:Peter Newkinson) (TARGET:Lewis D Clark) 
[2019-06-10 19:08] Peter Newkinson meggyógyította: Lakatos David játékost. Indok: Összeg: 1 $. (PLAYER:Peter Newkinson) (TARGET:Lakatos David) 
[2019-06-10 19:29] Randy Nazzaro meggyógyította: Fred Norman  játékost. Indok: Összeg: 1 $. (PLAYER:Randy Nazzaro) (TARGET:Fred Norman ) 
[2019-06-10 19:31] Peter Newkinson meggyógyította: Escobar S Cartel játékost. Indok: Összeg: 1 $. (PLAYER:Peter Newkinson) (TARGET:Escobar S Cartel) 
[2019-06-10 19:56] Peter Newkinson meggyógyította: John Smith játékost. Indok: Összeg: 1 $. (PLAYER:Peter Newkinson) (TARGET:John Smith) 
[2019-06-10 20:40] Peter Newkinson meggyógyította: Adrik Ivanov játékost. Indok: Összeg: 1 $. (PLAYER:Peter Newkinson) (TARGET:Adrik Ivanov) 
[2019-06-10 20:42] Desmond Dos meggyógyította: Roland Wahl játékost. Indok: Összeg: 2000 $. (PLAYER:Desmond Dos) (TARGET:Roland Wahl) 
[2019-06-10 20:45] Desmond Dos meggyógyította: Francisco Lopez játékost. Indok: Összeg: 2000 $. (PLAYER:Desmond Dos) (TARGET:Francisco Lopez) 
[2019-06-10 20:55] Peter Newkinson meggyógyította: William Steawv játékost. Indok: Összeg: 1 $. (PLAYER:Peter Newkinson) (TARGET:William Steawv) 
[2019-06-10 21:26] Peter Newkinson meggyógyította: Desmond Dos játékost. Indok: Összeg: 1 $. (PLAYER:Peter Newkinson) (TARGET:Desmond Dos) 
[2019-06-10 21:40] Fred Norman  meggyógyította: Vasily Orlov játékost. Indok: Összeg: 100 $. (PLAYER:Fred Norman ) (TARGET:Vasily Orlov) 
[2019-06-10 21:41] Fred Norman  meggyógyította: Daniel S Simpson játékost. Indok: Összeg: 500 $. (PLAYER:Fred Norman ) (TARGET:Daniel S Simpson) 
[2019-06-10 22:34] Peter Newkinson meggyógyította: Leart Benson játékost. Indok: Összeg: 1 $. (PLAYER:Peter Newkinson) (TARGET:Leart Benson) 
[2019-06-11 13:32] Peter Newkinson meggyógyította: Fred Norman  játékost. Indok: Összeg: 1 $. (PLAYER:Peter Newkinson) (TARGET:Fred Norman ) 
[2019-06-11 13:40] Fred Norman  meggyógyította: Peter Newkinson játékost. Indok: Összeg: 1 $. (PLAYER:Fred Norman ) (TARGET:Peter Newkinson) 
[2019-06-11 14:16] Fred Norman  meggyógyította: Peter Newkinson játékost. Indok: Összeg: 1000 $. (PLAYER:Fred Norman ) (TARGET:Peter Newkinson) 
[2019-06-11 14:19] Peter Newkinson meggyógyította: Bryan D Lackwood játékost. Indok: Összeg: 1 $. (PLAYER:Peter Newkinson) (TARGET:Bryan D Lackwood) 
[2019-06-11 14:29] Peter Newkinson meggyógyította: William Steawv játékost. Indok: Összeg: 1 $. (PLAYER:Peter Newkinson) (TARGET:William Steawv) 
[2019-06-11 14:34] Peter Newkinson meggyógyította: Cody Cartel játékost. Indok: Összeg: 1 $. (PLAYER:Peter Newkinson) (TARGET:Cody Cartel) 
[2019-06-11 14:37] Fred Norman  meggyógyította: Escobar S Cartel játékost. Indok: Összeg: 1 $. (PLAYER:Fred Norman ) (TARGET:Escobar S Cartel) 
[2019-06-11 14:38] Fred Norman  meggyógyította: Peter Newkinson játékost. Indok: Összeg: 1 $. (PLAYER:Fred Norman ) (TARGET:Peter Newkinson) 
[2019-06-11 14:39] Fred Norman  meggyógyította: Peter Newkinson játékost. Indok: Összeg: 100 $. (PLAYER:Fred Norman ) (TARGET:Peter Newkinson) 
[2019-06-11 14:48] Peter Newkinson meggyógyította: Escobar S Cartel játékost. Indok: Összeg: 1 $. (PLAYER:Peter Newkinson) (TARGET:Escobar S Cartel) 
[2019-06-11 14:49] Peter Newkinson meggyógyította: Fred Norman  játékost. Indok: Összeg: 1 $. (PLAYER:Peter Newkinson) (TARGET:Fred Norman ) 
[2019-06-11 15:00] Peter Newkinson meggyógyította: Brian Fritz játékost. Indok: Összeg: 1 $. (PLAYER:Peter Newkinson) (TARGET:Brian Fritz) 
[2019-06-11 15:05] Peter Newkinson meggyógyította: Rostislav Zakharov játékost. Indok: Összeg: 1 $. (PLAYER:Peter Newkinson) (TARGET:Rostislav Zakharov) 
[2019-06-11 15:15] Fred Norman  meggyógyította: Peter Newkinson játékost. Indok: Összeg: 100 $. (PLAYER:Fred Norman ) (TARGET:Peter Newkinson) 
[2019-06-11 15:16] Peter Newkinson meggyógyította: Fred Norman  játékost. Indok: Összeg: 1 $. (PLAYER:Peter Newkinson) (TARGET:Fred Norman ) 
[2019-06-11 15:23] Peter Newkinson meggyógyította: Alina Natasha játékost. Indok: Összeg: 1 $. (PLAYER:Peter Newkinson) (TARGET:Alina Natasha) 
[2019-06-11 15:26] Peter Newkinson meggyógyította: Kevin De Felice játékost. Indok: Összeg: 1 $. (PLAYER:Peter Newkinson) (TARGET:Kevin De Felice) 
[2019-06-11 15:43] Peter Newkinson meggyógyította: Lewis D Clark játékost. Indok: Összeg: 1 $. (PLAYER:Peter Newkinson) (TARGET:Lewis D Clark) 
[2019-06-11 15:57] Randy Nazzaro meggyógyította: Ronald Mardel játékost. Indok: Összeg: 1 $. (PLAYER:Randy Nazzaro) (TARGET:Ronald Mardel) 
[2019-06-11 15:58] Fred Norman  meggyógyította: Peter Newkinson játékost. Indok: Összeg: 1000 $. (PLAYER:Fred Norman ) (TARGET:Peter Newkinson) 
[2019-06-11 15:58] Peter Newkinson meggyógyította: Fred Norman  játékost. Indok: Összeg: 1 $. (PLAYER:Peter Newkinson) (TARGET:Fred Norman ) 
[2019-06-11 16:08] Fred Norman  meggyógyította: Doug Thomas játékost. Indok: Összeg: 2000 $. (PLAYER:Fred Norman ) (TARGET:Doug Thomas) 
[2019-06-11 16:15] Peter Newkinson meggyógyította: Randy Nazzaro játékost. Indok: Összeg: 1 $. (PLAYER:Peter Newkinson) (TARGET:Randy Nazzaro) 
[2019-06-11 16:16] Peter Newkinson meggyógyította: Ronald Mardel játékost. Indok: Összeg: 1 $. (PLAYER:Peter Newkinson) (TARGET:Ronald Mardel) 
[2019-06-11 16:26] Fred Norman  meggyógyította: Peter Newkinson játékost. Indok: Összeg: 1 $. (PLAYER:Fred Norman ) (TARGET:Peter Newkinson) 
[2019-06-11 17:11] Fred Norman  meggyógyította: Lewis D Clark játékost. Indok: Összeg: 2000 $. (PLAYER:Fred Norman ) (TARGET:Lewis D Clark) 
[2019-06-11 17:39] Fred Norman  meggyógyította: Jasper Briant játékost. Indok: Összeg: 2000 $. (PLAYER:Fred Norman ) (TARGET:Jasper Briant) 
[2019-06-11 17:53] Fred Norman  meggyógyította: Peter Newkinson játékost. Indok: Összeg: 1 $. (PLAYER:Fred Norman ) (TARGET:Peter Newkinson) 
[2019-06-11 17:54] Peter Newkinson meggyógyította: Fred Norman  játékost. Indok: Összeg: 1 $. (PLAYER:Peter Newkinson) (TARGET:Fred Norman ) 
[2019-06-11 18:07] Fred Norman  meggyógyította: Rostislav Zakharov játékost. Indok: Összeg: 2000 $. (PLAYER:Fred Norman ) (TARGET:Rostislav Zakharov) 
[2019-06-11 18:13] Peter Newkinson meggyógyította: Stan S Simpson játékost. Indok: Összeg: 1 $. (PLAYER:Peter Newkinson) (TARGET:Stan S Simpson) 
[2019-06-11 18:16] Peter Newkinson meggyógyította: Arina Orlov játékost. Indok: Összeg: 1 $. (PLAYER:Peter Newkinson) (TARGET:Arina Orlov) 
[2019-06-11 18:17] Fred Norman  meggyógyította: Walker  Douglas játékost. Indok: Összeg: 2000 $. (PLAYER:Fred Norman ) (TARGET:Walker  Douglas) 
[2019-06-11 18:24] Fred Norman  meggyógyította: John D Richard játékost. Indok: Összeg: 1 $. (PLAYER:Fred Norman ) (TARGET:John D Richard) 
[2019-06-11 18:25] Fred Norman  meggyógyította: Peter Newkinson játékost. Indok: Összeg: 1 $. (PLAYER:Fred Norman ) (TARGET:Peter Newkinson) 
[2019-06-11 18:31] Fred Norman  meggyógyította: Francisco Bob játékost. Indok: Összeg: 2000 $. (PLAYER:Fred Norman ) (TARGET:Francisco Bob) 
[2019-06-11 18:44] Fred Norman  meggyógyította: Kevin De Felice játékost. Indok: Összeg: 2000 $. (PLAYER:Fred Norman ) (TARGET:Kevin De Felice) 
[2019-06-11 19:01] Peter Newkinson meggyógyította: Tiffany Norman játékost. Indok: Összeg: 2000 $. (PLAYER:Peter Newkinson) (TARGET:Tiffany Norman) 
