[2019-06-09 20:24] Ismeretlen megölte Jakow Cartel játékost. Fegyver: Nincs Helyszín: Red County Testrész: Bal Láb. (PLAYER:Jakow Cartel) (TARGET:) 
[2019-06-09 20:24] Ismeretlen megölte Jakow Cartel játékost. Fegyver: Nincs Helyszín: Flint County Testrész: Bal Láb. (PLAYER:Jakow Cartel) (TARGET:) 
[2019-06-09 20:27] Ismeretlen megölte Alehandro Wilburn játékost. Fegyver: Nincs Helyszín: Commerce Testrész: Bal Láb. (PLAYER:Alehandro Wilburn) (TARGET:) 
[2019-06-09 20:30] Stan Barger megölte Mike Teisler játékost. Fegyver: Tec-9 Helyszín: Glen Park Testrész: Fejlövés. (PLAYER:Mike Teisler) (TARGET:) 
[2019-06-09 20:33] Ismeretlen megölte Tamara Muranszky játékost. Fegyver: Nincs Helyszín: Red County Testrész: Bal Láb. (PLAYER:Tamara Muranszky) (TARGET:) 
[2019-06-09 20:33] Ismeretlen megölte Tamara Muranszky játékost. Fegyver: Nincs Helyszín: Conference Center Testrész: Bal Láb. (PLAYER:Tamara Muranszky) (TARGET:) 
[2019-06-09 20:38] Steven Moore megölte Jerold Brown játékost. Fegyver: M4 Helyszín: Mulholland Intersection Testrész: Fejlövés. (PLAYER:Dzserold) (TARGET:) 
[2019-06-09 20:39] Vladimir Lara megölte Arkadij Zakharov játékost. Fegyver: Fist Helyszín: Vinewood Testrész: Felsőtest. (PLAYER:Arkadij Zakharov) (TARGET:) 
[2019-06-09 20:41] Ismeretlen megölte Cristian D Dante játékost. Fegyver: Nincs Helyszín: Santa Maria Beach Testrész: Bal Láb. (PLAYER:Rapid) (TARGET:) 
[2019-06-09 20:42] Sam Will megölte Clark Melton játékost. Fegyver: Colt 45 Helyszín: Downtown Los Santos Testrész: Fejlövés. (PLAYER:Csoki) (TARGET:) 
[2019-06-09 20:42] Sam Will megölte Clark Melton játékost. Fegyver: Sawed-off Helyszín: Downtown Los Santos Testrész: Fejlövés. (PLAYER:Csoki) (TARGET:) 
[2019-06-09 20:47] Stan Barger megölte John Peterson játékost. Fegyver: Tec-9 Helyszín: Palomino Creek Testrész: Fejlövés. (PLAYER:John Peterson) (TARGET:) 
[2019-06-09 20:54] Capone Salvatore megölte Jakow Cartel játékost. Fegyver: M4 Helyszín: Commerce Testrész: Fejlövés. (PLAYER:Jakow Cartel) (TARGET:) 
[2019-06-09 21:15] Tamara Muranszky megölte Arkadij Zakharov játékost. Fegyver: M4 Helyszín: Santa Maria Beach Testrész: Fejlövés. (PLAYER:Arkadij Zakharov) (TARGET:) 
[2019-06-09 21:19] Ismeretlen megölte John Newell játékost. Fegyver: Nincs Helyszín: Vinewood Testrész: Bal Láb. (PLAYER:John Newell) (TARGET:) 
[2019-06-09 21:23] Ismeretlen megölte Poper Johns játékost. Fegyver: Nincs Helyszín: Glen Park Testrész: Bal Láb. (PLAYER:Poper Johns) (TARGET:) 
[2019-06-09 21:35] Ismeretlen megölte Esteban Santiago játékost. Fegyver: Nincs Helyszín: Idlewood Testrész: Bal Láb. (PLAYER:Zsömi) (TARGET:) 
[2019-06-09 21:47] Vasily Orlov megölte Martin  G Everett játékost. Fegyver: M4 Helyszín: Temple Testrész: Fejlövés. (PLAYER:Martin  G Everett) (TARGET:) 
[2019-06-09 22:01] Steven Moore megölte Jerold Brown játékost. Fegyver: M4 Helyszín: Market Testrész: Fejlövés. (PLAYER:Dzserold) (TARGET:) 
[2019-06-09 22:04] Ismeretlen megölte Hawk Violence játékost. Fegyver: Nincs Helyszín: Market Testrész: Bal Láb. (PLAYER:Hawk Violence) (TARGET:) 
[2019-06-09 22:06] Borislaw Kashnikov megölte Steven Moore játékost. Fegyver: AK-47 Helyszín: Commerce Testrész: Fejlövés. (PLAYER:Zipoo) (TARGET:) 
[2019-06-09 22:09] Ismeretlen megölte John Newell játékost. Fegyver: Nincs Helyszín: Jefferson Testrész: Bal Láb. (PLAYER:John Newell) (TARGET:) 
[2019-06-09 22:16] Capone Salvatore megölte Ronald Mardel játékost. Fegyver: M4 Helyszín: Downtown Los Santos Testrész: Fejlövés. (PLAYER:Ronald Mardel) (TARGET:) 
[2019-06-09 22:23] Sam Will megölte Capone Salvatore játékost. Fegyver: M4 Helyszín: Commerce Testrész: Bal Láb. (PLAYER:Capone Salvatore) (TARGET:) 
[2019-06-09 22:27] Emanuel Escobar megölte Emanuel Escobar játékost. Fegyver: Drowned Helyszín: Santa Maria Beach Testrész: Felsőtest. (PLAYER:Emanuel Escobar) (TARGET:) 
[2019-06-09 22:38] Loth S Lucas  megölte Francisco Bob játékost. Fegyver: Fist Helyszín: Santa Maria Beach Testrész: Felsőtest. (PLAYER:Francisco Bob) (TARGET:) 
[2019-06-09 22:47] Ismeretlen megölte Bradley  Martin játékost. Fegyver: Nincs Helyszín: Unknown Testrész: Bal Láb. (PLAYER:Bradley  Martin) (TARGET:) 
[2019-06-09 23:01] Matt Riddle megölte Barnabás Igo játékost. Fegyver: Tec-9 Helyszín: Willowfield Testrész: Fejlövés. (PLAYER:Barnabás Igo) (TARGET:) 
[2019-06-09 23:26] Hakim Monroe megölte Nagy Jorden játékost. Fegyver: MP5 Helyszín: Idlewood Testrész: Fejlövés. (PLAYER:Nagy Jorden) (TARGET:) 
[2019-06-09 23:52] Ismeretlen megölte Borislaw Kashnikov játékost. Fegyver: Nincs Helyszín: Market Testrész: Bal Láb. (PLAYER:Borislaw Kashnikov) (TARGET:) 
[2019-06-10 00:33] Ismeretlen megölte Wyde Riggs játékost. Fegyver: Fall Helyszín: Willowfield Testrész: Felsőtest. (PLAYER:Shox) (TARGET:) 
[2019-06-10 01:02] Ismeretlen megölte Jerold Brown játékost. Fegyver: Nincs Helyszín: Idlewood Testrész: Bal Láb. (PLAYER:Dzserold) (TARGET:) 
[2019-06-10 01:07] Ismeretlen megölte Esteban Santiago játékost. Fegyver: Nincs Helyszín: Palomino Creek Testrész: Bal Láb. (PLAYER:Zsömi) (TARGET:) 
[2019-06-10 01:07] Ismeretlen megölte Jerold Brown játékost. Fegyver: Nincs Helyszín: Palomino Creek Testrész: Bal Láb. (PLAYER:Dzserold) (TARGET:) 
[2019-06-10 01:19] Jerold Brown megölte Jerold Brown játékost. Fegyver: Drowned Helyszín: Red County Testrész: Felsőtest. (PLAYER:Dzserold) (TARGET:) 
[2019-06-10 01:19] Esteban Santiago megölte Esteban Santiago játékost. Fegyver: Drowned Helyszín: Red County Testrész: Felsőtest. (PLAYER:Zsömi) (TARGET:) 
[2019-06-10 01:20] Ismeretlen megölte Hawk Violence játékost. Fegyver: Nincs Helyszín: Red County Testrész: Bal Láb. (PLAYER:Hawk Violence) (TARGET:) 
[2019-06-10 01:33] Jerold Brown megölte Esteban Santiago játékost. Fegyver: AK-47 Helyszín: Market Testrész: Fejlövés. (PLAYER:Zsömi) (TARGET:) 
[2019-06-10 01:48] Esteban Santiago megölte Pablo Santiago játékost. Fegyver: AK-47 Helyszín: Ocean Docks Testrész: Fejlövés. (PLAYER:ibacs) (TARGET:) 
[2019-06-10 01:48] Esteban Santiago megölte Pablo Santiago játékost. Fegyver: AK-47 Helyszín: Ocean Docks Testrész: Fejlövés. (PLAYER:ibacs) (TARGET:) 
[2019-06-10 01:50] Esteban Santiago megölte Pablo Santiago játékost. Fegyver: AK-47 Helyszín: Ocean Docks Testrész: Fejlövés. (PLAYER:ibacs) (TARGET:) 
[2019-06-10 01:50] Esteban Santiago megölte Jerold Brown játékost. Fegyver: AK-47 Helyszín: Ocean Docks Testrész: Fejlövés. (PLAYER:Dzserold) (TARGET:) 
[2019-06-10 01:53] Ismeretlen megölte Wyde Riggs játékost. Fegyver: Fall Helyszín: Richman Testrész: Felsőtest. (PLAYER:Shox) (TARGET:) 
[2019-06-10 02:57] Ismeretlen megölte William Chapman játékost. Fegyver: Nincs Helyszín: East Beach Testrész: Bal Láb. (PLAYER:William Chapman) (TARGET:) 
[2019-06-10 03:00] Ismeretlen megölte Esteban Santiago játékost. Fegyver: Nincs Helyszín: Red County Testrész: Bal Láb. (PLAYER:Zsömi) (TARGET:) 
[2019-06-10 03:00] Opie Payne megölte Opie Payne játékost. Fegyver: Drowned Helyszín: Red County Testrész: Felsőtest. (PLAYER:Opie Payne) (TARGET:) 
[2019-06-10 03:01] Ismeretlen megölte Opie Payne játékost. Fegyver: Fall Helyszín: Red County Testrész: Felsőtest. (PLAYER:Opie Payne) (TARGET:) 
[2019-06-10 03:46] Cristian D Dante megölte Opie Payne játékost. Fegyver: Fist Helyszín: Willowfield Testrész: Felsőtest. (PLAYER:Opie Payne) (TARGET:) 
[2019-06-10 03:46] Cristian D Dante megölte William Chapman játékost. Fegyver: Fist Helyszín: Willowfield Testrész: Felsőtest. (PLAYER:William Chapman) (TARGET:) 
[2019-06-10 08:08] Ismeretlen megölte Joey Convellano játékost. Fegyver: Nincs Helyszín: Red County Testrész: Bal Láb. (PLAYER:Joey Convellano) (TARGET:) 
[2019-06-10 08:34] Ismeretlen megölte Francisco Bob játékost. Fegyver: Nincs Helyszín: Red County Testrész: Bal Láb. (PLAYER:Francisco Bob) (TARGET:) 
[2019-06-10 08:41] Ismeretlen megölte James Morgan játékost. Fegyver: Nincs Helyszín: El Corona Testrész: Bal Láb. (PLAYER:James Morgan) (TARGET:) 
[2019-06-10 10:27] Ismeretlen megölte Joey Convellano játékost. Fegyver: Nincs Helyszín: Blueberry Acres Testrész: Bal Láb. (PLAYER:Joey Convellano) (TARGET:) 
[2019-06-10 10:31] Ismeretlen megölte Shaun  Bob játékost. Fegyver: Nincs Helyszín: Jefferson Testrész: Bal Láb. (PLAYER:Shaun  Bob) (TARGET:) 
[2019-06-10 10:33] Ismeretlen megölte Kevin De Felice játékost. Fegyver: Fall Helyszín: Blueberry Testrész: Felsőtest. (PLAYER:Kevin De Felice) (TARGET:) 
[2019-06-10 10:34] Ismeretlen megölte James Cambridge játékost. Fegyver: Nincs Helyszín: El Corona Testrész: Bal Láb. (PLAYER:James Cambridge) (TARGET:) 
[2019-06-10 10:37] Ismeretlen megölte Odel Junior játékost. Fegyver: Nincs Helyszín: Back o Beyond Testrész: Bal Láb. (PLAYER:Odel Junior) (TARGET:) 
[2019-06-10 10:38] Ismeretlen megölte Joey Convellano játékost. Fegyver: Nincs Helyszín: Flint County Testrész: Bal Láb. (PLAYER:Joey Convellano) (TARGET:) 
[2019-06-10 10:49] Ismeretlen megölte Raphael Conor játékost. Fegyver: Nincs Helyszín: Flint County Testrész: Bal Láb. (PLAYER:Raphael Conor) (TARGET:) 
[2019-06-10 11:08] Ismeretlen megölte Anna Myers játékost. Fegyver: Nincs Helyszín: Glen Park Testrész: Bal Láb. (PLAYER:Anna Myers) (TARGET:) 
[2019-06-10 11:11] Matt Riddle megölte Cambello Pietro játékost. Fegyver: Tec-9 Helyszín: Temple Testrész: Fejlövés. (PLAYER:Cambello Pietro) (TARGET:) 
[2019-06-10 11:11] Matt Riddle megölte Dante Matteo játékost. Fegyver: Tec-9 Helyszín: Temple Testrész: Fejlövés. (PLAYER:Dante Matteo) (TARGET:) 
[2019-06-10 11:11] Matt Riddle megölte Marco Samuel játékost. Fegyver: Tec-9 Helyszín: Temple Testrész: Fejlövés. (PLAYER:Marco Samuel) (TARGET:) 
[2019-06-10 11:11] Brian Fritz megölte Matt Riddle játékost. Fegyver: MP5 Helyszín: Temple Testrész: Fejlövés. (PLAYER:Matt Riddle) (TARGET:) 
[2019-06-10 11:11] Matt Riddle megölte Brian Fritz játékost. Fegyver: Tec-9 Helyszín: Temple Testrész: Fejlövés. (PLAYER:Brian Fritz) (TARGET:) 
[2019-06-10 11:25] William Chapman megölte Carlos Howard játékost. Fegyver: Tec-9 Helyszín: Richman Testrész: Fejlövés. (PLAYER:Carlos Howard) (TARGET:) 
[2019-06-10 12:09] Ismeretlen megölte James Cambridge játékost. Fegyver: Nincs Helyszín: Whetstone Testrész: Bal Láb. (PLAYER:James Cambridge) (TARGET:) 
[2019-06-10 13:03] Ismeretlen megölte Jasper Briant játékost. Fegyver: Nincs Helyszín: Jefferson Testrész: Bal Láb. (PLAYER:Jasper Briant) (TARGET:) 
[2019-06-10 13:17] Ismeretlen megölte Tatjana Muranszky játékost. Fegyver: Nincs Helyszín: Santa Maria Beach Testrész: Bal Láb. (PLAYER:Tatjana Muranszky) (TARGET:) 
[2019-06-10 13:26] Ismeretlen megölte Jasper Briant játékost. Fegyver: Nincs Helyszín: Los Santos Testrész: Bal Láb. (PLAYER:Jasper Briant) (TARGET:) 
[2019-06-10 13:29] Ismeretlen megölte Frand D George játékost. Fegyver: Nincs Helyszín: Red County Testrész: Bal Láb. (PLAYER:Frand D George) (TARGET:) 
[2019-06-10 13:35] William Chapman megölte Tatjana Muranszky játékost. Fegyver: Tec-9 Helyszín: Mulholland Intersection Testrész: Fejlövés. (PLAYER:Tatjana Muranszky) (TARGET:) 
[2019-06-10 13:35] William Chapman megölte Tamara Muranszky játékost. Fegyver: Tec-9 Helyszín: Mulholland Intersection Testrész: Fejlövés. (PLAYER:Tamara Muranszky) (TARGET:) 
[2019-06-10 13:35] Brian Fritz megölte Brian Fritz játékost. Fegyver: Drowned Helyszín: Santa Maria Beach Testrész: Felsőtest. (PLAYER:Brian Fritz) (TARGET:) 
[2019-06-10 13:51] Zahar Blohin megölte Leroy Sturridge játékost. Fegyver: Uzi Helyszín: Santa Maria Beach Testrész: Fejlövés. (PLAYER:Leroy Sturridge) (TARGET:) 
[2019-06-10 13:51] Zahar Blohin megölte Harrys B Wood játékost. Fegyver: Uzi Helyszín: Santa Maria Beach Testrész: Fejlövés. (PLAYER:Harrys B Wood) (TARGET:) 
[2019-06-10 13:56] Ismeretlen megölte Brian Fritz játékost. Fegyver: Nincs Helyszín: Tierra Robada Testrész: Bal Láb. (PLAYER:Brian Fritz) (TARGET:) 
[2019-06-10 14:02] Ismeretlen megölte Joey Convellano játékost. Fegyver: Nincs Helyszín: Blueberry Acres Testrész: Bal Láb. (PLAYER:Joey Convellano) (TARGET:) 
[2019-06-10 14:04] Ismeretlen megölte Frederico Armando játékost. Fegyver: Nincs Helyszín: Los Santos Testrész: Bal Láb. (PLAYER:Frederico Armando) (TARGET:) 
[2019-06-10 14:10] Ismeretlen megölte Stanley Price játékost. Fegyver: Nincs Helyszín: Mulholland Testrész: Bal Láb. (PLAYER:Stanley Price) (TARGET:) 
[2019-06-10 14:13] Jerold Brown megölte Stanley Price játékost. Fegyver: AK-47 Helyszín: Unknown Testrész: Fejlövés. (PLAYER:Stanley Price) (TARGET:) 
[2019-06-10 14:14] Stanley Price megölte Jerold Brown játékost. Fegyver: AK-47 Helyszín: Unknown Testrész: Fejlövés. (PLAYER:Dzserold) (TARGET:) 
[2019-06-10 14:14] Jerold Brown megölte Stanley Price játékost. Fegyver: AK-47 Helyszín: Unknown Testrész: Fejlövés. (PLAYER:Stanley Price) (TARGET:) 
[2019-06-10 14:16] Esteban Santiago megölte Stanley Price játékost. Fegyver: AK-47 Helyszín: Unknown Testrész: Fejlövés. (PLAYER:Stanley Price) (TARGET:) 
[2019-06-10 14:29] Ismeretlen megölte Anna Myers játékost. Fegyver: Nincs Helyszín: East Beach Testrész: Bal Láb. (PLAYER:Anna Myers) (TARGET:) 
[2019-06-10 14:30] Ismeretlen megölte Leroy Sturridge játékost. Fegyver: Nincs Helyszín: Red County Testrész: Bal Láb. (PLAYER:Leroy Sturridge) (TARGET:) 
[2019-06-10 14:30] Jerold Brown megölte Stanley Price játékost. Fegyver: AK-47 Helyszín: Mulholland Testrész: Bal Kar. (PLAYER:Stanley Price) (TARGET:) 
[2019-06-10 14:35] Ismeretlen megölte Leonardo Accardo játékost. Fegyver: Nincs Helyszín: Mount Chiliad Testrész: Bal Láb. (PLAYER:Leonardo Accardo) (TARGET:) 
[2019-06-10 14:35] Jashed Lane megölte Coolio Glover játékost. Fegyver: Tec-9 Helyszín: Idlewood Testrész: Fejlövés. (PLAYER:Coolio Glover) (TARGET:) 
[2019-06-10 14:36] Jashed Lane megölte Coolio Glover játékost. Fegyver: Tec-9 Helyszín: Idlewood Testrész: Fejlövés. (PLAYER:Coolio Glover) (TARGET:) 
[2019-06-10 14:38] Ismeretlen megölte Joey Convellano játékost. Fegyver: Nincs Helyszín: Red County Testrész: Bal Láb. (PLAYER:Joey Convellano) (TARGET:) 
[2019-06-10 14:39] Frederico Armando megölte White Richard játékost. Fegyver: Dildo Helyszín: Unknown Testrész: Felsőtest. (PLAYER:White Richard) (TARGET:) 
[2019-06-10 14:40] Ismeretlen megölte Leroy Sturridge játékost. Fegyver: Nincs Helyszín: Red County Testrész: Bal Láb. (PLAYER:Leroy Sturridge) (TARGET:) 
[2019-06-10 14:52] Ismeretlen megölte Frederico Armando játékost. Fegyver: Nincs Helyszín: Unknown Testrész: Bal Láb. (PLAYER:Frederico Armando) (TARGET:) 
[2019-06-10 15:02] Ismeretlen megölte Jasper Briant játékost. Fegyver: Nincs Helyszín: Red County Testrész: Bal Láb. (PLAYER:Jasper Briant) (TARGET:) 
[2019-06-10 15:10] Ismeretlen megölte Barnabás Igo játékost. Fegyver: Nincs Helyszín: Red County Testrész: Bal Láb. (PLAYER:Barnabás Igo) (TARGET:) 
[2019-06-10 15:13] Ismeretlen megölte Francisco Bob játékost. Fegyver: Nincs Helyszín: Downtown Los Santos Testrész: Bal Láb. (PLAYER:Francisco Bob) (TARGET:) 
[2019-06-10 15:16] Jashed Lane megölte Jerold Brown játékost. Fegyver: Tec-9 Helyszín: Market Testrész: Fejlövés. (PLAYER:Dzserold) (TARGET:) 
[2019-06-10 15:19] Jashed Lane megölte Jerold Brown játékost. Fegyver: Tec-9 Helyszín: Willowfield Testrész: Fejlövés. (PLAYER:Dzserold) (TARGET:) 
[2019-06-10 16:07] Odel Junior megölte Odel Junior játékost. Fegyver: Drowned Helyszín: Whetstone Testrész: Felsőtest. (PLAYER:Odel Junior) (TARGET:) 
[2019-06-10 16:08] Zahar Blohin megölte Laura Cambridge játékost. Fegyver: Knife Helyszín: Mulholland Testrész: Fejlövés. (PLAYER:Laura Cambridge) (TARGET:) 
[2019-06-10 16:10] Ismeretlen megölte Borislaw Kashnikov játékost. Fegyver: Nincs Helyszín: Market Testrész: Bal Láb. (PLAYER:Borislaw) (TARGET:) 
[2019-06-10 16:10] Ismeretlen megölte Vladimir Lara játékost. Fegyver: Nincs Helyszín: Market Testrész: Bal Láb. (PLAYER:Vladimir Lara) (TARGET:) 
[2019-06-10 16:34] Ismeretlen megölte Catalin Capone játékost. Fegyver: Nincs Helyszín: Las Colinas Testrész: Bal Láb. (PLAYER:Catalin Capone) (TARGET:) 
[2019-06-10 17:10] Ismeretlen megölte Odel Junior játékost. Fegyver: Nincs Helyszín: Blueberry Acres Testrész: Bal Láb. (PLAYER:Odel Junior) (TARGET:) 
[2019-06-10 17:18] John Frank megölte John Frank játékost. Fegyver: Drowned Helyszín: Santa Maria Beach Testrész: Felsőtest. (PLAYER:John Frank) (TARGET:) 
[2019-06-10 17:22] Ismeretlen megölte Stanley Price játékost. Fegyver: Nincs Helyszín: Jefferson Testrész: Bal Láb. (PLAYER:sum1) (TARGET:) 
[2019-06-10 17:23] Ismeretlen megölte Lara Marino játékost. Fegyver: Nincs Helyszín: Las Colinas Testrész: Bal Láb. (PLAYER:Krisz) (TARGET:) 
[2019-06-10 17:23] Ismeretlen megölte Vivien Morgan játékost. Fegyver: Fall Helyszín: Fern Ridge Testrész: Felsőtest. (PLAYER:Vivien Morgan) (TARGET:) 
[2019-06-10 17:31] Ismeretlen megölte Ethan Anderson játékost. Fegyver: Nincs Helyszín: Jefferson Testrész: Bal Láb. (PLAYER:Ethan Anderson) (TARGET:) 
[2019-06-10 17:34] Ismeretlen megölte Cordozar Calvin játékost. Fegyver: Nincs Helyszín: Flint Intersection Testrész: Bal Láb. (PLAYER:Cordozar Calvin) (TARGET:) 
[2019-06-10 17:44] Mike Teisler megölte Zach Teisler játékost. Fegyver: Colt 45 Helyszín: Glen Park Testrész: Fejlövés. (PLAYER:Zach Teisler) (TARGET:) 
[2019-06-10 17:47] Ismeretlen megölte Francisco Bob játékost. Fegyver: Nincs Helyszín: Rodeo Testrész: Bal Láb. (PLAYER:Francisco Bob) (TARGET:) 
[2019-06-10 17:51] Ismeretlen megölte Michely Nicholson játékost. Fegyver: Nincs Helyszín: East Beach Testrész: Bal Láb. (PLAYER:Michely Nicholson) (TARGET:) 
[2019-06-10 17:57] Elütötték megölte Lewis D Clark játékost. Fegyver: Ranover Helyszín: Playa del Seville Testrész: Felsőtest. (PLAYER:Lewis D Clark) (TARGET:) 
[2019-06-10 17:58] Elütötték megölte Keiichi D Lackwood játékost. Fegyver: Ranover Helyszín: Playa del Seville Testrész: Felsőtest. (PLAYER:Keiichi D Lackwood) (TARGET:) 
[2019-06-10 17:58] Elütötték megölte Keiichi D Lackwood játékost. Fegyver: Ranover Helyszín: Playa del Seville Testrész: Felsőtest. (PLAYER:Keiichi D Lackwood) (TARGET:) 
[2019-06-10 18:00] Jakow Cartel megölte Vladimir Lara játékost. Fegyver: Sniper Helyszín: Ocean Docks Testrész: Fejlövés. (PLAYER:Vladimir Lara) (TARGET:) 
[2019-06-10 18:00] Jakow Cartel megölte Taylor Vladimir játékost. Fegyver: Sniper Helyszín: Ocean Docks Testrész: Fejlövés. (PLAYER:Taylor Vladimir) (TARGET:) 
[2019-06-10 18:01] Ismeretlen megölte Wiliam Richard játékost. Fegyver: Nincs Helyszín: Market Testrész: Bal Láb. (PLAYER:Wiliam Richard) (TARGET:) 
[2019-06-10 18:03] Jakow Cartel megölte Arina Orlov játékost. Fegyver: Sniper Helyszín: Ocean Docks Testrész: Fejlövés. (PLAYER:Arina Orlov) (TARGET:) 
[2019-06-10 18:03] Jakow Cartel megölte Vladimir Lara játékost. Fegyver: Sniper Helyszín: Ocean Docks Testrész: Fejlövés. (PLAYER:Vladimir Lara) (TARGET:) 
[2019-06-10 18:04] Jakow Cartel megölte Taylor Vladimir játékost. Fegyver: Sniper Helyszín: Ocean Docks Testrész: Fejlövés. (PLAYER:Taylor Vladimir) (TARGET:) 
[2019-06-10 18:04] Jakow Cartel megölte Zahar Blohin játékost. Fegyver: Sniper Helyszín: Ocean Docks Testrész: Fejlövés. (PLAYER:Zahar Blohin) (TARGET:) 
[2019-06-10 18:07] Brian Fritz megölte Keiichi D Lackwood játékost. Fegyver: MP5 Helyszín: East Beach Testrész: Fejlövés. (PLAYER:Keiichi D Lackwood) (TARGET:) 
[2019-06-10 18:49] Dominik John megölte William Chapman játékost. Fegyver: MP5 Helyszín: East Beach Testrész: Fejlövés. (PLAYER:William Chapman) (TARGET:) 
[2019-06-10 18:55] Ismeretlen megölte Lucifer D Santhe játékost. Fegyver: Fall Helyszín: Glen Park Testrész: Felsőtest. (PLAYER:Nevils) (TARGET:) 
[2019-06-10 19:03] Karvaj Chikanno megölte Opie Payne játékost. Fegyver: Uzi Helyszín: Ganton Testrész: Fejlövés. (PLAYER:Opie Payne) (TARGET:) 
[2019-06-10 19:13] Ismeretlen megölte William Steawv játékost. Fegyver: Nincs Helyszín: Unknown Testrész: Bal Láb. (PLAYER:William Steawv) (TARGET:) 
[2019-06-10 19:44] Ismeretlen megölte Gomes Torres játékost. Fegyver: Nincs Helyszín: Downtown Los Santos Testrész: Bal Láb. (PLAYER:Gomes Torres) (TARGET:) 
[2019-06-10 19:50] Matthew Styles megölte Dominic Williams játékost. Fegyver: AK-47 Helyszín: North Rock Testrész: Fejlövés. (PLAYER:Dominic Williams) (TARGET:) 
[2019-06-10 19:56] Escobar S Cartel megölte Keiichi D Lackwood játékost. Fegyver: MP5 Helyszín: Unknown Testrész: Fejlövés. (PLAYER:Keiichi D Lackwood) (TARGET:) 
[2019-06-10 19:58] Ethan Anderson megölte Keiichi D Lackwood játékost. Fegyver: MP5 Helyszín: Unknown Testrész: Fejlövés. (PLAYER:Keiichi D Lackwood) (TARGET:) 
[2019-06-10 19:58] Ethan Anderson megölte Cambello Pietro játékost. Fegyver: MP5 Helyszín: Unknown Testrész: Fejlövés. (PLAYER:Cambello Pietro) (TARGET:) 
[2019-06-10 19:59] Lewis D Clark megölte Ethan Anderson játékost. Fegyver: MP5 Helyszín: Unknown Testrész: Fejlövés. (PLAYER:Ethan Anderson) (TARGET:) 
[2019-06-10 20:02] Coolio Glover megölte Cambello Pietro játékost. Fegyver: Uzi Helyszín: Unknown Testrész: Fejlövés. (PLAYER:Cambello Pietro) (TARGET:) 
[2019-06-10 20:04] Roland Wahl megölte Adrik Ivanov játékost. Fegyver: M4 Helyszín: Santa Maria Beach Testrész: Fejlövés. (PLAYER:Adrik Ivanov) (TARGET:) 
[2019-06-10 20:17] Ismeretlen megölte Cody Cartel játékost. Fegyver: Nincs Helyszín: Santa Maria Beach Testrész: Bal Láb. (PLAYER:Cody Cartel) (TARGET:) 
[2019-06-10 20:30] White Richard megölte White Richard játékost. Fegyver: Drowned Helyszín: Santa Maria Beach Testrész: Felsőtest. (PLAYER:White Richard) (TARGET:) 
[2019-06-10 20:30] Vasily Orlov megölte John Frank játékost. Fegyver: Colt 45 Helyszín: Santa Maria Beach Testrész: Fejlövés. (PLAYER:John Frank) (TARGET:) 
[2019-06-10 20:49] Vasily Orlov megölte Arkadij Zakharov játékost. Fegyver: M4 Helyszín: Red County Testrész: Fejlövés. (PLAYER:Arkadij Zakharov) (TARGET:) 
[2019-06-10 20:51] Ismeretlen megölte Keiichi D Lackwood játékost. Fegyver: Nincs Helyszín: Market Testrész: Bal Láb. (PLAYER:Keiichi D Lackwood) (TARGET:) 
[2019-06-10 20:51] Ismeretlen megölte Cambello Pietro játékost. Fegyver: Fall Helyszín: Market Testrész: Felsőtest. (PLAYER:Cambello Pietro) (TARGET:) 
[2019-06-10 20:58] Keiichi D Lackwood megölte Keiichi D Lackwood játékost. Fegyver: Drowned Helyszín: Las Colinas Testrész: Felsőtest. (PLAYER:Keiichi D Lackwood) (TARGET:) 
[2019-06-10 20:59] Pavel Belov megölte Ethan Anderson játékost. Fegyver: AK-47 Helyszín: Los Santos Testrész: Jobb Kar. (PLAYER:Ethan Anderson) (TARGET:) 
[2019-06-10 20:59] Ismeretlen megölte John Peterson játékost. Fegyver: Fall Helyszín: Fern Ridge Testrész: Felsőtest. (PLAYER:John Peterson) (TARGET:) 
[2019-06-10 21:02] Ismeretlen megölte Ethan Anderson játékost. Fegyver: Nincs Helyszín: Los Santos Testrész: Bal Láb. (PLAYER:Ethan Anderson) (TARGET:) 
[2019-06-10 21:14] Ismeretlen megölte Coolio Glover játékost. Fegyver: Fall Helyszín: Idlewood Testrész: Felsőtest. (PLAYER:Alfonz) (TARGET:) 
[2019-06-10 21:22] Vladimir Lara megölte Loth S Lucas  játékost. Fegyver: Rifle Helyszín: Red County Testrész: Fejlövés. (PLAYER:Loth S Lucas ) (TARGET:) 
[2019-06-10 21:25] Arkadij Zakharov megölte Francisco Lopez játékost. Fegyver: MP5 Helyszín: Mulholland Testrész: Fejlövés. (PLAYER:Francisco Lopez) (TARGET:) 
[2019-06-10 21:28] Ismeretlen megölte Peter Newkinson játékost. Fegyver: Nincs Helyszín: Market Testrész: Bal Láb. (PLAYER:Peter Newkinson) (TARGET:) 
[2019-06-10 21:33] Jerold Brown megölte Jordan Davis játékost. Fegyver: AK-47 Helyszín: El Corona Testrész: Fejlövés. (PLAYER:Jordan Davis) (TARGET:) 
[2019-06-10 21:33] Ethan Anderson megölte Jerold Brown játékost. Fegyver: MP5 Helyszín: El Corona Testrész: Fejlövés. (PLAYER:Dzserold) (TARGET:) 
[2019-06-10 21:34] Ethan Anderson megölte Cameron B Qwens játékost. Fegyver: MP5 Helyszín: El Corona Testrész: Fejlövés. (PLAYER:Kyle) (TARGET:) 
[2019-06-10 21:38] Escobar S Cartel megölte Uchiha Sasuke játékost. Fegyver: M4 Helyszín: El Corona Testrész: Fejlövés. (PLAYER:Uchiha Sasuke) (TARGET:) 
[2019-06-10 21:39] Ismeretlen megölte John Leper játékost. Fegyver: Nincs Helyszín: Blueberry Acres Testrész: Bal Láb. (PLAYER:John Leper) (TARGET:) 
[2019-06-10 21:40] Dwayne B Laronce megölte Ethan Anderson játékost. Fegyver: Tec-9 Helyszín: El Corona Testrész: Bal Láb. (PLAYER:Ethan Anderson) (TARGET:) 
[2019-06-10 21:41] Lewis D Clark megölte Dwayne B Laronce játékost. Fegyver: MP5 Helyszín: Unity Station Testrész: Fejlövés. (PLAYER:Dwayne B Laronce) (TARGET:) 
[2019-06-10 21:44] Ismeretlen megölte Jashed Lane játékost. Fegyver: Nincs Helyszín: El Corona Testrész: Bal Láb. (PLAYER:Shakur) (TARGET:) 
[2019-06-10 21:50] Ismeretlen megölte Coolio Glover játékost. Fegyver: Fall Helyszín: Idlewood Testrész: Felsőtest. (PLAYER:Alfonz) (TARGET:) 
[2019-06-10 21:53] Ismeretlen megölte Mike Brown játékost. Fegyver: Nincs Helyszín: El Corona Testrész: Bal Láb. (PLAYER:Mike Brown) (TARGET:) 
[2019-06-10 22:14] Matteo Muranszky megölte Bezim Armed játékost. Fegyver: Shotgun Helyszín: Santa Maria Beach Testrész: Fejlövés. (PLAYER:Bezim Armed) (TARGET:) 
[2019-06-10 22:40] Matteo Muranszky megölte Francisco Matheus játékost. Fegyver: Shotgun Helyszín: Mulholland Intersection Testrész: Fejlövés. (PLAYER:Francisco Matheus) (TARGET:) 
[2019-06-10 22:43] Ismeretlen megölte Aquintis Marshall játékost. Fegyver: Nincs Helyszín: Ganton Testrész: Bal Láb. (PLAYER:Aquintis Marshall) (TARGET:) 
[2019-06-10 23:17] Jerold Brown megölte Jashed Lane játékost. Fegyver: AK-47 Helyszín: Willowfield Testrész: Fejlövés. (PLAYER:Shakur) (TARGET:) 
[2019-06-10 23:47] Ismeretlen megölte Catalin Capone játékost. Fegyver: Nincs Helyszín: Red County Testrész: Bal Láb. (PLAYER:Catalin Capone) (TARGET:) 
[2019-06-10 23:47] Ismeretlen megölte Catalin Capone játékost. Fegyver: Nincs Helyszín: Las Colinas Testrész: Bal Láb. (PLAYER:Catalin Capone) (TARGET:) 
[2019-06-10 23:48] Capone Salvatore megölte Jerold Brown játékost. Fegyver: M4 Helyszín: Market Testrész: Fejlövés. (PLAYER:Dzserold) (TARGET:) 
[2019-06-10 23:48] Jerold Brown megölte Capone Salvatore játékost. Fegyver: AK-47 Helyszín: Market Testrész: Fejlövés. (PLAYER:FKGP) (TARGET:) 
[2019-06-10 23:49] Jerold Brown megölte Capone Salvatore játékost. Fegyver: AK-47 Helyszín: Market Testrész: Fejlövés. (PLAYER:FKGP) (TARGET:) 
[2019-06-10 23:49] Ismeretlen megölte Capone Salvatore játékost. Fegyver: Nincs Helyszín: Market Testrész: Bal Láb. (PLAYER:FKGP) (TARGET:) 
[2019-06-11 00:25] Jakow Cartel megölte Bezim Armed játékost. Fegyver: Sniper Helyszín: Pershing Square Testrész: Fejlövés. (PLAYER:Bezim Armed) (TARGET:) 
[2019-06-11 00:27] Jakow Cartel megölte Michael Russo Jessy játékost. Fegyver: Sniper Helyszín: Mulholland Intersection Testrész: Fejlövés. (PLAYER:Michael Russo Jessy) (TARGET:) 
[2019-06-11 00:28] Jakow Cartel megölte Greg S Simpson játékost. Fegyver: Sniper Helyszín: Mulholland Intersection Testrész: Fejlövés. (PLAYER:Greg S Simpson) (TARGET:) 
[2019-06-11 00:42] Ismeretlen megölte Jakow Cartel játékost. Fegyver: Fall Helyszín: Mulholland Intersection Testrész: Felsőtest. (PLAYER:Jakow Cartel) (TARGET:) 
[2019-06-11 00:59] Jakow Cartel megölte Bezim Armed játékost. Fegyver: Sniper Helyszín: Vinewood Testrész: Fejlövés. (PLAYER:Bezim Armed) (TARGET:) 
[2019-06-11 01:00] Jakow Cartel megölte Jonh Font játékost. Fegyver: Sniper Helyszín: Market Testrész: Fejlövés. (PLAYER:Jonh Font) (TARGET:) 
[2019-06-11 01:03] Troy Williams megölte John Adams játékost. Fegyver: Tec-9 Helyszín: Market Testrész: Fejlövés. (PLAYER:John Adams) (TARGET:) 
[2019-06-11 01:05] Cordozar Calvin megölte Dwayne David játékost. Fegyver: AK-47 Helyszín: Verona Beach Testrész: Fejlövés. (PLAYER:Dwayne David) (TARGET:) 
[2019-06-11 01:06] Cordozar Calvin megölte Troy Williams játékost. Fegyver: AK-47 Helyszín: Verona Beach Testrész: Fejlövés. (PLAYER:Troy Williams) (TARGET:) 
[2019-06-11 01:06] Ismeretlen megölte John Adams játékost. Fegyver: Nincs Helyszín: Red County Testrész: Bal Láb. (PLAYER:John Adams) (TARGET:) 
[2019-06-11 01:09] Jakow Cartel megölte Bezim Armed játékost. Fegyver: AK-47 Helyszín: Vinewood Testrész: Fejlövés. (PLAYER:Bezim Armed) (TARGET:) 
[2019-06-11 01:16] Jakow Cartel megölte Dwayne David játékost. Fegyver: Shotgun Helyszín: Vinewood Testrész: Fejlövés. (PLAYER:Dwayne David) (TARGET:) 
[2019-06-11 01:16] Jakow Cartel megölte Troy Williams játékost. Fegyver: AK-47 Helyszín: Vinewood Testrész: Fejlövés. (PLAYER:Troy Williams) (TARGET:) 
[2019-06-11 01:19] Cordozar Calvin megölte Jonh Font játékost. Fegyver: AK-47 Helyszín: Vinewood Testrész: Fejlövés. (PLAYER:Jonh Font) (TARGET:) 
[2019-06-11 07:35] Ismeretlen megölte David Glock játékost. Fegyver: Nincs Helyszín: Market Station Testrész: Bal Láb. (PLAYER:David Glock) (TARGET:) 
[2019-06-11 09:04] Ismeretlen megölte Shaun  Bob játékost. Fegyver: Nincs Helyszín: Red County Testrész: Bal Láb. (PLAYER:Shaun  Bob) (TARGET:) 
[2019-06-11 09:04] Ismeretlen megölte Shaun  Bob játékost. Fegyver: Nincs Helyszín: Jefferson Testrész: Bal Láb. (PLAYER:Shaun  Bob) (TARGET:) 
[2019-06-11 09:15] Ismeretlen megölte Matteo Muranszky játékost. Fegyver: Nincs Helyszín: Downtown Los Santos Testrész: Bal Láb. (PLAYER:Matteo Muranszky) (TARGET:) 
[2019-06-11 09:31] Tatjana Muranszky megölte Kevin De Felice játékost. Fegyver: Sawed-off Helyszín: Commerce Testrész: Felsőtest. (PLAYER:Kevin De Felice) (TARGET:) 
[2019-06-11 09:43] Ismeretlen megölte Black Brian játékost. Fegyver: Nincs Helyszín: Foster Valley Testrész: Bal Láb. (PLAYER:Black Brian) (TARGET:) 
[2019-06-11 10:22] Ismeretlen megölte Michely Nicholson játékost. Fegyver: Nincs Helyszín: Mulholland Testrész: Bal Láb. (PLAYER:Michely Nicholson) (TARGET:) 
[2019-06-11 10:25] Ismeretlen megölte Thommas Kensy játékost. Fegyver: Nincs Helyszín: Flint County Testrész: Bal Láb. (PLAYER:Thommas Kensy) (TARGET:) 
[2019-06-11 11:29] Ismeretlen megölte Jonh Font játékost. Fegyver: Nincs Helyszín: Red County Testrész: Bal Láb. (PLAYER:Jonh Font) (TARGET:) 
[2019-06-11 11:41] Parker Hardwick megölte Michely Nicholson játékost. Fegyver: Colt 45 Helyszín: Mulholland Testrész: Fejlövés. (PLAYER:Michely Nicholson) (TARGET:) 
[2019-06-11 11:48] Ismeretlen megölte Thommas Kensy játékost. Fegyver: Nincs Helyszín: Back o Beyond Testrész: Bal Láb. (PLAYER:Thommas Kensy) (TARGET:) 
[2019-06-11 11:54] Jonh Font megölte Tatjana Muranszky játékost. Fegyver: AK-47 Helyszín: Market Testrész: Bal Láb. (PLAYER:Tatjana Muranszky) (TARGET:) 
[2019-06-11 11:56] Matteo Muranszky megölte Michely Nicholson játékost. Fegyver: Shotgun Helyszín: Market Testrész: Fejlövés. (PLAYER:Michely Nicholson) (TARGET:) 
[2019-06-11 13:40] Norman Barger megölte Lakatos David játékost. Fegyver: AK-47 Helyszín: Los Santos Inlet Testrész: Segg. (PLAYER:Lakatos David) (TARGET:) 
[2019-06-11 13:40] Norman Barger megölte Greg S Simpson játékost. Fegyver: Fist Helyszín: Los Santos Inlet Testrész: Felsőtest. (PLAYER:Greg S Simpson) (TARGET:) 
[2019-06-11 14:27] Ismeretlen megölte Cody Cartel játékost. Fegyver: Nincs Helyszín: Red County Testrész: Bal Láb. (PLAYER:Cody Cartel) (TARGET:) 
[2019-06-11 14:32] Dwayne B Laronce megölte Francisco Bob játékost. Fegyver: Tec-9 Helyszín: Market Testrész: Fejlövés. (PLAYER:Francisco Bob) (TARGET:) 
[2019-06-11 14:38] Ismeretlen megölte Doug Thomas játékost. Fegyver: Nincs Helyszín: Flint County Testrész: Bal Láb. (PLAYER:Doug Thomas) (TARGET:) 
[2019-06-11 15:01] Ismeretlen megölte Capone Salvatore játékost. Fegyver: Nincs Helyszín: Blueberry Acres Testrész: Bal Láb. (PLAYER:FKGP) (TARGET:) 
[2019-06-11 15:01] Ismeretlen megölte Capone Salvatore játékost. Fegyver: Nincs Helyszín: Market Testrész: Bal Láb. (PLAYER:FKGP) (TARGET:) 
[2019-06-11 15:16] Ismeretlen megölte Gomes Torres játékost. Fegyver: Fall Helyszín: Jefferson Testrész: Felsőtest. (PLAYER:Gomes Torres) (TARGET:) 
[2019-06-11 15:17] Ismeretlen megölte Francisco Matheus játékost. Fegyver: Nincs Helyszín: Market Testrész: Bal Láb. (PLAYER:Francisco Matheus) (TARGET:) 
[2019-06-11 15:24] Rostislav Zakharov megölte Riley Shakur játékost. Fegyver: MP5 Helyszín: Verdant Bluffs Testrész: Fejlövés. (PLAYER:Riley Shakur) (TARGET:) 
[2019-06-11 15:30] Ismeretlen megölte Francisco Lopez játékost. Fegyver: Nincs Helyszín: Market Testrész: Bal Láb. (PLAYER:Francisco Lopez) (TARGET:) 
[2019-06-11 15:39] Ismeretlen megölte Thommas Kensy játékost. Fegyver: Nincs Helyszín: Back o Beyond Testrész: Bal Láb. (PLAYER:Thommas Kensy) (TARGET:) 
[2019-06-11 15:46] Elütötték megölte Matt Riddle játékost. Fegyver: Ranover Helyszín: Mulholland Intersection Testrész: Felsőtest. (PLAYER:Matt Riddle) (TARGET:) 
[2019-06-11 16:06] Ismeretlen megölte Francisco Matheus játékost. Fegyver: Nincs Helyszín: El Corona Testrész: Bal Láb. (PLAYER:Francisco Matheus) (TARGET:) 
[2019-06-11 16:16] Ismeretlen megölte Cameron B Qwens játékost. Fegyver: Nincs Helyszín: Red County Testrész: Bal Láb. (PLAYER:Kyle) (TARGET:) 
[2019-06-11 16:20] Ryan D Lackwood megölte Bryan D Lackwood játékost. Fegyver: Fist Helyszín: Santa Maria Beach Testrész: Felsőtest. (PLAYER:Bryan D Lackwood) (TARGET:) 
[2019-06-11 16:24] Riley Shakur megölte Ryan D Lackwood játékost. Fegyver: Uzi Helyszín: Santa Maria Beach Testrész: Fejlövés. (PLAYER:Ryan D Lackwood) (TARGET:) 
[2019-06-11 16:55] Ismeretlen megölte Ryan D Lackwood játékost. Fegyver: Nincs Helyszín: Red County Testrész: Bal Láb. (PLAYER:Ryan D Lackwood) (TARGET:) 
[2019-06-11 16:58] Ismeretlen megölte Francisco Lopez játékost. Fegyver: Nincs Helyszín: Red County Testrész: Bal Láb. (PLAYER:Francisco Lopez) (TARGET:) 
[2019-06-11 17:08] Francisco Lopez megölte Francisco Lopez játékost. Fegyver: Drowned Helyszín: San Fierro Testrész: Felsőtest. (PLAYER:Francisco Lopez) (TARGET:) 
[2019-06-11 17:16] Ismeretlen megölte Francisco Matheus játékost. Fegyver: Nincs Helyszín: Red County Testrész: Bal Láb. (PLAYER:Francisco Matheus) (TARGET:) 
[2019-06-11 17:16] Ismeretlen megölte Francisco Matheus játékost. Fegyver: Nincs Helyszín: El Corona Testrész: Bal Láb. (PLAYER:Francisco Matheus) (TARGET:) 
[2019-06-11 17:21] Jhon James megölte Raphael Scott játékost. Fegyver: Colt 45 Helyszín: Idlewood Testrész: Fejlövés. (PLAYER:Raphael Scott) (TARGET:) 
[2019-06-11 17:27] Ismeretlen megölte Francisco Bob játékost. Fegyver: Fall Helyszín: Mount Chiliad Testrész: Felsőtest. (PLAYER:Francisco Bob) (TARGET:) 
[2019-06-11 17:34] Ismeretlen megölte Matthew D Smith játékost. Fegyver: Nincs Helyszín: Willowfield Testrész: Bal Láb. (PLAYER:Matthew D Smith) (TARGET:) 
[2019-06-11 17:39] Ismeretlen megölte Gomes Torres játékost. Fegyver: Nincs Helyszín: Downtown Los Santos Testrész: Bal Láb. (PLAYER:Gomes Torres) (TARGET:) 
[2019-06-11 17:39] Ismeretlen megölte Alexander Fiola játékost. Fegyver: Nincs Helyszín: Downtown Los Santos Testrész: Bal Láb. (PLAYER:Alexander Fiola) (TARGET:) 
[2019-06-11 17:40] Ismeretlen megölte Gomes Torres játékost. Fegyver: Fall Helyszín: Downtown Los Santos Testrész: Felsőtest. (PLAYER:Gomes Torres) (TARGET:) 
[2019-06-11 17:43] Zahar Blohin megölte Bryan D Lackwood játékost. Fegyver: AK-47 Helyszín: Vinewood Testrész: Fejlövés. (PLAYER:Bryan D Lackwood) (TARGET:) 
[2019-06-11 17:44] Jhon James megölte Francisco Matheus játékost. Fegyver: Colt 45 Helyszín: Unknown Testrész: Fejlövés. (PLAYER:Francisco Matheus) (TARGET:) 
[2019-06-11 17:48] Jhon James megölte Francisco Matheus játékost. Fegyver: Colt 45 Helyszín: Unknown Testrész: Fejlövés. (PLAYER:Francisco Matheus) (TARGET:) 
[2019-06-11 17:48] Ismeretlen megölte Jony Carter játékost. Fegyver: Nincs Helyszín: Downtown Los Santos Testrész: Bal Láb. (PLAYER:Jony Carter) (TARGET:) 
[2019-06-11 17:50] Elütötték megölte Dren  Briant játékost. Fegyver: Ranover Helyszín: Red County Testrész: Felsőtest. (PLAYER:Dren  Briant) (TARGET:) 
[2019-06-11 17:52] Arina Orlov megölte Arina Orlov játékost. Fegyver: Fist Helyszín: Flint County Testrész: Felsőtest. (PLAYER:Arina Orlov) (TARGET:) 
[2019-06-11 17:52] Ismeretlen megölte Vasily Orlov játékost. Fegyver: Nincs Helyszín: Flint County Testrész: Bal Láb. (PLAYER:Vasily Orlov) (TARGET:) 
[2019-06-11 18:03] Rostislav Zakharov megölte Kevin De Felice játékost. Fegyver: MP5 Helyszín: Little Mexico Testrész: Fejlövés. (PLAYER:Kevin De Felice) (TARGET:) 
[2019-06-11 18:08] Vladimir Sarah megölte Drake Peterson játékost. Fegyver: Uzi Helyszín: Whetstone Testrész: Fejlövés. (PLAYER:Drake Peterson) (TARGET:) 
[2019-06-11 18:08] Rostislav Zakharov megölte Jordan Davis játékost. Fegyver: MP5 Helyszín: Market Testrész: Fejlövés. (PLAYER:Jordan Davis) (TARGET:) 
[2019-06-11 18:10] Ismeretlen megölte John Leper játékost. Fegyver: Nincs Helyszín: Back o Beyond Testrész: Bal Láb. (PLAYER:John Leper) (TARGET:) 
[2019-06-11 18:10] Ismeretlen megölte George Roucker játékost. Fegyver: Nincs Helyszín: Idlewood Testrész: Bal Láb. (PLAYER:George Roucker) (TARGET:) 
[2019-06-11 18:30] Ismeretlen megölte Sam Will játékost. Fegyver: Nincs Helyszín: Glen Park Testrész: Bal Láb. (PLAYER:Sam Will) (TARGET:) 
[2019-06-11 18:35] Ryan D Lackwood megölte Bryan D Lackwood játékost. Fegyver: Deagle Helyszín: Red County Testrész: Fejlövés. (PLAYER:Bryan D Lackwood) (TARGET:) 
[2019-06-11 18:36] Elütötték megölte Ryan D Lackwood játékost. Fegyver: Ranover Helyszín: Red County Testrész: Felsőtest. (PLAYER:Ryan D Lackwood) (TARGET:) 
[2019-06-11 18:36] Elütötték megölte Alexander Fiola játékost. Fegyver: Ranover Helyszín: Red County Testrész: Felsőtest. (PLAYER:Alexander Fiola) (TARGET:) 
[2019-06-11 18:36] Elütötték megölte Gomes Torres játékost. Fegyver: Ranover Helyszín: Red County Testrész: Felsőtest. (PLAYER:Gomes Torres) (TARGET:) 
[2019-06-11 18:36] Ismeretlen megölte Sam Will játékost. Fegyver: Nincs Helyszín: Glen Park Testrész: Bal Láb. (PLAYER:Sam Will) (TARGET:) 
[2019-06-11 18:37] Ismeretlen megölte Sam Will játékost. Fegyver: Nincs Helyszín: Glen Park Testrész: Bal Láb. (PLAYER:Sam Will) (TARGET:) 
[2019-06-11 18:40] Elütötték megölte Gomes Torres játékost. Fegyver: Ranover Helyszín: Red County Testrész: Felsőtest. (PLAYER:Gomes Torres) (TARGET:) 
[2019-06-11 18:50] Sam Will megölte Ryan D Lackwood játékost. Fegyver: M4 Helyszín: Temple Testrész: Fejlövés. (PLAYER:Ryan D Lackwood) (TARGET:) 
[2019-06-11 18:50] Sam Will megölte Bryan D Lackwood játékost. Fegyver: M4 Helyszín: Temple Testrész: Jobb Kar. (PLAYER:Bryan D Lackwood) (TARGET:) 
[2019-06-11 18:52] Elütötték megölte Jashed Lane játékost. Fegyver: Rammed Helyszín: Market Station Testrész: Felsőtest. (PLAYER:Shakur) (TARGET:) 
[2019-06-11 18:54] Ismeretlen megölte Paulus Taylor játékost. Fegyver: Nincs Helyszín: Foster Valley Testrész: Bal Láb. (PLAYER:Paulus Taylor) (TARGET:) 
[2019-06-11 19:02] Dustin Brown megölte Vladimir Lara játékost. Fegyver: AK-47 Helyszín: Las Colinas Testrész: Fejlövés. (PLAYER:Vladimir Lara) (TARGET:) 
[2019-06-11 19:03] Pavel Belov megölte Matt Riddle játékost. Fegyver: AK-47 Helyszín: Unknown Testrész: Fejlövés. (PLAYER:Matt Riddle) (TARGET:) 
[2019-06-11 19:03] Matt Riddle megölte Pavel Belov játékost. Fegyver: Tec-9 Helyszín: Unknown Testrész: Fejlövés. (PLAYER:Pavel Belov) (TARGET:) 
[2019-06-11 19:03] Jessica Hartman megölte George Brian játékost. Fegyver: Fist Helyszín: Rodeo Testrész: Felsőtest. (PLAYER:George Brian) (TARGET:) 
[2019-06-11 19:08] Black Marrionn megölte Arkadij Zakharov játékost. Fegyver: AK-47 Helyszín: Las Colinas Testrész: Felsőtest. (PLAYER:Arkadij Zakharov) (TARGET:) 
[2019-06-11 19:08] Vasily Orlov megölte Black Marrionn játékost. Fegyver: Sniper Helyszín: Las Colinas Testrész: Fejlövés. (PLAYER:Black Marrionn) (TARGET:) 
[2019-06-11 19:10] Ismeretlen megölte Desmond Dos játékost. Fegyver: Fall Helyszín: Los Santos Testrész: Felsőtest. (PLAYER:Gery) (TARGET:) 
[2019-06-11 19:11] Adrik Ivanov megölte Zahar Blohin játékost. Fegyver: MP5 Helyszín: Jefferson Testrész: Felsőtest. (PLAYER:Zahar Blohin) (TARGET:) 
[2019-06-11 19:12] Ismeretlen megölte Desmond Dos játékost. Fegyver: Fall Helyszín: Downtown Los Santos Testrész: Felsőtest. (PLAYER:Gery) (TARGET:) 
[2019-06-11 19:13] Bryan D Lackwood megölte Zahar Blohin játékost. Fegyver: MP5 Helyszín: Jefferson Testrész: Fejlövés. (PLAYER:Zahar Blohin) (TARGET:) 
[2019-06-11 19:18] Ismeretlen megölte Vladislaw Carlo játékost. Fegyver: Nincs Helyszín: Unknown Testrész: Bal Láb. (PLAYER:Vladislaw Carlo) (TARGET:) 
[2019-06-11 19:20] Dustin Brown megölte Bryan D Lackwood játékost. Fegyver: AK-47 Helyszín: Jefferson Testrész: Fejlövés. (PLAYER:Bryan D Lackwood) (TARGET:) 
[2019-06-11 19:20] Dustin Brown megölte Vladimir Sarah játékost. Fegyver: AK-47 Helyszín: Jefferson Testrész: Felsőtest. (PLAYER:Vladimir Sarah) (TARGET:) 
[2019-06-11 19:20] Adrik Ivanov megölte Dustin Brown játékost. Fegyver: MP5 Helyszín: Jefferson Testrész: Fejlövés. (PLAYER:Dustin Brown) (TARGET:) 
[2019-06-11 19:20] Black Marrionn megölte Adrik Ivanov játékost. Fegyver: AK-47 Helyszín: Jefferson Testrész: Fejlövés. (PLAYER:Adrik Ivanov) (TARGET:) 
[2019-06-11 19:21] Black Marrionn megölte Ronald Mardel játékost. Fegyver: AK-47 Helyszín: Jefferson Testrész: Fejlövés. (PLAYER:Ronald Mardel) (TARGET:) 
[2019-06-11 19:21] Tiffany Norman megölte Borislaw Kashnikov játékost. Fegyver: MP5 Helyszín: Las Colinas Testrész: Fejlövés. (PLAYER:Borislaw) (TARGET:) 
