[2019-06-09 21:59] Atesz adminjailbe rakta Poper Johns játékost. Idő: 200 Indok: OOC stílus, PG, RP alóli kilépés (PLAYER:ISMERETLEN) (TARGET:) 
[2019-06-10 12:28] Shox adminjailbe rakta William Eddie játékost. Idő: 9999999999 Indok: Rp folytatás LSMC, Laura Cambridge (PLAYER:ISMERETLEN) (TARGET:) 
[2019-06-10 15:58] FKGP adminjailbe rakta Adél Neves játékost. Idő: 999999 Indok: Leadandó (PD) (PLAYER:ISMERETLEN) (TARGET:) 
[2019-06-10 16:00] FKGP adminjailbe rakta Jordan Davis játékost. Idő: 999999 Indok: Leadandó (PD) (PLAYER:ISMERETLEN) (TARGET:) 
[2019-06-10 16:42] FKGP adminjailbe rakta Brian Carter játékost. Idő: 15 Indok: munakjármű magáncélra használata (https://youtu.be/UpBHh5dILmY) (PLAYER:ISMERETLEN) (TARGET:) 
[2019-06-10 17:15] Krisz adminjailbe rakta Fred Norman  játékost. Idő: 9999 Indok: FBI cuccok leadása (PLAYER:ISMERETLEN) (TARGET:) 
[2019-06-10 18:36] FKGP adminjailbe rakta Kevin De Felice játékost. Idő: 99999 Indok: Leadandó (PD) (PLAYER:ISMERETLEN) (TARGET:) 
[2019-06-10 19:43] Krisz adminjailbe rakta Brian Fritz játékost. Idő: 9999 Indok: FBI cuccok leadása (PLAYER:ISMERETLEN) (TARGET:) 
[2019-06-10 21:32] Dzserold adminjailbe rakta White Richard játékost. Idő: 9999999 Indok: Keres TS-n. (PLAYER:ISMERETLEN) (TARGET:) 
[2019-06-10 22:05] Levente adminjailbe rakta John Bach játékost. Idő: 9999 Indok: Kulcsleadás (Ethan Anderson-nak) (PLAYER:ISMERETLEN) (TARGET:) 
[2019-06-10 22:05] Levente adminjailbe rakta Federico Stway játékost. Idő: 9999 Indok: Kulcsleadás (Ethan Anderson-nak) (PLAYER:ISMERETLEN) (TARGET:) 
[2019-06-10 22:06] Levente adminjailbe rakta Cambello Pietro játékost. Idő: 9999 Indok: Kulcsleadás (Ethan Anderson-nak) (PLAYER:ISMERETLEN) (TARGET:) 
[2019-06-10 22:06] Levente adminjailbe rakta Ryan Taylor játékost. Idő: 9999 Indok: Kulcsleadás (Ethan Anderson-nak) (PLAYER:ISMERETLEN) (TARGET:) 
[2019-06-10 22:06] Levente adminjailbe rakta Ryan Taylor játékost. Idő: 9999 Indok: Kulcsleadás (Ethan Anderson-nak) (PLAYER:ISMERETLEN) (TARGET:) 
[2019-06-10 22:06] Levente adminjailbe rakta Peter Taylor játékost. Idő: 9999 Indok: Kulcsleadás (Ethan Anderson-nak) (PLAYER:ISMERETLEN) (TARGET:) 
[2019-06-10 22:07] Levente adminjailbe rakta Ryan D Lackwood játékost. Idő: 9999 Indok: Kulcsleadás (Ethan Anderson-nak) (PLAYER:ISMERETLEN) (TARGET:) 
[2019-06-10 22:07] Levente adminjailbe rakta Marco Samuel játékost. Idő: 9999 Indok: Kulcsleadás (Ethan Anderson-nak) (PLAYER:ISMERETLEN) (TARGET:) 
[2019-06-10 22:07] Levente adminjailbe rakta Dante Matteo játékost. Idő: 9999 Indok: Kulcsleadás (Ethan Anderson-nak) (PLAYER:ISMERETLEN) (TARGET:) 
[2019-06-10 22:08] Levente adminjailbe rakta Keiichi D Lackwood játékost. Idő: 9999 Indok: Kulcsleadás (Ethan Anderson-nak) (PLAYER:ISMERETLEN) (TARGET:) 
[2019-06-10 22:08] Levente adminjailbe rakta Dominik John játékost. Idő: 9999 Indok: Kulcsleadás (Ethan Anderson-nak) (PLAYER:ISMERETLEN) (TARGET:) 
[2019-06-10 22:08] Levente adminjailbe rakta Greg Sanders játékost. Idő: 9999 Indok: Kulcsleadás (Ethan Anderson-nak) (PLAYER:ISMERETLEN) (TARGET:) 
[2019-06-10 22:09] Levente adminjailbe rakta Bruce Fishback játékost. Idő: 9999 Indok: Kulcsleadás (Ethan Anderson-nak) (PLAYER:ISMERETLEN) (TARGET:) 
[2019-06-10 22:09] Levente adminjailbe rakta Lara Marino játékost. Idő: 9999 Indok: Kulcsleadás (Ethan Anderson-nak) (PLAYER:ISMERETLEN) (TARGET:) 
[2019-06-10 22:09] Levente adminjailbe rakta Daniel Cambridge játékost. Idő: 9999 Indok: Kulcsleadás (Ethan Anderson-nak) (PLAYER:ISMERETLEN) (TARGET:) 
[2019-06-10 22:45] RaY adminjailbe rakta Brandon Moore játékost. Idő: 999999 Indok: PD kulcs leadása PD LEADERnél (PLAYER:ISMERETLEN) (TARGET:) 
[2019-06-10 22:45] FKGP adminjailbe rakta Francisco Matheus játékost. Idő: 90 Indok: DM (PLAYER:ISMERETLEN) (TARGET:) 
[2019-06-10 23:36] RaY adminjailbe rakta Anthony Hardwick játékost. Idő: 9999999999 Indok: PD kulcsok leadása PD LEADERnél (PLAYER:ISMERETLEN) (TARGET:) 
[2019-06-10 23:36] RaY adminjailbe rakta Anthony Hardwick játékost. Idő: 9999999999 Indok: PD kulcsok leadása PD LEADERnél (PLAYER:ISMERETLEN) (TARGET:) 
[2019-06-11 16:18] Süsü adminjailbe rakta Doug Thomas játékost. Idő: 240 Indok: Admin minősités+Non (PLAYER:ISMERETLEN) (TARGET:) 
[2019-06-11 17:19] Rapid adminjailbe rakta Kendrell Price játékost. Idő: 9999 Indok: Frakció itemek leadása #Taxi (PLAYER:ISMERETLEN) (TARGET:) 
