[2019-06-09 20:28] Gomes Torres átadott 7.800 $-t Kevin S Simpson-nak/nek. (PLAYER:ISMERETLEN) (TARGET:) 
[2019-06-09 20:30] Capone Salvatore átadott 4.500 $-t Hawk Violence-nak/nek. (PLAYER:ISMERETLEN) (TARGET:) 
[2019-06-09 20:34] Aziz Ervin átadott 19.000 $-t Kevin S Simpson-nak/nek. (PLAYER:ISMERETLEN) (TARGET:) 
[2019-06-09 20:44] Mike Teisler átadott 5.000 $-t Aquintis Marshall-nak/nek. (PLAYER:ISMERETLEN) (TARGET:) 
[2019-06-09 20:44] Mike Teisler átadott 15.000 $-t Aquintis Marshall-nak/nek. (PLAYER:ISMERETLEN) (TARGET:) 
[2019-06-09 20:46] Taylor Vladimir átadott 1.600 $-t Rostislav Zakharov-nak/nek. (PLAYER:ISMERETLEN) (TARGET:) 
[2019-06-09 20:47] Taylor Vladimir átadott 1.600 $-t Vladimir Lara-nak/nek. (PLAYER:ISMERETLEN) (TARGET:) 
[2019-06-09 20:47] Taylor Vladimir átadott 1.600 $-t Vladimir Sarah-nak/nek. (PLAYER:ISMERETLEN) (TARGET:) 
[2019-06-09 20:47] Tamara Muranszky átadott 20.000 $-t Kevin S Simpson-nak/nek. (PLAYER:ISMERETLEN) (TARGET:) 
[2019-06-09 20:48] John Newell átadott 20.000 $-t Stan Salvatore-nak/nek. (PLAYER:ISMERETLEN) (TARGET:) 
[2019-06-09 20:54] Taylor Vladimir átadott 1.600 $-t Rostislav Zakharov-nak/nek. (PLAYER:ISMERETLEN) (TARGET:) 
[2019-06-09 20:54] Randy Nazzaro átadott 17.700 $-t Miranda Riggs-nak/nek. (PLAYER:ISMERETLEN) (TARGET:) 
[2019-06-09 20:54] Micheal Wade átadott 1.550 $-t Barnabás Igo-nak/nek. (PLAYER:ISMERETLEN) (TARGET:) 
[2019-06-09 20:55] Nagy Jorden átadott 1.800 $-t Leonardo Accardo-nak/nek. (PLAYER:ISMERETLEN) (TARGET:) 
[2019-06-09 20:59] Mike Teisler átadott 2.000 $-t Leonardo Accardo-nak/nek. (PLAYER:ISMERETLEN) (TARGET:) 
[2019-06-09 21:00] Opie Payne átadott 5.200 $-t Ben Zieler-nak/nek. (PLAYER:ISMERETLEN) (TARGET:) 
[2019-06-09 21:04] Matthew D Smith átadott 10.400 $-t Kevin S Simpson-nak/nek. (PLAYER:ISMERETLEN) (TARGET:) 
[2019-06-09 21:04] John Peterson átadott 2.000 $-t Miranda Riggs-nak/nek. (PLAYER:ISMERETLEN) (TARGET:) 
[2019-06-09 21:04] Opie Payne átadott 2.000 $-t Ben Zieler-nak/nek. (PLAYER:ISMERETLEN) (TARGET:) 
[2019-06-09 21:05] Ryan D Lackwood átadott 50.000 $-t Cambello Pietro-nak/nek. (PLAYER:ISMERETLEN) (TARGET:) 
[2019-06-09 21:07] Jhonson Edward átadott 1.000 $-t Greg Sanders-nak/nek. (PLAYER:ISMERETLEN) (TARGET:) 
[2019-06-09 21:08] John Peterson átadott 7.000 $-t Miranda Riggs-nak/nek. (PLAYER:ISMERETLEN) (TARGET:) 
[2019-06-09 21:15] White Richard átadott 2.000 $-t Miranda Riggs-nak/nek. (PLAYER:ISMERETLEN) (TARGET:) 
[2019-06-09 21:15] Borislaw Kashnikov átadott 2.000 $-t Ben Zieler-nak/nek. (PLAYER:ISMERETLEN) (TARGET:) 
[2019-06-09 21:17] Niken Twist átadott 20.000 $-t Coolio Glover-nak/nek. (PLAYER:ISMERETLEN) (TARGET:) 
[2019-06-09 21:19] Peter Silva átadott 100 $-t Ivan Mcoopol-nak/nek. (PLAYER:ISMERETLEN) (TARGET:) 
[2019-06-09 21:19] White Richard átadott 7.000 $-t Miranda Riggs-nak/nek. (PLAYER:ISMERETLEN) (TARGET:) 
[2019-06-09 21:20] Wexon S Kennedy átadott 5.000 $-t Leonardo Accardo-nak/nek. (PLAYER:ISMERETLEN) (TARGET:) 
[2019-06-09 21:21] Norman Barger átadott 5.000 $-t Kevin S Simpson-nak/nek. (PLAYER:ISMERETLEN) (TARGET:) 
[2019-06-09 21:21] David Cross átadott 3.000 $-t Kevin S Simpson-nak/nek. (PLAYER:ISMERETLEN) (TARGET:) 
[2019-06-09 21:23] Francisco Bob átadott 19.000 $-t Francisco Lopez-nak/nek. (PLAYER:ISMERETLEN) (TARGET:) 
[2019-06-09 21:36] Randy Nazzaro átadott 20.000 $-t Ben Zieler-nak/nek. (PLAYER:ISMERETLEN) (TARGET:) 
[2019-06-09 21:36] Emanuel Escobar átadott 2.000 $-t Miranda Riggs-nak/nek. (PLAYER:ISMERETLEN) (TARGET:) 
[2019-06-09 21:42] Emanuel Escobar átadott 5.000 $-t Miranda Riggs-nak/nek. (PLAYER:ISMERETLEN) (TARGET:) 
[2019-06-09 21:43] Stan Salvatore átadott 2.000 $-t Leonardo Accardo-nak/nek. (PLAYER:ISMERETLEN) (TARGET:) 
[2019-06-09 21:49] Gomes Torres átadott 2.300 $-t Miranda Riggs-nak/nek. (PLAYER:ISMERETLEN) (TARGET:) 
[2019-06-09 21:57] Francisco Bob átadott 1.600 $-t Francisco Lopez-nak/nek. (PLAYER:ISMERETLEN) (TARGET:) 
[2019-06-09 21:58] Francisco Bob átadott 14.000 $-t Francisco Lopez-nak/nek. (PLAYER:ISMERETLEN) (TARGET:) 
[2019-06-09 22:05] Chris Parson átadott 15.000 $-t Gomes Torres-nak/nek. (PLAYER:ISMERETLEN) (TARGET:) 
[2019-06-09 22:06] Matthew D Smith átadott 5.600 $-t Ben Zieler-nak/nek. (PLAYER:ISMERETLEN) (TARGET:) 
[2019-06-09 22:07] Opie Payne átadott 7.000 $-t Kevin S Simpson-nak/nek. (PLAYER:ISMERETLEN) (TARGET:) 
[2019-06-09 22:08] Mike Teisler átadott 8.000 $-t Ben Zieler-nak/nek. (PLAYER:ISMERETLEN) (TARGET:) 
[2019-06-09 22:09] Jack Briant átadott 10.200 $-t Kevin S Simpson-nak/nek. (PLAYER:ISMERETLEN) (TARGET:) 
[2019-06-09 22:10] Daniel Cambridge átadott 25.000 $-t Daniel Brayan-nak/nek. (PLAYER:ISMERETLEN) (TARGET:) 
[2019-06-09 22:15] Jessica Bouceckhine átadott 10.000 $-t Ben Zieler-nak/nek. (PLAYER:ISMERETLEN) (TARGET:) 
[2019-06-09 22:16] Gomes Torres átadott 5.200 $-t Kevin S Simpson-nak/nek. (PLAYER:ISMERETLEN) (TARGET:) 
[2019-06-09 22:16] Candelaria Muches átadott 1.000 $-t Opie Payne-nak/nek. (PLAYER:ISMERETLEN) (TARGET:) 
[2019-06-09 22:22] Rostislav Zakharov átadott 18.600 $-t Ben Zieler-nak/nek. (PLAYER:ISMERETLEN) (TARGET:) 
[2019-06-09 22:23] Loth S Lucas  átadott 3.104 $-t Tamara Muranszky-nak/nek. (PLAYER:ISMERETLEN) (TARGET:) 
[2019-06-09 22:33] Ronald Mardel átadott 25.000 $-t Kevin S Simpson-nak/nek. (PLAYER:ISMERETLEN) (TARGET:) 
[2019-06-09 22:39] Matthew D Smith átadott 1 $-t Opie Payne-nak/nek. (PLAYER:ISMERETLEN) (TARGET:) 
[2019-06-09 22:43] Barnabás Igo átadott 10.800 $-t Ben Zieler-nak/nek. (PLAYER:ISMERETLEN) (TARGET:) 
[2019-06-09 22:46] Stan Salvatore átadott 10.000 $-t Daniel Brayan-nak/nek. (PLAYER:ISMERETLEN) (TARGET:) 
[2019-06-09 22:48] Loth S Lucas  átadott 15.338 $-t Kevin S Simpson-nak/nek. (PLAYER:ISMERETLEN) (TARGET:) 
[2019-06-09 22:50] Matthew D Smith átadott 1 $-t Opie Payne-nak/nek. (PLAYER:ISMERETLEN) (TARGET:) 
[2019-06-09 22:50] Matthew D Smith átadott 2.500 $-t Opie Payne-nak/nek. (PLAYER:ISMERETLEN) (TARGET:) 
[2019-06-09 22:56] Mauro Luigi átadott 30.000 $-t White Richard-nak/nek. (PLAYER:ISMERETLEN) (TARGET:) 
[2019-06-09 22:56] Capone Salvatore átadott 15.000 $-t Kevin S Simpson-nak/nek. (PLAYER:ISMERETLEN) (TARGET:) 
[2019-06-09 22:57] Tamara Muranszky átadott 2.000 $-t Loth S Lucas -nak/nek. (PLAYER:ISMERETLEN) (TARGET:) 
[2019-06-09 23:00] Daniel Cambridge átadott 12.000 $-t Aquintis Marshall-nak/nek. (PLAYER:ISMERETLEN) (TARGET:) 
[2019-06-09 23:05] Nagy Jorden átadott 10.000 $-t John Peterson-nak/nek. (PLAYER:ISMERETLEN) (TARGET:) 
[2019-06-09 23:09] Gomes Torres átadott 15.600 $-t Kevin S Simpson-nak/nek. (PLAYER:ISMERETLEN) (TARGET:) 
[2019-06-09 23:18] John Adams átadott 2.600 $-t Kevin S Simpson-nak/nek. (PLAYER:ISMERETLEN) (TARGET:) 
[2019-06-09 23:27] Gomes Torres átadott 20.000 $-t Kevin S Simpson-nak/nek. (PLAYER:ISMERETLEN) (TARGET:) 
[2019-06-09 23:32] John Peterson átadott 10.500 $-t Kevin S Simpson-nak/nek. (PLAYER:ISMERETLEN) (TARGET:) 
[2019-06-09 23:42] Carlos Howard átadott 450.000 $-t Kevin S Simpson-nak/nek. (PLAYER:ISMERETLEN) (TARGET:) 
[2019-06-10 00:00] Miranda Riggs átadott 10.000 $-t Liam Montgomery-nak/nek. (PLAYER:ISMERETLEN) (TARGET:) 
[2019-06-10 00:01] Miranda Riggs átadott 5.000 $-t Liam Montgomery-nak/nek. (PLAYER:ISMERETLEN) (TARGET:) 
[2019-06-10 00:16] John Adams átadott 15.000 $-t Capone Salvatore-nak/nek. (PLAYER:ISMERETLEN) (TARGET:) 
[2019-06-10 00:21] Miranda Riggs átadott 2.000 $-t Maya Neeves-nak/nek. (PLAYER:ISMERETLEN) (TARGET:) 
[2019-06-10 00:21] John Adams átadott 1.000 $-t Miranda Riggs-nak/nek. (PLAYER:ISMERETLEN) (TARGET:) 
[2019-06-10 00:32] Dante Matteo átadott 3.000 $-t Miranda Riggs-nak/nek. (PLAYER:ISMERETLEN) (TARGET:) 
[2019-06-10 01:03] Jerold Brown átadott 4.000 $-t Esteban Santiago-nak/nek. (PLAYER:ISMERETLEN) (TARGET:) 
[2019-06-10 01:07] Gomes Torres átadott 5.200 $-t Leonardo Accardo-nak/nek. (PLAYER:ISMERETLEN) (TARGET:) 
[2019-06-10 01:16] Gomes Torres átadott 3.900 $-t Leonardo Accardo-nak/nek. (PLAYER:ISMERETLEN) (TARGET:) 
[2019-06-10 01:26] Maya Neeves átadott 50.000 $-t Miranda Riggs-nak/nek. (PLAYER:ISMERETLEN) (TARGET:) 
[2019-06-10 01:31] Maya Neeves átadott 25.000 $-t Miranda Riggs-nak/nek. (PLAYER:ISMERETLEN) (TARGET:) 
[2019-06-10 01:36] Maya Neeves átadott 24.000 $-t Miranda Riggs-nak/nek. (PLAYER:ISMERETLEN) (TARGET:) 
[2019-06-10 07:52] Jony Carter átadott 5.000 $-t Kevin S Simpson-nak/nek. (PLAYER:ISMERETLEN) (TARGET:) 
[2019-06-10 08:16] John Smith átadott 14.124 $-t Logan Henderson-nak/nek. (PLAYER:ISMERETLEN) (TARGET:) 
[2019-06-10 08:26] Stan Salvatore átadott 10.000 $-t Kevin S Simpson-nak/nek. (PLAYER:ISMERETLEN) (TARGET:) 
[2019-06-10 08:27] Stan Salvatore átadott 10.000 $-t Greg S Simpson-nak/nek. (PLAYER:ISMERETLEN) (TARGET:) 
[2019-06-10 08:53] Neak Uzzia átadott 8.500 $-t Kevin S Simpson-nak/nek. (PLAYER:ISMERETLEN) (TARGET:) 
[2019-06-10 09:00] Maximiliano Tiberia átadott 20.000 $-t Kevin S Simpson-nak/nek. (PLAYER:ISMERETLEN) (TARGET:) 
[2019-06-10 09:00] Steven Moore átadott 10.000 $-t Maximiliano Tiberia-nak/nek. (PLAYER:ISMERETLEN) (TARGET:) 
[2019-06-10 09:08] Daniel Brayan átadott 30.000 $-t Mauricius Gregorius-nak/nek. (PLAYER:ISMERETLEN) (TARGET:) 
[2019-06-10 09:11] Stan Salvatore átadott 2.000 $-t Mauricius Gregorius-nak/nek. (PLAYER:ISMERETLEN) (TARGET:) 
[2019-06-10 09:15] Dominik John átadott 10.000 $-t Greg S Simpson-nak/nek. (PLAYER:ISMERETLEN) (TARGET:) 
[2019-06-10 09:20] Mauricius Gregorius átadott 1.000 $-t White Richard-nak/nek. (PLAYER:ISMERETLEN) (TARGET:) 
[2019-06-10 09:26] Neak Uzzia átadott 5.200 $-t Kevin S Simpson-nak/nek. (PLAYER:ISMERETLEN) (TARGET:) 
[2019-06-10 09:32] Francisco Bob átadott 4.000 $-t Kevin S Simpson-nak/nek. (PLAYER:ISMERETLEN) (TARGET:) 
[2019-06-10 09:33] Jasper Briant átadott 20.000 $-t Greg S Simpson-nak/nek. (PLAYER:ISMERETLEN) (TARGET:) 
[2019-06-10 09:39] Jasper Briant átadott 4.000 $-t Greg S Simpson-nak/nek. (PLAYER:ISMERETLEN) (TARGET:) 
[2019-06-10 09:41] John Newell átadott 14.400 $-t Ben Zieler-nak/nek. (PLAYER:ISMERETLEN) (TARGET:) 
[2019-06-10 09:41] Jasper Briant átadott 20.000 $-t Greg S Simpson-nak/nek. (PLAYER:ISMERETLEN) (TARGET:) 
[2019-06-10 09:44] Bradley  Martin átadott 14.800 $-t Ben Zieler-nak/nek. (PLAYER:ISMERETLEN) (TARGET:) 
[2019-06-10 09:46] Stan Salvatore átadott 15.000 $-t Scott Barger-nak/nek. (PLAYER:ISMERETLEN) (TARGET:) 
[2019-06-10 09:49] Daniel Brayan átadott 9.000 $-t Scott Barger-nak/nek. (PLAYER:ISMERETLEN) (TARGET:) 
[2019-06-10 09:51] John Smith átadott 20.000 $-t Greg S Simpson-nak/nek. (PLAYER:ISMERETLEN) (TARGET:) 
[2019-06-10 09:54] Stan Salvatore átadott 1.500 $-t Ben Zieler-nak/nek. (PLAYER:ISMERETLEN) (TARGET:) 
[2019-06-10 09:55] Dante Matteo átadott 4.000 $-t Daniel Brayan-nak/nek. (PLAYER:ISMERETLEN) (TARGET:) 
[2019-06-10 09:56] Mack Allen átadott 5.600 $-t Kevin S Simpson-nak/nek. (PLAYER:ISMERETLEN) (TARGET:) 
[2019-06-10 09:58] Dante Matteo átadott 15.400 $-t Daniel Brayan-nak/nek. (PLAYER:ISMERETLEN) (TARGET:) 
[2019-06-10 09:58] Taylor D Oakwood átadott 8.000 $-t Greg S Simpson-nak/nek. (PLAYER:ISMERETLEN) (TARGET:) 
[2019-06-10 09:58] Jasper Briant átadott 10.000 $-t Neak Uzzia-nak/nek. (PLAYER:ISMERETLEN) (TARGET:) 
[2019-06-10 10:04] Riley Shakur átadott 20.000 $-t Kevin S Simpson-nak/nek. (PLAYER:ISMERETLEN) (TARGET:) 
[2019-06-10 10:04] Jashed Santiago átadott 150.000 $-t Coolio Glover-nak/nek. (PLAYER:ISMERETLEN) (TARGET:) 
[2019-06-10 10:07] Dominik John átadott 1 $-t Taylor D Oakwood-nak/nek. (PLAYER:ISMERETLEN) (TARGET:) 
[2019-06-10 10:08] Miranda Riggs átadott 1.000 $-t Greg S Simpson-nak/nek. (PLAYER:ISMERETLEN) (TARGET:) 
[2019-06-10 10:08] Dominik John átadott 2 $-t Taylor D Oakwood-nak/nek. (PLAYER:ISMERETLEN) (TARGET:) 
[2019-06-10 10:20] Jashed Santiago átadott 150.000 $-t Niken Twist-nak/nek. (PLAYER:ISMERETLEN) (TARGET:) 
[2019-06-10 10:23] Matthew D Smith átadott 3.000 $-t Keiichi D Lackwood-nak/nek. (PLAYER:ISMERETLEN) (TARGET:) 
[2019-06-10 10:24] Gomes Torres átadott 11.800 $-t Ben Zieler-nak/nek. (PLAYER:ISMERETLEN) (TARGET:) 
[2019-06-10 10:25] Matthew D Smith átadott 2.000 $-t Kevin S Simpson-nak/nek. (PLAYER:ISMERETLEN) (TARGET:) 
[2019-06-10 10:28] Stan Salvatore átadott 7.000 $-t Aziz Ervin-nak/nek. (PLAYER:ISMERETLEN) (TARGET:) 
[2019-06-10 10:29] Greg S Simpson átadott 4 $-t Aziz Ervin-nak/nek. (PLAYER:ISMERETLEN) (TARGET:) 
[2019-06-10 10:43] Gomes Torres átadott 5.200 $-t Daniel Cambridge-nak/nek. (PLAYER:ISMERETLEN) (TARGET:) 
[2019-06-10 10:46] Toshyro Magayashi átadott 7.800 $-t Daniel Cambridge-nak/nek. (PLAYER:ISMERETLEN) (TARGET:) 
[2019-06-10 10:51] Toshyro Magayashi átadott 8.000 $-t Kevin S Simpson-nak/nek. (PLAYER:ISMERETLEN) (TARGET:) 
[2019-06-10 10:53] Daniel Cambridge átadott 10.000 $-t Kevin S Simpson-nak/nek. (PLAYER:ISMERETLEN) (TARGET:) 
[2019-06-10 11:01] Gomes Torres átadott 134 $-t Odel Junior-nak/nek. (PLAYER:ISMERETLEN) (TARGET:) 
[2019-06-10 11:01] Jhonson Edward átadott 21 $-t Taylor Vladimir-nak/nek. (PLAYER:ISMERETLEN) (TARGET:) 
[2019-06-10 11:01] Jhonson Edward átadott 21.750 $-t Taylor Vladimir-nak/nek. (PLAYER:ISMERETLEN) (TARGET:) 
[2019-06-10 11:01] Taylor Vladimir átadott 21 $-t Jhonson Edward-nak/nek. (PLAYER:ISMERETLEN) (TARGET:) 
[2019-06-10 11:02] James kendry átadott 2.600 $-t Kevin S Simpson-nak/nek. (PLAYER:ISMERETLEN) (TARGET:) 
[2019-06-10 11:03] James kendry átadott 2.600 $-t Kevin S Simpson-nak/nek. (PLAYER:ISMERETLEN) (TARGET:) 
[2019-06-10 11:06] Logan Henderson átadott 850 $-t Zach Teisler-nak/nek. (PLAYER:ISMERETLEN) (TARGET:) 
[2019-06-10 11:06] Mike Teisler átadott 1.000 $-t Miranda Riggs-nak/nek. (PLAYER:ISMERETLEN) (TARGET:) 
[2019-06-10 11:08] Raphael Scott átadott 5.800 $-t Leonardo Accardo-nak/nek. (PLAYER:ISMERETLEN) (TARGET:) 
[2019-06-10 11:10] Gomes Torres átadott 7.750 $-t Kevin S Simpson-nak/nek. (PLAYER:ISMERETLEN) (TARGET:) 
[2019-06-10 11:12] Greg S Simpson átadott 5.000 $-t Kevin S Simpson-nak/nek. (PLAYER:ISMERETLEN) (TARGET:) 
[2019-06-10 11:14] Taylor Vladimir átadott 100 $-t White Richard-nak/nek. (PLAYER:ISMERETLEN) (TARGET:) 
[2019-06-10 11:17] William Chapman átadott 11.300 $-t Leonardo Accardo-nak/nek. (PLAYER:ISMERETLEN) (TARGET:) 
[2019-06-10 11:25] Scott Barger átadott 8.000 $-t Kevin S Simpson-nak/nek. (PLAYER:ISMERETLEN) (TARGET:) 
[2019-06-10 11:27] Dominik John átadott 3.000 $-t Kevin S Simpson-nak/nek. (PLAYER:ISMERETLEN) (TARGET:) 
[2019-06-10 11:30] Stan S Simpson átadott 1.000 $-t Kevin S Simpson-nak/nek. (PLAYER:ISMERETLEN) (TARGET:) 
[2019-06-10 11:32] Stan S Simpson átadott 7.000 $-t Kevin S Simpson-nak/nek. (PLAYER:ISMERETLEN) (TARGET:) 
[2019-06-10 11:35] William Chapman átadott 100.000 $-t Steven Moore-nak/nek. (PLAYER:ISMERETLEN) (TARGET:) 
[2019-06-10 11:35] Greg S Simpson átadott 5.000 $-t Kevin S Simpson-nak/nek. (PLAYER:ISMERETLEN) (TARGET:) 
[2019-06-10 11:38] Greg S Simpson átadott 9.000 $-t Kevin S Simpson-nak/nek. (PLAYER:ISMERETLEN) (TARGET:) 
[2019-06-10 11:43] Alexander Fiola átadott 10.400 $-t Kevin S Simpson-nak/nek. (PLAYER:ISMERETLEN) (TARGET:) 
[2019-06-10 11:45] Candelaria Muches átadott 20.000 $-t Carlos Howard-nak/nek. (PLAYER:ISMERETLEN) (TARGET:) 
[2019-06-10 11:47] Taylor D Oakwood átadott 10.400 $-t Greg S Simpson-nak/nek. (PLAYER:ISMERETLEN) (TARGET:) 
[2019-06-10 11:48] Gomes Torres átadott 30.000 $-t Miranda Riggs-nak/nek. (PLAYER:ISMERETLEN) (TARGET:) 
[2019-06-10 12:01] Chris Parson átadott 20.000 $-t Kevin S Simpson-nak/nek. (PLAYER:ISMERETLEN) (TARGET:) 
[2019-06-10 12:02] Leonardo Accardo átadott 600 $-t Miranda Riggs-nak/nek. (PLAYER:ISMERETLEN) (TARGET:) 
[2019-06-10 12:06] Gomes Torres átadott 10.400 $-t Greg S Simpson-nak/nek. (PLAYER:ISMERETLEN) (TARGET:) 
[2019-06-10 12:08] David Cross átadott 5.000 $-t Norman Barger-nak/nek. (PLAYER:ISMERETLEN) (TARGET:) 
[2019-06-10 12:09] David Cross átadott 5.000 $-t Norman Barger-nak/nek. (PLAYER:ISMERETLEN) (TARGET:) 
[2019-06-10 12:09] Bezim Armed átadott 4.800 $-t Ben Zieler-nak/nek. (PLAYER:ISMERETLEN) (TARGET:) 
[2019-06-10 12:13] Leonardo Accardo átadott 200 $-t Miranda Riggs-nak/nek. (PLAYER:ISMERETLEN) (TARGET:) 
[2019-06-10 12:16] Walker  Douglas átadott 10.000 $-t George Hayek-nak/nek. (PLAYER:ISMERETLEN) (TARGET:) 
[2019-06-10 12:24] Logan Henderson átadott 5.200 $-t Kevin S Simpson-nak/nek. (PLAYER:ISMERETLEN) (TARGET:) 
[2019-06-10 12:28] David Cross átadott 40.000 $-t Daniel Cambridge-nak/nek. (PLAYER:ISMERETLEN) (TARGET:) 
[2019-06-10 12:29] Taylor D Oakwood átadott 2.000 $-t Laura Cambridge-nak/nek. (PLAYER:ISMERETLEN) (TARGET:) 
[2019-06-10 12:34] Michael Adams átadott 8.000 $-t Greg S Simpson-nak/nek. (PLAYER:ISMERETLEN) (TARGET:) 
[2019-06-10 12:44] Mauricius Gregorius átadott 73.000 $-t Vivien Morgan-nak/nek. (PLAYER:ISMERETLEN) (TARGET:) 
[2019-06-10 12:58] Daniel S Simpson átadott 79.659 $-t Stan S Simpson-nak/nek. (PLAYER:ISMERETLEN) (TARGET:) 
[2019-06-10 13:04] George Hayek átadott 200 $-t Carlos Neeves-nak/nek. (PLAYER:ISMERETLEN) (TARGET:) 
[2019-06-10 13:06] Ryan Toretto átadott 20.000 $-t Kevin S Simpson-nak/nek. (PLAYER:ISMERETLEN) (TARGET:) 
[2019-06-10 13:27] Stan S Simpson átadott 1.000 $-t Ben Zieler-nak/nek. (PLAYER:ISMERETLEN) (TARGET:) 
[2019-06-10 13:27] Parker Hardwick átadott 10.000 $-t George Hayek-nak/nek. (PLAYER:ISMERETLEN) (TARGET:) 
[2019-06-10 13:32] White Richard átadott 342 $-t Taylor D Oakwood-nak/nek. (PLAYER:ISMERETLEN) (TARGET:) 
[2019-06-10 13:38] Borislaw Kashnikov átadott 2.000 $-t Matthew D Smith-nak/nek. (PLAYER:ISMERETLEN) (TARGET:) 
[2019-06-10 14:03] Borislaw Kashnikov átadott 5.000 $-t Ben Zieler-nak/nek. (PLAYER:ISMERETLEN) (TARGET:) 
[2019-06-10 14:04] Vasily Orlov átadott 4.000 $-t Ben Zieler-nak/nek. (PLAYER:ISMERETLEN) (TARGET:) 
[2019-06-10 14:09] Ryan Toretto átadott 25.000 $-t Matt Riddle-nak/nek. (PLAYER:ISMERETLEN) (TARGET:) 
[2019-06-10 14:12] Bezim Armed átadott 3.900 $-t Kevin S Simpson-nak/nek. (PLAYER:ISMERETLEN) (TARGET:) 
[2019-06-10 14:21] Ryan Toretto átadott 45.000 $-t Vasily Orlov-nak/nek. (PLAYER:ISMERETLEN) (TARGET:) 
[2019-06-10 14:24] Greg S Simpson átadott 14.000 $-t Kevin S Simpson-nak/nek. (PLAYER:ISMERETLEN) (TARGET:) 
[2019-06-10 14:28] Ryan Toretto átadott 100.000 $-t Vasily Orlov-nak/nek. (PLAYER:ISMERETLEN) (TARGET:) 
[2019-06-10 14:31] Ryan Toretto átadott 98.000 $-t Vasily Orlov-nak/nek. (PLAYER:ISMERETLEN) (TARGET:) 
[2019-06-10 14:31] Ryan Toretto átadott 2.000 $-t Vasily Orlov-nak/nek. (PLAYER:ISMERETLEN) (TARGET:) 
[2019-06-10 14:32] Ryan Toretto átadott 5.000 $-t Vasily Orlov-nak/nek. (PLAYER:ISMERETLEN) (TARGET:) 
[2019-06-10 14:34] Ryan Toretto átadott 33.063 $-t Wyde Riggs-nak/nek. (PLAYER:ISMERETLEN) (TARGET:) 
[2019-06-10 14:38] Aria De Lange átadott 1.500 $-t Kevin S Simpson-nak/nek. (PLAYER:ISMERETLEN) (TARGET:) 
[2019-06-10 14:47] Troy Williams átadott 100.000 $-t Wyde Riggs-nak/nek. (PLAYER:ISMERETLEN) (TARGET:) 
[2019-06-10 14:47] Matthew D Smith átadott 15.000 $-t Kevin S Simpson-nak/nek. (PLAYER:ISMERETLEN) (TARGET:) 
[2019-06-10 14:52] Borislaw Kashnikov átadott 2.112 $-t Greg S Simpson-nak/nek. (PLAYER:ISMERETLEN) (TARGET:) 
[2019-06-10 14:53] Jerold Brown átadott 4.000 $-t Daniel S Simpson-nak/nek. (PLAYER:ISMERETLEN) (TARGET:) 
[2019-06-10 14:53] Jessica Bouceckhine átadott 510.000 $-t Sarah Amerson-nak/nek. (PLAYER:ISMERETLEN) (TARGET:) 
[2019-06-10 14:59] Michely Nicholson átadott 1.020 $-t Kevin S Simpson-nak/nek. (PLAYER:ISMERETLEN) (TARGET:) 
[2019-06-10 15:00] Stephanie Palmstone átadott 15.000 $-t Kevin S Simpson-nak/nek. (PLAYER:ISMERETLEN) (TARGET:) 
[2019-06-10 15:08] Vasily Orlov átadott 70.000 $-t Maya Neeves-nak/nek. (PLAYER:ISMERETLEN) (TARGET:) 
[2019-06-10 15:18] William Chapman átadott 5.000 $-t Laura Cambridge-nak/nek. (PLAYER:ISMERETLEN) (TARGET:) 
[2019-06-10 15:19] Lakatos David átadott 60.000 $-t Daniel S Simpson-nak/nek. (PLAYER:ISMERETLEN) (TARGET:) 
[2019-06-10 15:19] Lakatos David átadott 21.000 $-t Daniel S Simpson-nak/nek. (PLAYER:ISMERETLEN) (TARGET:) 
[2019-06-10 15:25] George Hayek átadott 2.600 $-t Kevin S Simpson-nak/nek. (PLAYER:ISMERETLEN) (TARGET:) 
[2019-06-10 15:27] Capone Salvatore átadott 20.000 $-t Kevin S Simpson-nak/nek. (PLAYER:ISMERETLEN) (TARGET:) 
[2019-06-10 15:31] Marco Samuel átadott 4.000 $-t Greg S Simpson-nak/nek. (PLAYER:ISMERETLEN) (TARGET:) 
[2019-06-10 15:37] Jason McCarthy átadott 3.000 $-t Miranda Riggs-nak/nek. (PLAYER:ISMERETLEN) (TARGET:) 
[2019-06-10 15:41] Lacos Davidson átadott 100.000 $-t James Ryan-nak/nek. (PLAYER:ISMERETLEN) (TARGET:) 
[2019-06-10 15:59] John Frank átadott 4.000 $-t Mauricius Gregorius-nak/nek. (PLAYER:ISMERETLEN) (TARGET:) 
[2019-06-10 16:02] Michely Nicholson átadott 1.500 $-t Mauricius Gregorius-nak/nek. (PLAYER:ISMERETLEN) (TARGET:) 
[2019-06-10 16:11] William Chapman átadott 3.900 $-t Greg S Simpson-nak/nek. (PLAYER:ISMERETLEN) (TARGET:) 
[2019-06-10 16:14] Vladimir Sarah átadott 2.000 $-t Daniel S Simpson-nak/nek. (PLAYER:ISMERETLEN) (TARGET:) 
[2019-06-10 16:15] Bezim Armed átadott 2.600 $-t Greg S Simpson-nak/nek. (PLAYER:ISMERETLEN) (TARGET:) 
[2019-06-10 16:16] Vladimir Sarah átadott 13.900 $-t Daniel S Simpson-nak/nek. (PLAYER:ISMERETLEN) (TARGET:) 
[2019-06-10 16:19] Rostislav Zakharov átadott 9.300 $-t Greg S Simpson-nak/nek. (PLAYER:ISMERETLEN) (TARGET:) 
[2019-06-10 16:36] Gomes Torres átadott 2.600 $-t Greg S Simpson-nak/nek. (PLAYER:ISMERETLEN) (TARGET:) 
[2019-06-10 16:38] Mauro Luigi átadott 1.000 $-t White Richard-nak/nek. (PLAYER:ISMERETLEN) (TARGET:) 
[2019-06-10 16:45] Vasily Orlov átadott 4.000 $-t Greg S Simpson-nak/nek. (PLAYER:ISMERETLEN) (TARGET:) 
[2019-06-10 16:48] Jack Briant átadott 60.000 $-t Alexander Fiola-nak/nek. (PLAYER:ISMERETLEN) (TARGET:) 
[2019-06-10 16:49] Alexander Fiola átadott 30.000 $-t Gomes Torres-nak/nek. (PLAYER:ISMERETLEN) (TARGET:) 
[2019-06-10 16:54] Joseph Allen átadott 96 $-t Opie Payne-nak/nek. (PLAYER:ISMERETLEN) (TARGET:) 
[2019-06-10 16:54] Opie Payne átadott 5.000 $-t Clara Siony-nak/nek. (PLAYER:ISMERETLEN) (TARGET:) 
[2019-06-10 16:59] Gomes Torres átadott 4.000 $-t Greg S Simpson-nak/nek. (PLAYER:ISMERETLEN) (TARGET:) 
[2019-06-10 17:00] Gomes Torres átadott 13.900 $-t Greg S Simpson-nak/nek. (PLAYER:ISMERETLEN) (TARGET:) 
[2019-06-10 17:00] Scott Barger átadott 15.000 $-t Norman Barger-nak/nek. (PLAYER:ISMERETLEN) (TARGET:) 
[2019-06-10 17:02] Mauro Luigi átadott 1 $-t White Richard-nak/nek. (PLAYER:ISMERETLEN) (TARGET:) 
[2019-06-10 17:02] Mauro Luigi átadott 2 $-t White Richard-nak/nek. (PLAYER:ISMERETLEN) (TARGET:) 
[2019-06-10 17:06] Barnabás Igo átadott 6.500 $-t Greg S Simpson-nak/nek. (PLAYER:ISMERETLEN) (TARGET:) 
[2019-06-10 17:08] Francisco Bob átadott 2.000 $-t Stan S Simpson-nak/nek. (PLAYER:ISMERETLEN) (TARGET:) 
[2019-06-10 17:13] Opie Payne átadott 1.300 $-t Greg S Simpson-nak/nek. (PLAYER:ISMERETLEN) (TARGET:) 
[2019-06-10 17:14] Leroy Sturridge átadott 1.000 $-t Zahar Blohin-nak/nek. (PLAYER:ISMERETLEN) (TARGET:) 
[2019-06-10 17:19] Daniel Wilson átadott 500 $-t Barnabás Igo-nak/nek. (PLAYER:ISMERETLEN) (TARGET:) 
[2019-06-10 17:22] Alexander Fiola átadott 8.111 $-t Greg S Simpson-nak/nek. (PLAYER:ISMERETLEN) (TARGET:) 
[2019-06-10 17:25] Szinka Balint átadott 8.000 $-t Miranda Riggs-nak/nek. (PLAYER:ISMERETLEN) (TARGET:) 
[2019-06-10 17:27] Carl Dewilson átadott 2.600 $-t Greg S Simpson-nak/nek. (PLAYER:ISMERETLEN) (TARGET:) 
[2019-06-10 17:32] Carl Dewilson átadott 4.000 $-t Miranda Riggs-nak/nek. (PLAYER:ISMERETLEN) (TARGET:) 
[2019-06-10 17:35] Vivien Morgan átadott 600 $-t Jakow Cartel-nak/nek. (PLAYER:ISMERETLEN) (TARGET:) 
[2019-06-10 17:43] George Hayek átadott 8.800 $-t Miranda Riggs-nak/nek. (PLAYER:ISMERETLEN) (TARGET:) 
[2019-06-10 17:44] Joseph Allen átadott 2.000 $-t Greg S Simpson-nak/nek. (PLAYER:ISMERETLEN) (TARGET:) 
[2019-06-10 17:46] Zach Teisler átadott 5.000 $-t Mike Teisler-nak/nek. (PLAYER:ISMERETLEN) (TARGET:) 
[2019-06-10 17:47] George Hayek átadott 5.900 $-t Miranda Riggs-nak/nek. (PLAYER:ISMERETLEN) (TARGET:) 
[2019-06-10 17:51] Mike Teisler átadott 5.200 $-t Greg S Simpson-nak/nek. (PLAYER:ISMERETLEN) (TARGET:) 
[2019-06-10 17:55] Zahar Blohin átadott 500 $-t Pavel Belov-nak/nek. (PLAYER:ISMERETLEN) (TARGET:) 
[2019-06-10 17:56] Gomes Torres átadott 10.000 $-t Miranda Riggs-nak/nek. (PLAYER:ISMERETLEN) (TARGET:) 
[2019-06-10 18:09] Opie Payne átadott 1.300 $-t Greg S Simpson-nak/nek. (PLAYER:ISMERETLEN) (TARGET:) 
[2019-06-10 18:23] Szinka Balint átadott 31.000 $-t Odel Junior-nak/nek. (PLAYER:ISMERETLEN) (TARGET:) 
[2019-06-10 18:28] Gomes Torres átadott 2.600 $-t Ben Zieler-nak/nek. (PLAYER:ISMERETLEN) (TARGET:) 
[2019-06-10 18:29] Aisaka Hatake átadott 67.000 $-t Ben Mattson-nak/nek. (PLAYER:ISMERETLEN) (TARGET:) 
[2019-06-10 18:36] Vladimir Sarah átadott 25.000 $-t Zahar Blohin-nak/nek. (PLAYER:ISMERETLEN) (TARGET:) 
[2019-06-10 18:38] Michely Nicholson átadott 980 $-t Matthew D Smith-nak/nek. (PLAYER:ISMERETLEN) (TARGET:) 
[2019-06-10 18:45] Greg S Simpson átadott 192.098 $-t Carlos Howard-nak/nek. (PLAYER:ISMERETLEN) (TARGET:) 
[2019-06-10 18:46] Francisco Bob átadott 9.400 $-t Ben Zieler-nak/nek. (PLAYER:ISMERETLEN) (TARGET:) 
[2019-06-10 18:47] Szinka Balint átadott 1.000 $-t Odel Junior-nak/nek. (PLAYER:ISMERETLEN) (TARGET:) 
[2019-06-10 18:48] Szinka Balint átadott 1.000 $-t Odel Junior-nak/nek. (PLAYER:ISMERETLEN) (TARGET:) 
[2019-06-10 18:49] Taylor Vladimir átadott 20.000 $-t Gomes Torres-nak/nek. (PLAYER:ISMERETLEN) (TARGET:) 
[2019-06-10 18:53] Vladimir Sarah átadott 3.500 $-t Ben Zieler-nak/nek. (PLAYER:ISMERETLEN) (TARGET:) 
[2019-06-10 18:56] Clara Siony átadott 500 $-t Alina Natasha-nak/nek. (PLAYER:ISMERETLEN) (TARGET:) 
[2019-06-10 19:02] Gomes Torres átadott 20.000 $-t Taylor Vladimir-nak/nek. (PLAYER:ISMERETLEN) (TARGET:) 
[2019-06-10 19:08] Gomes Torres átadott 7.200 $-t Daniel S Simpson-nak/nek. (PLAYER:ISMERETLEN) (TARGET:) 
[2019-06-10 19:08] Carlos Howard átadott 1.400.000 $-t Greg S Simpson-nak/nek. (PLAYER:ISMERETLEN) (TARGET:) 
[2019-06-10 19:10] Fred Norman  átadott 10.000 $-t Ben Zieler-nak/nek. (PLAYER:ISMERETLEN) (TARGET:) 
[2019-06-10 19:24] Denen Kendal átadott 600 $-t Denen Norbert-nak/nek. (PLAYER:ISMERETLEN) (TARGET:) 
[2019-06-10 19:31] Leroy Sturridge átadott 20.000 $-t Greg S Simpson-nak/nek. (PLAYER:ISMERETLEN) (TARGET:) 
[2019-06-10 19:35] Escobar S Cartel átadott 100.000 $-t Peter Newkinson-nak/nek. (PLAYER:ISMERETLEN) (TARGET:) 
[2019-06-10 19:36] VapeY B McLark átadott 10.000 $-t Vladimir Sarah-nak/nek. (PLAYER:ISMERETLEN) (TARGET:) 
[2019-06-10 19:38] Vladimir Sarah átadott 5.000 $-t Vladimir Lara-nak/nek. (PLAYER:ISMERETLEN) (TARGET:) 
[2019-06-10 19:38] Lakatos David átadott 150.000 $-t Peter Silva-nak/nek. (PLAYER:ISMERETLEN) (TARGET:) 
[2019-06-10 19:38] Daniel S Simpson átadott 200.000 $-t Carlos Howard-nak/nek. (PLAYER:ISMERETLEN) (TARGET:) 
[2019-06-10 19:41] Daniel Cambridge átadott 7.800 $-t Greg S Simpson-nak/nek. (PLAYER:ISMERETLEN) (TARGET:) 
[2019-06-10 19:42] Francisco Matheus átadott 3.000 $-t Francisco Bob-nak/nek. (PLAYER:ISMERETLEN) (TARGET:) 
[2019-06-10 19:44] Barnabás Igo átadott 13.000 $-t Greg S Simpson-nak/nek. (PLAYER:ISMERETLEN) (TARGET:) 
[2019-06-10 19:45] Vladimir Lara átadott 12.000 $-t Zahar Blohin-nak/nek. (PLAYER:ISMERETLEN) (TARGET:) 
[2019-06-10 19:48] Marco Samuel átadott 2.000 $-t Stan S Simpson-nak/nek. (PLAYER:ISMERETLEN) (TARGET:) 
[2019-06-10 19:49] Lakatos David átadott 23.000 $-t Greg S Simpson-nak/nek. (PLAYER:ISMERETLEN) (TARGET:) 
[2019-06-10 19:52] Peter Silva átadott 11.600 $-t Stan S Simpson-nak/nek. (PLAYER:ISMERETLEN) (TARGET:) 
[2019-06-10 19:56] Neak Uzzia átadott 6.000 $-t Greg S Simpson-nak/nek. (PLAYER:ISMERETLEN) (TARGET:) 
[2019-06-10 20:04] Ronald Mardel átadott 20.000 $-t Greg S Simpson-nak/nek. (PLAYER:ISMERETLEN) (TARGET:) 
[2019-06-10 20:09] Pavel Belov átadott 1.300 $-t Mauricius Gregorius-nak/nek. (PLAYER:ISMERETLEN) (TARGET:) 
[2019-06-10 20:14] Jack Briant átadott 15.000 $-t William Steawv-nak/nek. (PLAYER:ISMERETLEN) (TARGET:) 
[2019-06-10 20:16] Alina Natasha átadott 5.300 $-t Mauricius Gregorius-nak/nek. (PLAYER:ISMERETLEN) (TARGET:) 
[2019-06-10 20:18] Carlos Howard átadott 200.000 $-t Daniel S Simpson-nak/nek. (PLAYER:ISMERETLEN) (TARGET:) 
[2019-06-10 20:25] Dominic Hops átadott 2.000 $-t Dante Matteo-nak/nek. (PLAYER:ISMERETLEN) (TARGET:) 
[2019-06-10 20:25] Roland Wahl átadott 56.000 $-t George Hayek-nak/nek. (PLAYER:ISMERETLEN) (TARGET:) 
[2019-06-10 20:26] Jack Briant átadott 20.000 $-t Greg S Simpson-nak/nek. (PLAYER:ISMERETLEN) (TARGET:) 
[2019-06-10 20:29] Sarah Amerson átadott 2.000 $-t Clara Siony-nak/nek. (PLAYER:ISMERETLEN) (TARGET:) 
[2019-06-10 20:36] Logan Henderson átadott 5.200 $-t Greg S Simpson-nak/nek. (PLAYER:ISMERETLEN) (TARGET:) 
[2019-06-10 20:42] Peter Silva átadott 2.600 $-t Greg S Simpson-nak/nek. (PLAYER:ISMERETLEN) (TARGET:) 
[2019-06-10 20:44] Vladimir Lara átadott 5.000 $-t Doug Thomas-nak/nek. (PLAYER:ISMERETLEN) (TARGET:) 
[2019-06-10 20:45] Denen Norbert átadott 50.000 $-t Denen Kendal-nak/nek. (PLAYER:ISMERETLEN) (TARGET:) 
[2019-06-10 20:46] Cameron B Qwens átadott 20.000 $-t Daniel S Simpson-nak/nek. (PLAYER:ISMERETLEN) (TARGET:) 
[2019-06-10 20:46] Capone Salvatore átadott 5.900 $-t Stan S Simpson-nak/nek. (PLAYER:ISMERETLEN) (TARGET:) 
[2019-06-10 20:49] Marco Samuel átadott 10.800 $-t Greg S Simpson-nak/nek. (PLAYER:ISMERETLEN) (TARGET:) 
[2019-06-10 20:55] Loth S Lucas  átadott 301 $-t Denen Norbert-nak/nek. (PLAYER:ISMERETLEN) (TARGET:) 
[2019-06-10 20:58] Francisco Matheus átadott 3.100 $-t Francisco Lopez-nak/nek. (PLAYER:ISMERETLEN) (TARGET:) 
[2019-06-10 20:59] Denen Kendal átadott 50.000 $-t Denen Norbert-nak/nek. (PLAYER:ISMERETLEN) (TARGET:) 
[2019-06-10 21:05] Matthew D Smith átadott 4.000 $-t Greg S Simpson-nak/nek. (PLAYER:ISMERETLEN) (TARGET:) 
[2019-06-10 21:09] White Richard átadott 4.000 $-t Kevin S Simpson-nak/nek. (PLAYER:ISMERETLEN) (TARGET:) 
[2019-06-10 21:11] White Richard átadott 6.000 $-t Kevin S Simpson-nak/nek. (PLAYER:ISMERETLEN) (TARGET:) 
[2019-06-10 21:17] Esteban Santiago átadott 1.500.000 $-t Jashed Lane-nak/nek. (PLAYER:ISMERETLEN) (TARGET:) 
[2019-06-10 21:18] Pavel Belov átadott 20.000 $-t Carlos Howard-nak/nek. (PLAYER:ISMERETLEN) (TARGET:) 
[2019-06-10 21:18] Pavel Belov átadott 3.000 $-t Carlos Howard-nak/nek. (PLAYER:ISMERETLEN) (TARGET:) 
[2019-06-10 21:20] Arkadij Zakharov átadott 6.000 $-t Carlos Howard-nak/nek. (PLAYER:ISMERETLEN) (TARGET:) 
[2019-06-10 21:21] Tatjana Muranszky átadott 20.000 $-t Kevin S Simpson-nak/nek. (PLAYER:ISMERETLEN) (TARGET:) 
[2019-06-10 21:22] Loth S Lucas  átadott 1.000 $-t Vladimir Lara-nak/nek. (PLAYER:ISMERETLEN) (TARGET:) 
[2019-06-10 21:22] Taylor D Oakwood átadott 9.700 $-t Carlos Howard-nak/nek. (PLAYER:ISMERETLEN) (TARGET:) 
[2019-06-10 21:22] Thommas Cortez átadott 1.000 $-t Daniel Wilson-nak/nek. (PLAYER:ISMERETLEN) (TARGET:) 
[2019-06-10 21:23] Xefande Tiberia átadott 600.000 $-t Norman Barger-nak/nek. (PLAYER:ISMERETLEN) (TARGET:) 
[2019-06-10 21:23] Gomes Torres átadott 15.000 $-t Alexander Fiola-nak/nek. (PLAYER:ISMERETLEN) (TARGET:) 
[2019-06-10 21:24] Bradley  Martin átadott 4.000 $-t Greg S Simpson-nak/nek. (PLAYER:ISMERETLEN) (TARGET:) 
[2019-06-10 21:24] Cristian D Dante átadott 300.000 $-t Norman Barger-nak/nek. (PLAYER:ISMERETLEN) (TARGET:) 
[2019-06-10 21:25] Dante Matteo átadott 14.400 $-t Stan S Simpson-nak/nek. (PLAYER:ISMERETLEN) (TARGET:) 
[2019-06-10 21:25] Mike Brown átadott 2.000 $-t Jerold Brown-nak/nek. (PLAYER:ISMERETLEN) (TARGET:) 
[2019-06-10 21:25] White Richard átadott 10.000 $-t Vasily Orlov-nak/nek. (PLAYER:ISMERETLEN) (TARGET:) 
[2019-06-10 21:26] George Hayek átadott 20.000 $-t Carlos Howard-nak/nek. (PLAYER:ISMERETLEN) (TARGET:) 
[2019-06-10 21:28] Matthew D Smith átadott 25.000 $-t Opie Payne-nak/nek. (PLAYER:ISMERETLEN) (TARGET:) 
[2019-06-10 21:29] Bradley  Martin átadott 20.000 $-t Greg S Simpson-nak/nek. (PLAYER:ISMERETLEN) (TARGET:) 
[2019-06-10 21:29] Ethan Anderson átadott 5.000 $-t Kevin S Simpson-nak/nek. (PLAYER:ISMERETLEN) (TARGET:) 
[2019-06-10 21:31] Ryan Taylor átadott 3.000 $-t Peter Taylor-nak/nek. (PLAYER:ISMERETLEN) (TARGET:) 
[2019-06-10 21:31] Peter Taylor átadott 12.500 $-t Carlos Howard-nak/nek. (PLAYER:ISMERETLEN) (TARGET:) 
[2019-06-10 21:37] John Adams átadott 2.600 $-t Greg S Simpson-nak/nek. (PLAYER:ISMERETLEN) (TARGET:) 
[2019-06-10 21:38] Vasily Orlov átadott 2.000 $-t Fred Norman -nak/nek. (PLAYER:ISMERETLEN) (TARGET:) 
[2019-06-10 21:41] Daniel S Simpson átadott 5.000 $-t Fred Norman -nak/nek. (PLAYER:ISMERETLEN) (TARGET:) 
[2019-06-10 21:47] John Newell átadott 100.000 $-t Zahar Blohin-nak/nek. (PLAYER:ISMERETLEN) (TARGET:) 
[2019-06-10 21:47] Marco Samuel átadott 9.300 $-t Francisco Lopez-nak/nek. (PLAYER:ISMERETLEN) (TARGET:) 
[2019-06-10 21:47] Carlos Howard átadott 300.000 $-t Kevin S Simpson-nak/nek. (PLAYER:ISMERETLEN) (TARGET:) 
[2019-06-10 21:55] Daniel S Simpson átadott 450.000 $-t Kevin S Simpson-nak/nek. (PLAYER:ISMERETLEN) (TARGET:) 
[2019-06-10 22:06] Bezim Armed átadott 30.000 $-t Norman Barger-nak/nek. (PLAYER:ISMERETLEN) (TARGET:) 
[2019-06-10 22:07] John Adams átadott 5.200 $-t Kevin S Simpson-nak/nek. (PLAYER:ISMERETLEN) (TARGET:) 
[2019-06-10 22:10] Dwayne B Laronce átadott 15.600 $-t Kevin S Simpson-nak/nek. (PLAYER:ISMERETLEN) (TARGET:) 
[2019-06-10 22:17] Bradley  Martin átadott 20.000 $-t Kevin S Simpson-nak/nek. (PLAYER:ISMERETLEN) (TARGET:) 
[2019-06-10 22:18] Coolio Glover átadott 68.000 $-t Jashed Lane-nak/nek. (PLAYER:ISMERETLEN) (TARGET:) 
[2019-06-10 22:19] Jashed Lane átadott 68.000 $-t Coolio Glover-nak/nek. (PLAYER:ISMERETLEN) (TARGET:) 
[2019-06-10 22:19] Jashed Lane átadott 100.000 $-t Coolio Glover-nak/nek. (PLAYER:ISMERETLEN) (TARGET:) 
[2019-06-10 22:27] Leart Benson átadott 6.000 $-t Francisco Lopez-nak/nek. (PLAYER:ISMERETLEN) (TARGET:) 
[2019-06-10 22:28] Joseph Allen átadott 5.000 $-t Candelaria Muches-nak/nek. (PLAYER:ISMERETLEN) (TARGET:) 
[2019-06-10 22:29] Dwayne B Laronce átadott 5.200 $-t Kevin S Simpson-nak/nek. (PLAYER:ISMERETLEN) (TARGET:) 
[2019-06-10 22:46] Leart Benson átadott 5.000 $-t Francisco Lopez-nak/nek. (PLAYER:ISMERETLEN) (TARGET:) 
[2019-06-10 23:19] Troy Williams átadott 30.000 $-t Joseph Allen-nak/nek. (PLAYER:ISMERETLEN) (TARGET:) 
[2019-06-10 23:23] Troy Williams átadott 100.000 $-t Dwayne David-nak/nek. (PLAYER:ISMERETLEN) (TARGET:) 
[2019-06-10 23:26] Troy Williams átadott 100.000 $-t Dwayne David-nak/nek. (PLAYER:ISMERETLEN) (TARGET:) 
[2019-06-10 23:27] Troy Williams átadott 10.000 $-t Dwayne David-nak/nek. (PLAYER:ISMERETLEN) (TARGET:) 
[2019-06-10 23:32] Troy Williams átadott 100.000 $-t Dwayne David-nak/nek. (PLAYER:ISMERETLEN) (TARGET:) 
[2019-06-10 23:42] Troy Williams átadott 25.000 $-t Greg S Simpson-nak/nek. (PLAYER:ISMERETLEN) (TARGET:) 
[2019-06-10 23:49] Troy Williams átadott 70.000 $-t Greg S Simpson-nak/nek. (PLAYER:ISMERETLEN) (TARGET:) 
[2019-06-10 23:59] Troy Williams átadott 20.000 $-t Greg S Simpson-nak/nek. (PLAYER:ISMERETLEN) (TARGET:) 
[2019-06-10 23:59] Troy Williams átadott 30.000 $-t Greg S Simpson-nak/nek. (PLAYER:ISMERETLEN) (TARGET:) 
[2019-06-11 00:03] Troy Williams átadott 99.693 $-t Dwayne David-nak/nek. (PLAYER:ISMERETLEN) (TARGET:) 
[2019-06-11 00:04] Troy Williams átadott 10.000 $-t Greg S Simpson-nak/nek. (PLAYER:ISMERETLEN) (TARGET:) 
[2019-06-11 00:04] Troy Williams átadott 10.000 $-t Greg S Simpson-nak/nek. (PLAYER:ISMERETLEN) (TARGET:) 
[2019-06-11 00:06] Troy Williams átadott 5.000 $-t Greg S Simpson-nak/nek. (PLAYER:ISMERETLEN) (TARGET:) 
[2019-06-11 00:09] Troy Williams átadott 75.000 $-t Greg S Simpson-nak/nek. (PLAYER:ISMERETLEN) (TARGET:) 
[2019-06-11 00:09] Troy Williams átadott 100.000 $-t Dwayne David-nak/nek. (PLAYER:ISMERETLEN) (TARGET:) 
[2019-06-11 00:14] Troy Williams átadott 100.000 $-t Dwayne David-nak/nek. (PLAYER:ISMERETLEN) (TARGET:) 
[2019-06-11 00:21] Dwayne David átadott 140.000 $-t Troy Williams-nak/nek. (PLAYER:ISMERETLEN) (TARGET:) 
[2019-06-11 00:23] Troy Williams átadott 25.295 $-t Greg S Simpson-nak/nek. (PLAYER:ISMERETLEN) (TARGET:) 
[2019-06-11 00:30] John Adams átadott 15.000 $-t Jakow Cartel-nak/nek. (PLAYER:ISMERETLEN) (TARGET:) 
[2019-06-11 00:30] John Adams átadott 10.000 $-t Jakow Cartel-nak/nek. (PLAYER:ISMERETLEN) (TARGET:) 
[2019-06-11 00:49] John Adams átadott 8.000 $-t Greg S Simpson-nak/nek. (PLAYER:ISMERETLEN) (TARGET:) 
[2019-06-11 01:02] John Adams átadott 361 $-t Jakow Cartel-nak/nek. (PLAYER:ISMERETLEN) (TARGET:) 
[2019-06-11 01:18] Troy Williams átadott 1.000 $-t Dwayne David-nak/nek. (PLAYER:ISMERETLEN) (TARGET:) 
[2019-06-11 01:18] Troy Williams átadott 1 $-t Dwayne David-nak/nek. (PLAYER:ISMERETLEN) (TARGET:) 
[2019-06-11 01:18] Troy Williams átadott 1 $-t Dwayne David-nak/nek. (PLAYER:ISMERETLEN) (TARGET:) 
[2019-06-11 01:18] Troy Williams átadott 1 $-t Dwayne David-nak/nek. (PLAYER:ISMERETLEN) (TARGET:) 
[2019-06-11 01:18] Troy Williams átadott 1 $-t Dwayne David-nak/nek. (PLAYER:ISMERETLEN) (TARGET:) 
[2019-06-11 01:19] Troy Williams átadott 50 $-t Dwayne David-nak/nek. (PLAYER:ISMERETLEN) (TARGET:) 
[2019-06-11 01:19] Troy Williams átadott 49 $-t Dwayne David-nak/nek. (PLAYER:ISMERETLEN) (TARGET:) 
[2019-06-11 01:19] Troy Williams átadott 49 $-t Dwayne David-nak/nek. (PLAYER:ISMERETLEN) (TARGET:) 
[2019-06-11 01:19] Troy Williams átadott 49 $-t Dwayne David-nak/nek. (PLAYER:ISMERETLEN) (TARGET:) 
[2019-06-11 01:19] Troy Williams átadott 49 $-t Dwayne David-nak/nek. (PLAYER:ISMERETLEN) (TARGET:) 
[2019-06-11 01:19] Troy Williams átadott 49 $-t Dwayne David-nak/nek. (PLAYER:ISMERETLEN) (TARGET:) 
[2019-06-11 01:19] Troy Williams átadott 49 $-t Dwayne David-nak/nek. (PLAYER:ISMERETLEN) (TARGET:) 
[2019-06-11 01:20] Troy Williams átadott 49 $-t Dwayne David-nak/nek. (PLAYER:ISMERETLEN) (TARGET:) 
[2019-06-11 01:20] Troy Williams átadott 49 $-t Dwayne David-nak/nek. (PLAYER:ISMERETLEN) (TARGET:) 
[2019-06-11 01:28] Troy Williams átadott 197.263 $-t Dwayne David-nak/nek. (PLAYER:ISMERETLEN) (TARGET:) 
[2019-06-11 01:28] Troy Williams átadott 300.000 $-t Dwayne David-nak/nek. (PLAYER:ISMERETLEN) (TARGET:) 
[2019-06-11 01:31] Troy Williams átadott 300.000 $-t Dwayne David-nak/nek. (PLAYER:ISMERETLEN) (TARGET:) 
[2019-06-11 01:35] Troy Williams átadott 200.000 $-t Dwayne David-nak/nek. (PLAYER:ISMERETLEN) (TARGET:) 
[2019-06-11 01:44] Dwayne David átadott 150.000 $-t Troy Williams-nak/nek. (PLAYER:ISMERETLEN) (TARGET:) 
[2019-06-11 01:45] Dwayne David átadott 4.000 $-t Troy Williams-nak/nek. (PLAYER:ISMERETLEN) (TARGET:) 
[2019-06-11 01:54] Troy Williams átadott 920 $-t Dwayne David-nak/nek. (PLAYER:ISMERETLEN) (TARGET:) 
[2019-06-11 02:06] Troy Williams átadott 300.000 $-t Dwayne David-nak/nek. (PLAYER:ISMERETLEN) (TARGET:) 
[2019-06-11 02:06] Troy Williams átadott 49.149 $-t Dwayne David-nak/nek. (PLAYER:ISMERETLEN) (TARGET:) 
[2019-06-11 02:15] Troy Williams átadott 2.751 $-t Dwayne David-nak/nek. (PLAYER:ISMERETLEN) (TARGET:) 
[2019-06-11 02:19] Troy Williams átadott 120.000 $-t Dwayne David-nak/nek. (PLAYER:ISMERETLEN) (TARGET:) 
[2019-06-11 09:06] Greg S Simpson átadott 80.000 $-t Kevin De Felice-nak/nek. (PLAYER:ISMERETLEN) (TARGET:) 
[2019-06-11 09:21] Parker Hardwick átadott 20.000 $-t Thommas Kensy-nak/nek. (PLAYER:ISMERETLEN) (TARGET:) 
[2019-06-11 09:44] Parker Hardwick átadott 2.600 $-t Greg S Simpson-nak/nek. (PLAYER:ISMERETLEN) (TARGET:) 
[2019-06-11 11:23] Lakatos David átadott 13.000 $-t Greg S Simpson-nak/nek. (PLAYER:ISMERETLEN) (TARGET:) 
[2019-06-11 12:08] Greg S Simpson átadott 35.000 $-t Lakatos David-nak/nek. (PLAYER:ISMERETLEN) (TARGET:) 
[2019-06-11 12:25] Tatjana Muranszky átadott 400 $-t Greg S Simpson-nak/nek. (PLAYER:ISMERETLEN) (TARGET:) 
[2019-06-11 12:25] Tatjana Muranszky átadott 5.000 $-t Greg S Simpson-nak/nek. (PLAYER:ISMERETLEN) (TARGET:) 
[2019-06-11 12:30] Tatjana Muranszky átadott 13.751 $-t Greg S Simpson-nak/nek. (PLAYER:ISMERETLEN) (TARGET:) 
[2019-06-11 12:36] Greg S Simpson átadott 20.000 $-t Tatjana Muranszky-nak/nek. (PLAYER:ISMERETLEN) (TARGET:) 
[2019-06-11 13:54] Aquintis Marshall átadott 500 $-t Andrew Collins-nak/nek. (PLAYER:ISMERETLEN) (TARGET:) 
[2019-06-11 13:57] Francisco Bob átadott 2.000 $-t George Hayek-nak/nek. (PLAYER:ISMERETLEN) (TARGET:) 
[2019-06-11 13:59] Francisco Bob átadott 4.000 $-t George Hayek-nak/nek. (PLAYER:ISMERETLEN) (TARGET:) 
[2019-06-11 14:19] Peter Newkinson átadott 4.600 $-t Escobar S Cartel-nak/nek. (PLAYER:ISMERETLEN) (TARGET:) 
[2019-06-11 14:22] Lucifer D Santhe átadott 60.000 $-t Travers Giacometti-nak/nek. (PLAYER:ISMERETLEN) (TARGET:) 
[2019-06-11 14:39] Cody Cartel átadott 8.000 $-t Greg S Simpson-nak/nek. (PLAYER:ISMERETLEN) (TARGET:) 
[2019-06-11 14:54] Nikolaj Sztrásztuszkejov átadott 398 $-t Matt Riddle-nak/nek. (PLAYER:ISMERETLEN) (TARGET:) 
[2019-06-11 14:56] Matthew D Smith átadott 2.500 $-t Peter Silva-nak/nek. (PLAYER:ISMERETLEN) (TARGET:) 
[2019-06-11 14:59] Rostislav Zakharov átadott 4.900 $-t Francisco Lopez-nak/nek. (PLAYER:ISMERETLEN) (TARGET:) 
[2019-06-11 14:59] Ryan D Lackwood átadott 48.240 $-t John Smith-nak/nek. (PLAYER:ISMERETLEN) (TARGET:) 
[2019-06-11 15:07] Kevin S Simpson átadott 500.000 $-t Daniel S Simpson-nak/nek. (PLAYER:ISMERETLEN) (TARGET:) 
[2019-06-11 15:08] Michael Adams átadott 26.000 $-t Lucy Ackermann-nak/nek. (PLAYER:ISMERETLEN) (TARGET:) 
[2019-06-11 15:08] Peter Silva átadott 10.000 $-t Brian Fritz-nak/nek. (PLAYER:ISMERETLEN) (TARGET:) 
[2019-06-11 15:09] Rostislav Zakharov átadott 1.300 $-t Francisco Lopez-nak/nek. (PLAYER:ISMERETLEN) (TARGET:) 
[2019-06-11 15:12] Greg S Simpson átadott 1.300.000 $-t Stan S Simpson-nak/nek. (PLAYER:ISMERETLEN) (TARGET:) 
[2019-06-11 15:17] Brian Fritz átadott 3.900 $-t Francisco Lopez-nak/nek. (PLAYER:ISMERETLEN) (TARGET:) 
[2019-06-11 15:18] Wesley Brewster átadott 100.000 $-t Adek Tiberia-nak/nek. (PLAYER:ISMERETLEN) (TARGET:) 
[2019-06-11 15:18] Dwayne Jack átadott 750 $-t Clara Siony-nak/nek. (PLAYER:ISMERETLEN) (TARGET:) 
[2019-06-11 15:20] Arkadij Zakharov átadott 1.000 $-t Rostislav Zakharov-nak/nek. (PLAYER:ISMERETLEN) (TARGET:) 
[2019-06-11 15:23] Francisco Bob átadott 8.000 $-t Michael Adams-nak/nek. (PLAYER:ISMERETLEN) (TARGET:) 
[2019-06-11 15:34] Travers Giacometti átadott 19.349 $-t Stan S Simpson-nak/nek. (PLAYER:ISMERETLEN) (TARGET:) 
[2019-06-11 15:34] Scott Barger átadott 30.000 $-t Michael Adams-nak/nek. (PLAYER:ISMERETLEN) (TARGET:) 
[2019-06-11 15:37] Norman Barger átadott 4.000 $-t Kevin S Simpson-nak/nek. (PLAYER:ISMERETLEN) (TARGET:) 
[2019-06-11 15:37] Arkadij Zakharov átadott 10.000 $-t Zahar Blohin-nak/nek. (PLAYER:ISMERETLEN) (TARGET:) 
[2019-06-11 15:38] Fred Norman  átadott 11.100 $-t Daniel S Simpson-nak/nek. (PLAYER:ISMERETLEN) (TARGET:) 
[2019-06-11 15:45] Matthew D Smith átadott 1.500 $-t Dwayne B Laronce-nak/nek. (PLAYER:ISMERETLEN) (TARGET:) 
[2019-06-11 15:55] Travers Giacometti átadott 10.000 $-t Scott Barger-nak/nek. (PLAYER:ISMERETLEN) (TARGET:) 
[2019-06-11 15:55] Capone Salvatore átadott 7.500 $-t Kevin S Simpson-nak/nek. (PLAYER:ISMERETLEN) (TARGET:) 
[2019-06-11 15:57] Scott Barger átadott 110.000 $-t William Steawv-nak/nek. (PLAYER:ISMERETLEN) (TARGET:) 
[2019-06-11 16:02] Ben Zieler átadott 1 $-t Lakatos David-nak/nek. (PLAYER:ISMERETLEN) (TARGET:) 
[2019-06-11 16:05] Lakatos David átadott 17.700 $-t Ben Zieler-nak/nek. (PLAYER:ISMERETLEN) (TARGET:) 
[2019-06-11 16:07] Parker Hardwick átadott 2.300 $-t Mauricius Gregorius-nak/nek. (PLAYER:ISMERETLEN) (TARGET:) 
[2019-06-11 16:09] Gomes Torres átadott 5.200 $-t Mauricius Gregorius-nak/nek. (PLAYER:ISMERETLEN) (TARGET:) 
[2019-06-11 16:14] Neak Uzzia átadott 500 $-t Ben Zieler-nak/nek. (PLAYER:ISMERETLEN) (TARGET:) 
[2019-06-11 16:14] Neak Uzzia átadott 5.000 $-t Ben Zieler-nak/nek. (PLAYER:ISMERETLEN) (TARGET:) 
[2019-06-11 16:15] Pavel Belov átadott 2.600 $-t Kevin S Simpson-nak/nek. (PLAYER:ISMERETLEN) (TARGET:) 
[2019-06-11 16:16] Ronald Mardel átadott 10.000 $-t Peter Newkinson-nak/nek. (PLAYER:ISMERETLEN) (TARGET:) 
[2019-06-11 16:16] Ronald Mardel átadott 10.000 $-t Fred Norman -nak/nek. (PLAYER:ISMERETLEN) (TARGET:) 
[2019-06-11 16:16] Randy Nazzaro átadott 10.000 $-t Daniel S Simpson-nak/nek. (PLAYER:ISMERETLEN) (TARGET:) 
[2019-06-11 16:18] Vladimir Sarah átadott 2.000 $-t Kevin S Simpson-nak/nek. (PLAYER:ISMERETLEN) (TARGET:) 
[2019-06-11 16:20] Victor Tauzmann átadott 3.333 $-t Ben Zieler-nak/nek. (PLAYER:ISMERETLEN) (TARGET:) 
[2019-06-11 16:22] Dwayne B Laronce átadott 1.700 $-t Jony Carter-nak/nek. (PLAYER:ISMERETLEN) (TARGET:) 
[2019-06-11 16:22] Adrik Ivanov átadott 1.000 $-t Clara Siony-nak/nek. (PLAYER:ISMERETLEN) (TARGET:) 
[2019-06-11 16:22] Vladimir Sarah átadott 8.600 $-t Kevin S Simpson-nak/nek. (PLAYER:ISMERETLEN) (TARGET:) 
[2019-06-11 16:25] Jashed Lane átadott 350.000 $-t Tazwell Reese-nak/nek. (PLAYER:ISMERETLEN) (TARGET:) 
[2019-06-11 16:27] Gomes Torres átadott 300 $-t Alexander Fiola-nak/nek. (PLAYER:ISMERETLEN) (TARGET:) 
[2019-06-11 17:03] Alina Natasha átadott 500 $-t Peter Silva-nak/nek. (PLAYER:ISMERETLEN) (TARGET:) 
[2019-06-11 17:07] John Smith átadott 4.000 $-t Dwayne B Laronce-nak/nek. (PLAYER:ISMERETLEN) (TARGET:) 
[2019-06-11 17:09] Ryan D Lackwood átadott 50.000 $-t Dwayne B Laronce-nak/nek. (PLAYER:ISMERETLEN) (TARGET:) 
[2019-06-11 17:11] Greg S Simpson átadott 200.000 $-t Mack Allen-nak/nek. (PLAYER:ISMERETLEN) (TARGET:) 
[2019-06-11 17:13] David Cross átadott 100.000 $-t Michely Nicholson-nak/nek. (PLAYER:ISMERETLEN) (TARGET:) 
[2019-06-11 17:13] Wesley Brewster átadott 5.000.000 $-t Borislaw Kashnikov-nak/nek. (PLAYER:ISMERETLEN) (TARGET:) 
[2019-06-11 17:17] Greg S Simpson átadott 300.000 $-t Jhon Barina-nak/nek. (PLAYER:ISMERETLEN) (TARGET:) 
[2019-06-11 17:19] Ryan D Lackwood átadott 104.000 $-t Jony Carter-nak/nek. (PLAYER:ISMERETLEN) (TARGET:) 
[2019-06-11 17:25] Jerold Brown átadott 1.600.000 $-t Kevin S Simpson-nak/nek. (PLAYER:ISMERETLEN) (TARGET:) 
[2019-06-11 17:26] John Smith átadott 151.000 $-t Jordan Davis-nak/nek. (PLAYER:ISMERETLEN) (TARGET:) 
[2019-06-11 17:31] Peter Silva átadott 10.000 $-t Ben Zieler-nak/nek. (PLAYER:ISMERETLEN) (TARGET:) 
[2019-06-11 17:32] Peter Silva átadott 500 $-t Ben Zieler-nak/nek. (PLAYER:ISMERETLEN) (TARGET:) 
[2019-06-11 17:34] Greg S Simpson átadott 200.000 $-t Raphael Scott-nak/nek. (PLAYER:ISMERETLEN) (TARGET:) 
[2019-06-11 17:35] Greg S Simpson átadott 200.000 $-t Ervin S Kenedy-nak/nek. (PLAYER:ISMERETLEN) (TARGET:) 
[2019-06-11 17:35] Jhon James átadott 10.000 $-t Jhon Williams-nak/nek. (PLAYER:ISMERETLEN) (TARGET:) 
[2019-06-11 17:37] Greg S Simpson átadott 200.000 $-t Eric Justin -nak/nek. (PLAYER:ISMERETLEN) (TARGET:) 
[2019-06-11 17:38] Peter Newkinson átadott 5.000 $-t Ben Zieler-nak/nek. (PLAYER:ISMERETLEN) (TARGET:) 
[2019-06-11 17:43] Pavel Belov átadott 10.600 $-t Ben Zieler-nak/nek. (PLAYER:ISMERETLEN) (TARGET:) 
[2019-06-11 17:46] Arkadij Zakharov átadott 1.000 $-t Travers Giacometti-nak/nek. (PLAYER:ISMERETLEN) (TARGET:) 
[2019-06-11 17:47] Francisco Matheus átadott 5.000 $-t Jhon James-nak/nek. (PLAYER:ISMERETLEN) (TARGET:) 
[2019-06-11 17:48] Randy Nazzaro átadott 2.800 $-t Ben Zieler-nak/nek. (PLAYER:ISMERETLEN) (TARGET:) 
[2019-06-11 17:50] Alina Natasha átadott 5.400 $-t Ben Zieler-nak/nek. (PLAYER:ISMERETLEN) (TARGET:) 
[2019-06-11 17:52] Matthew D Smith átadott 8.500 $-t Opie Payne-nak/nek. (PLAYER:ISMERETLEN) (TARGET:) 
[2019-06-11 17:54] Matt Riddle átadott 15.000 $-t Chris Edison-nak/nek. (PLAYER:ISMERETLEN) (TARGET:) 
[2019-06-11 17:54] Arkadij Zakharov átadott 2 $-t Travers Giacometti-nak/nek. (PLAYER:ISMERETLEN) (TARGET:) 
[2019-06-11 17:54] Taylor Vladimir átadott 2 $-t Travers Giacometti-nak/nek. (PLAYER:ISMERETLEN) (TARGET:) 
[2019-06-11 17:56] Taylor Vladimir átadott 550 $-t Travers Giacometti-nak/nek. (PLAYER:ISMERETLEN) (TARGET:) 
[2019-06-11 17:56] Arkadij Zakharov átadott 500 $-t Travers Giacometti-nak/nek. (PLAYER:ISMERETLEN) (TARGET:) 
[2019-06-11 17:56] Peter Silva átadott 5.200 $-t Ben Zieler-nak/nek. (PLAYER:ISMERETLEN) (TARGET:) 
[2019-06-11 17:57] Kevin S Simpson átadott 290.000 $-t Alexander Fiola-nak/nek. (PLAYER:ISMERETLEN) (TARGET:) 
[2019-06-11 18:03] Arina Orlov átadott 2.000 $-t Ervin S Kenedy-nak/nek. (PLAYER:ISMERETLEN) (TARGET:) 
[2019-06-11 18:04] Greg S Simpson átadott 300.000 $-t Jhon Williams-nak/nek. (PLAYER:ISMERETLEN) (TARGET:) 
[2019-06-11 18:04] Drake Peterson átadott 4.228 $-t Vladimir Lara-nak/nek. (PLAYER:ISMERETLEN) (TARGET:) 
[2019-06-11 18:09] Greg S Simpson átadott 180.000 $-t Chris Parson-nak/nek. (PLAYER:ISMERETLEN) (TARGET:) 
[2019-06-11 18:10] Daniel S Simpson átadott 10.000 $-t Cameron B Qwens-nak/nek. (PLAYER:ISMERETLEN) (TARGET:) 
[2019-06-11 18:11] Lakatos David átadott 200.000 $-t Cristian D Dante-nak/nek. (PLAYER:ISMERETLEN) (TARGET:) 
[2019-06-11 18:11] Lakatos David átadott 50.000 $-t Cristian D Dante-nak/nek. (PLAYER:ISMERETLEN) (TARGET:) 
[2019-06-11 18:12] Arina Orlov átadott 23.000 $-t Ervin S Kenedy-nak/nek. (PLAYER:ISMERETLEN) (TARGET:) 
[2019-06-11 18:13] Nicho O'Conner átadott 25.000 $-t Daniel S Simpson-nak/nek. (PLAYER:ISMERETLEN) (TARGET:) 
[2019-06-11 18:13] Daniel S Simpson átadott 5.000 $-t Kevin S Simpson-nak/nek. (PLAYER:ISMERETLEN) (TARGET:) 
[2019-06-11 18:13] Peter Newkinson átadott 12.000 $-t Stan S Simpson-nak/nek. (PLAYER:ISMERETLEN) (TARGET:) 
[2019-06-11 18:14] Roger Gustav átadott 200.000 $-t Zahar Blohin-nak/nek. (PLAYER:ISMERETLEN) (TARGET:) 
[2019-06-11 18:18] Peter Silva átadott 2.600 $-t Kevin S Simpson-nak/nek. (PLAYER:ISMERETLEN) (TARGET:) 
[2019-06-11 18:18] Matthew D Smith átadott 1.538 $-t Taylor Vladimir-nak/nek. (PLAYER:ISMERETLEN) (TARGET:) 
[2019-06-11 18:18] Donald Lexy átadott 4.100 $-t Ben Zieler-nak/nek. (PLAYER:ISMERETLEN) (TARGET:) 
[2019-06-11 18:22] Ronald Mardel átadott 8.000 $-t Kevin S Simpson-nak/nek. (PLAYER:ISMERETLEN) (TARGET:) 
[2019-06-11 18:23] Peter Newkinson átadott 5.000 $-t Fred Norman -nak/nek. (PLAYER:ISMERETLEN) (TARGET:) 
[2019-06-11 18:25] John D Richard átadott 60.000 $-t Peter Newkinson-nak/nek. (PLAYER:ISMERETLEN) (TARGET:) 
[2019-06-11 18:25] Nikolaj Sztrásztuszkejov átadott 2.000 $-t Stan S Simpson-nak/nek. (PLAYER:ISMERETLEN) (TARGET:) 
[2019-06-11 18:26] Arkadij Zakharov átadott 1.600 $-t Rostislav Zakharov-nak/nek. (PLAYER:ISMERETLEN) (TARGET:) 
[2019-06-11 18:27] Matthew D Smith átadott 5.000 $-t Joseph Allen-nak/nek. (PLAYER:ISMERETLEN) (TARGET:) 
[2019-06-11 18:28] Greg S Simpson átadott 215.000 $-t Taylor Vladimir-nak/nek. (PLAYER:ISMERETLEN) (TARGET:) 
[2019-06-11 18:29] Dominik John átadott 1.000 $-t Fredi Ethan-nak/nek. (PLAYER:ISMERETLEN) (TARGET:) 
[2019-06-11 18:31] Chris Parson átadott 1.000 $-t Fredi Ethan-nak/nek. (PLAYER:ISMERETLEN) (TARGET:) 
[2019-06-11 18:32] Nikolaj Sztrásztuszkejov átadott 3.000 $-t Stan S Simpson-nak/nek. (PLAYER:ISMERETLEN) (TARGET:) 
[2019-06-11 18:36] Daniel S Simpson átadott 50.000 $-t Nicho O'Conner-nak/nek. (PLAYER:ISMERETLEN) (TARGET:) 
[2019-06-11 18:38] Matthew D Smith átadott 900 $-t Drake Peterson-nak/nek. (PLAYER:ISMERETLEN) (TARGET:) 
[2019-06-11 18:42] Matthew D Smith átadott 2.400 $-t Peter D Dante-nak/nek. (PLAYER:ISMERETLEN) (TARGET:) 
[2019-06-11 18:43] Matthew D Smith átadott 22.000 $-t Peter D Dante-nak/nek. (PLAYER:ISMERETLEN) (TARGET:) 
[2019-06-11 18:43] Roger Gustav átadott 1.000.000 $-t Kevin S Simpson-nak/nek. (PLAYER:ISMERETLEN) (TARGET:) 
[2019-06-11 18:48] Matthew D Smith átadott 16.000 $-t Peter D Dante-nak/nek. (PLAYER:ISMERETLEN) (TARGET:) 
[2019-06-11 18:52] Nikolaj Sztrásztuszkejov átadott 25.000 $-t Vasily Orlov-nak/nek. (PLAYER:ISMERETLEN) (TARGET:) 
[2019-06-11 18:55] Nikolaj Sztrásztuszkejov átadott 5.000 $-t Vasily Orlov-nak/nek. (PLAYER:ISMERETLEN) (TARGET:) 
[2019-06-11 18:56] John Smith átadott 9.100 $-t Kevin S Simpson-nak/nek. (PLAYER:ISMERETLEN) (TARGET:) 
[2019-06-11 18:56] Chris Parson átadott 16.000 $-t Jony Carter-nak/nek. (PLAYER:ISMERETLEN) (TARGET:) 
[2019-06-11 18:57] Greg S Simpson átadott 225.000 $-t Mauro Luigi-nak/nek. (PLAYER:ISMERETLEN) (TARGET:) 
[2019-06-11 19:02] Ervin S Kenedy átadott 4.000 $-t Matthew D Smith-nak/nek. (PLAYER:ISMERETLEN) (TARGET:) 
[2019-06-11 19:02] Greg S Simpson átadott 400.000 $-t Fredi Ethan-nak/nek. (PLAYER:ISMERETLEN) (TARGET:) 
[2019-06-11 19:04] Matthew D Smith átadott 10.000 $-t Peter D Dante-nak/nek. (PLAYER:ISMERETLEN) (TARGET:) 
[2019-06-11 19:06] Travers Giacometti átadott 4.000 $-t Kevin S Simpson-nak/nek. (PLAYER:ISMERETLEN) (TARGET:) 
[2019-06-11 19:07] Travers Giacometti átadott 1.400 $-t Kevin S Simpson-nak/nek. (PLAYER:ISMERETLEN) (TARGET:) 
[2019-06-11 19:10] Francisco Lopez átadott 150.000 $-t Roger Gustav-nak/nek. (PLAYER:ISMERETLEN) (TARGET:) 
[2019-06-11 19:13] Fredi Ethan átadott 500 $-t Joseph Allen-nak/nek. (PLAYER:ISMERETLEN) (TARGET:) 
[2019-06-11 19:15] Jony Carter átadott 17.000 $-t Jonh Font-nak/nek. (PLAYER:ISMERETLEN) (TARGET:) 
[2019-06-11 19:19] Travers Giacometti átadott 2.600 $-t Kevin S Simpson-nak/nek. (PLAYER:ISMERETLEN) (TARGET:) 
[2019-06-11 19:24] Francisco Lopez átadott 100.000 $-t Leart Benson-nak/nek. (PLAYER:ISMERETLEN) (TARGET:) 
[2019-06-11 19:24] Francisco Lopez átadott 100.000 $-t Francisco Bob-nak/nek. (PLAYER:ISMERETLEN) (TARGET:) 
[2019-06-11 19:30] Raphael Scott átadott 10.400 $-t Kevin S Simpson-nak/nek. (PLAYER:ISMERETLEN) (TARGET:) 
[2019-06-11 19:32] Francisco Lopez átadott 100.000 $-t Leart Benson-nak/nek. (PLAYER:ISMERETLEN) (TARGET:) 
