[2019-06-09 20:31] Dzserold RTC-zett egy járművet. ID: 2341 (PLAYER:Dzserold) (TARGET:) 
[2019-06-09 20:51] Süsü RTC-zett egy járművet. ID: 1704 (PLAYER:Süsü) (TARGET:) 
[2019-06-09 21:29] Atesz RTC-zett egy járművet. ID: 3529 (PLAYER:Atesz) (TARGET:) 
[2019-06-09 21:45] Dzserold RTC-zett egy járművet. ID: 2341 (PLAYER:Dzserold) (TARGET:) 
[2019-06-09 21:46] Dzserold RTC-zett egy járművet. ID: 1251 (PLAYER:Dzserold) (TARGET:) 
[2019-06-09 21:46] Dzserold RTC-zett egy járművet. ID: 2341 (PLAYER:Dzserold) (TARGET:) 
[2019-06-09 21:46] Dzserold RTC-zett egy járművet. ID: 2341 (PLAYER:Dzserold) (TARGET:) 
[2019-06-09 21:56] Dzserold RTC-zett egy járművet. ID: 2341 (PLAYER:Dzserold) (TARGET:) 
[2019-06-09 22:10] Shox RTC-zett egy járművet. ID: 3824 (PLAYER:Shox) (TARGET:) 
[2019-06-09 22:14] Zsömi RTC-zett egy járművet. ID: 4471 (PLAYER:Zsömi) (TARGET:) 
[2019-06-10 00:44] Zsömi RTC-zett egy járművet. ID: 4471 (PLAYER:Zsömi) (TARGET:) 
[2019-06-10 01:30] Dzserold RTC-zett egy járművet. ID: 2341 (PLAYER:Dzserold) (TARGET:) 
[2019-06-10 01:30] Shox RTC-zett egy járművet. ID: 4471 (PLAYER:Shox) (TARGET:) 
[2019-06-10 01:37] Zsömi RTC-zett egy járművet. ID: 4471 (PLAYER:Zsömi) (TARGET:) 
[2019-06-10 01:55] Shox RTC-zett egy járművet. ID: 4568 (PLAYER:Shox) (TARGET:) 
[2019-06-10 02:57] Zsömi RTC-zett egy járművet. ID: 4016 (PLAYER:Zsömi) (TARGET:) 
[2019-06-10 02:57] Zsömi RTC-zett egy járművet. ID: 3355 (PLAYER:Zsömi) (TARGET:) 
[2019-06-10 02:59] Shox RTC-zett egy járművet. ID: 4471 (PLAYER:Shox) (TARGET:) 
[2019-06-10 03:00] Zsömi RTC-zett egy járművet. ID: 4471 (PLAYER:Zsömi) (TARGET:) 
[2019-06-10 03:00] Zsömi RTC-zett egy járművet. ID: 4471 (PLAYER:Zsömi) (TARGET:) 
[2019-06-10 03:01] Shox RTC-zett egy járművet. ID: 4471 (PLAYER:Shox) (TARGET:) 
[2019-06-10 03:17] Zsömi RTC-zett egy járművet. ID: 4236 (PLAYER:Zsömi) (TARGET:) 
[2019-06-10 03:17] Zsömi RTC-zett egy járművet. ID: 4236 (PLAYER:Zsömi) (TARGET:) 
[2019-06-10 03:17] Zsömi RTC-zett egy járművet. ID: 4237 (PLAYER:Zsömi) (TARGET:) 
[2019-06-10 03:17] Zsömi RTC-zett egy járművet. ID: 4229 (PLAYER:Zsömi) (TARGET:) 
[2019-06-10 03:17] Zsömi RTC-zett egy járművet. ID: 2464 (PLAYER:Zsömi) (TARGET:) 
[2019-06-10 10:10] Shakur RTC-zett egy járművet. ID: 4001 (PLAYER:Shakur) (TARGET:) 
[2019-06-10 11:31] Shakur RTC-zett egy járművet. ID: 3623 (PLAYER:Shakur) (TARGET:) 
[2019-06-10 12:16] Zsömi RTC-zett egy járművet. ID: 4471 (PLAYER:Zsömi) (TARGET:) 
[2019-06-10 12:27] Atesz RTC-zett egy járművet. ID: 3529 (PLAYER:Atesz) (TARGET:) 
[2019-06-10 12:34] Shox RTC-zett egy járművet. ID: 4338 (PLAYER:Shox) (TARGET:) 
[2019-06-10 12:34] Shox RTC-zett egy járművet. ID: 4339 (PLAYER:Shox) (TARGET:) 
[2019-06-10 12:34] Shox RTC-zett egy járművet. ID: 4337 (PLAYER:Shox) (TARGET:) 
[2019-06-10 12:34] Shox RTC-zett egy járművet. ID: 4341 (PLAYER:Shox) (TARGET:) 
[2019-06-10 12:34] Shox RTC-zett egy járművet. ID: 4340 (PLAYER:Shox) (TARGET:) 
[2019-06-10 12:43] Zsömi RTC-zett egy járművet. ID: 4518 (PLAYER:Zsömi) (TARGET:) 
[2019-06-10 13:03] Süsü RTC-zett egy járművet. ID: 4528 (PLAYER:Süsü) (TARGET:) 
[2019-06-10 13:03] Süsü RTC-zett egy járművet. ID: 4562 (PLAYER:Süsü) (TARGET:) 
[2019-06-10 13:06] Süsü RTC-zett egy járművet. ID: 2269 (PLAYER:Süsü) (TARGET:) 
[2019-06-10 13:17] Süsü RTC-zett egy járművet. ID: 2529 (PLAYER:Süsü) (TARGET:) 
[2019-06-10 13:25] Zsömi RTC-zett egy járművet. ID: 4471 (PLAYER:Zsömi) (TARGET:) 
[2019-06-10 13:37] Zsömi RTC-zett egy járművet. ID: 4471 (PLAYER:Zsömi) (TARGET:) 
[2019-06-10 13:41] Zsömi RTC-zett egy járművet. ID: 4471 (PLAYER:Zsömi) (TARGET:) 
[2019-06-10 13:47] Zsömi RTC-zett egy járművet. ID: 2368 (PLAYER:Zsömi) (TARGET:) 
[2019-06-10 13:47] Zsömi RTC-zett egy járművet. ID: 1147 (PLAYER:Zsömi) (TARGET:) 
[2019-06-10 14:10] Zsömi RTC-zett egy járművet. ID: 588 (PLAYER:Zsömi) (TARGET:) 
[2019-06-10 14:31] Dzserold RTC-zett egy járművet. ID: 2341 (PLAYER:Dzserold) (TARGET:) 
[2019-06-10 14:45] Shox RTC-zett egy járművet. ID: 168 (PLAYER:Shox) (TARGET:) 
[2019-06-10 15:42] Süsü RTC-zett egy járművet. ID: 4517 (PLAYER:Süsü) (TARGET:) 
[2019-06-10 15:46] Dzserold RTC-zett egy járművet. ID: 2341 (PLAYER:Dzserold) (TARGET:) 
[2019-06-10 15:53] Dzserold RTC-zett egy járművet. ID: 4204 (PLAYER:Dzserold) (TARGET:) 
[2019-06-10 15:54] Zsömi RTC-zett egy járművet. ID: 4471 (PLAYER:Zsömi) (TARGET:) 
[2019-06-10 15:54] Zsömi RTC-zett egy járművet. ID: 4584 (PLAYER:Zsömi) (TARGET:) 
[2019-06-10 15:55] Dzserold RTC-zett egy járművet. ID: 4269 (PLAYER:Dzserold) (TARGET:) 
[2019-06-10 15:59] Shakur RTC-zett egy járművet. ID: 4483 (PLAYER:Shakur) (TARGET:) 
[2019-06-10 15:59] Zsömi RTC-zett egy járművet. ID: 3865 (PLAYER:Zsömi) (TARGET:) 
[2019-06-10 16:37] Levente RTC-zett egy járművet. ID: 3054 (PLAYER:Levente) (TARGET:) 
[2019-06-10 16:37] Levente RTC-zett egy járművet. ID: 2281 (PLAYER:Levente) (TARGET:) 
[2019-06-10 16:52] Nevils RTC-zett egy járművet. ID: 2909 (PLAYER:Nevils) (TARGET:) 
[2019-06-10 16:55] Süsü RTC-zett egy járművet. ID: 4224 (PLAYER:Süsü) (TARGET:) 
[2019-06-10 17:02] Levente RTC-zett egy járművet. ID: 2281 (PLAYER:Levente) (TARGET:) 
[2019-06-10 17:02] Levente RTC-zett egy járművet. ID: 2281 (PLAYER:Levente) (TARGET:) 
[2019-06-10 17:43] Atesz RTC-zett egy járművet. ID: 4460 (PLAYER:Atesz) (TARGET:) 
[2019-06-10 17:50] Levente RTC-zett egy járművet. ID: 2351 (PLAYER:Levente) (TARGET:) 
[2019-06-10 18:00] Levente RTC-zett egy járművet. ID: 545 (PLAYER:Levente) (TARGET:) 
[2019-06-10 18:00] Levente RTC-zett egy járművet. ID: 554 (PLAYER:Levente) (TARGET:) 
[2019-06-10 18:59] Levente RTC-zett egy járművet. ID: 2350 (PLAYER:Levente) (TARGET:) 
[2019-06-10 18:59] Levente RTC-zett egy járművet. ID: 2351 (PLAYER:Levente) (TARGET:) 
[2019-06-10 18:59] Levente RTC-zett egy járművet. ID: 541 (PLAYER:Levente) (TARGET:) 
[2019-06-10 18:59] Levente RTC-zett egy járművet. ID: 542 (PLAYER:Levente) (TARGET:) 
[2019-06-10 18:59] Levente RTC-zett egy járművet. ID: 545 (PLAYER:Levente) (TARGET:) 
[2019-06-10 19:00] Levente RTC-zett egy járművet. ID: 554 (PLAYER:Levente) (TARGET:) 
[2019-06-10 19:00] Levente RTC-zett egy járművet. ID: 554 (PLAYER:Levente) (TARGET:) 
[2019-06-10 19:00] Levente RTC-zett egy járművet. ID: 555 (PLAYER:Levente) (TARGET:) 
[2019-06-10 19:00] Levente RTC-zett egy járművet. ID: 555 (PLAYER:Levente) (TARGET:) 
[2019-06-10 19:00] Levente RTC-zett egy járművet. ID: 555 (PLAYER:Levente) (TARGET:) 
[2019-06-10 19:00] Levente RTC-zett egy járművet. ID: 555 (PLAYER:Levente) (TARGET:) 
[2019-06-10 19:00] Levente RTC-zett egy járművet. ID: 555 (PLAYER:Levente) (TARGET:) 
[2019-06-10 19:00] Levente RTC-zett egy járművet. ID: 555 (PLAYER:Levente) (TARGET:) 
[2019-06-10 19:00] Levente RTC-zett egy járművet. ID: 556 (PLAYER:Levente) (TARGET:) 
[2019-06-10 19:00] Levente RTC-zett egy járművet. ID: 557 (PLAYER:Levente) (TARGET:) 
[2019-06-10 19:00] Levente RTC-zett egy járművet. ID: 3348 (PLAYER:Levente) (TARGET:) 
[2019-06-10 19:00] Levente RTC-zett egy járművet. ID: 2668 (PLAYER:Levente) (TARGET:) 
[2019-06-10 19:00] Levente RTC-zett egy járművet. ID: 2669 (PLAYER:Levente) (TARGET:) 
[2019-06-10 19:00] Levente RTC-zett egy járművet. ID: 2666 (PLAYER:Levente) (TARGET:) 
[2019-06-10 19:00] Levente RTC-zett egy járművet. ID: 2664 (PLAYER:Levente) (TARGET:) 
[2019-06-10 19:00] Levente RTC-zett egy járművet. ID: 2662 (PLAYER:Levente) (TARGET:) 
[2019-06-10 19:00] Levente RTC-zett egy járművet. ID: 2663 (PLAYER:Levente) (TARGET:) 
[2019-06-10 19:01] Levente RTC-zett egy járművet. ID: 3346 (PLAYER:Levente) (TARGET:) 
[2019-06-10 19:12] Levente RTC-zett egy járművet. ID: 184 (PLAYER:Levente) (TARGET:) 
[2019-06-10 19:12] Levente RTC-zett egy járművet. ID: 2350 (PLAYER:Levente) (TARGET:) 
[2019-06-10 19:13] Levente RTC-zett egy járművet. ID: 542 (PLAYER:Levente) (TARGET:) 
[2019-06-10 20:12] Krisz RTC-zett egy járművet. ID: 64 (PLAYER:Krisz) (TARGET:) 
[2019-06-10 20:12] Krisz RTC-zett egy járművet. ID: 1952 (PLAYER:Krisz) (TARGET:) 
[2019-06-10 21:00] Nevils RTC-zett egy járművet. ID: 3855 (PLAYER:Nevils) (TARGET:) 
[2019-06-10 21:05] Rapid RTC-zett egy járművet. ID: 4341 (PLAYER:Rapid) (TARGET:) 
[2019-06-10 21:05] Rapid RTC-zett egy járművet. ID: 168 (PLAYER:Rapid) (TARGET:) 
[2019-06-10 21:07] Zsömi RTC-zett egy járművet. ID: 4471 (PLAYER:Zsömi) (TARGET:) 
[2019-06-10 21:07] Zsömi RTC-zett egy járművet. ID: 4471 (PLAYER:Zsömi) (TARGET:) 
[2019-06-10 21:09] Rapid RTC-zett egy járművet. ID: 4128 (PLAYER:Rapid) (TARGET:) 
[2019-06-10 21:23] Zipoo RTC-zett egy járművet. ID: 4595 (PLAYER:Zipoo) (TARGET:) 
[2019-06-10 21:23] Zsömi RTC-zett egy járművet. ID: 4471 (PLAYER:Zsömi) (TARGET:) 
[2019-06-10 21:26] Süsü RTC-zett egy járművet. ID: 2779 (PLAYER:Süsü) (TARGET:) 
[2019-06-10 21:26] Süsü RTC-zett egy járművet. ID: 1829 (PLAYER:Süsü) (TARGET:) 
[2019-06-10 21:26] Dzserold RTC-zett egy járművet. ID: 2341 (PLAYER:Dzserold) (TARGET:) 
[2019-06-10 21:26] Süsü RTC-zett egy járművet. ID: 1818 (PLAYER:Süsü) (TARGET:) 
[2019-06-10 21:27] Süsü RTC-zett egy járművet. ID: 1828 (PLAYER:Süsü) (TARGET:) 
[2019-06-10 21:27] Süsü RTC-zett egy járművet. ID: 1830 (PLAYER:Süsü) (TARGET:) 
[2019-06-10 21:28] Süsü RTC-zett egy járművet. ID: 1828 (PLAYER:Süsü) (TARGET:) 
[2019-06-10 21:29] Süsü RTC-zett egy járművet. ID: 1819 (PLAYER:Süsü) (TARGET:) 
[2019-06-10 21:29] Süsü RTC-zett egy járművet. ID: 1820 (PLAYER:Süsü) (TARGET:) 
[2019-06-10 21:29] Süsü RTC-zett egy járművet. ID: 1820 (PLAYER:Süsü) (TARGET:) 
[2019-06-10 21:29] Süsü RTC-zett egy járművet. ID: 2996 (PLAYER:Süsü) (TARGET:) 
[2019-06-10 21:29] Süsü RTC-zett egy járművet. ID: 2997 (PLAYER:Süsü) (TARGET:) 
[2019-06-10 21:34] Süsü RTC-zett egy járművet. ID: 3038 (PLAYER:Süsü) (TARGET:) 
[2019-06-10 21:35] Süsü RTC-zett egy járművet. ID: 1824 (PLAYER:Süsü) (TARGET:) 
[2019-06-10 21:48] Rapid RTC-zett egy járművet. ID: 4427 (PLAYER:Rapid) (TARGET:) 
[2019-06-10 21:55] Dzserold RTC-zett egy járművet. ID: 4365 (PLAYER:Dzserold) (TARGET:) 
[2019-06-10 21:55] Dzserold RTC-zett egy járművet. ID: 2351 (PLAYER:Dzserold) (TARGET:) 
[2019-06-10 21:55] Dzserold RTC-zett egy járművet. ID: 2341 (PLAYER:Dzserold) (TARGET:) 
[2019-06-10 21:59] Rapid RTC-zett egy járművet. ID: 3990 (PLAYER:Rapid) (TARGET:) 
[2019-06-10 22:00] RaY RTC-zett egy járművet. ID: 1821 (PLAYER:RaY) (TARGET:) 
[2019-06-10 22:00] RaY RTC-zett egy járművet. ID: 2997 (PLAYER:RaY) (TARGET:) 
[2019-06-10 22:00] RaY RTC-zett egy járművet. ID: 2997 (PLAYER:RaY) (TARGET:) 
[2019-06-10 22:00] RaY RTC-zett egy járművet. ID: 1818 (PLAYER:RaY) (TARGET:) 
[2019-06-10 22:00] RaY RTC-zett egy járművet. ID: 2996 (PLAYER:RaY) (TARGET:) 
[2019-06-10 22:07] Shakur RTC-zett egy járművet. ID: 2909 (PLAYER:Shakur) (TARGET:) 
[2019-06-10 22:19] RaY RTC-zett egy járművet. ID: 1820 (PLAYER:RaY) (TARGET:) 
[2019-06-10 22:19] RaY RTC-zett egy járművet. ID: 1820 (PLAYER:RaY) (TARGET:) 
[2019-06-10 22:19] RaY RTC-zett egy járművet. ID: 1821 (PLAYER:RaY) (TARGET:) 
[2019-06-10 22:52] Shakur RTC-zett egy járművet. ID: 3994 (PLAYER:Shakur) (TARGET:) 
[2019-06-10 22:54] Shakur RTC-zett egy járművet. ID: 4365 (PLAYER:Shakur) (TARGET:) 
[2019-06-10 22:57] Shakur RTC-zett egy járművet. ID: 3627 (PLAYER:Shakur) (TARGET:) 
[2019-06-10 23:11] SaSi RTC-zett egy járművet. ID: 3829 (PLAYER:SaSi) (TARGET:) 
[2019-06-10 23:11] SaSi RTC-zett egy járművet. ID: 4025 (PLAYER:SaSi) (TARGET:) 
[2019-06-10 23:11] SaSi RTC-zett egy járművet. ID: 3827 (PLAYER:SaSi) (TARGET:) 
[2019-06-10 23:11] SaSi RTC-zett egy járművet. ID: 2361 (PLAYER:SaSi) (TARGET:) 
[2019-06-10 23:24] Dzserold RTC-zett egy járművet. ID: 2341 (PLAYER:Dzserold) (TARGET:) 
[2019-06-10 23:41] Dzserold RTC-zett egy járművet. ID: 3972 (PLAYER:Dzserold) (TARGET:) 
[2019-06-10 23:49] RaY RTC-zett egy járművet. ID: 1833 (PLAYER:RaY) (TARGET:) 
[2019-06-11 01:41] ibacs RTC-zett egy járművet. ID: 4386 (PLAYER:ibacs) (TARGET:) 
[2019-06-11 09:46] Dzserold RTC-zett egy járművet. ID: 2993 (PLAYER:Dzserold) (TARGET:) 
[2019-06-11 10:21] Dzserold RTC-zett egy járművet. ID: 2340 (PLAYER:Dzserold) (TARGET:) 
[2019-06-11 10:22] Dzserold RTC-zett egy járművet. ID: 2341 (PLAYER:Dzserold) (TARGET:) 
[2019-06-11 10:51] Zipoo RTC-zett egy járművet. ID: 4595 (PLAYER:Zipoo) (TARGET:) 
[2019-06-11 10:54] Zipoo RTC-zett egy járművet. ID: 2613 (PLAYER:Zipoo) (TARGET:) 
[2019-06-11 10:54] Zipoo RTC-zett egy járművet. ID: 3499 (PLAYER:Zipoo) (TARGET:) 
[2019-06-11 10:54] Zipoo RTC-zett egy járművet. ID: 4528 (PLAYER:Zipoo) (TARGET:) 
[2019-06-11 10:54] Zipoo RTC-zett egy járművet. ID: 2327 (PLAYER:Zipoo) (TARGET:) 
[2019-06-11 10:54] Zipoo RTC-zett egy járművet. ID: 1763 (PLAYER:Zipoo) (TARGET:) 
[2019-06-11 10:54] Zipoo RTC-zett egy járművet. ID: 4562 (PLAYER:Zipoo) (TARGET:) 
[2019-06-11 10:54] Zipoo RTC-zett egy járművet. ID: 4528 (PLAYER:Zipoo) (TARGET:) 
[2019-06-11 10:54] Zipoo RTC-zett egy járművet. ID: 4592 (PLAYER:Zipoo) (TARGET:) 
[2019-06-11 10:54] Zipoo RTC-zett egy járművet. ID: 4205 (PLAYER:Zipoo) (TARGET:) 
[2019-06-11 10:55] Zipoo RTC-zett egy járművet. ID: 2327 (PLAYER:Zipoo) (TARGET:) 
[2019-06-11 11:12] Süsü RTC-zett egy járművet. ID: 4205 (PLAYER:Süsü) (TARGET:) 
[2019-06-11 11:12] Süsü RTC-zett egy járművet. ID: 4205 (PLAYER:Süsü) (TARGET:) 
[2019-06-11 11:23] Zipoo RTC-zett egy járművet. ID: 4471 (PLAYER:Zipoo) (TARGET:) 
[2019-06-11 11:23] Zipoo RTC-zett egy járművet. ID: 3820 (PLAYER:Zipoo) (TARGET:) 
[2019-06-11 12:14] Zipoo RTC-zett egy járművet. ID: 4584 (PLAYER:Zipoo) (TARGET:) 
[2019-06-11 12:32] Zipoo RTC-zett egy járművet. ID: 1581 (PLAYER:Zipoo) (TARGET:) 
[2019-06-11 12:50] Süsü RTC-zett egy járművet. ID: 1763 (PLAYER:Süsü) (TARGET:) 
[2019-06-11 12:50] Süsü RTC-zett egy járművet. ID: 3499 (PLAYER:Süsü) (TARGET:) 
[2019-06-11 12:57] Atesz RTC-zett egy járművet. ID: 3529 (PLAYER:Atesz) (TARGET:) 
[2019-06-11 12:57] Atesz RTC-zett egy járművet. ID: 3553 (PLAYER:Atesz) (TARGET:) 
[2019-06-11 12:57] Atesz RTC-zett egy járművet. ID: 3656 (PLAYER:Atesz) (TARGET:) 
[2019-06-11 12:57] Atesz RTC-zett egy járművet. ID: 3531 (PLAYER:Atesz) (TARGET:) 
[2019-06-11 12:57] Atesz RTC-zett egy járművet. ID: 3657 (PLAYER:Atesz) (TARGET:) 
[2019-06-11 12:57] Atesz RTC-zett egy járművet. ID: 3531 (PLAYER:Atesz) (TARGET:) 
[2019-06-11 12:57] Atesz RTC-zett egy járművet. ID: 3657 (PLAYER:Atesz) (TARGET:) 
[2019-06-11 12:57] Atesz RTC-zett egy járművet. ID: 3528 (PLAYER:Atesz) (TARGET:) 
[2019-06-11 12:57] Atesz RTC-zett egy járművet. ID: 3531 (PLAYER:Atesz) (TARGET:) 
[2019-06-11 13:09] Zipoo RTC-zett egy járművet. ID: 3530 (PLAYER:Zipoo) (TARGET:) 
[2019-06-11 13:09] Zipoo RTC-zett egy járművet. ID: 3552 (PLAYER:Zipoo) (TARGET:) 
[2019-06-11 13:16] Zipoo RTC-zett egy járművet. ID: 4471 (PLAYER:Zipoo) (TARGET:) 
[2019-06-11 13:32] Dzserold RTC-zett egy járművet. ID: 3573 (PLAYER:Dzserold) (TARGET:) 
[2019-06-11 13:32] Dzserold RTC-zett egy járművet. ID: 1825 (PLAYER:Dzserold) (TARGET:) 
[2019-06-11 13:41] Atesz RTC-zett egy járművet. ID: 3529 (PLAYER:Atesz) (TARGET:) 
[2019-06-11 13:45] Atesz RTC-zett egy járművet. ID: 3529 (PLAYER:Atesz) (TARGET:) 
[2019-06-11 14:01] Zipoo RTC-zett egy járművet. ID: 3529 (PLAYER:Zipoo) (TARGET:) 
[2019-06-11 14:01] Zipoo RTC-zett egy járművet. ID: 3555 (PLAYER:Zipoo) (TARGET:) 
[2019-06-11 14:07] Zipoo RTC-zett egy járművet. ID: 2555 (PLAYER:Zipoo) (TARGET:) 
[2019-06-11 14:12] Atesz RTC-zett egy járművet. ID: 3529 (PLAYER:Atesz) (TARGET:) 
[2019-06-11 14:13] Süsü RTC-zett egy járművet. ID: 1959 (PLAYER:Süsü) (TARGET:) 
[2019-06-11 14:14] Zipoo RTC-zett egy járművet. ID: 3870 (PLAYER:Zipoo) (TARGET:) 
[2019-06-11 14:46] PeRy RTC-zett egy járművet. ID: 2348 (PLAYER:PeRy) (TARGET:) 
[2019-06-11 15:39] Dzserold RTC-zett egy járművet. ID: 4618 (PLAYER:Dzserold) (TARGET:) 
[2019-06-11 15:49] Dzserold RTC-zett egy járművet. ID: 4632 (PLAYER:Dzserold) (TARGET:) 
[2019-06-11 15:49] Dzserold RTC-zett egy járművet. ID: 4632 (PLAYER:Dzserold) (TARGET:) 
[2019-06-11 15:50] Dzserold RTC-zett egy járművet. ID: 4618 (PLAYER:Dzserold) (TARGET:) 
[2019-06-11 15:52] Zipoo RTC-zett egy járművet. ID: 4205 (PLAYER:Zipoo) (TARGET:) 
[2019-06-11 15:52] Zipoo RTC-zett egy járművet. ID: 4205 (PLAYER:Zipoo) (TARGET:) 
[2019-06-11 15:54] Dzserold RTC-zett egy járművet. ID: 4624 (PLAYER:Dzserold) (TARGET:) 
[2019-06-11 15:55] Atesz RTC-zett egy járművet. ID: 3529 (PLAYER:Atesz) (TARGET:) 
[2019-06-11 16:09] Süsü RTC-zett egy járművet. ID: 4592 (PLAYER:Süsü) (TARGET:) 
[2019-06-11 16:10] Dzserold RTC-zett egy járművet. ID: 4618 (PLAYER:Dzserold) (TARGET:) 
[2019-06-11 16:18] Kyle RTC-zett egy járművet. ID: 4341 (PLAYER:Kyle) (TARGET:) 
[2019-06-11 16:18] Kyle RTC-zett egy járművet. ID: 4341 (PLAYER:Kyle) (TARGET:) 
[2019-06-11 16:18] Kyle RTC-zett egy járművet. ID: 4341 (PLAYER:Kyle) (TARGET:) 
[2019-06-11 16:24] Süsü RTC-zett egy járművet. ID: 4592 (PLAYER:Süsü) (TARGET:) 
[2019-06-11 16:53] PeRy RTC-zett egy járművet. ID: 4262 (PLAYER:PeRy) (TARGET:) 
[2019-06-11 16:53] PeRy RTC-zett egy járművet. ID: 4262 (PLAYER:PeRy) (TARGET:) 
[2019-06-11 16:56] Süsü RTC-zett egy járművet. ID: 4562 (PLAYER:Süsü) (TARGET:) 
[2019-06-11 16:56] Süsü RTC-zett egy járművet. ID: 4205 (PLAYER:Süsü) (TARGET:) 
[2019-06-11 16:56] Süsü RTC-zett egy járművet. ID: 4528 (PLAYER:Süsü) (TARGET:) 
[2019-06-11 16:56] Süsü RTC-zett egy járművet. ID: 4592 (PLAYER:Süsü) (TARGET:) 
[2019-06-11 16:56] Süsü RTC-zett egy járművet. ID: 4611 (PLAYER:Süsü) (TARGET:) 
[2019-06-11 16:56] Süsü RTC-zett egy járművet. ID: 4629 (PLAYER:Süsü) (TARGET:) 
[2019-06-11 17:01] Zsömi RTC-zett egy járművet. ID: 4471 (PLAYER:Zsömi) (TARGET:) 
[2019-06-11 17:02] Süsü RTC-zett egy járművet. ID: 4593 (PLAYER:Süsü) (TARGET:) 
[2019-06-11 17:03] Dzserold RTC-zett egy járművet. ID: 4618 (PLAYER:Dzserold) (TARGET:) 
[2019-06-11 17:05] SaSi RTC-zett egy járművet. ID: 3827 (PLAYER:SaSi) (TARGET:) 
[2019-06-11 17:05] SaSi RTC-zett egy járművet. ID: 3829 (PLAYER:SaSi) (TARGET:) 
[2019-06-11 17:05] SaSi RTC-zett egy járművet. ID: 4025 (PLAYER:SaSi) (TARGET:) 
[2019-06-11 17:09] Kyle RTC-zett egy járművet. ID: 4626 (PLAYER:Kyle) (TARGET:) 
[2019-06-11 17:09] Kyle RTC-zett egy járművet. ID: 4626 (PLAYER:Kyle) (TARGET:) 
[2019-06-11 17:09] Kyle RTC-zett egy járművet. ID: 2760 (PLAYER:Kyle) (TARGET:) 
[2019-06-11 17:16] Zipoo RTC-zett egy járművet. ID: 2613 (PLAYER:Zipoo) (TARGET:) 
[2019-06-11 17:22] Dzserold RTC-zett egy járművet. ID: 4632 (PLAYER:Dzserold) (TARGET:) 
[2019-06-11 17:25] Kyle RTC-zett egy járművet. ID: 4619 (PLAYER:Kyle) (TARGET:) 
[2019-06-11 17:33] Kyle RTC-zett egy járművet. ID: 1620 (PLAYER:Kyle) (TARGET:) 
[2019-06-11 17:35] Süsü RTC-zett egy járművet. ID: 2410 (PLAYER:Süsü) (TARGET:) 
[2019-06-11 17:35] Süsü RTC-zett egy járművet. ID: 2345 (PLAYER:Süsü) (TARGET:) 
[2019-06-11 17:36] Süsü RTC-zett egy járművet. ID: 2604 (PLAYER:Süsü) (TARGET:) 
[2019-06-11 17:42] Dzserold RTC-zett egy járművet. ID: 4632 (PLAYER:Dzserold) (TARGET:) 
[2019-06-11 17:52] SaSi RTC-zett egy járművet. ID: 3827 (PLAYER:SaSi) (TARGET:) 
[2019-06-11 17:58] Kyle RTC-zett egy járművet. ID: 4340 (PLAYER:Kyle) (TARGET:) 
[2019-06-11 18:03] Kyle RTC-zett egy járművet. ID: 3954 (PLAYER:Kyle) (TARGET:) 
[2019-06-11 18:03] SaSi RTC-zett egy járművet. ID: 3827 (PLAYER:SaSi) (TARGET:) 
[2019-06-11 18:03] SaSi RTC-zett egy járművet. ID: 4025 (PLAYER:SaSi) (TARGET:) 
[2019-06-11 18:05] Levente RTC-zett egy járművet. ID: 4203 (PLAYER:Levente) (TARGET:) 
[2019-06-11 18:06] SaSi RTC-zett egy járművet. ID: 3989 (PLAYER:SaSi) (TARGET:) 
[2019-06-11 18:16] Kyle RTC-zett egy járművet. ID: 3157 (PLAYER:Kyle) (TARGET:) 
[2019-06-11 18:16] Rapid RTC-zett egy járművet. ID: 4427 (PLAYER:Rapid) (TARGET:) 
[2019-06-11 18:39] Kyle RTC-zett egy járművet. ID: 964 (PLAYER:Kyle) (TARGET:) 
