[2019-06-10 13:26] Zsömi RTC2-zött egy járművet. ID: 4144 (PLAYER:Zsömi) (TARGET:) 
[2019-06-10 13:26] Zsömi RTC2-zött egy járművet. ID: 907 (PLAYER:Zsömi) (TARGET:) 
[2019-06-10 13:26] Zsömi RTC2-zött egy járművet. ID: 1942 (PLAYER:Zsömi) (TARGET:) 
[2019-06-10 13:26] Zsömi RTC2-zött egy járművet. ID: 3825 (PLAYER:Zsömi) (TARGET:) 
[2019-06-10 13:26] Zsömi RTC2-zött egy járművet. ID: 1980 (PLAYER:Zsömi) (TARGET:) 
[2019-06-10 13:26] Zsömi RTC2-zött egy járművet. ID: 2078 (PLAYER:Zsömi) (TARGET:) 
[2019-06-10 13:26] Zsömi RTC2-zött egy járművet. ID: 1299 (PLAYER:Zsömi) (TARGET:) 
[2019-06-10 13:26] Zsömi RTC2-zött egy járművet. ID: 2555 (PLAYER:Zsömi) (TARGET:) 
[2019-06-10 13:26] Zsömi RTC2-zött egy járművet. ID: 1495 (PLAYER:Zsömi) (TARGET:) 
[2019-06-10 15:46] Dzserold RTC2-zött egy járművet. ID: 3623 (PLAYER:Dzserold) (TARGET:) 
[2019-06-10 19:35] Dzserold RTC2-zött egy járművet. ID: 4483 (PLAYER:Dzserold) (TARGET:) 
[2019-06-11 10:40] Zipoo RTC2-zött egy járművet. ID: 3740 (PLAYER:Zipoo) (TARGET:) 
[2019-06-11 10:42] Zipoo RTC2-zött egy járművet. ID: 4269 (PLAYER:Zipoo) (TARGET:) 
[2019-06-11 10:42] Zipoo RTC2-zött egy járművet. ID: 4269 (PLAYER:Zipoo) (TARGET:) 
[2019-06-11 10:42] Zipoo RTC2-zött egy járművet. ID: 4269 (PLAYER:Zipoo) (TARGET:) 
[2019-06-11 10:43] Zipoo RTC2-zött egy járművet. ID: 4269 (PLAYER:Zipoo) (TARGET:) 
[2019-06-11 11:15] Zipoo RTC2-zött egy járművet. ID: 2239 (PLAYER:Zipoo) (TARGET:) 
[2019-06-11 13:47] Dzserold RTC2-zött egy járművet. ID: 4203 (PLAYER:Dzserold) (TARGET:) 
[2019-06-11 13:47] Dzserold RTC2-zött egy járművet. ID: 3355 (PLAYER:Dzserold) (TARGET:) 
[2019-06-11 13:51] Atesz RTC2-zött egy járművet. ID: 4584 (PLAYER:Atesz) (TARGET:) 
[2019-06-11 15:42] Dzserold RTC2-zött egy járművet. ID: 2909 (PLAYER:Dzserold) (TARGET:) 
[2019-06-11 16:15] Rapid RTC2-zött egy járművet. ID: 3989 (PLAYER:Rapid) (TARGET:) 
[2019-06-11 16:57] Dzserold RTC2-zött egy járművet. ID: 3623 (PLAYER:Dzserold) (TARGET:) 
[2019-06-11 16:58] Dzserold RTC2-zött egy járművet. ID: 1945 (PLAYER:Dzserold) (TARGET:) 
[2019-06-11 16:58] Dzserold RTC2-zött egy járművet. ID: 4483 (PLAYER:Dzserold) (TARGET:) 
[2019-06-11 16:58] Dzserold RTC2-zött egy járművet. ID: 3618 (PLAYER:Dzserold) (TARGET:) 
[2019-06-11 16:58] Dzserold RTC2-zött egy járművet. ID: 3972 (PLAYER:Dzserold) (TARGET:) 
[2019-06-11 16:58] Dzserold RTC2-zött egy járművet. ID: 4269 (PLAYER:Dzserold) (TARGET:) 
[2019-06-11 16:58] Dzserold RTC2-zött egy járművet. ID: 1704 (PLAYER:Dzserold) (TARGET:) 
[2019-06-11 17:42] Dzserold RTC2-zött egy járművet. ID: 2909 (PLAYER:Dzserold) (TARGET:) 
