[2019-06-09 21:35] Zsömi állitotta Esteban Santiago életerejét (0%) (PLAYER:Zsömi) (TARGET:Esteban Santiago) 
[2019-06-09 21:42] Atesz állitotta Scott Barger életerejét (100%) (PLAYER:Atesz) (TARGET:Scott Barger) 
[2019-06-09 21:48] Rapid állitotta Bradley  Martin életerejét (40%) (PLAYER:Rapid) (TARGET:Bradley  Martin) 
[2019-06-09 21:48] Rapid állitotta Barnabás Igo életerejét (50%) (PLAYER:Rapid) (TARGET:Barnabás Igo) 
[2019-06-09 21:51] Kyle állitotta Kyle életerejét (100%) (PLAYER:Kyle) (TARGET:Aziz Ervin) 
[2019-06-09 23:52] Dzserold állitotta Borislaw Kashnikov életerejét (0%) (PLAYER:Dzserold) (TARGET:Borislaw Kashnikov) 
[2019-06-10 00:46] Zsömi állitotta Esteban Santiago életerejét (100%) (PLAYER:Zsömi) (TARGET:Esteban Santiago) 
[2019-06-10 00:54] Zsömi állitotta Jerold Brown életerejét (100%) (PLAYER:Zsömi) (TARGET:Jerold Brown) 
[2019-06-10 00:54] Zsömi állitotta Esteban Santiago életerejét (100%) (PLAYER:Zsömi) (TARGET:Esteban Santiago) 
[2019-06-10 00:55] Zsömi állitotta Esteban Santiago életerejét (100%) (PLAYER:Zsömi) (TARGET:Esteban Santiago) 
[2019-06-10 00:56] Zsömi állitotta Esteban Santiago életerejét (100%) (PLAYER:Zsömi) (TARGET:Esteban Santiago) 
[2019-06-10 00:59] Zsömi állitotta Esteban Santiago életerejét (100%) (PLAYER:Zsömi) (TARGET:Esteban Santiago) 
[2019-06-10 01:01] Zsömi állitotta Esteban Santiago életerejét (100%) (PLAYER:Zsömi) (TARGET:Esteban Santiago) 
[2019-06-10 01:02] Zsömi állitotta Esteban Santiago életerejét (100%) (PLAYER:Zsömi) (TARGET:Esteban Santiago) 
[2019-06-10 01:08] Zsömi állitotta Esteban Santiago életerejét (100%) (PLAYER:Zsömi) (TARGET:Esteban Santiago) 
[2019-06-10 01:11] Zsömi állitotta Jerold Brown életerejét (100%) (PLAYER:Zsömi) (TARGET:Jerold Brown) 
[2019-06-10 01:13] Zsömi állitotta Esteban Santiago életerejét (100%) (PLAYER:Zsömi) (TARGET:Esteban Santiago) 
[2019-06-10 01:13] Zsömi állitotta Esteban Santiago életerejét (100%) (PLAYER:Zsömi) (TARGET:Esteban Santiago) 
[2019-06-10 01:15] Zsömi állitotta Esteban Santiago életerejét (100%) (PLAYER:Zsömi) (TARGET:Esteban Santiago) 
[2019-06-10 01:17] Zsömi állitotta Esteban Santiago életerejét (100%) (PLAYER:Zsömi) (TARGET:Esteban Santiago) 
[2019-06-10 01:18] Zsömi állitotta Esteban Santiago életerejét (10%) (PLAYER:Zsömi) (TARGET:Esteban Santiago) 
[2019-06-10 01:18] Zsömi állitotta Esteban Santiago életerejét (100%) (PLAYER:Zsömi) (TARGET:Esteban Santiago) 
[2019-06-10 01:44] Rapid állitotta Rapid életerejét (100%) (PLAYER:Rapid) (TARGET:Cristian D Dante) 
[2019-06-10 01:49] Zsömi állitotta Esteban Santiago életerejét (100%) (PLAYER:Zsömi) (TARGET:Esteban Santiago) 
[2019-06-10 02:20] Rapid állitotta Opie Payne életerejét (100%) (PLAYER:Rapid) (TARGET:Opie Payne) 
[2019-06-10 02:51] Rapid állitotta Opie Payne életerejét (100%) (PLAYER:Rapid) (TARGET:Opie Payne) 
[2019-06-10 02:57] Zsömi állitotta Esteban Santiago életerejét (100%) (PLAYER:Zsömi) (TARGET:Esteban Santiago) 
[2019-06-10 02:57] Shox állitotta William Chapman életerejét (0%) (PLAYER:Shox) (TARGET:William Chapman) 
[2019-06-10 03:06] Zsömi állitotta Esteban Santiago életerejét (100%) (PLAYER:Zsömi) (TARGET:Esteban Santiago) 
[2019-06-10 03:07] Rapid állitotta William Chapman életerejét (100%) (PLAYER:Rapid) (TARGET:William Chapman) 
[2019-06-10 03:15] Zsömi állitotta Zsömi életerejét (100%) (PLAYER:Zsömi) (TARGET:Esteban Santiago) 
[2019-06-10 03:18] Rapid állitotta Opie Payne életerejét (100%) (PLAYER:Rapid) (TARGET:Opie Payne) 
[2019-06-10 03:19] Rapid állitotta William Chapman életerejét (100%) (PLAYER:Rapid) (TARGET:William Chapman) 
[2019-06-10 03:19] Rapid állitotta William Chapman életerejét (100%) (PLAYER:Rapid) (TARGET:William Chapman) 
[2019-06-10 03:20] Rapid állitotta William Chapman életerejét (100%) (PLAYER:Rapid) (TARGET:William Chapman) 
[2019-06-10 03:25] Zsömi állitotta Esteban Santiago életerejét (100%) (PLAYER:Zsömi) (TARGET:Esteban Santiago) 
[2019-06-10 03:26] Zsömi állitotta Esteban Santiago életerejét (100%) (PLAYER:Zsömi) (TARGET:Esteban Santiago) 
[2019-06-10 03:29] Zsömi állitotta Esteban Santiago életerejét (100%) (PLAYER:Zsömi) (TARGET:Esteban Santiago) 
[2019-06-10 07:44] Atesz állitotta Atesz életerejét (100%) (PLAYER:Atesz) (TARGET:Norman Barger) 
[2019-06-10 11:37] Rapid állitotta Levente Prokop életerejét (100%) (PLAYER:Rapid) (TARGET:Levente Prokop) 
[2019-06-10 12:17] Zsömi állitotta Esteban Santiago életerejét (100%) (PLAYER:Zsömi) (TARGET:Esteban Santiago) 
[2019-06-10 14:10] Dzserold állitotta Stanley Price életerejét (0%) (PLAYER:Dzserold) (TARGET:Stanley Price) 
[2019-06-10 14:10] Dzserold állitotta Stanley Price életerejét (100%) (PLAYER:Dzserold) (TARGET:Stanley Price) 
[2019-06-10 14:14] Shakur állitotta Shakur életerejét (100%) (PLAYER:Shakur) (TARGET:Jashed Lane) 
[2019-06-10 15:56] Zsömi állitotta Zsömi életerejét (100%) (PLAYER:Zsömi) (TARGET:Esteban Santiago) 
[2019-06-10 16:10] Borislaw állitotta Vladimir Lara életerejét (100%) (PLAYER:Borislaw) (TARGET:Vladimir Lara) 
[2019-06-10 16:10] Borislaw állitotta Borislaw életerejét (0%) (PLAYER:Borislaw) (TARGET:Borislaw Kashnikov) 
[2019-06-10 16:10] Borislaw állitotta Vladimir Lara életerejét (0%) (PLAYER:Borislaw) (TARGET:Vladimir Lara) 
[2019-06-10 16:21] Shakur állitotta Shakur életerejét (100%) (PLAYER:Shakur) (TARGET:Jashed Lane) 
[2019-06-10 17:15] Rapid állitotta Jasper Briant életerejét (40%) (PLAYER:Rapid) (TARGET:Jasper Briant) 
[2019-06-10 17:22] Levente állitotta sum1 életerejét (0%) (PLAYER:Levente) (TARGET:Stanley Price) 
[2019-06-10 17:22] sum1 állitotta John Bach életerejét (100%) (PLAYER:sum1) (TARGET:John Bach) 
[2019-06-10 17:23] Nevils állitotta Krisz életerejét (0%) (PLAYER:Nevils) (TARGET:Lara Marino) 
[2019-06-10 17:31] sum1 állitotta Ethan Anderson életerejét (0%) (PLAYER:sum1) (TARGET:Ethan Anderson) 
[2019-06-10 17:42] FKGP állitotta Keiichi D Lackwood életerejét (100%) (PLAYER:FKGP) (TARGET:Keiichi D Lackwood) 
[2019-06-10 17:42] FKGP állitotta Lewis D Clark életerejét (100%) (PLAYER:FKGP) (TARGET:Lewis D Clark) 
[2019-06-10 17:42] FKGP állitotta Dominik John életerejét (100%) (PLAYER:FKGP) (TARGET:Dominik John) 
[2019-06-10 18:33] Nevils állitotta Lucifer D Santhe életerejét (100%) (PLAYER:Nevils) (TARGET:Lucifer D Santhe) 
[2019-06-10 18:58] Shakur állitotta Jashed Lane életerejét (100%) (PLAYER:Shakur) (TARGET:Jashed Lane) 
[2019-06-10 19:13] Rapid állitotta Stan S Simpson életerejét (100%) (PLAYER:Rapid) (TARGET:Stan S Simpson) 
[2019-06-10 19:48] Shakur állitotta Jashed Lane életerejét (100%) (PLAYER:Shakur) (TARGET:Jashed Lane) 
[2019-06-10 20:14] Shakur állitotta Jashed Lane életerejét (100%) (PLAYER:Shakur) (TARGET:Jashed Lane) 
[2019-06-10 21:01] Denzel állitotta Cambello Pietro életerejét (100%) (PLAYER:Denzel) (TARGET:Cambello Pietro) 
[2019-06-10 21:02] Rapid állitotta Ethan Anderson életerejét (0%) (PLAYER:Rapid) (TARGET:Ethan Anderson) 
[2019-06-10 21:24] Shakur állitotta Jashed Lane életerejét (100%) (PLAYER:Shakur) (TARGET:Jashed Lane) 
[2019-06-10 22:25] Denzel állitotta Kevin De Felice életerejét (100%) (PLAYER:Denzel) (TARGET:Kevin De Felice) 
[2019-06-10 22:39] FKGP állitotta Dwayne B Laronce életerejét (100%) (PLAYER:FKGP) (TARGET:Dwayne B Laronce) 
[2019-06-10 22:40] Shakur állitotta Tazwell Reese életerejét (100%) (PLAYER:Shakur) (TARGET:Tazwell Reese) 
[2019-06-10 22:45] Shakur állitotta Jashed Lane életerejét (100%) (PLAYER:Shakur) (TARGET:Jashed Lane) 
[2019-06-10 22:50] Shakur állitotta Jashed Lane életerejét (100%) (PLAYER:Shakur) (TARGET:Jashed Lane) 
[2019-06-10 22:52] Shakur állitotta Tazwell Reese életerejét (100%) (PLAYER:Shakur) (TARGET:Tazwell Reese) 
[2019-06-10 22:55] Shakur állitotta Thommas Elves életerejét (100%) (PLAYER:Shakur) (TARGET:Thommas Elves) 
[2019-06-10 22:58] Denzel állitotta Denzel életerejét (100%) (PLAYER:Denzel) (TARGET:Tazwell Reese) 
[2019-06-10 23:13] Shakur állitotta Jashed Lane életerejét (100%) (PLAYER:Shakur) (TARGET:Jashed Lane) 
[2019-06-10 23:17] Shakur állitotta Thommas Elves életerejét (100%) (PLAYER:Shakur) (TARGET:Thommas Elves) 
[2019-06-10 23:49] Dzserold állitotta FKGP életerejét (0%) (PLAYER:Dzserold) (TARGET:Capone Salvatore) 
[2019-06-11 09:16] Gery állitotta Matteo Muranszky életerejét (100%) (PLAYER:Gery) (TARGET:Matteo Muranszky) 
[2019-06-11 09:37] Gery állitotta Kevin De Felice életerejét (100%) (PLAYER:Gery) (TARGET:Kevin De Felice) 
[2019-06-11 13:38] Atesz állitotta Greg S Simpson életerejét (10%) (PLAYER:Atesz) (TARGET:Greg S Simpson) 
[2019-06-11 13:39] Zipoo állitotta Peter Newkinson életerejét (10%) (PLAYER:Zipoo) (TARGET:Peter Newkinson) 
[2019-06-11 15:27] Denzel állitotta Denzel életerejét (100%) (PLAYER:Denzel) (TARGET:Tazwell Reese) 
[2019-06-11 15:41] Atesz állitotta Lucy Ackermann életerejét (100%) (PLAYER:Atesz) (TARGET:Lucy Ackermann) 
[2019-06-11 16:00] Denzel állitotta Snook Hockings életerejét (100%) (PLAYER:Denzel) (TARGET:Snook Hockings) 
[2019-06-11 17:34] Kyle állitotta Matthew D Smith életerejét (0%) (PLAYER:Kyle) (TARGET:Matthew D Smith) 
[2019-06-11 17:55] Rapid állitotta Ben Muller életerejét (50%) (PLAYER:Rapid) (TARGET:Ben Muller) 
[2019-06-11 18:36] Levente állitotta Sam Will életerejét (0%) (PLAYER:Levente) (TARGET:Sam Will) 
[2019-06-11 18:37] Krisz állitotta Sam Will életerejét (0%) (PLAYER:Krisz) (TARGET:Sam Will) 
