[2019-06-09 21:05] Dzserold megváltoztatta Stan Barger skinjét. SkinID: 223. (PLAYER:Dzserold) (TARGET:Stan Barger) 
[2019-06-09 21:09] Rapid megváltoztatta Stan Barger nevét. Új név: William Chapman. (PLAYER:Rapid) (TARGET:Stan Barger) 
[2019-06-09 21:35] Süsü megváltoztatta John Adek nevét. Új név: Moore Adek. (PLAYER:Süsü) (TARGET:John Adek) 
[2019-06-10 00:08] Zipoo megváltoztatta Jerold Brown skinjét. SkinID: 157. (PLAYER:Zipoo) (TARGET:Jerold Brown) 
[2019-06-10 08:48] Zipoo megváltoztatta Steven Moore skinjét. SkinID: 204. (PLAYER:Zipoo) (TARGET:Steven Moore) 
[2019-06-10 10:18] Kyle megváltoztatta Zahar Blohin skinjét. SkinID: 7. (PLAYER:Kyle) (TARGET:Zahar Blohin) 
[2019-06-10 10:19] Kyle megváltoztatta Brian Fritz skinjét. SkinID: 109. (PLAYER:Kyle) (TARGET:Brian Fritz) 
[2019-06-10 10:20] Kyle megváltoztatta Brian Fritz skinjét. SkinID: 111. (PLAYER:Kyle) (TARGET:Brian Fritz) 
[2019-06-10 10:20] Kyle megváltoztatta Brian Fritz skinjét. SkinID: 115. (PLAYER:Kyle) (TARGET:Brian Fritz) 
[2019-06-10 10:20] Kyle megváltoztatta Brian Fritz skinjét. SkinID: 116. (PLAYER:Kyle) (TARGET:Brian Fritz) 
[2019-06-10 10:20] Kyle megváltoztatta Brian Fritz skinjét. SkinID: 120. (PLAYER:Kyle) (TARGET:Brian Fritz) 
[2019-06-10 10:21] Kyle megváltoztatta Brian Fritz skinjét. SkinID: 109. (PLAYER:Kyle) (TARGET:Brian Fritz) 
[2019-06-10 10:21] Kyle megváltoztatta Brian Fritz skinjét. SkinID: 120. (PLAYER:Kyle) (TARGET:Brian Fritz) 
[2019-06-10 10:22] Kyle megváltoztatta Zahar Blohin skinjét. SkinID: 83. (PLAYER:Kyle) (TARGET:Zahar Blohin) 
[2019-06-10 10:35] Rapid megváltoztatta arnoldeisten nevét. Új név: Arnold Eisten. (PLAYER:Rapid) (TARGET:arnoldeisten) 
[2019-06-10 10:55] Shakur megváltoztatta Niken Twist skinjét. SkinID: 305. (PLAYER:Shakur) (TARGET:Niken Twist) 
[2019-06-10 10:55] Shakur megváltoztatta Niken Twist skinjét. SkinID: 306. (PLAYER:Shakur) (TARGET:Niken Twist) 
[2019-06-10 10:55] Shakur megváltoztatta Odel Junior skinjét. SkinID: 307. (PLAYER:Shakur) (TARGET:Odel Junior) 
[2019-06-10 10:56] Shakur megváltoztatta Odel Junior skinjét. SkinID: 140. (PLAYER:Shakur) (TARGET:Odel Junior) 
[2019-06-10 10:56] Shakur megváltoztatta Niken Twist skinjét. SkinID: 140. (PLAYER:Shakur) (TARGET:Niken Twist) 
[2019-06-10 10:56] Shakur megváltoztatta Niken Twist skinjét. SkinID: 307. (PLAYER:Shakur) (TARGET:Niken Twist) 
[2019-06-10 10:56] Shakur megváltoztatta Niken Twist skinjét. SkinID: 180. (PLAYER:Shakur) (TARGET:Niken Twist) 
[2019-06-10 10:56] Shakur megváltoztatta Niken Twist skinjét. SkinID: 293. (PLAYER:Shakur) (TARGET:Niken Twist) 
[2019-06-10 10:56] Shakur megváltoztatta Niken Twist skinjét. SkinID: 302. (PLAYER:Shakur) (TARGET:Niken Twist) 
[2019-06-10 10:56] Shakur megváltoztatta Niken Twist skinjét. SkinID: 301. (PLAYER:Shakur) (TARGET:Niken Twist) 
[2019-06-10 10:57] Shakur megváltoztatta Niken Twist skinjét. SkinID: 305. (PLAYER:Shakur) (TARGET:Niken Twist) 
[2019-06-10 10:57] Shakur megváltoztatta Niken Twist skinjét. SkinID: 300. (PLAYER:Shakur) (TARGET:Niken Twist) 
[2019-06-10 10:58] Shakur megváltoztatta Niken Twist skinjét. SkinID: 305. (PLAYER:Shakur) (TARGET:Niken Twist) 
[2019-06-10 10:58] Shakur megváltoztatta Coolio Glover skinjét. SkinID: 19. (PLAYER:Shakur) (TARGET:Coolio Glover) 
[2019-06-10 10:59] Kyle megváltoztatta Stan Salvatore nevét. Új név: Stan S Simpson. (PLAYER:Kyle) (TARGET:Stan Salvatore) 
[2019-06-10 11:00] Shakur megváltoztatta Coolio Glover skinjét. SkinID: 67. (PLAYER:Shakur) (TARGET:Coolio Glover) 
[2019-06-10 11:00] Shakur megváltoztatta Niken Twist skinjét. SkinID: 66. (PLAYER:Shakur) (TARGET:Niken Twist) 
[2019-06-10 11:01] Shakur megváltoztatta Niken Twist skinjét. SkinID: 64. (PLAYER:Shakur) (TARGET:Niken Twist) 
[2019-06-10 11:01] Shakur megváltoztatta Niken Twist skinjét. SkinID: 67. (PLAYER:Shakur) (TARGET:Niken Twist) 
[2019-06-10 11:01] Shakur megváltoztatta Niken Twist skinjét. SkinID: 68. (PLAYER:Shakur) (TARGET:Niken Twist) 
[2019-06-10 11:01] Shakur megváltoztatta Niken Twist skinjét. SkinID: 66. (PLAYER:Shakur) (TARGET:Niken Twist) 
[2019-06-10 11:02] Shakur megváltoztatta Odel Junior skinjét. SkinID: 180. (PLAYER:Shakur) (TARGET:Odel Junior) 
[2019-06-10 11:02] Shakur megváltoztatta Niken Twist skinjét. SkinID: 180. (PLAYER:Shakur) (TARGET:Niken Twist) 
[2019-06-10 11:02] Shakur megváltoztatta Niken Twist skinjét. SkinID: 66. (PLAYER:Shakur) (TARGET:Niken Twist) 
[2019-06-10 11:14] Kyle megváltoztatta Jashed Santiago skinjét. SkinID: 66. (PLAYER:Kyle) (TARGET:Jashed Santiago) 
[2019-06-10 11:14] Kyle megváltoztatta Aziz Ervin skinjét. SkinID: 109. (PLAYER:Kyle) (TARGET:Aziz Ervin) 
[2019-06-10 11:14] Kyle megváltoztatta Jashed Santiago skinjét. SkinID: 301. (PLAYER:Kyle) (TARGET:Jashed Santiago) 
[2019-06-10 11:14] Kyle megváltoztatta Aziz Ervin skinjét. SkinID: 104. (PLAYER:Kyle) (TARGET:Aziz Ervin) 
[2019-06-10 11:16] Kyle megváltoztatta Aziz Ervin skinjét. SkinID: 100. (PLAYER:Kyle) (TARGET:Aziz Ervin) 
[2019-06-10 11:16] Kyle megváltoztatta Aziz Ervin skinjét. SkinID: 101. (PLAYER:Kyle) (TARGET:Aziz Ervin) 
[2019-06-10 11:16] Kyle megváltoztatta Aziz Ervin skinjét. SkinID: 102. (PLAYER:Kyle) (TARGET:Aziz Ervin) 
[2019-06-10 11:16] Kyle megváltoztatta Aziz Ervin skinjét. SkinID: 103. (PLAYER:Kyle) (TARGET:Aziz Ervin) 
[2019-06-10 11:16] Kyle megváltoztatta Aziz Ervin skinjét. SkinID: 104. (PLAYER:Kyle) (TARGET:Aziz Ervin) 
[2019-06-10 11:16] Kyle megváltoztatta Aziz Ervin skinjét. SkinID: 105. (PLAYER:Kyle) (TARGET:Aziz Ervin) 
[2019-06-10 11:16] Kyle megváltoztatta Aziz Ervin skinjét. SkinID: 106. (PLAYER:Kyle) (TARGET:Aziz Ervin) 
[2019-06-10 11:16] Kyle megváltoztatta Aziz Ervin skinjét. SkinID: 107. (PLAYER:Kyle) (TARGET:Aziz Ervin) 
[2019-06-10 11:16] Kyle megváltoztatta Aziz Ervin skinjét. SkinID: 108. (PLAYER:Kyle) (TARGET:Aziz Ervin) 
[2019-06-10 11:16] Kyle megváltoztatta Aziz Ervin skinjét. SkinID: 109. (PLAYER:Kyle) (TARGET:Aziz Ervin) 
[2019-06-10 11:16] Kyle megváltoztatta Aziz Ervin skinjét. SkinID: 110. (PLAYER:Kyle) (TARGET:Aziz Ervin) 
[2019-06-10 11:16] Kyle megváltoztatta Aziz Ervin skinjét. SkinID: 111. (PLAYER:Kyle) (TARGET:Aziz Ervin) 
[2019-06-10 11:16] Kyle megváltoztatta Aziz Ervin skinjét. SkinID: 112. (PLAYER:Kyle) (TARGET:Aziz Ervin) 
[2019-06-10 11:16] Kyle megváltoztatta Aziz Ervin skinjét. SkinID: 113. (PLAYER:Kyle) (TARGET:Aziz Ervin) 
[2019-06-10 11:16] Kyle megváltoztatta Aziz Ervin skinjét. SkinID: 114. (PLAYER:Kyle) (TARGET:Aziz Ervin) 
[2019-06-10 11:16] Kyle megváltoztatta Aziz Ervin skinjét. SkinID: 115. (PLAYER:Kyle) (TARGET:Aziz Ervin) 
[2019-06-10 11:16] Kyle megváltoztatta Aziz Ervin skinjét. SkinID: 17. (PLAYER:Kyle) (TARGET:Aziz Ervin) 
[2019-06-10 11:16] Kyle megváltoztatta Aziz Ervin skinjét. SkinID: 118. (PLAYER:Kyle) (TARGET:Aziz Ervin) 
[2019-06-10 11:16] Rapid megváltoztatta Zahar Blohin skinjét. SkinID: 81. (PLAYER:Rapid) (TARGET:Zahar Blohin) 
[2019-06-10 11:16] Kyle megváltoztatta Aziz Ervin skinjét. SkinID: 121. (PLAYER:Kyle) (TARGET:Aziz Ervin) 
[2019-06-10 11:16] Kyle megváltoztatta Aziz Ervin skinjét. SkinID: 113. (PLAYER:Kyle) (TARGET:Aziz Ervin) 
[2019-06-10 11:16] Kyle megváltoztatta Aziz Ervin skinjét. SkinID: 112. (PLAYER:Kyle) (TARGET:Aziz Ervin) 
[2019-06-10 11:17] Kyle megváltoztatta Aziz Ervin skinjét. SkinID: 111. (PLAYER:Kyle) (TARGET:Aziz Ervin) 
[2019-06-10 11:17] Kyle megváltoztatta Aziz Ervin skinjét. SkinID: 110. (PLAYER:Kyle) (TARGET:Aziz Ervin) 
[2019-06-10 11:17] Rapid megváltoztatta Zahar Blohin skinjét. SkinID: 82. (PLAYER:Rapid) (TARGET:Zahar Blohin) 
[2019-06-10 11:17] Rapid megváltoztatta Zahar Blohin skinjét. SkinID: 83. (PLAYER:Rapid) (TARGET:Zahar Blohin) 
[2019-06-10 11:17] Kyle megváltoztatta Aziz Ervin skinjét. SkinID: 109. (PLAYER:Kyle) (TARGET:Aziz Ervin) 
[2019-06-10 11:17] Rapid megváltoztatta Zahar Blohin skinjét. SkinID: 84. (PLAYER:Rapid) (TARGET:Zahar Blohin) 
[2019-06-10 11:17] Kyle megváltoztatta Aziz Ervin skinjét. SkinID: 110. (PLAYER:Kyle) (TARGET:Aziz Ervin) 
[2019-06-10 11:17] Rapid megváltoztatta Zahar Blohin skinjét. SkinID: 82. (PLAYER:Rapid) (TARGET:Zahar Blohin) 
[2019-06-10 11:17] Rapid megváltoztatta Zahar Blohin skinjét. SkinID: 81. (PLAYER:Rapid) (TARGET:Zahar Blohin) 
[2019-06-10 11:17] Rapid megváltoztatta Zahar Blohin skinjét. SkinID: 83. (PLAYER:Rapid) (TARGET:Zahar Blohin) 
[2019-06-10 11:18] Rapid megváltoztatta Zahar Blohin skinjét. SkinID: 82. (PLAYER:Rapid) (TARGET:Zahar Blohin) 
[2019-06-10 11:18] Rapid megváltoztatta Zahar Blohin skinjét. SkinID: 83. (PLAYER:Rapid) (TARGET:Zahar Blohin) 
[2019-06-10 11:19] Kyle megváltoztatta Aziz Ervin skinjét. SkinID: 111. (PLAYER:Kyle) (TARGET:Aziz Ervin) 
[2019-06-10 11:19] Kyle megváltoztatta Aziz Ervin skinjét. SkinID: 112. (PLAYER:Kyle) (TARGET:Aziz Ervin) 
[2019-06-10 11:19] Rapid megváltoztatta Zahar Blohin skinjét. SkinID: 33. (PLAYER:Rapid) (TARGET:Zahar Blohin) 
[2019-06-10 11:19] Kyle megváltoztatta Aziz Ervin skinjét. SkinID: 102. (PLAYER:Kyle) (TARGET:Aziz Ervin) 
[2019-06-10 11:19] Kyle megváltoztatta Aziz Ervin skinjét. SkinID: 101. (PLAYER:Kyle) (TARGET:Aziz Ervin) 
[2019-06-10 11:19] Kyle megváltoztatta Aziz Ervin skinjét. SkinID: 103. (PLAYER:Kyle) (TARGET:Aziz Ervin) 
[2019-06-10 11:19] Kyle megváltoztatta Aziz Ervin skinjét. SkinID: 104. (PLAYER:Kyle) (TARGET:Aziz Ervin) 
[2019-06-10 11:20] Rapid megváltoztatta Zahar Blohin skinjét. SkinID: 111. (PLAYER:Rapid) (TARGET:Zahar Blohin) 
[2019-06-10 11:21] Rapid megváltoztatta Aziz Ervin skinjét. SkinID: 104. (PLAYER:Rapid) (TARGET:Aziz Ervin) 
[2019-06-10 11:22] Rapid megváltoztatta Aziz Ervin skinjét. SkinID: 127. (PLAYER:Rapid) (TARGET:Aziz Ervin) 
[2019-06-10 11:22] Rapid megváltoztatta Aziz Ervin skinjét. SkinID: 104. (PLAYER:Rapid) (TARGET:Aziz Ervin) 
[2019-06-10 11:22] Rapid megváltoztatta Zahar Blohin skinjét. SkinID: 127. (PLAYER:Rapid) (TARGET:Zahar Blohin) 
[2019-06-10 11:22] Rapid megváltoztatta Zahar Blohin skinjét. SkinID: 126. (PLAYER:Rapid) (TARGET:Zahar Blohin) 
[2019-06-10 11:22] Rapid megváltoztatta Zahar Blohin skinjét. SkinID: 83. (PLAYER:Rapid) (TARGET:Zahar Blohin) 
[2019-06-10 11:37] Shakur megváltoztatta Tazwell Reese skinjét. SkinID: 16. (PLAYER:Shakur) (TARGET:Tazwell Reese) 
[2019-06-10 11:37] Shakur megváltoztatta Tazwell Reese skinjét. SkinID: 305. (PLAYER:Shakur) (TARGET:Tazwell Reese) 
[2019-06-10 11:37] Shakur megváltoztatta Tazwell Reese skinjét. SkinID: 306. (PLAYER:Shakur) (TARGET:Tazwell Reese) 
[2019-06-10 11:37] Shakur megváltoztatta Tazwell Reese skinjét. SkinID: 180. (PLAYER:Shakur) (TARGET:Tazwell Reese) 
[2019-06-10 11:37] Shakur megváltoztatta Tazwell Reese skinjét. SkinID: 293. (PLAYER:Shakur) (TARGET:Tazwell Reese) 
[2019-06-10 11:37] Shakur megváltoztatta Tazwell Reese skinjét. SkinID: 19. (PLAYER:Shakur) (TARGET:Tazwell Reese) 
[2019-06-10 11:38] Shakur megváltoztatta Tazwell Reese skinjét. SkinID: 300. (PLAYER:Shakur) (TARGET:Tazwell Reese) 
[2019-06-10 11:38] Shakur megváltoztatta Tazwell Reese skinjét. SkinID: 157. (PLAYER:Shakur) (TARGET:Tazwell Reese) 
[2019-06-10 11:46] Kyle megváltoztatta Aziz Ervin nevét. Új név: Cameron B Qwens. (PLAYER:Kyle) (TARGET:Aziz Ervin) 
[2019-06-10 11:53] Zipoo megváltoztatta Steven Moore nevét. Új név: Xefande Tiberia. (PLAYER:Zipoo) (TARGET:Steven Moore) 
[2019-06-10 11:54] Shakur megváltoztatta Jashed Santiago nevét. Új név: Jashed Lane. (PLAYER:Shakur) (TARGET:Jashed Santiago) 
[2019-06-10 11:54] Rapid megváltoztatta Daniel Brayan nevét. Új név: Daniel S Simpson. (PLAYER:Rapid) (TARGET:Daniel Brayan) 
[2019-06-10 12:11] Rapid megváltoztatta Zsoltika2006 nevét. Új név: Kis Adam. (PLAYER:Rapid) (TARGET:Zsoltika2006) 
[2019-06-10 12:14] Atesz megváltoztatta Taylor D Oakwood skinjét. SkinID: 73. (PLAYER:Atesz) (TARGET:Taylor D Oakwood) 
[2019-06-10 12:44] Kyle megváltoztatta Jashed Lane skinjét. SkinID: 102. (PLAYER:Kyle) (TARGET:Jashed Lane) 
[2019-06-10 12:44] Kyle megváltoztatta Jashed Lane skinjét. SkinID: 103. (PLAYER:Kyle) (TARGET:Jashed Lane) 
[2019-06-10 12:44] Kyle megváltoztatta Jashed Lane skinjét. SkinID: 104. (PLAYER:Kyle) (TARGET:Jashed Lane) 
[2019-06-10 12:44] Kyle megváltoztatta Jashed Lane skinjét. SkinID: 105. (PLAYER:Kyle) (TARGET:Jashed Lane) 
[2019-06-10 12:44] Kyle megváltoztatta Jashed Lane skinjét. SkinID: 106. (PLAYER:Kyle) (TARGET:Jashed Lane) 
[2019-06-10 12:44] Kyle megváltoztatta Jashed Lane skinjét. SkinID: 107. (PLAYER:Kyle) (TARGET:Jashed Lane) 
[2019-06-10 12:44] Kyle megváltoztatta Jashed Lane skinjét. SkinID: 108. (PLAYER:Kyle) (TARGET:Jashed Lane) 
[2019-06-10 12:44] Kyle megváltoztatta Jashed Lane skinjét. SkinID: 109. (PLAYER:Kyle) (TARGET:Jashed Lane) 
[2019-06-10 12:44] Kyle megváltoztatta Jashed Lane skinjét. SkinID: 110. (PLAYER:Kyle) (TARGET:Jashed Lane) 
[2019-06-10 12:44] Kyle megváltoztatta Jashed Lane skinjét. SkinID: 111. (PLAYER:Kyle) (TARGET:Jashed Lane) 
[2019-06-10 12:44] Kyle megváltoztatta Jashed Lane skinjét. SkinID: 112. (PLAYER:Kyle) (TARGET:Jashed Lane) 
[2019-06-10 12:45] Kyle megváltoztatta Jashed Lane skinjét. SkinID: 113. (PLAYER:Kyle) (TARGET:Jashed Lane) 
[2019-06-10 12:45] Kyle megváltoztatta Jashed Lane skinjét. SkinID: 114. (PLAYER:Kyle) (TARGET:Jashed Lane) 
[2019-06-10 12:45] Kyle megváltoztatta Jashed Lane skinjét. SkinID: 121. (PLAYER:Kyle) (TARGET:Jashed Lane) 
[2019-06-10 12:45] Kyle megváltoztatta Jashed Lane skinjét. SkinID: 115. (PLAYER:Kyle) (TARGET:Jashed Lane) 
[2019-06-10 12:45] Kyle megváltoztatta Jashed Lane skinjét. SkinID: 122. (PLAYER:Kyle) (TARGET:Jashed Lane) 
[2019-06-10 12:45] Kyle megváltoztatta Jashed Lane skinjét. SkinID: 112. (PLAYER:Kyle) (TARGET:Jashed Lane) 
[2019-06-10 12:46] Kyle megváltoztatta Jashed Lane skinjét. SkinID: 101. (PLAYER:Kyle) (TARGET:Jashed Lane) 
[2019-06-10 12:46] Kyle megváltoztatta Jashed Lane skinjét. SkinID: 102. (PLAYER:Kyle) (TARGET:Jashed Lane) 
[2019-06-10 12:46] Kyle megváltoztatta Jashed Lane skinjét. SkinID: 103. (PLAYER:Kyle) (TARGET:Jashed Lane) 
[2019-06-10 12:46] Kyle megváltoztatta Jashed Lane skinjét. SkinID: 104. (PLAYER:Kyle) (TARGET:Jashed Lane) 
[2019-06-10 12:46] Kyle megváltoztatta Jashed Lane skinjét. SkinID: 105. (PLAYER:Kyle) (TARGET:Jashed Lane) 
[2019-06-10 12:46] Kyle megváltoztatta Jashed Lane skinjét. SkinID: 106. (PLAYER:Kyle) (TARGET:Jashed Lane) 
[2019-06-10 12:46] Kyle megváltoztatta Jashed Lane skinjét. SkinID: 107. (PLAYER:Kyle) (TARGET:Jashed Lane) 
[2019-06-10 12:46] Kyle megváltoztatta Jashed Lane skinjét. SkinID: 108. (PLAYER:Kyle) (TARGET:Jashed Lane) 
[2019-06-10 12:46] Kyle megváltoztatta Jashed Lane skinjét. SkinID: 109. (PLAYER:Kyle) (TARGET:Jashed Lane) 
[2019-06-10 12:46] Kyle megváltoztatta Jashed Lane skinjét. SkinID: 110. (PLAYER:Kyle) (TARGET:Jashed Lane) 
[2019-06-10 12:46] Kyle megváltoztatta Jashed Lane skinjét. SkinID: 112. (PLAYER:Kyle) (TARGET:Jashed Lane) 
[2019-06-10 12:46] Kyle megváltoztatta Jashed Lane skinjét. SkinID: 113. (PLAYER:Kyle) (TARGET:Jashed Lane) 
[2019-06-10 12:46] Kyle megváltoztatta Jashed Lane skinjét. SkinID: 114. (PLAYER:Kyle) (TARGET:Jashed Lane) 
[2019-06-10 12:46] Kyle megváltoztatta Jashed Lane skinjét. SkinID: 115. (PLAYER:Kyle) (TARGET:Jashed Lane) 
[2019-06-10 12:46] Kyle megváltoztatta Jashed Lane skinjét. SkinID: 116. (PLAYER:Kyle) (TARGET:Jashed Lane) 
[2019-06-10 12:46] Kyle megváltoztatta Jashed Lane skinjét. SkinID: 117. (PLAYER:Kyle) (TARGET:Jashed Lane) 
[2019-06-10 12:46] Kyle megváltoztatta Jashed Lane skinjét. SkinID: 118. (PLAYER:Kyle) (TARGET:Jashed Lane) 
[2019-06-10 12:46] Kyle megváltoztatta Jashed Lane skinjét. SkinID: 110. (PLAYER:Kyle) (TARGET:Jashed Lane) 
[2019-06-10 12:47] Kyle megváltoztatta Jashed Lane skinjét. SkinID: 112. (PLAYER:Kyle) (TARGET:Jashed Lane) 
[2019-06-10 12:52] Shox megváltoztatta Cameron B Qwens skinjét. SkinID: 110. (PLAYER:Shox) (TARGET:Cameron B Qwens) 
[2019-06-10 12:53] Kyle megváltoztatta Wyde Riggs skinjét. SkinID: 101. (PLAYER:Kyle) (TARGET:Wyde Riggs) 
[2019-06-10 12:53] Kyle megváltoztatta Wyde Riggs skinjét. SkinID: 102. (PLAYER:Kyle) (TARGET:Wyde Riggs) 
[2019-06-10 12:53] Kyle megváltoztatta Wyde Riggs skinjét. SkinID: 103. (PLAYER:Kyle) (TARGET:Wyde Riggs) 
[2019-06-10 12:53] Kyle megváltoztatta Wyde Riggs skinjét. SkinID: 104. (PLAYER:Kyle) (TARGET:Wyde Riggs) 
[2019-06-10 12:53] Kyle megváltoztatta Wyde Riggs skinjét. SkinID: 103. (PLAYER:Kyle) (TARGET:Wyde Riggs) 
[2019-06-10 12:54] Kyle megváltoztatta Wyde Riggs skinjét. SkinID: 104. (PLAYER:Kyle) (TARGET:Wyde Riggs) 
[2019-06-10 12:54] Kyle megváltoztatta Wyde Riggs skinjét. SkinID: 103. (PLAYER:Kyle) (TARGET:Wyde Riggs) 
[2019-06-10 12:55] Shakur megváltoztatta Niken Twist skinjét. SkinID: 101. (PLAYER:Shakur) (TARGET:Niken Twist) 
[2019-06-10 12:55] Shakur megváltoztatta Niken Twist skinjét. SkinID: 102. (PLAYER:Shakur) (TARGET:Niken Twist) 
[2019-06-10 12:55] Shakur megváltoztatta Niken Twist skinjét. SkinID: 103. (PLAYER:Shakur) (TARGET:Niken Twist) 
[2019-06-10 12:55] Shakur megváltoztatta Niken Twist skinjét. SkinID: 104. (PLAYER:Shakur) (TARGET:Niken Twist) 
[2019-06-10 12:55] Shakur megváltoztatta Niken Twist skinjét. SkinID: 105. (PLAYER:Shakur) (TARGET:Niken Twist) 
[2019-06-10 12:55] Shakur megváltoztatta Niken Twist skinjét. SkinID: 106. (PLAYER:Shakur) (TARGET:Niken Twist) 
[2019-06-10 12:55] Shakur megváltoztatta Niken Twist skinjét. SkinID: 107. (PLAYER:Shakur) (TARGET:Niken Twist) 
[2019-06-10 12:55] Shakur megváltoztatta Niken Twist skinjét. SkinID: 108. (PLAYER:Shakur) (TARGET:Niken Twist) 
[2019-06-10 12:55] Shakur megváltoztatta Niken Twist skinjét. SkinID: 109. (PLAYER:Shakur) (TARGET:Niken Twist) 
[2019-06-10 12:55] Shakur megváltoztatta Niken Twist skinjét. SkinID: 110. (PLAYER:Shakur) (TARGET:Niken Twist) 
[2019-06-10 12:55] Shakur megváltoztatta Niken Twist skinjét. SkinID: 111. (PLAYER:Shakur) (TARGET:Niken Twist) 
[2019-06-10 12:55] Shakur megváltoztatta Niken Twist skinjét. SkinID: 112. (PLAYER:Shakur) (TARGET:Niken Twist) 
[2019-06-10 12:55] Shakur megváltoztatta Niken Twist skinjét. SkinID: 113. (PLAYER:Shakur) (TARGET:Niken Twist) 
[2019-06-10 12:55] Shakur megváltoztatta Niken Twist skinjét. SkinID: 114. (PLAYER:Shakur) (TARGET:Niken Twist) 
[2019-06-10 12:55] Shakur megváltoztatta Niken Twist skinjét. SkinID: 115. (PLAYER:Shakur) (TARGET:Niken Twist) 
[2019-06-10 12:55] Shakur megváltoztatta Niken Twist skinjét. SkinID: 116. (PLAYER:Shakur) (TARGET:Niken Twist) 
[2019-06-10 12:55] Shakur megváltoztatta Niken Twist skinjét. SkinID: 117. (PLAYER:Shakur) (TARGET:Niken Twist) 
[2019-06-10 12:55] Shakur megváltoztatta Niken Twist skinjét. SkinID: 118. (PLAYER:Shakur) (TARGET:Niken Twist) 
[2019-06-10 12:56] Shakur megváltoztatta Niken Twist skinjét. SkinID: 120. (PLAYER:Shakur) (TARGET:Niken Twist) 
[2019-06-10 12:56] Shakur megváltoztatta Niken Twist skinjét. SkinID: 101. (PLAYER:Shakur) (TARGET:Niken Twist) 
[2019-06-10 12:56] Shakur megváltoztatta Niken Twist skinjét. SkinID: 99. (PLAYER:Shakur) (TARGET:Niken Twist) 
[2019-06-10 12:56] Shakur megváltoztatta Niken Twist skinjét. SkinID: 102. (PLAYER:Shakur) (TARGET:Niken Twist) 
[2019-06-10 12:56] Shakur megváltoztatta Niken Twist skinjét. SkinID: 110. (PLAYER:Shakur) (TARGET:Niken Twist) 
[2019-06-10 13:00] Shakur megváltoztatta Tazwell Reese skinjét. SkinID: 66. (PLAYER:Shakur) (TARGET:Tazwell Reese) 
[2019-06-10 13:19] Shakur megváltoztatta Eric newmann nevét. Új név: Eric Newmann. (PLAYER:Shakur) (TARGET:Eric newmann) 
[2019-06-10 13:33] Zsömi megváltoztatta Brian Hardwick nevét. Új név: Stanley Hardwick. (PLAYER:Zsömi) (TARGET:Brian Hardwick) 
[2019-06-10 13:36] Zsömi megváltoztatta Stanley Hardwick skinjét. SkinID: 95. (PLAYER:Zsömi) (TARGET:Stanley Hardwick) 
[2019-06-10 14:01] Zsömi megváltoztatta Stanley Hardwick skinjét. SkinID: 301. (PLAYER:Zsömi) (TARGET:Stanley Hardwick) 
[2019-06-10 14:02] Zsömi megváltoztatta Stanley Hardwick nevét. Új név: Stanley Price. (PLAYER:Zsömi) (TARGET:Stanley Hardwick) 
[2019-06-10 14:17] Zsömi megváltoztatta Stanley Price skinjét. SkinID: 301. (PLAYER:Zsömi) (TARGET:Stanley Price) 
[2019-06-10 14:46] Shox megváltoztatta Ryan Toretto nevét. Új név: Troy Williams. (PLAYER:Shox) (TARGET:Ryan Toretto) 
[2019-06-10 15:27] Denzel megváltoztatta Tazwell Reese skinjét. SkinID: 157. (PLAYER:Denzel) (TARGET:Tazwell Reese) 
[2019-06-10 15:57] Süsü megváltoztatta Abdulah Abu Ubaida nevét. Új név: Malek Curt. (PLAYER:Süsü) (TARGET:Abdulah Abu Ubaida) 
[2019-06-10 15:59] Süsü megváltoztatta Malek Curt skinjét. SkinID: 305. (PLAYER:Süsü) (TARGET:Malek Curt) 
[2019-06-10 19:03] Atesz megváltoztatta Escobar S Cartel skinjét. SkinID: 9. (PLAYER:Atesz) (TARGET:Escobar S Cartel) 
[2019-06-10 19:03] Atesz megváltoztatta Escobar S Cartel skinjét. SkinID: 90. (PLAYER:Atesz) (TARGET:Escobar S Cartel) 
[2019-06-10 19:03] Atesz megváltoztatta Escobar S Cartel skinjét. SkinID: 15. (PLAYER:Atesz) (TARGET:Escobar S Cartel) 
[2019-06-10 19:03] Atesz megváltoztatta Escobar S Cartel skinjét. SkinID: 16. (PLAYER:Atesz) (TARGET:Escobar S Cartel) 
[2019-06-10 19:03] Atesz megváltoztatta Escobar S Cartel skinjét. SkinID: 10. (PLAYER:Atesz) (TARGET:Escobar S Cartel) 
[2019-06-10 19:03] Atesz megváltoztatta Escobar S Cartel skinjét. SkinID: 11. (PLAYER:Atesz) (TARGET:Escobar S Cartel) 
[2019-06-10 19:03] Atesz megváltoztatta Escobar S Cartel skinjét. SkinID: 50. (PLAYER:Atesz) (TARGET:Escobar S Cartel) 
[2019-06-10 19:04] Atesz megváltoztatta Escobar S Cartel skinjét. SkinID: 55. (PLAYER:Atesz) (TARGET:Escobar S Cartel) 
[2019-06-10 19:04] Atesz megváltoztatta Escobar S Cartel skinjét. SkinID: 53. (PLAYER:Atesz) (TARGET:Escobar S Cartel) 
[2019-06-10 19:04] Atesz megváltoztatta Escobar S Cartel skinjét. SkinID: 80. (PLAYER:Atesz) (TARGET:Escobar S Cartel) 
[2019-06-10 19:04] Atesz megváltoztatta Escobar S Cartel skinjét. SkinID: 85. (PLAYER:Atesz) (TARGET:Escobar S Cartel) 
[2019-06-10 19:04] Atesz megváltoztatta Escobar S Cartel skinjét. SkinID: 84. (PLAYER:Atesz) (TARGET:Escobar S Cartel) 
[2019-06-10 19:04] Atesz megváltoztatta Escobar S Cartel skinjét. SkinID: 1. (PLAYER:Atesz) (TARGET:Escobar S Cartel) 
[2019-06-10 19:04] Atesz megváltoztatta Escobar S Cartel skinjét. SkinID: 2. (PLAYER:Atesz) (TARGET:Escobar S Cartel) 
[2019-06-10 19:04] Atesz megváltoztatta Escobar S Cartel skinjét. SkinID: 150. (PLAYER:Atesz) (TARGET:Escobar S Cartel) 
[2019-06-10 19:04] Atesz megváltoztatta Escobar S Cartel skinjét. SkinID: 160. (PLAYER:Atesz) (TARGET:Escobar S Cartel) 
[2019-06-10 19:04] Atesz megváltoztatta Escobar S Cartel skinjét. SkinID: 170. (PLAYER:Atesz) (TARGET:Escobar S Cartel) 
[2019-06-10 19:04] Atesz megváltoztatta Escobar S Cartel skinjét. SkinID: 175. (PLAYER:Atesz) (TARGET:Escobar S Cartel) 
[2019-06-10 19:04] Atesz megváltoztatta Escobar S Cartel skinjét. SkinID: 155. (PLAYER:Atesz) (TARGET:Escobar S Cartel) 
[2019-06-10 19:04] Atesz megváltoztatta Escobar S Cartel skinjét. SkinID: 154. (PLAYER:Atesz) (TARGET:Escobar S Cartel) 
[2019-06-10 20:51] Rapid megváltoztatta Naruto1166 nevét. Új név: Uchiha Sasuke. (PLAYER:Rapid) (TARGET:Naruto1166) 
[2019-06-10 21:40] Dzserold megváltoztatta William Chapman nevét. Új név: Dwayne B Laronce. (PLAYER:Dzserold) (TARGET:William Chapman) 
[2019-06-10 21:40] Dzserold megváltoztatta Dwayne B Laronce skinjét. SkinID: 21. (PLAYER:Dzserold) (TARGET:Dwayne B Laronce) 
[2019-06-10 21:44] Denzel megváltoztatta Dwayne B Laronce skinjét. SkinID: 25. (PLAYER:Denzel) (TARGET:Dwayne B Laronce) 
[2019-06-10 21:51] Dzserold megváltoztatta Dwayne B Laronce skinjét. SkinID: 25. (PLAYER:Dzserold) (TARGET:Dwayne B Laronce) 
[2019-06-11 12:28] Süsü megváltoztatta Moore Adek nevét. Új név: Tibeira Adek. (PLAYER:Süsü) (TARGET:Moore Adek) 
[2019-06-11 12:29] Süsü megváltoztatta Tibeira Adek nevét. Új név: Adek Tiberia. (PLAYER:Süsü) (TARGET:Tibeira Adek) 
[2019-06-11 13:24] Dzserold megváltoztatta Keiichi D Lackwood nevét. Új név: Bryan D Lackwood. (PLAYER:Dzserold) (TARGET:Keiichi D Lackwood) 
[2019-06-11 13:28] Dzserold megváltoztatta Daniel Cambridge nevét. Új név: Travers Giacometti. (PLAYER:Dzserold) (TARGET:Daniel Cambridge) 
[2019-06-11 14:06] Zipoo megváltoztatta Xefande Tiberia skinjét. SkinID: 204. (PLAYER:Zipoo) (TARGET:Xefande Tiberia) 
[2019-06-11 14:07] Atesz megváltoztatta Xefande Tiberia skinjét. SkinID: 204. (PLAYER:Atesz) (TARGET:Xefande Tiberia) 
[2019-06-11 14:09] Atesz megváltoztatta Scott Barger skinjét. SkinID: 89. (PLAYER:Atesz) (TARGET:Scott Barger) 
[2019-06-11 14:09] Atesz megváltoztatta Scott Barger skinjét. SkinID: 272. (PLAYER:Atesz) (TARGET:Scott Barger) 
[2019-06-11 14:09] Atesz megváltoztatta Scott Barger skinjét. SkinID: 172. (PLAYER:Atesz) (TARGET:Scott Barger) 
[2019-06-11 14:09] Atesz megváltoztatta Scott Barger skinjét. SkinID: 152. (PLAYER:Atesz) (TARGET:Scott Barger) 
[2019-06-11 14:09] Atesz megváltoztatta Scott Barger skinjét. SkinID: 89. (PLAYER:Atesz) (TARGET:Scott Barger) 
[2019-06-11 14:10] Zipoo megváltoztatta Norman Barger skinjét. SkinID: 89. (PLAYER:Zipoo) (TARGET:Norman Barger) 
[2019-06-11 14:10] Atesz megváltoztatta Michael Adams skinjét. SkinID: 89. (PLAYER:Atesz) (TARGET:Michael Adams) 
[2019-06-11 14:11] Atesz megváltoztatta Michael Adams skinjét. SkinID: 272. (PLAYER:Atesz) (TARGET:Michael Adams) 
[2019-06-11 14:11] Atesz megváltoztatta Michael Adams skinjét. SkinID: 172. (PLAYER:Atesz) (TARGET:Michael Adams) 
[2019-06-11 14:11] Atesz megváltoztatta Michael Adams skinjét. SkinID: 152. (PLAYER:Atesz) (TARGET:Michael Adams) 
[2019-06-11 14:11] Atesz megváltoztatta Michael Adams skinjét. SkinID: 89. (PLAYER:Atesz) (TARGET:Michael Adams) 
[2019-06-11 14:11] Atesz megváltoztatta Michael Adams skinjét. SkinID: 272. (PLAYER:Atesz) (TARGET:Michael Adams) 
[2019-06-11 14:12] Atesz megváltoztatta Marco Samuel skinjét. SkinID: 152. (PLAYER:Atesz) (TARGET:Marco Samuel) 
[2019-06-11 14:12] Atesz megváltoztatta William Steawv skinjét. SkinID: 152. (PLAYER:Atesz) (TARGET:William Steawv) 
[2019-06-11 14:12] Atesz megváltoztatta Marco Samuel skinjét. SkinID: 2. (PLAYER:Atesz) (TARGET:Marco Samuel) 
[2019-06-11 15:53] Denzel megváltoztatta David Cross skinjét. SkinID: 152. (PLAYER:Denzel) (TARGET:David Cross) 
[2019-06-11 15:54] Zipoo megváltoztatta David Cross skinjét. SkinID: 172. (PLAYER:Zipoo) (TARGET:David Cross) 
[2019-06-11 15:57] Denzel megváltoztatta Ryan D Lackwood skinjét. SkinID: 155. (PLAYER:Denzel) (TARGET:Ryan D Lackwood) 
[2019-06-11 16:02] Denzel megváltoztatta Bryan D Lackwood skinjét. SkinID: 164. (PLAYER:Denzel) (TARGET:Bryan D Lackwood) 
[2019-06-11 16:02] Denzel megváltoztatta Bryan D Lackwood skinjét. SkinID: 139. (PLAYER:Denzel) (TARGET:Bryan D Lackwood) 
[2019-06-11 16:11] Denzel megváltoztatta Ryan D Lackwood skinjét. SkinID: 138. (PLAYER:Denzel) (TARGET:Ryan D Lackwood) 
[2019-06-11 16:12] Denzel megváltoztatta Ryan D Lackwood skinjét. SkinID: 139. (PLAYER:Denzel) (TARGET:Ryan D Lackwood) 
[2019-06-11 16:25] Rapid megváltoztatta Arkadij Zakharov skinjét. SkinID: 83. (PLAYER:Rapid) (TARGET:Arkadij Zakharov) 
[2019-06-11 16:55] Süsü megváltoztatta Adek Tiberia skinjét. SkinID: 172. (PLAYER:Süsü) (TARGET:Adek Tiberia) 
[2019-06-11 16:56] Süsü megváltoztatta Adek Tiberia skinjét. SkinID: 100. (PLAYER:Süsü) (TARGET:Adek Tiberia) 
[2019-06-11 17:02] SaSi megváltoztatta Brian Fritz nevét. Új név: Tiffany Norman. (PLAYER:SaSi) (TARGET:Brian Fritz) 
[2019-06-11 17:03] SaSi megváltoztatta Tiffany Norman skinjét. SkinID: 30. (PLAYER:SaSi) (TARGET:Tiffany Norman) 
[2019-06-11 17:03] SaSi megváltoztatta Tiffany Norman skinjét. SkinID: 20. (PLAYER:SaSi) (TARGET:Tiffany Norman) 
[2019-06-11 17:03] SaSi megváltoztatta Tiffany Norman skinjét. SkinID: 22. (PLAYER:SaSi) (TARGET:Tiffany Norman) 
[2019-06-11 17:03] SaSi megváltoztatta Matthew D Smith skinjét. SkinID: 24. (PLAYER:SaSi) (TARGET:Matthew D Smith) 
[2019-06-11 17:03] SaSi megváltoztatta Tiffany Norman skinjét. SkinID: 24. (PLAYER:SaSi) (TARGET:Tiffany Norman) 
[2019-06-11 17:05] Süsü megváltoztatta Xefande Tiberia skinjét. SkinID: 172. (PLAYER:Süsü) (TARGET:Xefande Tiberia) 
[2019-06-11 17:05] Borislaw megváltoztatta Xefande Tiberia skinjét. SkinID: 301. (PLAYER:Borislaw) (TARGET:Xefande Tiberia) 
[2019-06-11 18:02] Zipoo megváltoztatta Adek Tiberia skinjét. SkinID: 305. (PLAYER:Zipoo) (TARGET:Adek Tiberia) 
[2019-06-11 18:06] Gery megváltoztatta Tiffany Norman skinjét. SkinID: 250. (PLAYER:Gery) (TARGET:Tiffany Norman) 
[2019-06-11 18:07] Gery megváltoztatta Tiffany Norman skinjét. SkinID: 141. (PLAYER:Gery) (TARGET:Tiffany Norman) 
[2019-06-11 19:07] Atesz megváltoztatta Tiffany Norman skinjét. SkinID: 71. (PLAYER:Atesz) (TARGET:Tiffany Norman) 
