[2019-06-10 02:31] Shox kivette Shox játékost az adminjailből! (PLAYER:ISMERETLEN) (TARGET:) 
[2019-06-10 02:32] Shox kivette Rapid játékost az adminjailből! (PLAYER:ISMERETLEN) (TARGET:) 
[2019-06-10 03:07] Shox kivette William Chapman játékost az adminjailből! (PLAYER:ISMERETLEN) (TARGET:) 
[2019-06-10 03:07] Shox kivette Opie Payne játékost az adminjailből! (PLAYER:ISMERETLEN) (TARGET:) 
[2019-06-10 12:11] Rapid kivette Kis Adam játékost az adminjailből! (PLAYER:ISMERETLEN) (TARGET:) 
[2019-06-10 17:31] Atesz kivette Bezim Armed játékost az adminjailből! (PLAYER:ISMERETLEN) (TARGET:) 
[2019-06-10 17:44] Rapid kivette Levente Prokop játékost az adminjailből! (PLAYER:ISMERETLEN) (TARGET:) 
[2019-06-10 18:08] Rapid kivette Jakow Cartel játékost az adminjailből! (PLAYER:ISMERETLEN) (TARGET:) 
[2019-06-10 18:09] FKGP kivette John Adams játékost az adminjailből! (PLAYER:ISMERETLEN) (TARGET:) 
[2019-06-10 18:11] Levente kivette Fred Norman  játékost az adminjailből! (PLAYER:ISMERETLEN) (TARGET:) 
[2019-06-10 18:17] FKGP kivette John Adams játékost az adminjailből! (PLAYER:ISMERETLEN) (TARGET:) 
[2019-06-10 18:18] Rapid kivette Jakow Cartel játékost az adminjailből! (PLAYER:ISMERETLEN) (TARGET:) 
[2019-06-10 19:16] Dzserold kivette Williams Jhonas játékost az adminjailből! (PLAYER:ISMERETLEN) (TARGET:) 
[2019-06-10 19:45] Krisz kivette Fred Norman  játékost az adminjailből! (PLAYER:ISMERETLEN) (TARGET:) 
[2019-06-10 19:58] FKGP kivette Jordan Davis játékost az adminjailből! (PLAYER:ISMERETLEN) (TARGET:) 
[2019-06-10 21:25] FKGP kivette Kevin De Felice játékost az adminjailből! (PLAYER:ISMERETLEN) (TARGET:) 
[2019-06-10 22:27] RaY kivette Bezim Armed játékost az adminjailből! (PLAYER:ISMERETLEN) (TARGET:) 
[2019-06-11 12:53] Dzserold kivette Daniel Cambridge játékost az adminjailből! (PLAYER:ISMERETLEN) (TARGET:) 
[2019-06-11 12:53] Dzserold kivette Keiichi D Lackwood játékost az adminjailből! (PLAYER:ISMERETLEN) (TARGET:) 
[2019-06-11 13:30] Dzserold kivette Brian Fritz játékost az adminjailből! (PLAYER:ISMERETLEN) (TARGET:) 
[2019-06-11 13:58] Dzserold kivette White Richard játékost az adminjailből! (PLAYER:ISMERETLEN) (TARGET:) 
[2019-06-11 14:03] Levente kivette Dante Matteo játékost az adminjailből! (PLAYER:ISMERETLEN) (TARGET:) 
[2019-06-11 14:04] Levente kivette Marco Samuel játékost az adminjailből! (PLAYER:ISMERETLEN) (TARGET:) 
[2019-06-11 14:26] Levente kivette Peter Taylor játékost az adminjailből! (PLAYER:ISMERETLEN) (TARGET:) 
[2019-06-11 14:39] Levente kivette Ryan D Lackwood játékost az adminjailből! (PLAYER:ISMERETLEN) (TARGET:) 
[2019-06-11 16:13] Süsü kivette Vladimir Sarah játékost az adminjailből! (PLAYER:ISMERETLEN) (TARGET:) 
[2019-06-11 17:38] Süsü kivette Nicho O'Conner játékost az adminjailből! (PLAYER:ISMERETLEN) (TARGET:) 
[2019-06-11 17:54] Levente kivette Greg Sanders játékost az adminjailből! (PLAYER:ISMERETLEN) (TARGET:) 
[2019-06-11 18:05] Levente kivette Lara Marino játékost az adminjailből! (PLAYER:ISMERETLEN) (TARGET:) 
[2019-06-11 18:19] Jashed Lane kivette John D Richard játékost az adminjailből! (PLAYER:ISMERETLEN) (TARGET:) 
[2019-06-11 18:21] Levente kivette Dominik John játékost az adminjailből! (PLAYER:ISMERETLEN) (TARGET:) 
