[2019-06-10 00:44] Zsömi városházára teleportálta Esteban Santiago játékost. (PLAYER:Zsömi) (TARGET:Esteban Santiago) 
[2019-06-10 00:55] Zsömi városházára teleportálta Esteban Santiago játékost. (PLAYER:Zsömi) (TARGET:Esteban Santiago) 
[2019-06-10 00:55] Zsömi városházára teleportálta Jerold Brown játékost. (PLAYER:Zsömi) (TARGET:Jerold Brown) 
[2019-06-10 01:21] Shox városházára teleportálta Hawk Violence játékost. (PLAYER:Shox) (TARGET:Hawk Violence) 
[2019-06-10 01:29] Shox városházára teleportálta Cristian D Dante játékost. (PLAYER:Shox) (TARGET:Cristian D Dante) 
[2019-06-10 01:41] Zsömi városházára teleportálta Esteban Santiago játékost. (PLAYER:Zsömi) (TARGET:Esteban Santiago) 
[2019-06-10 02:05] Rapid városházára teleportálta Cristian D Dante játékost. (PLAYER:Rapid) (TARGET:Cristian D Dante) 
[2019-06-10 02:56] Zsömi városházára teleportálta Esteban Santiago játékost. (PLAYER:Zsömi) (TARGET:Esteban Santiago) 
[2019-06-10 10:34] Kyle városházára teleportálta Kevin De Felice játékost. (PLAYER:Kyle) (TARGET:Kevin De Felice) 
[2019-06-10 10:34] Kyle városházára teleportálta Kevin De Felice játékost. (PLAYER:Kyle) (TARGET:Kevin De Felice) 
[2019-06-10 10:42] Kyle városházára teleportálta Taylor Vladimir játékost. (PLAYER:Kyle) (TARGET:Taylor Vladimir) 
[2019-06-10 11:56] Rapid városházára teleportálta Thommas Cortez játékost. (PLAYER:Rapid) (TARGET:Thommas Cortez) 
[2019-06-10 12:12] Rapid városházára teleportálta Cristian D Dante játékost. (PLAYER:Rapid) (TARGET:Cristian D Dante) 
[2019-06-10 12:16] Zsömi városházára teleportálta Esteban Santiago játékost. (PLAYER:Zsömi) (TARGET:Esteban Santiago) 
[2019-06-10 13:41] Zsömi városházára teleportálta Esteban Santiago játékost. (PLAYER:Zsömi) (TARGET:Esteban Santiago) 
[2019-06-10 14:00] Zsömi városházára teleportálta Esteban Santiago játékost. (PLAYER:Zsömi) (TARGET:Esteban Santiago) 
[2019-06-10 14:47] Süsü városházára teleportálta Dearborn G Douglas játékost. (PLAYER:Süsü) (TARGET:Dearborn G Douglas) 
[2019-06-10 14:48] Süsü városházára teleportálta Ben  D Revench játékost. (PLAYER:Süsü) (TARGET:Ben  D Revench) 
[2019-06-10 16:43] Atesz városházára teleportálta Norman Barger játékost. (PLAYER:Atesz) (TARGET:Norman Barger) 
[2019-06-10 18:21] Levente városházára teleportálta Daniel Cambridge játékost. (PLAYER:Levente) (TARGET:Daniel Cambridge) 
[2019-06-10 18:21] Levente városházára teleportálta John Smith játékost. (PLAYER:Levente) (TARGET:John Smith) 
[2019-06-10 19:07] Rapid városházára teleportálta Karvaj Chikanno játékost. (PLAYER:Rapid) (TARGET:Karvaj Chikanno) 
[2019-06-10 19:13] sum1 városházára teleportálta Lewis D Clark játékost. (PLAYER:sum1) (TARGET:Lewis D Clark) 
[2019-06-10 19:34] Süsü városházára teleportálta Fred Norman  játékost. (PLAYER:Süsü) (TARGET:Fred Norman ) 
[2019-06-10 19:39] Atesz városházára teleportálta Lara Marino játékost. (PLAYER:Atesz) (TARGET:Lara Marino) 
[2019-06-10 19:39] Atesz városházára teleportálta Lara Marino játékost. (PLAYER:Atesz) (TARGET:Lara Marino) 
[2019-06-10 19:39] Atesz városházára teleportálta Cristian D Dante játékost. (PLAYER:Atesz) (TARGET:Cristian D Dante) 
[2019-06-10 19:40] Atesz városházára teleportálta Cristian D Dante játékost. (PLAYER:Atesz) (TARGET:Cristian D Dante) 
[2019-06-10 19:40] Atesz városházára teleportálta Lara Marino játékost. (PLAYER:Atesz) (TARGET:Lara Marino) 
[2019-06-10 19:40] Atesz városházára teleportálta Lara Marino játékost. (PLAYER:Atesz) (TARGET:Lara Marino) 
[2019-06-10 19:40] Atesz városházára teleportálta Lara Marino játékost. (PLAYER:Atesz) (TARGET:Lara Marino) 
[2019-06-10 19:40] Krisz városházára teleportálta Norman Barger játékost. (PLAYER:Krisz) (TARGET:Norman Barger) 
[2019-06-10 19:47] Atesz városházára teleportálta Norman Barger játékost. (PLAYER:Atesz) (TARGET:Norman Barger) 
[2019-06-10 20:37] Dzserold városházára teleportálta Doug Thomas játékost. (PLAYER:Dzserold) (TARGET:Doug Thomas) 
[2019-06-10 20:53] Rapid városházára teleportálta Uchiha Sasuke játékost. (PLAYER:Rapid) (TARGET:Uchiha Sasuke) 
[2019-06-10 21:03] Atesz városházára teleportálta Norman Barger játékost. (PLAYER:Atesz) (TARGET:Norman Barger) 
[2019-06-10 21:07] Zsömi városházára teleportálta Esteban Santiago játékost. (PLAYER:Zsömi) (TARGET:Esteban Santiago) 
[2019-06-10 21:24] Zsömi városházára teleportálta Esteban Santiago játékost. (PLAYER:Zsömi) (TARGET:Esteban Santiago) 
[2019-06-10 21:27] Atesz városházára teleportálta Francisco Matheus játékost. (PLAYER:Atesz) (TARGET:Francisco Matheus) 
[2019-06-10 21:36] Süsü városházára teleportálta Moore Adek játékost. (PLAYER:Süsü) (TARGET:Moore Adek) 
[2019-06-10 21:45] Dzserold városházára teleportálta Greg S Simpson játékost. (PLAYER:Dzserold) (TARGET:Greg S Simpson) 
[2019-06-10 21:54] Dzserold városházára teleportálta Mike Brown játékost. (PLAYER:Dzserold) (TARGET:Mike Brown) 
[2019-06-10 22:27] FKGP városházára teleportálta Aquintis Marshall játékost. (PLAYER:FKGP) (TARGET:Aquintis Marshall) 
[2019-06-11 01:21] ibacs városházára teleportálta Dwayne David játékost. (PLAYER:ibacs) (TARGET:Dwayne David) 
[2019-06-11 01:21] ibacs városházára teleportálta Troy Williams játékost. (PLAYER:ibacs) (TARGET:Troy Williams) 
[2019-06-11 10:33] Zipoo városházára teleportálta Michely Nicholson játékost. (PLAYER:Zipoo) (TARGET:Michely Nicholson) 
[2019-06-11 10:49] Zipoo városházára teleportálta Greg S Simpson játékost. (PLAYER:Zipoo) (TARGET:Greg S Simpson) 
[2019-06-11 11:08] Süsü városházára teleportálta Moore Adek játékost. (PLAYER:Süsü) (TARGET:Moore Adek) 
[2019-06-11 12:44] Atesz városházára teleportálta Norman Barger játékost. (PLAYER:Atesz) (TARGET:Norman Barger) 
[2019-06-11 12:51] Atesz városházára teleportálta Andrew Collins játékost. (PLAYER:Atesz) (TARGET:Andrew Collins) 
[2019-06-11 12:55] Atesz városházára teleportálta Greg S Simpson játékost. (PLAYER:Atesz) (TARGET:Greg S Simpson) 
[2019-06-11 12:55] Atesz városházára teleportálta Norman Barger játékost. (PLAYER:Atesz) (TARGET:Norman Barger) 
[2019-06-11 13:31] Dzserold városházára teleportálta Brian Fritz játékost. (PLAYER:Dzserold) (TARGET:Brian Fritz) 
[2019-06-11 13:45] Zipoo városházára teleportálta Peter Newkinson játékost. (PLAYER:Zipoo) (TARGET:Peter Newkinson) 
[2019-06-11 14:13] Dzserold városházára teleportálta Jerold Brown játékost. (PLAYER:Dzserold) (TARGET:Jerold Brown) 
[2019-06-11 14:13] Süsü városházára teleportálta Kevin De Felice játékost. (PLAYER:Süsü) (TARGET:Kevin De Felice) 
[2019-06-11 14:34] Zipoo városházára teleportálta Xefande Tiberia játékost. (PLAYER:Zipoo) (TARGET:Xefande Tiberia) 
[2019-06-11 16:20] Zsömi városházára teleportálta Esteban Santiago játékost. (PLAYER:Zsömi) (TARGET:Esteban Santiago) 
[2019-06-11 17:00] SaSi városházára teleportálta Carl Dewilson játékost. (PLAYER:SaSi) (TARGET:Carl Dewilson) 
[2019-06-11 17:01] SaSi városházára teleportálta Francisco Lopez játékost. (PLAYER:SaSi) (TARGET:Francisco Lopez) 
[2019-06-11 17:18] Rapid városházára teleportálta Candelaria Muches játékost. (PLAYER:Rapid) (TARGET:Candelaria Muches) 
[2019-06-11 18:16] Levente városházára teleportálta Escobar S Cartel játékost. (PLAYER:Levente) (TARGET:Escobar S Cartel) 
[2019-06-11 18:46] Kyle városházára teleportálta Dustin Brown játékost. (PLAYER:Kyle) (TARGET:Dustin Brown) 
[2019-06-11 18:58] Krisz városházára teleportálta Lara Marino játékost. (PLAYER:Krisz) (TARGET:Lara Marino) 
[2019-06-11 19:08] Kyle városházára teleportálta Cameron B Qwens játékost. (PLAYER:Kyle) (TARGET:Cameron B Qwens) 
[2019-06-11 19:09] Kyle városházára teleportálta Cameron B Qwens játékost. (PLAYER:Kyle) (TARGET:Cameron B Qwens) 
[2019-06-11 19:09] Atesz városházára teleportálta Bryan D Lackwood játékost. (PLAYER:Atesz) (TARGET:Bryan D Lackwood) 
[2019-06-11 19:09] Atesz városházára teleportálta Ryan D Lackwood játékost. (PLAYER:Atesz) (TARGET:Ryan D Lackwood) 
[2019-06-11 19:10] Atesz városházára teleportálta Peter D Dante játékost. (PLAYER:Atesz) (TARGET:Peter D Dante) 
[2019-06-11 19:10] Atesz városházára teleportálta Norman Barger játékost. (PLAYER:Atesz) (TARGET:Norman Barger) 
[2019-06-11 19:14] Dzserold városházára teleportálta Borislaw Kashnikov játékost. (PLAYER:Dzserold) (TARGET:Borislaw Kashnikov) 
[2019-06-11 19:15] Dzserold városházára teleportálta Borislaw Kashnikov játékost. (PLAYER:Dzserold) (TARGET:Borislaw Kashnikov) 
