[2019-06-09 23:15] James Morgan bezúzott egy járművet. ID: 4542#FFFFFF Pénzösszeg: 3.750 $. (PLAYER:James Morgan) (TARGET:) 
[2019-06-10 10:57] Taylor D Oakwood bezúzott egy járművet. ID: 4486#FFFFFF Pénzösszeg: 8.750 $. (PLAYER:Taylor D Oakwood) (TARGET:) 
[2019-06-10 11:57] Anna Myers bezúzott egy járművet. ID: 4398#FFFFFF Pénzösszeg: 62.500 $. (PLAYER:Anna Myers) (TARGET:) 
[2019-06-10 12:18] Raphael Conor bezúzott egy járművet. ID: 4549#FFFFFF Pénzösszeg: 500 $. (PLAYER:Raphael Conor) (TARGET:) 
[2019-06-10 15:19] Jashed Lane bezúzott egy járművet. ID: 4583#FFFFFF Pénzösszeg: 75.000 $. (PLAYER:Shakur) (TARGET:) 
[2019-06-10 16:27] Bradley  Martin bezúzott egy járművet. ID: 3982#FFFFFF Pénzösszeg: 275.000 $. (PLAYER:Bradley  Martin) (TARGET:) 
[2019-06-10 18:18] Antik  Marcus bezúzott egy járművet. ID: 3670#FFFFFF Pénzösszeg: 10.000 $. (PLAYER:Antik  Marcus) (TARGET:) 
[2019-06-10 20:46] George Hayek bezúzott egy járművet. ID: 4143#FFFFFF Pénzösszeg: 1.250 $. (PLAYER:George Hayek) (TARGET:) 
[2019-06-10 21:24] Wexon S Kennedy bezúzott egy járművet. ID: 3358#FFFFFF Pénzösszeg: 500 $. (PLAYER:Wexon S Kennedy) (TARGET:) 
[2019-06-10 23:04] Tweak Aloyn bezúzott egy járművet. ID: 4414#FFFFFF Pénzösszeg: 500 $. (PLAYER:Tweak Aloyn) (TARGET:) 
[2019-06-10 23:04] Jashed Lane bezúzott egy járművet. ID: 4599#FFFFFF Pénzösszeg: 250 $. (PLAYER:Shakur) (TARGET:) 
[2019-06-10 23:07] Jashed Lane bezúzott egy járművet. ID: 4600#FFFFFF Pénzösszeg: 250 $. (PLAYER:Shakur) (TARGET:) 
[2019-06-10 23:13] Jashed Lane bezúzott egy járművet. ID: 4601#FFFFFF Pénzösszeg: 250 $. (PLAYER:Shakur) (TARGET:) 
[2019-06-10 23:17] Jashed Lane bezúzott egy járművet. ID: 4602#FFFFFF Pénzösszeg: 250 $. (PLAYER:Shakur) (TARGET:) 
[2019-06-10 23:19] Jashed Lane bezúzott egy járművet. ID: 4604#FFFFFF Pénzösszeg: 250 $. (PLAYER:Shakur) (TARGET:) 
[2019-06-11 12:12] Jonh Font bezúzott egy járművet. ID: 4019#FFFFFF Pénzösszeg: 71.250 $. (PLAYER:Jonh Font) (TARGET:) 
[2019-06-11 15:42] Jessica Bouceckhine bezúzott egy járművet. ID: 3805#FFFFFF Pénzösszeg: 12.500 $. (PLAYER:Jessica Bouceckhine) (TARGET:) 
[2019-06-11 15:52] Riley Shakur bezúzott egy járművet. ID: 3436#FFFFFF Pénzösszeg: 37.500 $. (PLAYER:Riley Shakur) (TARGET:) 
[2019-06-11 16:13] Jordan Davis bezúzott egy járművet. ID: 4299#FFFFFF Pénzösszeg: 37.500 $. (PLAYER:Jordan Davis) (TARGET:) 
[2019-06-11 17:38] Michely Nicholson bezúzott egy járművet. ID: 4558#FFFFFF Pénzösszeg: 3.750 $. (PLAYER:Michely Nicholson) (TARGET:) 
[2019-06-11 17:39] Chris Edison bezúzott egy járművet. ID: 2560#FFFFFF Pénzösszeg: 5.000 $. (PLAYER:Chris Edison) (TARGET:) 
[2019-06-11 19:10] Fredi Ethan bezúzott egy járművet. ID: 4633#FFFFFF Pénzösszeg: 500 $. (PLAYER:Fredi Ethan) (TARGET:) 
